[2021-12-21 17:27:46,046] {taskinstance.py:876} INFO - Dependencies all met for <TaskInstance: parallel_dag.task3 2021-12-20T00:00:00+00:00 [queued]>
[2021-12-21 17:27:46,061] {taskinstance.py:876} INFO - Dependencies all met for <TaskInstance: parallel_dag.task3 2021-12-20T00:00:00+00:00 [queued]>
[2021-12-21 17:27:46,063] {taskinstance.py:1067} INFO - 
--------------------------------------------------------------------------------
[2021-12-21 17:27:46,063] {taskinstance.py:1068} INFO - Starting attempt 1 of 1
[2021-12-21 17:27:46,063] {taskinstance.py:1069} INFO - 
--------------------------------------------------------------------------------
[2021-12-21 17:27:46,119] {taskinstance.py:1087} INFO - Executing <Task(BashOperator): task3> on 2021-12-20T00:00:00+00:00
[2021-12-21 17:27:46,120] {standard_task_runner.py:52} INFO - Started process 5444 to run task
[2021-12-21 17:27:46,126] {standard_task_runner.py:76} INFO - Running: ['airflow', 'tasks', 'run', 'parallel_dag', 'task3', '2021-12-20T00:00:00+00:00', '--job-id', '13', '--pool', 'default_pool', '--raw', '--subdir', 'DAGS_FOLDER/parallel_dag.py', '--cfg-path', '/tmp/tmpo_z0e332', '--error-file', '/tmp/tmpmk3i70q0']
[2021-12-21 17:27:46,127] {standard_task_runner.py:77} INFO - Job 13: Subtask task3
[2021-12-21 17:27:46,213] {logging_mixin.py:104} INFO - Running <TaskInstance: parallel_dag.task3 2021-12-20T00:00:00+00:00 [running]> on host airflowvm
[2021-12-21 17:27:46,382] {taskinstance.py:1280} INFO - Exporting the following env vars:
AIRFLOW_CTX_DAG_OWNER=airflow
AIRFLOW_CTX_DAG_ID=parallel_dag
AIRFLOW_CTX_TASK_ID=task3
AIRFLOW_CTX_EXECUTION_DATE=2021-12-20T00:00:00+00:00
AIRFLOW_CTX_DAG_RUN_ID=scheduled__2021-12-20T00:00:00+00:00
[2021-12-21 17:27:46,383] {subprocess.py:52} INFO - Tmp dir root location: 
 /tmp
[2021-12-21 17:27:46,383] {subprocess.py:63} INFO - Running command: ['bash', '-c', 'sleep 3']
[2021-12-21 17:27:46,387] {subprocess.py:75} INFO - Output:
[2021-12-21 17:27:49,390] {subprocess.py:83} INFO - Command exited with return code 0
[2021-12-21 17:27:49,414] {taskinstance.py:1184} INFO - Marking task as SUCCESS. dag_id=parallel_dag, task_id=task3, execution_date=20211220T000000, start_date=20211221T172746, end_date=20211221T172749
[2021-12-21 17:27:49,440] {taskinstance.py:1245} INFO - 1 downstream tasks scheduled from follow-on schedule check
[2021-12-21 17:27:49,443] {local_task_job.py:151} INFO - Task exited with return code 0
[2021-12-21 18:13:10,598] {taskinstance.py:876} INFO - Dependencies all met for <TaskInstance: parallel_dag.task3 2021-12-20T00:00:00+00:00 [queued]>
[2021-12-21 18:13:10,639] {taskinstance.py:876} INFO - Dependencies all met for <TaskInstance: parallel_dag.task3 2021-12-20T00:00:00+00:00 [queued]>
[2021-12-21 18:13:10,639] {taskinstance.py:1067} INFO - 
--------------------------------------------------------------------------------
[2021-12-21 18:13:10,639] {taskinstance.py:1068} INFO - Starting attempt 1 of 1
[2021-12-21 18:13:10,640] {taskinstance.py:1069} INFO - 
--------------------------------------------------------------------------------
[2021-12-21 18:13:10,661] {taskinstance.py:1087} INFO - Executing <Task(BashOperator): task3> on 2021-12-20T00:00:00+00:00
[2021-12-21 18:13:10,665] {standard_task_runner.py:52} INFO - Started process 17118 to run task
[2021-12-21 18:13:10,673] {standard_task_runner.py:76} INFO - Running: ['airflow', 'tasks', 'run', 'parallel_dag', 'task3', '2021-12-20T00:00:00+00:00', '--job-id', '4', '--pool', 'default_pool', '--raw', '--subdir', 'DAGS_FOLDER/parallel_dag.py', '--cfg-path', '/tmp/tmps1y1w2kl', '--error-file', '/tmp/tmpe04tc1z6']
[2021-12-21 18:13:10,679] {standard_task_runner.py:77} INFO - Job 4: Subtask task3
[2021-12-21 18:13:10,840] {logging_mixin.py:104} INFO - Running <TaskInstance: parallel_dag.task3 2021-12-20T00:00:00+00:00 [running]> on host airflowvm
[2021-12-21 18:13:11,116] {taskinstance.py:1280} INFO - Exporting the following env vars:
AIRFLOW_CTX_DAG_OWNER=airflow
AIRFLOW_CTX_DAG_ID=parallel_dag
AIRFLOW_CTX_TASK_ID=task3
AIRFLOW_CTX_EXECUTION_DATE=2021-12-20T00:00:00+00:00
AIRFLOW_CTX_DAG_RUN_ID=scheduled__2021-12-20T00:00:00+00:00
[2021-12-21 18:13:11,117] {subprocess.py:52} INFO - Tmp dir root location: 
 /tmp
[2021-12-21 18:13:11,117] {subprocess.py:63} INFO - Running command: ['bash', '-c', 'sleep 3']
[2021-12-21 18:13:11,125] {subprocess.py:75} INFO - Output:
[2021-12-21 18:13:14,138] {subprocess.py:83} INFO - Command exited with return code 0
[2021-12-21 18:13:14,219] {taskinstance.py:1184} INFO - Marking task as SUCCESS. dag_id=parallel_dag, task_id=task3, execution_date=20211220T000000, start_date=20211221T181310, end_date=20211221T181314
[2021-12-21 18:13:14,278] {taskinstance.py:1245} INFO - 0 downstream tasks scheduled from follow-on schedule check
[2021-12-21 18:13:14,301] {local_task_job.py:151} INFO - Task exited with return code 0
