[2021-12-21 20:38:01,962] {taskinstance.py:876} INFO - Dependencies all met for <TaskInstance: parallel_dag.task3 2021-12-20T00:00:00+00:00 [queued]>
[2021-12-21 20:38:02,001] {taskinstance.py:876} INFO - Dependencies all met for <TaskInstance: parallel_dag.task3 2021-12-20T00:00:00+00:00 [queued]>
[2021-12-21 20:38:02,001] {taskinstance.py:1067} INFO - 
--------------------------------------------------------------------------------
[2021-12-21 20:38:02,001] {taskinstance.py:1068} INFO - Starting attempt 2 of 2
[2021-12-21 20:38:02,001] {taskinstance.py:1069} INFO - 
--------------------------------------------------------------------------------
[2021-12-21 20:38:02,027] {taskinstance.py:1087} INFO - Executing <Task(BashOperator): task3> on 2021-12-20T00:00:00+00:00
[2021-12-21 20:38:02,031] {standard_task_runner.py:52} INFO - Started process 72810 to run task
[2021-12-21 20:38:02,062] {standard_task_runner.py:76} INFO - Running: ['airflow', 'tasks', 'run', 'parallel_dag', 'task3', '2021-12-20T00:00:00+00:00', '--job-id', '11', '--pool', 'default_pool', '--raw', '--subdir', 'DAGS_FOLDER/parallel_dag.py', '--cfg-path', '/tmp/tmpziton79j', '--error-file', '/tmp/tmpslfmkgnp']
[2021-12-21 20:38:02,063] {standard_task_runner.py:77} INFO - Job 11: Subtask task3
[2021-12-21 20:38:02,298] {logging_mixin.py:104} INFO - Running <TaskInstance: parallel_dag.task3 2021-12-20T00:00:00+00:00 [running]> on host airflowvm
[2021-12-21 20:38:02,552] {taskinstance.py:1280} INFO - Exporting the following env vars:
AIRFLOW_CTX_DAG_OWNER=airflow
AIRFLOW_CTX_DAG_ID=parallel_dag
AIRFLOW_CTX_TASK_ID=task3
AIRFLOW_CTX_EXECUTION_DATE=2021-12-20T00:00:00+00:00
AIRFLOW_CTX_DAG_RUN_ID=scheduled__2021-12-20T00:00:00+00:00
[2021-12-21 20:38:02,552] {subprocess.py:52} INFO - Tmp dir root location: 
 /tmp
[2021-12-21 20:38:02,553] {subprocess.py:63} INFO - Running command: ['bash', '-c', 'sleep 3']
[2021-12-21 20:38:02,560] {subprocess.py:75} INFO - Output:
[2021-12-21 20:38:05,572] {subprocess.py:83} INFO - Command exited with return code 0
[2021-12-21 20:38:05,657] {taskinstance.py:1184} INFO - Marking task as SUCCESS. dag_id=parallel_dag, task_id=task3, execution_date=20211220T000000, start_date=20211221T203801, end_date=20211221T203805
[2021-12-21 20:38:05,725] {taskinstance.py:1245} INFO - 1 downstream tasks scheduled from follow-on schedule check
[2021-12-21 20:38:05,741] {local_task_job.py:151} INFO - Task exited with return code 0
