[2021-12-30 00:00:28,676] {scheduler_job.py:182} INFO - Started process (PID=90250) to work on /home/airflow/airflow/dags/elasticsearch_dag.py
[2021-12-30 00:00:28,681] {scheduler_job.py:633} INFO - Processing file /home/airflow/airflow/dags/elasticsearch_dag.py for tasks to queue
[2021-12-30 00:00:28,686] {logging_mixin.py:104} INFO - [2021-12-30 00:00:28,686] {dagbag.py:487} INFO - Filling up the DagBag from /home/airflow/airflow/dags/elasticsearch_dag.py
[2021-12-30 00:00:29,288] {scheduler_job.py:643} INFO - DAG(s) dict_keys(['elasticsearch_dag']) retrieved from /home/airflow/airflow/dags/elasticsearch_dag.py
[2021-12-30 00:00:29,319] {logging_mixin.py:104} INFO - [2021-12-30 00:00:29,319] {dag.py:1832} INFO - Sync 1 DAGs
[2021-12-30 00:00:29,338] {logging_mixin.py:104} INFO - [2021-12-30 00:00:29,338] {dag.py:2305} INFO - Setting next_dagrun for elasticsearch_dag to 2021-12-29 00:00:00+00:00
[2021-12-30 00:00:29,350] {scheduler_job.py:190} INFO - Processing /home/airflow/airflow/dags/elasticsearch_dag.py took 0.680 seconds
[2021-12-30 00:00:59,827] {scheduler_job.py:182} INFO - Started process (PID=90322) to work on /home/airflow/airflow/dags/elasticsearch_dag.py
[2021-12-30 00:00:59,835] {scheduler_job.py:633} INFO - Processing file /home/airflow/airflow/dags/elasticsearch_dag.py for tasks to queue
[2021-12-30 00:00:59,836] {logging_mixin.py:104} INFO - [2021-12-30 00:00:59,836] {dagbag.py:487} INFO - Filling up the DagBag from /home/airflow/airflow/dags/elasticsearch_dag.py
[2021-12-30 00:01:00,509] {scheduler_job.py:643} INFO - DAG(s) dict_keys(['elasticsearch_dag']) retrieved from /home/airflow/airflow/dags/elasticsearch_dag.py
[2021-12-30 00:01:00,545] {logging_mixin.py:104} INFO - [2021-12-30 00:01:00,545] {dag.py:1832} INFO - Sync 1 DAGs
[2021-12-30 00:01:00,565] {logging_mixin.py:104} INFO - [2021-12-30 00:01:00,564] {dag.py:2305} INFO - Setting next_dagrun for elasticsearch_dag to 2021-12-29 00:00:00+00:00
[2021-12-30 00:01:00,580] {scheduler_job.py:190} INFO - Processing /home/airflow/airflow/dags/elasticsearch_dag.py took 0.755 seconds
[2021-12-30 00:01:31,002] {scheduler_job.py:182} INFO - Started process (PID=90372) to work on /home/airflow/airflow/dags/elasticsearch_dag.py
[2021-12-30 00:01:31,009] {scheduler_job.py:633} INFO - Processing file /home/airflow/airflow/dags/elasticsearch_dag.py for tasks to queue
[2021-12-30 00:01:31,011] {logging_mixin.py:104} INFO - [2021-12-30 00:01:31,011] {dagbag.py:487} INFO - Filling up the DagBag from /home/airflow/airflow/dags/elasticsearch_dag.py
[2021-12-30 00:01:31,701] {scheduler_job.py:643} INFO - DAG(s) dict_keys(['elasticsearch_dag']) retrieved from /home/airflow/airflow/dags/elasticsearch_dag.py
[2021-12-30 00:01:31,733] {logging_mixin.py:104} INFO - [2021-12-30 00:01:31,732] {dag.py:1832} INFO - Sync 1 DAGs
[2021-12-30 00:01:31,752] {logging_mixin.py:104} INFO - [2021-12-30 00:01:31,752] {dag.py:2305} INFO - Setting next_dagrun for elasticsearch_dag to 2021-12-29 00:00:00+00:00
[2021-12-30 00:01:31,765] {scheduler_job.py:190} INFO - Processing /home/airflow/airflow/dags/elasticsearch_dag.py took 0.767 seconds
[2021-12-30 00:02:02,172] {scheduler_job.py:182} INFO - Started process (PID=90409) to work on /home/airflow/airflow/dags/elasticsearch_dag.py
[2021-12-30 00:02:02,173] {scheduler_job.py:633} INFO - Processing file /home/airflow/airflow/dags/elasticsearch_dag.py for tasks to queue
[2021-12-30 00:02:02,176] {logging_mixin.py:104} INFO - [2021-12-30 00:02:02,176] {dagbag.py:487} INFO - Filling up the DagBag from /home/airflow/airflow/dags/elasticsearch_dag.py
[2021-12-30 00:02:02,796] {scheduler_job.py:643} INFO - DAG(s) dict_keys(['elasticsearch_dag']) retrieved from /home/airflow/airflow/dags/elasticsearch_dag.py
[2021-12-30 00:02:02,817] {logging_mixin.py:104} INFO - [2021-12-30 00:02:02,817] {dag.py:1832} INFO - Sync 1 DAGs
[2021-12-30 00:02:02,835] {logging_mixin.py:104} INFO - [2021-12-30 00:02:02,835] {dag.py:2305} INFO - Setting next_dagrun for elasticsearch_dag to 2021-12-29 00:00:00+00:00
[2021-12-30 00:02:02,854] {scheduler_job.py:190} INFO - Processing /home/airflow/airflow/dags/elasticsearch_dag.py took 0.690 seconds
[2021-12-30 00:02:33,205] {scheduler_job.py:182} INFO - Started process (PID=90446) to work on /home/airflow/airflow/dags/elasticsearch_dag.py
[2021-12-30 00:02:33,220] {scheduler_job.py:633} INFO - Processing file /home/airflow/airflow/dags/elasticsearch_dag.py for tasks to queue
[2021-12-30 00:02:33,222] {logging_mixin.py:104} INFO - [2021-12-30 00:02:33,222] {dagbag.py:487} INFO - Filling up the DagBag from /home/airflow/airflow/dags/elasticsearch_dag.py
[2021-12-30 00:02:33,891] {scheduler_job.py:643} INFO - DAG(s) dict_keys(['elasticsearch_dag']) retrieved from /home/airflow/airflow/dags/elasticsearch_dag.py
[2021-12-30 00:02:33,925] {logging_mixin.py:104} INFO - [2021-12-30 00:02:33,925] {dag.py:1832} INFO - Sync 1 DAGs
[2021-12-30 00:02:33,941] {logging_mixin.py:104} INFO - [2021-12-30 00:02:33,941] {dag.py:2305} INFO - Setting next_dagrun for elasticsearch_dag to 2021-12-29 00:00:00+00:00
[2021-12-30 00:02:33,958] {scheduler_job.py:190} INFO - Processing /home/airflow/airflow/dags/elasticsearch_dag.py took 0.755 seconds
[2021-12-30 00:03:04,491] {scheduler_job.py:182} INFO - Started process (PID=90495) to work on /home/airflow/airflow/dags/elasticsearch_dag.py
[2021-12-30 00:03:04,502] {scheduler_job.py:633} INFO - Processing file /home/airflow/airflow/dags/elasticsearch_dag.py for tasks to queue
[2021-12-30 00:03:04,511] {logging_mixin.py:104} INFO - [2021-12-30 00:03:04,511] {dagbag.py:487} INFO - Filling up the DagBag from /home/airflow/airflow/dags/elasticsearch_dag.py
[2021-12-30 00:03:05,173] {scheduler_job.py:643} INFO - DAG(s) dict_keys(['elasticsearch_dag']) retrieved from /home/airflow/airflow/dags/elasticsearch_dag.py
[2021-12-30 00:03:05,211] {logging_mixin.py:104} INFO - [2021-12-30 00:03:05,211] {dag.py:1832} INFO - Sync 1 DAGs
[2021-12-30 00:03:05,225] {logging_mixin.py:104} INFO - [2021-12-30 00:03:05,225] {dag.py:2305} INFO - Setting next_dagrun for elasticsearch_dag to 2021-12-29 00:00:00+00:00
[2021-12-30 00:03:05,237] {scheduler_job.py:190} INFO - Processing /home/airflow/airflow/dags/elasticsearch_dag.py took 0.749 seconds
[2021-12-30 00:03:35,651] {scheduler_job.py:182} INFO - Started process (PID=91009) to work on /home/airflow/airflow/dags/elasticsearch_dag.py
[2021-12-30 00:03:35,657] {scheduler_job.py:633} INFO - Processing file /home/airflow/airflow/dags/elasticsearch_dag.py for tasks to queue
[2021-12-30 00:03:35,658] {logging_mixin.py:104} INFO - [2021-12-30 00:03:35,658] {dagbag.py:487} INFO - Filling up the DagBag from /home/airflow/airflow/dags/elasticsearch_dag.py
[2021-12-30 00:03:36,435] {scheduler_job.py:643} INFO - DAG(s) dict_keys(['elasticsearch_dag']) retrieved from /home/airflow/airflow/dags/elasticsearch_dag.py
[2021-12-30 00:03:36,479] {logging_mixin.py:104} INFO - [2021-12-30 00:03:36,479] {dag.py:1832} INFO - Sync 1 DAGs
[2021-12-30 00:03:36,501] {logging_mixin.py:104} INFO - [2021-12-30 00:03:36,501] {dag.py:2305} INFO - Setting next_dagrun for elasticsearch_dag to 2021-12-29 00:00:00+00:00
[2021-12-30 00:03:36,515] {scheduler_job.py:190} INFO - Processing /home/airflow/airflow/dags/elasticsearch_dag.py took 0.867 seconds
[2021-12-30 00:04:06,875] {scheduler_job.py:182} INFO - Started process (PID=91186) to work on /home/airflow/airflow/dags/elasticsearch_dag.py
[2021-12-30 00:04:06,877] {scheduler_job.py:633} INFO - Processing file /home/airflow/airflow/dags/elasticsearch_dag.py for tasks to queue
[2021-12-30 00:04:06,885] {logging_mixin.py:104} INFO - [2021-12-30 00:04:06,885] {dagbag.py:487} INFO - Filling up the DagBag from /home/airflow/airflow/dags/elasticsearch_dag.py
[2021-12-30 00:04:07,643] {scheduler_job.py:643} INFO - DAG(s) dict_keys(['elasticsearch_dag']) retrieved from /home/airflow/airflow/dags/elasticsearch_dag.py
[2021-12-30 00:04:07,672] {logging_mixin.py:104} INFO - [2021-12-30 00:04:07,672] {dag.py:1832} INFO - Sync 1 DAGs
[2021-12-30 00:04:07,693] {logging_mixin.py:104} INFO - [2021-12-30 00:04:07,693] {dag.py:2305} INFO - Setting next_dagrun for elasticsearch_dag to 2021-12-29 00:00:00+00:00
[2021-12-30 00:04:07,706] {scheduler_job.py:190} INFO - Processing /home/airflow/airflow/dags/elasticsearch_dag.py took 0.834 seconds
[2021-12-30 00:04:38,114] {scheduler_job.py:182} INFO - Started process (PID=91358) to work on /home/airflow/airflow/dags/elasticsearch_dag.py
[2021-12-30 00:04:38,127] {scheduler_job.py:633} INFO - Processing file /home/airflow/airflow/dags/elasticsearch_dag.py for tasks to queue
[2021-12-30 00:04:38,128] {logging_mixin.py:104} INFO - [2021-12-30 00:04:38,128] {dagbag.py:487} INFO - Filling up the DagBag from /home/airflow/airflow/dags/elasticsearch_dag.py
[2021-12-30 00:04:38,851] {scheduler_job.py:643} INFO - DAG(s) dict_keys(['elasticsearch_dag']) retrieved from /home/airflow/airflow/dags/elasticsearch_dag.py
[2021-12-30 00:04:38,919] {logging_mixin.py:104} INFO - [2021-12-30 00:04:38,919] {dag.py:1832} INFO - Sync 1 DAGs
[2021-12-30 00:04:38,945] {logging_mixin.py:104} INFO - [2021-12-30 00:04:38,945] {dag.py:2305} INFO - Setting next_dagrun for elasticsearch_dag to 2021-12-29 00:00:00+00:00
[2021-12-30 00:04:38,958] {scheduler_job.py:190} INFO - Processing /home/airflow/airflow/dags/elasticsearch_dag.py took 0.847 seconds
[2021-12-30 00:05:09,392] {scheduler_job.py:182} INFO - Started process (PID=91527) to work on /home/airflow/airflow/dags/elasticsearch_dag.py
[2021-12-30 00:05:09,401] {scheduler_job.py:633} INFO - Processing file /home/airflow/airflow/dags/elasticsearch_dag.py for tasks to queue
[2021-12-30 00:05:09,402] {logging_mixin.py:104} INFO - [2021-12-30 00:05:09,401] {dagbag.py:487} INFO - Filling up the DagBag from /home/airflow/airflow/dags/elasticsearch_dag.py
[2021-12-30 00:05:10,171] {scheduler_job.py:643} INFO - DAG(s) dict_keys(['elasticsearch_dag']) retrieved from /home/airflow/airflow/dags/elasticsearch_dag.py
[2021-12-30 00:05:10,204] {logging_mixin.py:104} INFO - [2021-12-30 00:05:10,204] {dag.py:1832} INFO - Sync 1 DAGs
[2021-12-30 00:05:10,224] {logging_mixin.py:104} INFO - [2021-12-30 00:05:10,224] {dag.py:2305} INFO - Setting next_dagrun for elasticsearch_dag to 2021-12-29 00:00:00+00:00
[2021-12-30 00:05:10,241] {scheduler_job.py:190} INFO - Processing /home/airflow/airflow/dags/elasticsearch_dag.py took 0.852 seconds
[2021-12-30 00:05:40,735] {scheduler_job.py:182} INFO - Started process (PID=91944) to work on /home/airflow/airflow/dags/elasticsearch_dag.py
[2021-12-30 00:05:40,745] {scheduler_job.py:633} INFO - Processing file /home/airflow/airflow/dags/elasticsearch_dag.py for tasks to queue
[2021-12-30 00:05:40,746] {logging_mixin.py:104} INFO - [2021-12-30 00:05:40,746] {dagbag.py:487} INFO - Filling up the DagBag from /home/airflow/airflow/dags/elasticsearch_dag.py
[2021-12-30 00:05:41,573] {scheduler_job.py:643} INFO - DAG(s) dict_keys(['elasticsearch_dag']) retrieved from /home/airflow/airflow/dags/elasticsearch_dag.py
[2021-12-30 00:05:41,617] {logging_mixin.py:104} INFO - [2021-12-30 00:05:41,616] {dag.py:1832} INFO - Sync 1 DAGs
[2021-12-30 00:05:41,645] {logging_mixin.py:104} INFO - [2021-12-30 00:05:41,645] {dag.py:2305} INFO - Setting next_dagrun for elasticsearch_dag to 2021-12-29 00:00:00+00:00
[2021-12-30 00:05:41,652] {scheduler_job.py:190} INFO - Processing /home/airflow/airflow/dags/elasticsearch_dag.py took 0.923 seconds
