[2021-12-30 00:00:06,415] {scheduler_job.py:182} INFO - Started process (PID=89973) to work on /home/airflow/airflow/dags/parallel_dag.py
[2021-12-30 00:00:06,416] {scheduler_job.py:633} INFO - Processing file /home/airflow/airflow/dags/parallel_dag.py for tasks to queue
[2021-12-30 00:00:06,418] {logging_mixin.py:104} INFO - [2021-12-30 00:00:06,417] {dagbag.py:487} INFO - Filling up the DagBag from /home/airflow/airflow/dags/parallel_dag.py
[2021-12-30 00:00:06,440] {scheduler_job.py:643} INFO - DAG(s) dict_keys(['parallel_dag']) retrieved from /home/airflow/airflow/dags/parallel_dag.py
[2021-12-30 00:00:06,475] {logging_mixin.py:104} INFO - [2021-12-30 00:00:06,475] {dag.py:1832} INFO - Sync 1 DAGs
[2021-12-30 00:00:06,495] {logging_mixin.py:104} INFO - [2021-12-30 00:00:06,495] {dag.py:2305} INFO - Setting next_dagrun for parallel_dag to 2021-12-29 00:00:00+00:00
[2021-12-30 00:00:06,515] {scheduler_job.py:190} INFO - Processing /home/airflow/airflow/dags/parallel_dag.py took 0.103 seconds
[2021-12-30 00:00:36,544] {scheduler_job.py:182} INFO - Started process (PID=90274) to work on /home/airflow/airflow/dags/parallel_dag.py
[2021-12-30 00:00:36,548] {scheduler_job.py:633} INFO - Processing file /home/airflow/airflow/dags/parallel_dag.py for tasks to queue
[2021-12-30 00:00:36,549] {logging_mixin.py:104} INFO - [2021-12-30 00:00:36,549] {dagbag.py:487} INFO - Filling up the DagBag from /home/airflow/airflow/dags/parallel_dag.py
[2021-12-30 00:00:36,576] {scheduler_job.py:643} INFO - DAG(s) dict_keys(['parallel_dag']) retrieved from /home/airflow/airflow/dags/parallel_dag.py
[2021-12-30 00:00:36,615] {logging_mixin.py:104} INFO - [2021-12-30 00:00:36,615] {dag.py:1832} INFO - Sync 1 DAGs
[2021-12-30 00:00:36,641] {logging_mixin.py:104} INFO - [2021-12-30 00:00:36,641] {dag.py:2305} INFO - Setting next_dagrun for parallel_dag to 2021-12-29 00:00:00+00:00
[2021-12-30 00:00:36,661] {scheduler_job.py:190} INFO - Processing /home/airflow/airflow/dags/parallel_dag.py took 0.121 seconds
[2021-12-30 00:01:06,753] {scheduler_job.py:182} INFO - Started process (PID=90361) to work on /home/airflow/airflow/dags/parallel_dag.py
[2021-12-30 00:01:06,754] {scheduler_job.py:633} INFO - Processing file /home/airflow/airflow/dags/parallel_dag.py for tasks to queue
[2021-12-30 00:01:06,762] {logging_mixin.py:104} INFO - [2021-12-30 00:01:06,762] {dagbag.py:487} INFO - Filling up the DagBag from /home/airflow/airflow/dags/parallel_dag.py
[2021-12-30 00:01:06,786] {scheduler_job.py:643} INFO - DAG(s) dict_keys(['parallel_dag']) retrieved from /home/airflow/airflow/dags/parallel_dag.py
[2021-12-30 00:01:06,824] {logging_mixin.py:104} INFO - [2021-12-30 00:01:06,824] {dag.py:1832} INFO - Sync 1 DAGs
[2021-12-30 00:01:06,848] {logging_mixin.py:104} INFO - [2021-12-30 00:01:06,847] {dag.py:2305} INFO - Setting next_dagrun for parallel_dag to 2021-12-29 00:00:00+00:00
[2021-12-30 00:01:06,867] {scheduler_job.py:190} INFO - Processing /home/airflow/airflow/dags/parallel_dag.py took 0.121 seconds
[2021-12-30 00:01:36,928] {scheduler_job.py:182} INFO - Started process (PID=90398) to work on /home/airflow/airflow/dags/parallel_dag.py
[2021-12-30 00:01:36,929] {scheduler_job.py:633} INFO - Processing file /home/airflow/airflow/dags/parallel_dag.py for tasks to queue
[2021-12-30 00:01:36,929] {logging_mixin.py:104} INFO - [2021-12-30 00:01:36,929] {dagbag.py:487} INFO - Filling up the DagBag from /home/airflow/airflow/dags/parallel_dag.py
[2021-12-30 00:01:36,954] {scheduler_job.py:643} INFO - DAG(s) dict_keys(['parallel_dag']) retrieved from /home/airflow/airflow/dags/parallel_dag.py
[2021-12-30 00:01:36,995] {logging_mixin.py:104} INFO - [2021-12-30 00:01:36,995] {dag.py:1832} INFO - Sync 1 DAGs
[2021-12-30 00:01:37,016] {logging_mixin.py:104} INFO - [2021-12-30 00:01:37,016] {dag.py:2305} INFO - Setting next_dagrun for parallel_dag to 2021-12-29 00:00:00+00:00
[2021-12-30 00:01:37,027] {scheduler_job.py:190} INFO - Processing /home/airflow/airflow/dags/parallel_dag.py took 0.102 seconds
[2021-12-30 00:02:07,968] {scheduler_job.py:182} INFO - Started process (PID=90435) to work on /home/airflow/airflow/dags/parallel_dag.py
[2021-12-30 00:02:07,968] {scheduler_job.py:633} INFO - Processing file /home/airflow/airflow/dags/parallel_dag.py for tasks to queue
[2021-12-30 00:02:07,969] {logging_mixin.py:104} INFO - [2021-12-30 00:02:07,969] {dagbag.py:487} INFO - Filling up the DagBag from /home/airflow/airflow/dags/parallel_dag.py
[2021-12-30 00:02:07,980] {scheduler_job.py:643} INFO - DAG(s) dict_keys(['parallel_dag']) retrieved from /home/airflow/airflow/dags/parallel_dag.py
[2021-12-30 00:02:08,025] {logging_mixin.py:104} INFO - [2021-12-30 00:02:08,025] {dag.py:1832} INFO - Sync 1 DAGs
[2021-12-30 00:02:08,052] {logging_mixin.py:104} INFO - [2021-12-30 00:02:08,052] {dag.py:2305} INFO - Setting next_dagrun for parallel_dag to 2021-12-29 00:00:00+00:00
[2021-12-30 00:02:08,069] {scheduler_job.py:190} INFO - Processing /home/airflow/airflow/dags/parallel_dag.py took 0.120 seconds
[2021-12-30 00:02:38,203] {scheduler_job.py:182} INFO - Started process (PID=90476) to work on /home/airflow/airflow/dags/parallel_dag.py
[2021-12-30 00:02:38,204] {scheduler_job.py:633} INFO - Processing file /home/airflow/airflow/dags/parallel_dag.py for tasks to queue
[2021-12-30 00:02:38,204] {logging_mixin.py:104} INFO - [2021-12-30 00:02:38,204] {dagbag.py:487} INFO - Filling up the DagBag from /home/airflow/airflow/dags/parallel_dag.py
[2021-12-30 00:02:38,220] {scheduler_job.py:643} INFO - DAG(s) dict_keys(['parallel_dag']) retrieved from /home/airflow/airflow/dags/parallel_dag.py
[2021-12-30 00:02:38,241] {logging_mixin.py:104} INFO - [2021-12-30 00:02:38,241] {dag.py:1832} INFO - Sync 1 DAGs
[2021-12-30 00:02:38,255] {logging_mixin.py:104} INFO - [2021-12-30 00:02:38,255] {dag.py:2305} INFO - Setting next_dagrun for parallel_dag to 2021-12-29 00:00:00+00:00
[2021-12-30 00:02:38,277] {scheduler_job.py:190} INFO - Processing /home/airflow/airflow/dags/parallel_dag.py took 0.077 seconds
[2021-12-30 00:03:08,372] {scheduler_job.py:182} INFO - Started process (PID=90513) to work on /home/airflow/airflow/dags/parallel_dag.py
[2021-12-30 00:03:08,374] {scheduler_job.py:633} INFO - Processing file /home/airflow/airflow/dags/parallel_dag.py for tasks to queue
[2021-12-30 00:03:08,374] {logging_mixin.py:104} INFO - [2021-12-30 00:03:08,374] {dagbag.py:487} INFO - Filling up the DagBag from /home/airflow/airflow/dags/parallel_dag.py
[2021-12-30 00:03:08,386] {scheduler_job.py:643} INFO - DAG(s) dict_keys(['parallel_dag']) retrieved from /home/airflow/airflow/dags/parallel_dag.py
[2021-12-30 00:03:08,405] {logging_mixin.py:104} INFO - [2021-12-30 00:03:08,405] {dag.py:1832} INFO - Sync 1 DAGs
[2021-12-30 00:03:08,417] {logging_mixin.py:104} INFO - [2021-12-30 00:03:08,417] {dag.py:2305} INFO - Setting next_dagrun for parallel_dag to 2021-12-29 00:00:00+00:00
[2021-12-30 00:03:08,431] {scheduler_job.py:190} INFO - Processing /home/airflow/airflow/dags/parallel_dag.py took 0.062 seconds
[2021-12-30 00:03:38,554] {scheduler_job.py:182} INFO - Started process (PID=91044) to work on /home/airflow/airflow/dags/parallel_dag.py
[2021-12-30 00:03:38,556] {scheduler_job.py:633} INFO - Processing file /home/airflow/airflow/dags/parallel_dag.py for tasks to queue
[2021-12-30 00:03:38,558] {logging_mixin.py:104} INFO - [2021-12-30 00:03:38,558] {dagbag.py:487} INFO - Filling up the DagBag from /home/airflow/airflow/dags/parallel_dag.py
[2021-12-30 00:03:38,581] {scheduler_job.py:643} INFO - DAG(s) dict_keys(['parallel_dag']) retrieved from /home/airflow/airflow/dags/parallel_dag.py
[2021-12-30 00:03:38,621] {logging_mixin.py:104} INFO - [2021-12-30 00:03:38,621] {dag.py:1832} INFO - Sync 1 DAGs
[2021-12-30 00:03:38,650] {logging_mixin.py:104} INFO - [2021-12-30 00:03:38,650] {dag.py:2305} INFO - Setting next_dagrun for parallel_dag to 2021-12-29 00:00:00+00:00
[2021-12-30 00:03:38,666] {scheduler_job.py:190} INFO - Processing /home/airflow/airflow/dags/parallel_dag.py took 0.115 seconds
[2021-12-30 00:04:08,748] {scheduler_job.py:182} INFO - Started process (PID=91208) to work on /home/airflow/airflow/dags/parallel_dag.py
[2021-12-30 00:04:08,753] {scheduler_job.py:633} INFO - Processing file /home/airflow/airflow/dags/parallel_dag.py for tasks to queue
[2021-12-30 00:04:08,765] {logging_mixin.py:104} INFO - [2021-12-30 00:04:08,765] {dagbag.py:487} INFO - Filling up the DagBag from /home/airflow/airflow/dags/parallel_dag.py
[2021-12-30 00:04:08,779] {scheduler_job.py:643} INFO - DAG(s) dict_keys(['parallel_dag']) retrieved from /home/airflow/airflow/dags/parallel_dag.py
[2021-12-30 00:04:08,835] {logging_mixin.py:104} INFO - [2021-12-30 00:04:08,835] {dag.py:1832} INFO - Sync 1 DAGs
[2021-12-30 00:04:08,870] {logging_mixin.py:104} INFO - [2021-12-30 00:04:08,869] {dag.py:2305} INFO - Setting next_dagrun for parallel_dag to 2021-12-29 00:00:00+00:00
[2021-12-30 00:04:08,887] {scheduler_job.py:190} INFO - Processing /home/airflow/airflow/dags/parallel_dag.py took 0.141 seconds
[2021-12-30 00:04:39,005] {scheduler_job.py:182} INFO - Started process (PID=91375) to work on /home/airflow/airflow/dags/parallel_dag.py
[2021-12-30 00:04:39,006] {scheduler_job.py:633} INFO - Processing file /home/airflow/airflow/dags/parallel_dag.py for tasks to queue
[2021-12-30 00:04:39,007] {logging_mixin.py:104} INFO - [2021-12-30 00:04:39,007] {dagbag.py:487} INFO - Filling up the DagBag from /home/airflow/airflow/dags/parallel_dag.py
[2021-12-30 00:04:39,042] {scheduler_job.py:643} INFO - DAG(s) dict_keys(['parallel_dag']) retrieved from /home/airflow/airflow/dags/parallel_dag.py
[2021-12-30 00:04:39,075] {logging_mixin.py:104} INFO - [2021-12-30 00:04:39,075] {dag.py:1832} INFO - Sync 1 DAGs
[2021-12-30 00:04:39,100] {logging_mixin.py:104} INFO - [2021-12-30 00:04:39,100] {dag.py:2305} INFO - Setting next_dagrun for parallel_dag to 2021-12-29 00:00:00+00:00
[2021-12-30 00:04:39,145] {scheduler_job.py:190} INFO - Processing /home/airflow/airflow/dags/parallel_dag.py took 0.149 seconds
[2021-12-30 00:05:09,546] {scheduler_job.py:182} INFO - Started process (PID=91536) to work on /home/airflow/airflow/dags/parallel_dag.py
[2021-12-30 00:05:09,553] {scheduler_job.py:633} INFO - Processing file /home/airflow/airflow/dags/parallel_dag.py for tasks to queue
[2021-12-30 00:05:09,553] {logging_mixin.py:104} INFO - [2021-12-30 00:05:09,553] {dagbag.py:487} INFO - Filling up the DagBag from /home/airflow/airflow/dags/parallel_dag.py
[2021-12-30 00:05:09,570] {scheduler_job.py:643} INFO - DAG(s) dict_keys(['parallel_dag']) retrieved from /home/airflow/airflow/dags/parallel_dag.py
[2021-12-30 00:05:09,618] {logging_mixin.py:104} INFO - [2021-12-30 00:05:09,618] {dag.py:1832} INFO - Sync 1 DAGs
[2021-12-30 00:05:09,636] {logging_mixin.py:104} INFO - [2021-12-30 00:05:09,636] {dag.py:2305} INFO - Setting next_dagrun for parallel_dag to 2021-12-29 00:00:00+00:00
[2021-12-30 00:05:09,661] {scheduler_job.py:190} INFO - Processing /home/airflow/airflow/dags/parallel_dag.py took 0.119 seconds
[2021-12-30 00:05:39,713] {scheduler_job.py:182} INFO - Started process (PID=91938) to work on /home/airflow/airflow/dags/parallel_dag.py
[2021-12-30 00:05:39,714] {scheduler_job.py:633} INFO - Processing file /home/airflow/airflow/dags/parallel_dag.py for tasks to queue
[2021-12-30 00:05:39,715] {logging_mixin.py:104} INFO - [2021-12-30 00:05:39,714] {dagbag.py:487} INFO - Filling up the DagBag from /home/airflow/airflow/dags/parallel_dag.py
[2021-12-30 00:05:39,726] {scheduler_job.py:643} INFO - DAG(s) dict_keys(['parallel_dag']) retrieved from /home/airflow/airflow/dags/parallel_dag.py
[2021-12-30 00:05:39,743] {logging_mixin.py:104} INFO - [2021-12-30 00:05:39,743] {dag.py:1832} INFO - Sync 1 DAGs
[2021-12-30 00:05:39,754] {logging_mixin.py:104} INFO - [2021-12-30 00:05:39,754] {dag.py:2305} INFO - Setting next_dagrun for parallel_dag to 2021-12-29 00:00:00+00:00
[2021-12-30 00:05:39,763] {scheduler_job.py:190} INFO - Processing /home/airflow/airflow/dags/parallel_dag.py took 0.053 seconds
[2021-12-30 00:06:09,855] {scheduler_job.py:182} INFO - Started process (PID=92163) to work on /home/airflow/airflow/dags/parallel_dag.py
[2021-12-30 00:06:09,869] {scheduler_job.py:633} INFO - Processing file /home/airflow/airflow/dags/parallel_dag.py for tasks to queue
[2021-12-30 00:06:09,870] {logging_mixin.py:104} INFO - [2021-12-30 00:06:09,870] {dagbag.py:487} INFO - Filling up the DagBag from /home/airflow/airflow/dags/parallel_dag.py
[2021-12-30 00:06:09,884] {scheduler_job.py:643} INFO - DAG(s) dict_keys(['parallel_dag']) retrieved from /home/airflow/airflow/dags/parallel_dag.py
[2021-12-30 00:06:09,936] {logging_mixin.py:104} INFO - [2021-12-30 00:06:09,936] {dag.py:1832} INFO - Sync 1 DAGs
[2021-12-30 00:06:09,965] {logging_mixin.py:104} INFO - [2021-12-30 00:06:09,965] {dag.py:2305} INFO - Setting next_dagrun for parallel_dag to 2021-12-29 00:00:00+00:00
[2021-12-30 00:06:09,984] {scheduler_job.py:190} INFO - Processing /home/airflow/airflow/dags/parallel_dag.py took 0.132 seconds
