[2021-12-30 00:00:01,321] {scheduler_job.py:182} INFO - Started process (PID=89958) to work on /home/airflow/airflow/dags/trigger_rule.py
[2021-12-30 00:00:01,322] {scheduler_job.py:633} INFO - Processing file /home/airflow/airflow/dags/trigger_rule.py for tasks to queue
[2021-12-30 00:00:01,323] {logging_mixin.py:104} INFO - [2021-12-30 00:00:01,323] {dagbag.py:487} INFO - Filling up the DagBag from /home/airflow/airflow/dags/trigger_rule.py
[2021-12-30 00:00:01,336] {scheduler_job.py:643} INFO - DAG(s) dict_keys(['trigger_rule']) retrieved from /home/airflow/airflow/dags/trigger_rule.py
[2021-12-30 00:00:01,363] {logging_mixin.py:104} INFO - [2021-12-30 00:00:01,363] {dag.py:1832} INFO - Sync 1 DAGs
[2021-12-30 00:00:01,376] {logging_mixin.py:104} INFO - [2021-12-30 00:00:01,376] {dag.py:2305} INFO - Setting next_dagrun for trigger_rule to 2021-12-29 00:00:00+00:00
[2021-12-30 00:00:01,384] {scheduler_job.py:190} INFO - Processing /home/airflow/airflow/dags/trigger_rule.py took 0.069 seconds
[2021-12-30 00:00:31,442] {scheduler_job.py:182} INFO - Started process (PID=90262) to work on /home/airflow/airflow/dags/trigger_rule.py
[2021-12-30 00:00:31,449] {scheduler_job.py:633} INFO - Processing file /home/airflow/airflow/dags/trigger_rule.py for tasks to queue
[2021-12-30 00:00:31,453] {logging_mixin.py:104} INFO - [2021-12-30 00:00:31,453] {dagbag.py:487} INFO - Filling up the DagBag from /home/airflow/airflow/dags/trigger_rule.py
[2021-12-30 00:00:31,475] {scheduler_job.py:643} INFO - DAG(s) dict_keys(['trigger_rule']) retrieved from /home/airflow/airflow/dags/trigger_rule.py
[2021-12-30 00:00:31,508] {logging_mixin.py:104} INFO - [2021-12-30 00:00:31,508] {dag.py:1832} INFO - Sync 1 DAGs
[2021-12-30 00:00:31,519] {logging_mixin.py:104} INFO - [2021-12-30 00:00:31,519] {dag.py:2305} INFO - Setting next_dagrun for trigger_rule to 2021-12-29 00:00:00+00:00
[2021-12-30 00:00:31,534] {scheduler_job.py:190} INFO - Processing /home/airflow/airflow/dags/trigger_rule.py took 0.095 seconds
[2021-12-30 00:01:01,618] {scheduler_job.py:182} INFO - Started process (PID=90335) to work on /home/airflow/airflow/dags/trigger_rule.py
[2021-12-30 00:01:01,626] {scheduler_job.py:633} INFO - Processing file /home/airflow/airflow/dags/trigger_rule.py for tasks to queue
[2021-12-30 00:01:01,632] {logging_mixin.py:104} INFO - [2021-12-30 00:01:01,632] {dagbag.py:487} INFO - Filling up the DagBag from /home/airflow/airflow/dags/trigger_rule.py
[2021-12-30 00:01:01,654] {scheduler_job.py:643} INFO - DAG(s) dict_keys(['trigger_rule']) retrieved from /home/airflow/airflow/dags/trigger_rule.py
[2021-12-30 00:01:01,690] {logging_mixin.py:104} INFO - [2021-12-30 00:01:01,690] {dag.py:1832} INFO - Sync 1 DAGs
[2021-12-30 00:01:01,703] {logging_mixin.py:104} INFO - [2021-12-30 00:01:01,703] {dag.py:2305} INFO - Setting next_dagrun for trigger_rule to 2021-12-29 00:00:00+00:00
[2021-12-30 00:01:01,717] {scheduler_job.py:190} INFO - Processing /home/airflow/airflow/dags/trigger_rule.py took 0.102 seconds
[2021-12-30 00:01:31,799] {scheduler_job.py:182} INFO - Started process (PID=90382) to work on /home/airflow/airflow/dags/trigger_rule.py
[2021-12-30 00:01:31,800] {scheduler_job.py:633} INFO - Processing file /home/airflow/airflow/dags/trigger_rule.py for tasks to queue
[2021-12-30 00:01:31,803] {logging_mixin.py:104} INFO - [2021-12-30 00:01:31,803] {dagbag.py:487} INFO - Filling up the DagBag from /home/airflow/airflow/dags/trigger_rule.py
[2021-12-30 00:01:31,824] {scheduler_job.py:643} INFO - DAG(s) dict_keys(['trigger_rule']) retrieved from /home/airflow/airflow/dags/trigger_rule.py
[2021-12-30 00:01:31,861] {logging_mixin.py:104} INFO - [2021-12-30 00:01:31,861] {dag.py:1832} INFO - Sync 1 DAGs
[2021-12-30 00:01:31,876] {logging_mixin.py:104} INFO - [2021-12-30 00:01:31,876] {dag.py:2305} INFO - Setting next_dagrun for trigger_rule to 2021-12-29 00:00:00+00:00
[2021-12-30 00:01:31,883] {scheduler_job.py:190} INFO - Processing /home/airflow/airflow/dags/trigger_rule.py took 0.086 seconds
[2021-12-30 00:02:02,192] {scheduler_job.py:182} INFO - Started process (PID=90412) to work on /home/airflow/airflow/dags/trigger_rule.py
[2021-12-30 00:02:02,192] {scheduler_job.py:633} INFO - Processing file /home/airflow/airflow/dags/trigger_rule.py for tasks to queue
[2021-12-30 00:02:02,193] {logging_mixin.py:104} INFO - [2021-12-30 00:02:02,193] {dagbag.py:487} INFO - Filling up the DagBag from /home/airflow/airflow/dags/trigger_rule.py
[2021-12-30 00:02:02,215] {scheduler_job.py:643} INFO - DAG(s) dict_keys(['trigger_rule']) retrieved from /home/airflow/airflow/dags/trigger_rule.py
[2021-12-30 00:02:02,255] {logging_mixin.py:104} INFO - [2021-12-30 00:02:02,255] {dag.py:1832} INFO - Sync 1 DAGs
[2021-12-30 00:02:02,278] {logging_mixin.py:104} INFO - [2021-12-30 00:02:02,278] {dag.py:2305} INFO - Setting next_dagrun for trigger_rule to 2021-12-29 00:00:00+00:00
[2021-12-30 00:02:02,304] {scheduler_job.py:190} INFO - Processing /home/airflow/airflow/dags/trigger_rule.py took 0.115 seconds
[2021-12-30 00:02:33,218] {scheduler_job.py:182} INFO - Started process (PID=90447) to work on /home/airflow/airflow/dags/trigger_rule.py
[2021-12-30 00:02:33,222] {scheduler_job.py:633} INFO - Processing file /home/airflow/airflow/dags/trigger_rule.py for tasks to queue
[2021-12-30 00:02:33,228] {logging_mixin.py:104} INFO - [2021-12-30 00:02:33,228] {dagbag.py:487} INFO - Filling up the DagBag from /home/airflow/airflow/dags/trigger_rule.py
[2021-12-30 00:02:33,237] {scheduler_job.py:643} INFO - DAG(s) dict_keys(['trigger_rule']) retrieved from /home/airflow/airflow/dags/trigger_rule.py
[2021-12-30 00:02:33,286] {logging_mixin.py:104} INFO - [2021-12-30 00:02:33,286] {dag.py:1832} INFO - Sync 1 DAGs
[2021-12-30 00:02:33,310] {logging_mixin.py:104} INFO - [2021-12-30 00:02:33,310] {dag.py:2305} INFO - Setting next_dagrun for trigger_rule to 2021-12-29 00:00:00+00:00
[2021-12-30 00:02:33,330] {scheduler_job.py:190} INFO - Processing /home/airflow/airflow/dags/trigger_rule.py took 0.114 seconds
[2021-12-30 00:03:03,380] {scheduler_job.py:182} INFO - Started process (PID=90483) to work on /home/airflow/airflow/dags/trigger_rule.py
[2021-12-30 00:03:03,383] {scheduler_job.py:633} INFO - Processing file /home/airflow/airflow/dags/trigger_rule.py for tasks to queue
[2021-12-30 00:03:03,383] {logging_mixin.py:104} INFO - [2021-12-30 00:03:03,383] {dagbag.py:487} INFO - Filling up the DagBag from /home/airflow/airflow/dags/trigger_rule.py
[2021-12-30 00:03:03,399] {scheduler_job.py:643} INFO - DAG(s) dict_keys(['trigger_rule']) retrieved from /home/airflow/airflow/dags/trigger_rule.py
[2021-12-30 00:03:03,419] {logging_mixin.py:104} INFO - [2021-12-30 00:03:03,419] {dag.py:1832} INFO - Sync 1 DAGs
[2021-12-30 00:03:03,431] {logging_mixin.py:104} INFO - [2021-12-30 00:03:03,430] {dag.py:2305} INFO - Setting next_dagrun for trigger_rule to 2021-12-29 00:00:00+00:00
[2021-12-30 00:03:03,446] {scheduler_job.py:190} INFO - Processing /home/airflow/airflow/dags/trigger_rule.py took 0.071 seconds
[2021-12-30 00:03:33,537] {scheduler_job.py:182} INFO - Started process (PID=90997) to work on /home/airflow/airflow/dags/trigger_rule.py
[2021-12-30 00:03:33,547] {scheduler_job.py:633} INFO - Processing file /home/airflow/airflow/dags/trigger_rule.py for tasks to queue
[2021-12-30 00:03:33,553] {logging_mixin.py:104} INFO - [2021-12-30 00:03:33,553] {dagbag.py:487} INFO - Filling up the DagBag from /home/airflow/airflow/dags/trigger_rule.py
[2021-12-30 00:03:33,583] {scheduler_job.py:643} INFO - DAG(s) dict_keys(['trigger_rule']) retrieved from /home/airflow/airflow/dags/trigger_rule.py
[2021-12-30 00:03:33,624] {logging_mixin.py:104} INFO - [2021-12-30 00:03:33,624] {dag.py:1832} INFO - Sync 1 DAGs
[2021-12-30 00:03:33,641] {logging_mixin.py:104} INFO - [2021-12-30 00:03:33,641] {dag.py:2305} INFO - Setting next_dagrun for trigger_rule to 2021-12-29 00:00:00+00:00
[2021-12-30 00:03:33,655] {scheduler_job.py:190} INFO - Processing /home/airflow/airflow/dags/trigger_rule.py took 0.122 seconds
[2021-12-30 00:04:03,786] {scheduler_job.py:182} INFO - Started process (PID=91162) to work on /home/airflow/airflow/dags/trigger_rule.py
[2021-12-30 00:04:03,792] {scheduler_job.py:633} INFO - Processing file /home/airflow/airflow/dags/trigger_rule.py for tasks to queue
[2021-12-30 00:04:03,794] {logging_mixin.py:104} INFO - [2021-12-30 00:04:03,794] {dagbag.py:487} INFO - Filling up the DagBag from /home/airflow/airflow/dags/trigger_rule.py
[2021-12-30 00:04:03,820] {scheduler_job.py:643} INFO - DAG(s) dict_keys(['trigger_rule']) retrieved from /home/airflow/airflow/dags/trigger_rule.py
[2021-12-30 00:04:03,860] {logging_mixin.py:104} INFO - [2021-12-30 00:04:03,860] {dag.py:1832} INFO - Sync 1 DAGs
[2021-12-30 00:04:03,875] {logging_mixin.py:104} INFO - [2021-12-30 00:04:03,874] {dag.py:2305} INFO - Setting next_dagrun for trigger_rule to 2021-12-29 00:00:00+00:00
[2021-12-30 00:04:03,885] {scheduler_job.py:190} INFO - Processing /home/airflow/airflow/dags/trigger_rule.py took 0.104 seconds
[2021-12-30 00:04:34,010] {scheduler_job.py:182} INFO - Started process (PID=91325) to work on /home/airflow/airflow/dags/trigger_rule.py
[2021-12-30 00:04:34,016] {scheduler_job.py:633} INFO - Processing file /home/airflow/airflow/dags/trigger_rule.py for tasks to queue
[2021-12-30 00:04:34,016] {logging_mixin.py:104} INFO - [2021-12-30 00:04:34,016] {dagbag.py:487} INFO - Filling up the DagBag from /home/airflow/airflow/dags/trigger_rule.py
[2021-12-30 00:04:34,042] {scheduler_job.py:643} INFO - DAG(s) dict_keys(['trigger_rule']) retrieved from /home/airflow/airflow/dags/trigger_rule.py
[2021-12-30 00:04:34,080] {logging_mixin.py:104} INFO - [2021-12-30 00:04:34,080] {dag.py:1832} INFO - Sync 1 DAGs
[2021-12-30 00:04:34,095] {logging_mixin.py:104} INFO - [2021-12-30 00:04:34,095] {dag.py:2305} INFO - Setting next_dagrun for trigger_rule to 2021-12-29 00:00:00+00:00
[2021-12-30 00:04:34,102] {scheduler_job.py:190} INFO - Processing /home/airflow/airflow/dags/trigger_rule.py took 0.094 seconds
[2021-12-30 00:05:04,304] {scheduler_job.py:182} INFO - Started process (PID=91494) to work on /home/airflow/airflow/dags/trigger_rule.py
[2021-12-30 00:05:04,305] {scheduler_job.py:633} INFO - Processing file /home/airflow/airflow/dags/trigger_rule.py for tasks to queue
[2021-12-30 00:05:04,305] {logging_mixin.py:104} INFO - [2021-12-30 00:05:04,305] {dagbag.py:487} INFO - Filling up the DagBag from /home/airflow/airflow/dags/trigger_rule.py
[2021-12-30 00:05:04,340] {scheduler_job.py:643} INFO - DAG(s) dict_keys(['trigger_rule']) retrieved from /home/airflow/airflow/dags/trigger_rule.py
[2021-12-30 00:05:04,364] {logging_mixin.py:104} INFO - [2021-12-30 00:05:04,364] {dag.py:1832} INFO - Sync 1 DAGs
[2021-12-30 00:05:04,376] {logging_mixin.py:104} INFO - [2021-12-30 00:05:04,376] {dag.py:2305} INFO - Setting next_dagrun for trigger_rule to 2021-12-29 00:00:00+00:00
[2021-12-30 00:05:04,389] {scheduler_job.py:190} INFO - Processing /home/airflow/airflow/dags/trigger_rule.py took 0.101 seconds
[2021-12-30 00:05:34,524] {scheduler_job.py:182} INFO - Started process (PID=91899) to work on /home/airflow/airflow/dags/trigger_rule.py
[2021-12-30 00:05:34,533] {scheduler_job.py:633} INFO - Processing file /home/airflow/airflow/dags/trigger_rule.py for tasks to queue
[2021-12-30 00:05:34,534] {logging_mixin.py:104} INFO - [2021-12-30 00:05:34,533] {dagbag.py:487} INFO - Filling up the DagBag from /home/airflow/airflow/dags/trigger_rule.py
[2021-12-30 00:05:34,559] {scheduler_job.py:643} INFO - DAG(s) dict_keys(['trigger_rule']) retrieved from /home/airflow/airflow/dags/trigger_rule.py
[2021-12-30 00:05:34,598] {logging_mixin.py:104} INFO - [2021-12-30 00:05:34,597] {dag.py:1832} INFO - Sync 1 DAGs
[2021-12-30 00:05:34,611] {logging_mixin.py:104} INFO - [2021-12-30 00:05:34,611] {dag.py:2305} INFO - Setting next_dagrun for trigger_rule to 2021-12-29 00:00:00+00:00
[2021-12-30 00:05:34,626] {scheduler_job.py:190} INFO - Processing /home/airflow/airflow/dags/trigger_rule.py took 0.106 seconds
[2021-12-30 00:06:04,745] {scheduler_job.py:182} INFO - Started process (PID=92071) to work on /home/airflow/airflow/dags/trigger_rule.py
[2021-12-30 00:06:04,747] {scheduler_job.py:633} INFO - Processing file /home/airflow/airflow/dags/trigger_rule.py for tasks to queue
[2021-12-30 00:06:04,752] {logging_mixin.py:104} INFO - [2021-12-30 00:06:04,752] {dagbag.py:487} INFO - Filling up the DagBag from /home/airflow/airflow/dags/trigger_rule.py
[2021-12-30 00:06:04,795] {scheduler_job.py:643} INFO - DAG(s) dict_keys(['trigger_rule']) retrieved from /home/airflow/airflow/dags/trigger_rule.py
[2021-12-30 00:06:04,821] {logging_mixin.py:104} INFO - [2021-12-30 00:06:04,821] {dag.py:1832} INFO - Sync 1 DAGs
[2021-12-30 00:06:04,837] {logging_mixin.py:104} INFO - [2021-12-30 00:06:04,837] {dag.py:2305} INFO - Setting next_dagrun for trigger_rule to 2021-12-29 00:00:00+00:00
[2021-12-30 00:06:04,851] {scheduler_job.py:190} INFO - Processing /home/airflow/airflow/dags/trigger_rule.py took 0.109 seconds
