[2021-12-30 00:00:06,409] {scheduler_job.py:182} INFO - Started process (PID=89972) to work on /home/airflow/airflow/dags/xcom_dag.py
[2021-12-30 00:00:06,417] {scheduler_job.py:633} INFO - Processing file /home/airflow/airflow/dags/xcom_dag.py for tasks to queue
[2021-12-30 00:00:06,418] {logging_mixin.py:104} INFO - [2021-12-30 00:00:06,418] {dagbag.py:487} INFO - Filling up the DagBag from /home/airflow/airflow/dags/xcom_dag.py
[2021-12-30 00:00:06,444] {scheduler_job.py:643} INFO - DAG(s) dict_keys(['xcom_dag']) retrieved from /home/airflow/airflow/dags/xcom_dag.py
[2021-12-30 00:00:06,482] {logging_mixin.py:104} INFO - [2021-12-30 00:00:06,482] {dag.py:1832} INFO - Sync 1 DAGs
[2021-12-30 00:00:06,503] {logging_mixin.py:104} INFO - [2021-12-30 00:00:06,503] {dag.py:2305} INFO - Setting next_dagrun for xcom_dag to 2021-12-29 00:00:00+00:00
[2021-12-30 00:00:06,519] {scheduler_job.py:190} INFO - Processing /home/airflow/airflow/dags/xcom_dag.py took 0.112 seconds
[2021-12-30 00:00:36,575] {scheduler_job.py:182} INFO - Started process (PID=90277) to work on /home/airflow/airflow/dags/xcom_dag.py
[2021-12-30 00:00:36,580] {scheduler_job.py:633} INFO - Processing file /home/airflow/airflow/dags/xcom_dag.py for tasks to queue
[2021-12-30 00:00:36,581] {logging_mixin.py:104} INFO - [2021-12-30 00:00:36,581] {dagbag.py:487} INFO - Filling up the DagBag from /home/airflow/airflow/dags/xcom_dag.py
[2021-12-30 00:00:36,606] {scheduler_job.py:643} INFO - DAG(s) dict_keys(['xcom_dag']) retrieved from /home/airflow/airflow/dags/xcom_dag.py
[2021-12-30 00:00:36,644] {logging_mixin.py:104} INFO - [2021-12-30 00:00:36,644] {dag.py:1832} INFO - Sync 1 DAGs
[2021-12-30 00:00:36,658] {logging_mixin.py:104} INFO - [2021-12-30 00:00:36,658] {dag.py:2305} INFO - Setting next_dagrun for xcom_dag to 2021-12-29 00:00:00+00:00
[2021-12-30 00:00:36,674] {scheduler_job.py:190} INFO - Processing /home/airflow/airflow/dags/xcom_dag.py took 0.101 seconds
[2021-12-30 00:01:06,751] {scheduler_job.py:182} INFO - Started process (PID=90359) to work on /home/airflow/airflow/dags/xcom_dag.py
[2021-12-30 00:01:06,752] {scheduler_job.py:633} INFO - Processing file /home/airflow/airflow/dags/xcom_dag.py for tasks to queue
[2021-12-30 00:01:06,755] {logging_mixin.py:104} INFO - [2021-12-30 00:01:06,755] {dagbag.py:487} INFO - Filling up the DagBag from /home/airflow/airflow/dags/xcom_dag.py
[2021-12-30 00:01:06,788] {scheduler_job.py:643} INFO - DAG(s) dict_keys(['xcom_dag']) retrieved from /home/airflow/airflow/dags/xcom_dag.py
[2021-12-30 00:01:06,829] {logging_mixin.py:104} INFO - [2021-12-30 00:01:06,829] {dag.py:1832} INFO - Sync 1 DAGs
[2021-12-30 00:01:06,847] {logging_mixin.py:104} INFO - [2021-12-30 00:01:06,847] {dag.py:2305} INFO - Setting next_dagrun for xcom_dag to 2021-12-29 00:00:00+00:00
[2021-12-30 00:01:06,867] {scheduler_job.py:190} INFO - Processing /home/airflow/airflow/dags/xcom_dag.py took 0.131 seconds
[2021-12-30 00:01:36,909] {scheduler_job.py:182} INFO - Started process (PID=90396) to work on /home/airflow/airflow/dags/xcom_dag.py
[2021-12-30 00:01:36,912] {scheduler_job.py:633} INFO - Processing file /home/airflow/airflow/dags/xcom_dag.py for tasks to queue
[2021-12-30 00:01:36,916] {logging_mixin.py:104} INFO - [2021-12-30 00:01:36,916] {dagbag.py:487} INFO - Filling up the DagBag from /home/airflow/airflow/dags/xcom_dag.py
[2021-12-30 00:01:36,941] {scheduler_job.py:643} INFO - DAG(s) dict_keys(['xcom_dag']) retrieved from /home/airflow/airflow/dags/xcom_dag.py
[2021-12-30 00:01:36,980] {logging_mixin.py:104} INFO - [2021-12-30 00:01:36,980] {dag.py:1832} INFO - Sync 1 DAGs
[2021-12-30 00:01:37,002] {logging_mixin.py:104} INFO - [2021-12-30 00:01:37,002] {dag.py:2305} INFO - Setting next_dagrun for xcom_dag to 2021-12-29 00:00:00+00:00
[2021-12-30 00:01:37,021] {scheduler_job.py:190} INFO - Processing /home/airflow/airflow/dags/xcom_dag.py took 0.115 seconds
[2021-12-30 00:02:07,945] {scheduler_job.py:182} INFO - Started process (PID=90433) to work on /home/airflow/airflow/dags/xcom_dag.py
[2021-12-30 00:02:07,952] {scheduler_job.py:633} INFO - Processing file /home/airflow/airflow/dags/xcom_dag.py for tasks to queue
[2021-12-30 00:02:07,953] {logging_mixin.py:104} INFO - [2021-12-30 00:02:07,953] {dagbag.py:487} INFO - Filling up the DagBag from /home/airflow/airflow/dags/xcom_dag.py
[2021-12-30 00:02:07,985] {scheduler_job.py:643} INFO - DAG(s) dict_keys(['xcom_dag']) retrieved from /home/airflow/airflow/dags/xcom_dag.py
[2021-12-30 00:02:08,023] {logging_mixin.py:104} INFO - [2021-12-30 00:02:08,023] {dag.py:1832} INFO - Sync 1 DAGs
[2021-12-30 00:02:08,045] {logging_mixin.py:104} INFO - [2021-12-30 00:02:08,045] {dag.py:2305} INFO - Setting next_dagrun for xcom_dag to 2021-12-29 00:00:00+00:00
[2021-12-30 00:02:08,065] {scheduler_job.py:190} INFO - Processing /home/airflow/airflow/dags/xcom_dag.py took 0.123 seconds
[2021-12-30 00:02:38,110] {scheduler_job.py:182} INFO - Started process (PID=90470) to work on /home/airflow/airflow/dags/xcom_dag.py
[2021-12-30 00:02:38,111] {scheduler_job.py:633} INFO - Processing file /home/airflow/airflow/dags/xcom_dag.py for tasks to queue
[2021-12-30 00:02:38,112] {logging_mixin.py:104} INFO - [2021-12-30 00:02:38,112] {dagbag.py:487} INFO - Filling up the DagBag from /home/airflow/airflow/dags/xcom_dag.py
[2021-12-30 00:02:38,134] {scheduler_job.py:643} INFO - DAG(s) dict_keys(['xcom_dag']) retrieved from /home/airflow/airflow/dags/xcom_dag.py
[2021-12-30 00:02:38,154] {logging_mixin.py:104} INFO - [2021-12-30 00:02:38,153] {dag.py:1832} INFO - Sync 1 DAGs
[2021-12-30 00:02:38,168] {logging_mixin.py:104} INFO - [2021-12-30 00:02:38,168] {dag.py:2305} INFO - Setting next_dagrun for xcom_dag to 2021-12-29 00:00:00+00:00
[2021-12-30 00:02:38,178] {scheduler_job.py:190} INFO - Processing /home/airflow/airflow/dags/xcom_dag.py took 0.076 seconds
[2021-12-30 00:03:08,292] {scheduler_job.py:182} INFO - Started process (PID=90507) to work on /home/airflow/airflow/dags/xcom_dag.py
[2021-12-30 00:03:08,294] {scheduler_job.py:633} INFO - Processing file /home/airflow/airflow/dags/xcom_dag.py for tasks to queue
[2021-12-30 00:03:08,294] {logging_mixin.py:104} INFO - [2021-12-30 00:03:08,294] {dagbag.py:487} INFO - Filling up the DagBag from /home/airflow/airflow/dags/xcom_dag.py
[2021-12-30 00:03:08,311] {scheduler_job.py:643} INFO - DAG(s) dict_keys(['xcom_dag']) retrieved from /home/airflow/airflow/dags/xcom_dag.py
[2021-12-30 00:03:08,330] {logging_mixin.py:104} INFO - [2021-12-30 00:03:08,330] {dag.py:1832} INFO - Sync 1 DAGs
[2021-12-30 00:03:08,341] {logging_mixin.py:104} INFO - [2021-12-30 00:03:08,341] {dag.py:2305} INFO - Setting next_dagrun for xcom_dag to 2021-12-29 00:00:00+00:00
[2021-12-30 00:03:08,354] {scheduler_job.py:190} INFO - Processing /home/airflow/airflow/dags/xcom_dag.py took 0.066 seconds
[2021-12-30 00:03:38,549] {scheduler_job.py:182} INFO - Started process (PID=91043) to work on /home/airflow/airflow/dags/xcom_dag.py
[2021-12-30 00:03:38,555] {scheduler_job.py:633} INFO - Processing file /home/airflow/airflow/dags/xcom_dag.py for tasks to queue
[2021-12-30 00:03:38,555] {logging_mixin.py:104} INFO - [2021-12-30 00:03:38,555] {dagbag.py:487} INFO - Filling up the DagBag from /home/airflow/airflow/dags/xcom_dag.py
[2021-12-30 00:03:38,585] {scheduler_job.py:643} INFO - DAG(s) dict_keys(['xcom_dag']) retrieved from /home/airflow/airflow/dags/xcom_dag.py
[2021-12-30 00:03:38,628] {logging_mixin.py:104} INFO - [2021-12-30 00:03:38,628] {dag.py:1832} INFO - Sync 1 DAGs
[2021-12-30 00:03:38,648] {logging_mixin.py:104} INFO - [2021-12-30 00:03:38,648] {dag.py:2305} INFO - Setting next_dagrun for xcom_dag to 2021-12-29 00:00:00+00:00
[2021-12-30 00:03:38,671] {scheduler_job.py:190} INFO - Processing /home/airflow/airflow/dags/xcom_dag.py took 0.126 seconds
[2021-12-30 00:04:08,744] {scheduler_job.py:182} INFO - Started process (PID=91207) to work on /home/airflow/airflow/dags/xcom_dag.py
[2021-12-30 00:04:08,750] {scheduler_job.py:633} INFO - Processing file /home/airflow/airflow/dags/xcom_dag.py for tasks to queue
[2021-12-30 00:04:08,750] {logging_mixin.py:104} INFO - [2021-12-30 00:04:08,750] {dagbag.py:487} INFO - Filling up the DagBag from /home/airflow/airflow/dags/xcom_dag.py
[2021-12-30 00:04:08,780] {scheduler_job.py:643} INFO - DAG(s) dict_keys(['xcom_dag']) retrieved from /home/airflow/airflow/dags/xcom_dag.py
[2021-12-30 00:04:08,822] {logging_mixin.py:104} INFO - [2021-12-30 00:04:08,821] {dag.py:1832} INFO - Sync 1 DAGs
[2021-12-30 00:04:08,851] {logging_mixin.py:104} INFO - [2021-12-30 00:04:08,851] {dag.py:2305} INFO - Setting next_dagrun for xcom_dag to 2021-12-29 00:00:00+00:00
[2021-12-30 00:04:08,872] {scheduler_job.py:190} INFO - Processing /home/airflow/airflow/dags/xcom_dag.py took 0.136 seconds
[2021-12-30 00:04:38,987] {scheduler_job.py:182} INFO - Started process (PID=91372) to work on /home/airflow/airflow/dags/xcom_dag.py
[2021-12-30 00:04:38,990] {scheduler_job.py:633} INFO - Processing file /home/airflow/airflow/dags/xcom_dag.py for tasks to queue
[2021-12-30 00:04:38,991] {logging_mixin.py:104} INFO - [2021-12-30 00:04:38,991] {dagbag.py:487} INFO - Filling up the DagBag from /home/airflow/airflow/dags/xcom_dag.py
[2021-12-30 00:04:39,027] {scheduler_job.py:643} INFO - DAG(s) dict_keys(['xcom_dag']) retrieved from /home/airflow/airflow/dags/xcom_dag.py
[2021-12-30 00:04:39,069] {logging_mixin.py:104} INFO - [2021-12-30 00:04:39,069] {dag.py:1832} INFO - Sync 1 DAGs
[2021-12-30 00:04:39,089] {logging_mixin.py:104} INFO - [2021-12-30 00:04:39,089] {dag.py:2305} INFO - Setting next_dagrun for xcom_dag to 2021-12-29 00:00:00+00:00
[2021-12-30 00:04:39,133] {scheduler_job.py:190} INFO - Processing /home/airflow/airflow/dags/xcom_dag.py took 0.149 seconds
[2021-12-30 00:05:09,411] {scheduler_job.py:182} INFO - Started process (PID=91528) to work on /home/airflow/airflow/dags/xcom_dag.py
[2021-12-30 00:05:09,412] {scheduler_job.py:633} INFO - Processing file /home/airflow/airflow/dags/xcom_dag.py for tasks to queue
[2021-12-30 00:05:09,412] {logging_mixin.py:104} INFO - [2021-12-30 00:05:09,412] {dagbag.py:487} INFO - Filling up the DagBag from /home/airflow/airflow/dags/xcom_dag.py
[2021-12-30 00:05:09,434] {scheduler_job.py:643} INFO - DAG(s) dict_keys(['xcom_dag']) retrieved from /home/airflow/airflow/dags/xcom_dag.py
[2021-12-30 00:05:09,472] {logging_mixin.py:104} INFO - [2021-12-30 00:05:09,472] {dag.py:1832} INFO - Sync 1 DAGs
[2021-12-30 00:05:09,498] {logging_mixin.py:104} INFO - [2021-12-30 00:05:09,498] {dag.py:2305} INFO - Setting next_dagrun for xcom_dag to 2021-12-29 00:00:00+00:00
[2021-12-30 00:05:09,518] {scheduler_job.py:190} INFO - Processing /home/airflow/airflow/dags/xcom_dag.py took 0.123 seconds
[2021-12-30 00:05:39,631] {scheduler_job.py:182} INFO - Started process (PID=91932) to work on /home/airflow/airflow/dags/xcom_dag.py
[2021-12-30 00:05:39,632] {scheduler_job.py:633} INFO - Processing file /home/airflow/airflow/dags/xcom_dag.py for tasks to queue
[2021-12-30 00:05:39,633] {logging_mixin.py:104} INFO - [2021-12-30 00:05:39,632] {dagbag.py:487} INFO - Filling up the DagBag from /home/airflow/airflow/dags/xcom_dag.py
[2021-12-30 00:05:39,650] {scheduler_job.py:643} INFO - DAG(s) dict_keys(['xcom_dag']) retrieved from /home/airflow/airflow/dags/xcom_dag.py
[2021-12-30 00:05:39,672] {logging_mixin.py:104} INFO - [2021-12-30 00:05:39,672] {dag.py:1832} INFO - Sync 1 DAGs
[2021-12-30 00:05:39,682] {logging_mixin.py:104} INFO - [2021-12-30 00:05:39,682] {dag.py:2305} INFO - Setting next_dagrun for xcom_dag to 2021-12-29 00:00:00+00:00
[2021-12-30 00:05:39,697] {scheduler_job.py:190} INFO - Processing /home/airflow/airflow/dags/xcom_dag.py took 0.074 seconds
[2021-12-30 00:06:09,845] {scheduler_job.py:182} INFO - Started process (PID=92162) to work on /home/airflow/airflow/dags/xcom_dag.py
[2021-12-30 00:06:09,848] {scheduler_job.py:633} INFO - Processing file /home/airflow/airflow/dags/xcom_dag.py for tasks to queue
[2021-12-30 00:06:09,849] {logging_mixin.py:104} INFO - [2021-12-30 00:06:09,849] {dagbag.py:487} INFO - Filling up the DagBag from /home/airflow/airflow/dags/xcom_dag.py
[2021-12-30 00:06:09,881] {scheduler_job.py:643} INFO - DAG(s) dict_keys(['xcom_dag']) retrieved from /home/airflow/airflow/dags/xcom_dag.py
[2021-12-30 00:06:09,921] {logging_mixin.py:104} INFO - [2021-12-30 00:06:09,921] {dag.py:1832} INFO - Sync 1 DAGs
[2021-12-30 00:06:09,946] {logging_mixin.py:104} INFO - [2021-12-30 00:06:09,946] {dag.py:2305} INFO - Setting next_dagrun for xcom_dag to 2021-12-29 00:00:00+00:00
[2021-12-30 00:06:09,967] {scheduler_job.py:190} INFO - Processing /home/airflow/airflow/dags/xcom_dag.py took 0.125 seconds
