[2021-12-21 17:27:41,675] {taskinstance.py:876} INFO - Dependencies all met for <TaskInstance: parallel_dag.task2 2021-12-20T00:00:00+00:00 [queued]>
[2021-12-21 17:27:41,682] {taskinstance.py:876} INFO - Dependencies all met for <TaskInstance: parallel_dag.task2 2021-12-20T00:00:00+00:00 [queued]>
[2021-12-21 17:27:41,683] {taskinstance.py:1067} INFO - 
--------------------------------------------------------------------------------
[2021-12-21 17:27:41,683] {taskinstance.py:1068} INFO - Starting attempt 1 of 1
[2021-12-21 17:27:41,683] {taskinstance.py:1069} INFO - 
--------------------------------------------------------------------------------
[2021-12-21 17:27:41,696] {taskinstance.py:1087} INFO - Executing <Task(BashOperator): task2> on 2021-12-20T00:00:00+00:00
[2021-12-21 17:27:41,697] {standard_task_runner.py:52} INFO - Started process 5399 to run task
[2021-12-21 17:27:41,702] {standard_task_runner.py:76} INFO - Running: ['airflow', 'tasks', 'run', 'parallel_dag', 'task2', '2021-12-20T00:00:00+00:00', '--job-id', '12', '--pool', 'default_pool', '--raw', '--subdir', 'DAGS_FOLDER/parallel_dag.py', '--cfg-path', '/tmp/tmpb6rxiqf0', '--error-file', '/tmp/tmpx08u0k_p']
[2021-12-21 17:27:41,703] {standard_task_runner.py:77} INFO - Job 12: Subtask task2
[2021-12-21 17:27:41,777] {logging_mixin.py:104} INFO - Running <TaskInstance: parallel_dag.task2 2021-12-20T00:00:00+00:00 [running]> on host airflowvm
[2021-12-21 17:27:41,938] {taskinstance.py:1280} INFO - Exporting the following env vars:
AIRFLOW_CTX_DAG_OWNER=airflow
AIRFLOW_CTX_DAG_ID=parallel_dag
AIRFLOW_CTX_TASK_ID=task2
AIRFLOW_CTX_EXECUTION_DATE=2021-12-20T00:00:00+00:00
AIRFLOW_CTX_DAG_RUN_ID=scheduled__2021-12-20T00:00:00+00:00
[2021-12-21 17:27:41,939] {subprocess.py:52} INFO - Tmp dir root location: 
 /tmp
[2021-12-21 17:27:41,939] {subprocess.py:63} INFO - Running command: ['bash', '-c', 'sleep 3']
[2021-12-21 17:27:41,946] {subprocess.py:75} INFO - Output:
[2021-12-21 17:27:44,953] {subprocess.py:83} INFO - Command exited with return code 0
[2021-12-21 17:27:44,992] {taskinstance.py:1184} INFO - Marking task as SUCCESS. dag_id=parallel_dag, task_id=task2, execution_date=20211220T000000, start_date=20211221T172741, end_date=20211221T172744
[2021-12-21 17:27:45,016] {taskinstance.py:1245} INFO - 0 downstream tasks scheduled from follow-on schedule check
[2021-12-21 17:27:45,021] {local_task_job.py:151} INFO - Task exited with return code 0
[2021-12-21 18:13:10,597] {taskinstance.py:876} INFO - Dependencies all met for <TaskInstance: parallel_dag.task2 2021-12-20T00:00:00+00:00 [queued]>
[2021-12-21 18:13:10,636] {taskinstance.py:876} INFO - Dependencies all met for <TaskInstance: parallel_dag.task2 2021-12-20T00:00:00+00:00 [queued]>
[2021-12-21 18:13:10,636] {taskinstance.py:1067} INFO - 
--------------------------------------------------------------------------------
[2021-12-21 18:13:10,636] {taskinstance.py:1068} INFO - Starting attempt 1 of 1
[2021-12-21 18:13:10,636] {taskinstance.py:1069} INFO - 
--------------------------------------------------------------------------------
[2021-12-21 18:13:10,647] {taskinstance.py:1087} INFO - Executing <Task(BashOperator): task2> on 2021-12-20T00:00:00+00:00
[2021-12-21 18:13:10,648] {standard_task_runner.py:52} INFO - Started process 17117 to run task
[2021-12-21 18:13:10,667] {standard_task_runner.py:76} INFO - Running: ['airflow', 'tasks', 'run', 'parallel_dag', 'task2', '2021-12-20T00:00:00+00:00', '--job-id', '3', '--pool', 'default_pool', '--raw', '--subdir', 'DAGS_FOLDER/parallel_dag.py', '--cfg-path', '/tmp/tmp_ywdcm19', '--error-file', '/tmp/tmp10un6bwb']
[2021-12-21 18:13:10,673] {standard_task_runner.py:77} INFO - Job 3: Subtask task2
[2021-12-21 18:13:10,839] {logging_mixin.py:104} INFO - Running <TaskInstance: parallel_dag.task2 2021-12-20T00:00:00+00:00 [running]> on host airflowvm
[2021-12-21 18:13:11,101] {taskinstance.py:1280} INFO - Exporting the following env vars:
AIRFLOW_CTX_DAG_OWNER=airflow
AIRFLOW_CTX_DAG_ID=parallel_dag
AIRFLOW_CTX_TASK_ID=task2
AIRFLOW_CTX_EXECUTION_DATE=2021-12-20T00:00:00+00:00
AIRFLOW_CTX_DAG_RUN_ID=scheduled__2021-12-20T00:00:00+00:00
[2021-12-21 18:13:11,102] {subprocess.py:52} INFO - Tmp dir root location: 
 /tmp
[2021-12-21 18:13:11,102] {subprocess.py:63} INFO - Running command: ['bash', '-c', 'sleep 3']
[2021-12-21 18:13:11,111] {subprocess.py:75} INFO - Output:
[2021-12-21 18:13:14,123] {subprocess.py:83} INFO - Command exited with return code 0
[2021-12-21 18:13:14,213] {taskinstance.py:1184} INFO - Marking task as SUCCESS. dag_id=parallel_dag, task_id=task2, execution_date=20211220T000000, start_date=20211221T181310, end_date=20211221T181314
[2021-12-21 18:13:14,265] {taskinstance.py:1245} INFO - 1 downstream tasks scheduled from follow-on schedule check
[2021-12-21 18:13:14,275] {local_task_job.py:151} INFO - Task exited with return code 0
