[2021-12-28 18:38:18,018] {taskinstance.py:876} INFO - Dependencies all met for <TaskInstance: xcom_dag.downloading_data 2021-12-27T00:00:00+00:00 [queued]>
[2021-12-28 18:38:18,024] {taskinstance.py:876} INFO - Dependencies all met for <TaskInstance: xcom_dag.downloading_data 2021-12-27T00:00:00+00:00 [queued]>
[2021-12-28 18:38:18,024] {taskinstance.py:1067} INFO - 
--------------------------------------------------------------------------------
[2021-12-28 18:38:18,026] {taskinstance.py:1068} INFO - Starting attempt 2 of 2
[2021-12-28 18:38:18,026] {taskinstance.py:1069} INFO - 
--------------------------------------------------------------------------------
[2021-12-28 18:38:18,037] {taskinstance.py:1087} INFO - Executing <Task(BashOperator): downloading_data> on 2021-12-27T00:00:00+00:00
[2021-12-28 18:38:18,039] {standard_task_runner.py:52} INFO - Started process 10696 to run task
[2021-12-28 18:38:18,046] {standard_task_runner.py:76} INFO - Running: ['airflow', 'tasks', 'run', 'xcom_dag', 'downloading_data', '2021-12-27T00:00:00+00:00', '--job-id', '22', '--pool', 'default_pool', '--raw', '--subdir', 'DAGS_FOLDER/xcom_dag.py', '--cfg-path', '/tmp/tmp2j_u9nih', '--error-file', '/tmp/tmp9lqy7nz2']
[2021-12-28 18:38:18,047] {standard_task_runner.py:77} INFO - Job 22: Subtask downloading_data
[2021-12-28 18:38:18,146] {logging_mixin.py:104} INFO - Running <TaskInstance: xcom_dag.downloading_data 2021-12-27T00:00:00+00:00 [running]> on host airflowvm
[2021-12-28 18:38:18,252] {taskinstance.py:1280} INFO - Exporting the following env vars:
AIRFLOW_CTX_DAG_OWNER=airflow
AIRFLOW_CTX_DAG_ID=xcom_dag
AIRFLOW_CTX_TASK_ID=downloading_data
AIRFLOW_CTX_EXECUTION_DATE=2021-12-27T00:00:00+00:00
AIRFLOW_CTX_DAG_RUN_ID=scheduled__2021-12-27T00:00:00+00:00
[2021-12-28 18:38:18,253] {subprocess.py:52} INFO - Tmp dir root location: 
 /tmp
[2021-12-28 18:38:18,253] {subprocess.py:63} INFO - Running command: ['bash', '-c', 'sleep 3']
[2021-12-28 18:38:18,260] {subprocess.py:75} INFO - Output:
[2021-12-28 18:38:21,265] {subprocess.py:83} INFO - Command exited with return code 0
[2021-12-28 18:38:21,316] {taskinstance.py:1184} INFO - Marking task as SUCCESS. dag_id=xcom_dag, task_id=downloading_data, execution_date=20211227T000000, start_date=20211228T183818, end_date=20211228T183821
[2021-12-28 18:38:21,347] {taskinstance.py:1245} INFO - 3 downstream tasks scheduled from follow-on schedule check
[2021-12-28 18:38:21,370] {local_task_job.py:151} INFO - Task exited with return code 0
