[2021-12-29 00:00:04,771] {taskinstance.py:876} INFO - Dependencies all met for <TaskInstance: xcom_dag.processing_tasks.training_model_c 2021-12-28T00:00:00+00:00 [queued]>
[2021-12-29 00:00:04,801] {taskinstance.py:876} INFO - Dependencies all met for <TaskInstance: xcom_dag.processing_tasks.training_model_c 2021-12-28T00:00:00+00:00 [queued]>
[2021-12-29 00:00:04,801] {taskinstance.py:1067} INFO - 
--------------------------------------------------------------------------------
[2021-12-29 00:00:04,802] {taskinstance.py:1068} INFO - Starting attempt 1 of 1
[2021-12-29 00:00:04,802] {taskinstance.py:1069} INFO - 
--------------------------------------------------------------------------------
[2021-12-29 00:00:04,844] {taskinstance.py:1087} INFO - Executing <Task(PythonOperator): processing_tasks.training_model_c> on 2021-12-28T00:00:00+00:00
[2021-12-29 00:00:04,845] {standard_task_runner.py:52} INFO - Started process 45208 to run task
[2021-12-29 00:00:04,862] {standard_task_runner.py:76} INFO - Running: ['airflow', 'tasks', 'run', 'xcom_dag', 'processing_tasks.training_model_c', '2021-12-28T00:00:00+00:00', '--job-id', '38', '--pool', 'default_pool', '--raw', '--subdir', 'DAGS_FOLDER/xcom_dag.py', '--cfg-path', '/tmp/tmpr6okc7bp', '--error-file', '/tmp/tmp4tf5rs2n']
[2021-12-29 00:00:04,871] {standard_task_runner.py:77} INFO - Job 38: Subtask processing_tasks.training_model_c
[2021-12-29 00:00:05,041] {logging_mixin.py:104} INFO - Running <TaskInstance: xcom_dag.processing_tasks.training_model_c 2021-12-28T00:00:00+00:00 [running]> on host airflowvm
[2021-12-29 00:00:05,290] {taskinstance.py:1280} INFO - Exporting the following env vars:
AIRFLOW_CTX_DAG_OWNER=airflow
AIRFLOW_CTX_DAG_ID=xcom_dag
AIRFLOW_CTX_TASK_ID=processing_tasks.training_model_c
AIRFLOW_CTX_EXECUTION_DATE=2021-12-28T00:00:00+00:00
AIRFLOW_CTX_DAG_RUN_ID=scheduled__2021-12-28T00:00:00+00:00
[2021-12-29 00:00:05,292] {logging_mixin.py:104} INFO - model's accuracy: 4.709109635871819
[2021-12-29 00:00:05,375] {python.py:151} INFO - Done. Returned value was: None
[2021-12-29 00:00:05,408] {taskinstance.py:1184} INFO - Marking task as SUCCESS. dag_id=xcom_dag, task_id=processing_tasks.training_model_c, execution_date=20211228T000000, start_date=20211229T000004, end_date=20211229T000005
[2021-12-29 00:00:05,494] {taskinstance.py:1245} INFO - 1 downstream tasks scheduled from follow-on schedule check
[2021-12-29 00:00:05,507] {local_task_job.py:151} INFO - Task exited with return code 0
