[2021-12-13 20:21:47,121] {scheduler_job.py:182} INFO - Started process (PID=2529) to work on /home/airflow/airflow/dags/user_precessing.py
[2021-12-13 20:21:47,123] {scheduler_job.py:633} INFO - Processing file /home/airflow/airflow/dags/user_precessing.py for tasks to queue
[2021-12-13 20:21:47,124] {logging_mixin.py:104} INFO - [2021-12-13 20:21:47,124] {dagbag.py:487} INFO - Filling up the DagBag from /home/airflow/airflow/dags/user_precessing.py
[2021-12-13 20:21:47,150] {logging_mixin.py:104} WARNING - /home/airflow/airflow-course/venv/lib/python3.8/site-packages/airflow/providers/sqlite/operators/sqlite.py:25 DeprecationWarning: This decorator is deprecated. 

In previous versions, all subclasses of BaseOperator must use apply_default decorator for the`default_args` feature to work properly.

In current version, it is optional. The decorator is applied automatically using the metaclass.
[2021-12-13 20:21:47,222] {scheduler_job.py:643} INFO - DAG(s) dict_keys(['user_processing']) retrieved from /home/airflow/airflow/dags/user_precessing.py
[2021-12-13 20:21:47,931] {logging_mixin.py:104} INFO - [2021-12-13 20:21:47,931] {dag.py:1832} INFO - Sync 1 DAGs
[2021-12-13 20:21:47,937] {logging_mixin.py:104} INFO - [2021-12-13 20:21:47,937] {dag.py:1851} INFO - Creating ORM DAG for user_processing
[2021-12-13 20:21:47,942] {logging_mixin.py:104} INFO - [2021-12-13 20:21:47,942] {dag.py:2305} INFO - Setting next_dagrun for user_processing to 2021-12-12 00:00:00+00:00
[2021-12-13 20:21:47,955] {scheduler_job.py:190} INFO - Processing /home/airflow/airflow/dags/user_precessing.py took 0.845 seconds
[2021-12-13 20:22:21,372] {scheduler_job.py:182} INFO - Started process (PID=2712) to work on /home/airflow/airflow/dags/user_precessing.py
[2021-12-13 20:22:21,374] {scheduler_job.py:633} INFO - Processing file /home/airflow/airflow/dags/user_precessing.py for tasks to queue
[2021-12-13 20:22:21,375] {logging_mixin.py:104} INFO - [2021-12-13 20:22:21,375] {dagbag.py:487} INFO - Filling up the DagBag from /home/airflow/airflow/dags/user_precessing.py
[2021-12-13 20:22:21,389] {logging_mixin.py:104} WARNING - /home/airflow/airflow-course/venv/lib/python3.8/site-packages/airflow/providers/sqlite/operators/sqlite.py:25 DeprecationWarning: This decorator is deprecated. 

In previous versions, all subclasses of BaseOperator must use apply_default decorator for the`default_args` feature to work properly.

In current version, it is optional. The decorator is applied automatically using the metaclass.
[2021-12-13 20:22:21,428] {scheduler_job.py:643} INFO - DAG(s) dict_keys(['user_processing']) retrieved from /home/airflow/airflow/dags/user_precessing.py
[2021-12-13 20:22:21,436] {logging_mixin.py:104} INFO - [2021-12-13 20:22:21,436] {dag.py:1832} INFO - Sync 1 DAGs
[2021-12-13 20:22:21,447] {logging_mixin.py:104} INFO - [2021-12-13 20:22:21,447] {dag.py:2305} INFO - Setting next_dagrun for user_processing to 2021-12-12 00:00:00+00:00
[2021-12-13 20:22:21,464] {scheduler_job.py:190} INFO - Processing /home/airflow/airflow/dags/user_precessing.py took 0.099 seconds
[2021-12-13 20:22:52,821] {scheduler_job.py:182} INFO - Started process (PID=2742) to work on /home/airflow/airflow/dags/user_precessing.py
[2021-12-13 20:22:52,823] {scheduler_job.py:633} INFO - Processing file /home/airflow/airflow/dags/user_precessing.py for tasks to queue
[2021-12-13 20:22:52,824] {logging_mixin.py:104} INFO - [2021-12-13 20:22:52,824] {dagbag.py:487} INFO - Filling up the DagBag from /home/airflow/airflow/dags/user_precessing.py
[2021-12-13 20:22:52,837] {logging_mixin.py:104} WARNING - /home/airflow/airflow-course/venv/lib/python3.8/site-packages/airflow/providers/sqlite/operators/sqlite.py:25 DeprecationWarning: This decorator is deprecated. 

In previous versions, all subclasses of BaseOperator must use apply_default decorator for the`default_args` feature to work properly.

In current version, it is optional. The decorator is applied automatically using the metaclass.
[2021-12-13 20:22:52,875] {scheduler_job.py:643} INFO - DAG(s) dict_keys(['user_processing']) retrieved from /home/airflow/airflow/dags/user_precessing.py
[2021-12-13 20:22:52,884] {logging_mixin.py:104} INFO - [2021-12-13 20:22:52,884] {dag.py:1832} INFO - Sync 1 DAGs
[2021-12-13 20:22:52,894] {logging_mixin.py:104} INFO - [2021-12-13 20:22:52,893] {dag.py:2305} INFO - Setting next_dagrun for user_processing to 2021-12-12 00:00:00+00:00
[2021-12-13 20:22:52,911] {scheduler_job.py:190} INFO - Processing /home/airflow/airflow/dags/user_precessing.py took 0.095 seconds
[2021-12-13 20:23:25,675] {scheduler_job.py:182} INFO - Started process (PID=2774) to work on /home/airflow/airflow/dags/user_precessing.py
[2021-12-13 20:23:25,677] {scheduler_job.py:633} INFO - Processing file /home/airflow/airflow/dags/user_precessing.py for tasks to queue
[2021-12-13 20:23:25,677] {logging_mixin.py:104} INFO - [2021-12-13 20:23:25,677] {dagbag.py:487} INFO - Filling up the DagBag from /home/airflow/airflow/dags/user_precessing.py
[2021-12-13 20:23:25,691] {logging_mixin.py:104} WARNING - /home/airflow/airflow-course/venv/lib/python3.8/site-packages/airflow/providers/sqlite/operators/sqlite.py:25 DeprecationWarning: This decorator is deprecated. 

In previous versions, all subclasses of BaseOperator must use apply_default decorator for the`default_args` feature to work properly.

In current version, it is optional. The decorator is applied automatically using the metaclass.
[2021-12-13 20:23:25,733] {scheduler_job.py:643} INFO - DAG(s) dict_keys(['user_processing']) retrieved from /home/airflow/airflow/dags/user_precessing.py
[2021-12-13 20:23:25,742] {logging_mixin.py:104} INFO - [2021-12-13 20:23:25,742] {dag.py:1832} INFO - Sync 1 DAGs
[2021-12-13 20:23:25,752] {logging_mixin.py:104} INFO - [2021-12-13 20:23:25,752] {dag.py:2305} INFO - Setting next_dagrun for user_processing to 2021-12-12 00:00:00+00:00
[2021-12-13 20:23:25,763] {scheduler_job.py:190} INFO - Processing /home/airflow/airflow/dags/user_precessing.py took 0.093 seconds
[2021-12-13 20:23:56,243] {scheduler_job.py:182} INFO - Started process (PID=2804) to work on /home/airflow/airflow/dags/user_precessing.py
[2021-12-13 20:23:56,245] {scheduler_job.py:633} INFO - Processing file /home/airflow/airflow/dags/user_precessing.py for tasks to queue
[2021-12-13 20:23:56,246] {logging_mixin.py:104} INFO - [2021-12-13 20:23:56,246] {dagbag.py:487} INFO - Filling up the DagBag from /home/airflow/airflow/dags/user_precessing.py
[2021-12-13 20:23:56,258] {logging_mixin.py:104} WARNING - /home/airflow/airflow-course/venv/lib/python3.8/site-packages/airflow/providers/sqlite/operators/sqlite.py:25 DeprecationWarning: This decorator is deprecated. 

In previous versions, all subclasses of BaseOperator must use apply_default decorator for the`default_args` feature to work properly.

In current version, it is optional. The decorator is applied automatically using the metaclass.
[2021-12-13 20:23:56,295] {scheduler_job.py:643} INFO - DAG(s) dict_keys(['user_processing']) retrieved from /home/airflow/airflow/dags/user_precessing.py
[2021-12-13 20:23:56,305] {logging_mixin.py:104} INFO - [2021-12-13 20:23:56,305] {dag.py:1832} INFO - Sync 1 DAGs
[2021-12-13 20:23:56,319] {logging_mixin.py:104} INFO - [2021-12-13 20:23:56,319] {dag.py:2305} INFO - Setting next_dagrun for user_processing to 2021-12-12 00:00:00+00:00
[2021-12-13 20:23:56,336] {scheduler_job.py:190} INFO - Processing /home/airflow/airflow/dags/user_precessing.py took 0.097 seconds
[2021-12-13 20:24:27,192] {scheduler_job.py:182} INFO - Started process (PID=2865) to work on /home/airflow/airflow/dags/user_precessing.py
[2021-12-13 20:24:27,193] {scheduler_job.py:633} INFO - Processing file /home/airflow/airflow/dags/user_precessing.py for tasks to queue
[2021-12-13 20:24:27,193] {logging_mixin.py:104} INFO - [2021-12-13 20:24:27,193] {dagbag.py:487} INFO - Filling up the DagBag from /home/airflow/airflow/dags/user_precessing.py
[2021-12-13 20:24:27,222] {logging_mixin.py:104} WARNING - /home/airflow/airflow-course/venv/lib/python3.8/site-packages/airflow/providers/sqlite/operators/sqlite.py:25 DeprecationWarning: This decorator is deprecated. 

In previous versions, all subclasses of BaseOperator must use apply_default decorator for the`default_args` feature to work properly.

In current version, it is optional. The decorator is applied automatically using the metaclass.
[2021-12-13 20:24:27,320] {scheduler_job.py:643} INFO - DAG(s) dict_keys(['user_processing']) retrieved from /home/airflow/airflow/dags/user_precessing.py
[2021-12-13 20:24:27,350] {logging_mixin.py:104} INFO - [2021-12-13 20:24:27,350] {dag.py:1832} INFO - Sync 1 DAGs
[2021-12-13 20:24:27,380] {logging_mixin.py:104} INFO - [2021-12-13 20:24:27,380] {dag.py:2305} INFO - Setting next_dagrun for user_processing to 2021-12-12 00:00:00+00:00
[2021-12-13 20:24:27,397] {scheduler_job.py:190} INFO - Processing /home/airflow/airflow/dags/user_precessing.py took 0.207 seconds
[2021-12-13 20:24:58,849] {scheduler_job.py:182} INFO - Started process (PID=2925) to work on /home/airflow/airflow/dags/user_precessing.py
[2021-12-13 20:24:58,850] {scheduler_job.py:633} INFO - Processing file /home/airflow/airflow/dags/user_precessing.py for tasks to queue
[2021-12-13 20:24:58,850] {logging_mixin.py:104} INFO - [2021-12-13 20:24:58,850] {dagbag.py:487} INFO - Filling up the DagBag from /home/airflow/airflow/dags/user_precessing.py
[2021-12-13 20:24:58,862] {logging_mixin.py:104} WARNING - /home/airflow/airflow-course/venv/lib/python3.8/site-packages/airflow/providers/sqlite/operators/sqlite.py:25 DeprecationWarning: This decorator is deprecated. 

In previous versions, all subclasses of BaseOperator must use apply_default decorator for the`default_args` feature to work properly.

In current version, it is optional. The decorator is applied automatically using the metaclass.
[2021-12-13 20:24:58,898] {scheduler_job.py:643} INFO - DAG(s) dict_keys(['user_processing']) retrieved from /home/airflow/airflow/dags/user_precessing.py
[2021-12-13 20:24:58,906] {logging_mixin.py:104} INFO - [2021-12-13 20:24:58,906] {dag.py:1832} INFO - Sync 1 DAGs
[2021-12-13 20:24:58,918] {logging_mixin.py:104} INFO - [2021-12-13 20:24:58,918] {dag.py:2305} INFO - Setting next_dagrun for user_processing to 2021-12-12 00:00:00+00:00
[2021-12-13 20:24:58,929] {scheduler_job.py:190} INFO - Processing /home/airflow/airflow/dags/user_precessing.py took 0.083 seconds
[2021-12-13 20:25:30,731] {scheduler_job.py:182} INFO - Started process (PID=2958) to work on /home/airflow/airflow/dags/user_precessing.py
[2021-12-13 20:25:30,733] {scheduler_job.py:633} INFO - Processing file /home/airflow/airflow/dags/user_precessing.py for tasks to queue
[2021-12-13 20:25:30,734] {logging_mixin.py:104} INFO - [2021-12-13 20:25:30,734] {dagbag.py:487} INFO - Filling up the DagBag from /home/airflow/airflow/dags/user_precessing.py
[2021-12-13 20:25:30,747] {logging_mixin.py:104} WARNING - /home/airflow/airflow-course/venv/lib/python3.8/site-packages/airflow/providers/sqlite/operators/sqlite.py:25 DeprecationWarning: This decorator is deprecated. 

In previous versions, all subclasses of BaseOperator must use apply_default decorator for the`default_args` feature to work properly.

In current version, it is optional. The decorator is applied automatically using the metaclass.
[2021-12-13 20:25:30,782] {scheduler_job.py:643} INFO - DAG(s) dict_keys(['user_processing']) retrieved from /home/airflow/airflow/dags/user_precessing.py
[2021-12-13 20:25:30,790] {logging_mixin.py:104} INFO - [2021-12-13 20:25:30,790] {dag.py:1832} INFO - Sync 1 DAGs
[2021-12-13 20:25:30,799] {logging_mixin.py:104} INFO - [2021-12-13 20:25:30,799] {dag.py:2305} INFO - Setting next_dagrun for user_processing to 2021-12-12 00:00:00+00:00
[2021-12-13 20:25:30,816] {scheduler_job.py:190} INFO - Processing /home/airflow/airflow/dags/user_precessing.py took 0.089 seconds
[2021-12-13 20:26:01,881] {scheduler_job.py:182} INFO - Started process (PID=2989) to work on /home/airflow/airflow/dags/user_precessing.py
[2021-12-13 20:26:01,882] {scheduler_job.py:633} INFO - Processing file /home/airflow/airflow/dags/user_precessing.py for tasks to queue
[2021-12-13 20:26:01,883] {logging_mixin.py:104} INFO - [2021-12-13 20:26:01,883] {dagbag.py:487} INFO - Filling up the DagBag from /home/airflow/airflow/dags/user_precessing.py
[2021-12-13 20:26:01,895] {logging_mixin.py:104} WARNING - /home/airflow/airflow-course/venv/lib/python3.8/site-packages/airflow/providers/sqlite/operators/sqlite.py:25 DeprecationWarning: This decorator is deprecated. 

In previous versions, all subclasses of BaseOperator must use apply_default decorator for the`default_args` feature to work properly.

In current version, it is optional. The decorator is applied automatically using the metaclass.
[2021-12-13 20:26:01,932] {scheduler_job.py:643} INFO - DAG(s) dict_keys(['user_processing']) retrieved from /home/airflow/airflow/dags/user_precessing.py
[2021-12-13 20:26:01,941] {logging_mixin.py:104} INFO - [2021-12-13 20:26:01,941] {dag.py:1832} INFO - Sync 1 DAGs
[2021-12-13 20:26:01,951] {logging_mixin.py:104} INFO - [2021-12-13 20:26:01,951] {dag.py:2305} INFO - Setting next_dagrun for user_processing to 2021-12-12 00:00:00+00:00
[2021-12-13 20:26:01,967] {scheduler_job.py:190} INFO - Processing /home/airflow/airflow/dags/user_precessing.py took 0.093 seconds
[2021-12-13 20:26:32,445] {scheduler_job.py:182} INFO - Started process (PID=3019) to work on /home/airflow/airflow/dags/user_precessing.py
[2021-12-13 20:26:32,447] {scheduler_job.py:633} INFO - Processing file /home/airflow/airflow/dags/user_precessing.py for tasks to queue
[2021-12-13 20:26:32,448] {logging_mixin.py:104} INFO - [2021-12-13 20:26:32,448] {dagbag.py:487} INFO - Filling up the DagBag from /home/airflow/airflow/dags/user_precessing.py
[2021-12-13 20:26:32,462] {logging_mixin.py:104} WARNING - /home/airflow/airflow-course/venv/lib/python3.8/site-packages/airflow/providers/sqlite/operators/sqlite.py:25 DeprecationWarning: This decorator is deprecated. 

In previous versions, all subclasses of BaseOperator must use apply_default decorator for the`default_args` feature to work properly.

In current version, it is optional. The decorator is applied automatically using the metaclass.
[2021-12-13 20:26:32,498] {scheduler_job.py:643} INFO - DAG(s) dict_keys(['user_processing']) retrieved from /home/airflow/airflow/dags/user_precessing.py
[2021-12-13 20:26:32,507] {logging_mixin.py:104} INFO - [2021-12-13 20:26:32,507] {dag.py:1832} INFO - Sync 1 DAGs
[2021-12-13 20:26:32,518] {logging_mixin.py:104} INFO - [2021-12-13 20:26:32,517] {dag.py:2305} INFO - Setting next_dagrun for user_processing to 2021-12-12 00:00:00+00:00
[2021-12-13 20:26:32,537] {scheduler_job.py:190} INFO - Processing /home/airflow/airflow/dags/user_precessing.py took 0.097 seconds
[2021-12-13 20:27:03,648] {scheduler_job.py:182} INFO - Started process (PID=3093) to work on /home/airflow/airflow/dags/user_precessing.py
[2021-12-13 20:27:03,649] {scheduler_job.py:633} INFO - Processing file /home/airflow/airflow/dags/user_precessing.py for tasks to queue
[2021-12-13 20:27:03,650] {logging_mixin.py:104} INFO - [2021-12-13 20:27:03,650] {dagbag.py:487} INFO - Filling up the DagBag from /home/airflow/airflow/dags/user_precessing.py
[2021-12-13 20:27:03,664] {logging_mixin.py:104} WARNING - /home/airflow/airflow-course/venv/lib/python3.8/site-packages/airflow/providers/sqlite/operators/sqlite.py:25 DeprecationWarning: This decorator is deprecated. 

In previous versions, all subclasses of BaseOperator must use apply_default decorator for the`default_args` feature to work properly.

In current version, it is optional. The decorator is applied automatically using the metaclass.
[2021-12-13 20:27:03,701] {scheduler_job.py:643} INFO - DAG(s) dict_keys(['user_processing']) retrieved from /home/airflow/airflow/dags/user_precessing.py
[2021-12-13 20:27:03,711] {logging_mixin.py:104} INFO - [2021-12-13 20:27:03,711] {dag.py:1832} INFO - Sync 1 DAGs
[2021-12-13 20:27:03,722] {logging_mixin.py:104} INFO - [2021-12-13 20:27:03,722] {dag.py:2305} INFO - Setting next_dagrun for user_processing to 2021-12-12 00:00:00+00:00
[2021-12-13 20:27:03,739] {scheduler_job.py:190} INFO - Processing /home/airflow/airflow/dags/user_precessing.py took 0.095 seconds
