[2021-12-21 17:27:50,608] {taskinstance.py:876} INFO - Dependencies all met for <TaskInstance: parallel_dag.task4 2021-12-20T00:00:00+00:00 [queued]>
[2021-12-21 17:27:50,612] {taskinstance.py:876} INFO - Dependencies all met for <TaskInstance: parallel_dag.task4 2021-12-20T00:00:00+00:00 [queued]>
[2021-12-21 17:27:50,612] {taskinstance.py:1067} INFO - 
--------------------------------------------------------------------------------
[2021-12-21 17:27:50,612] {taskinstance.py:1068} INFO - Starting attempt 1 of 1
[2021-12-21 17:27:50,612] {taskinstance.py:1069} INFO - 
--------------------------------------------------------------------------------
[2021-12-21 17:27:50,627] {taskinstance.py:1087} INFO - Executing <Task(BashOperator): task4> on 2021-12-20T00:00:00+00:00
[2021-12-21 17:27:50,628] {standard_task_runner.py:52} INFO - Started process 5509 to run task
[2021-12-21 17:27:50,633] {standard_task_runner.py:76} INFO - Running: ['airflow', 'tasks', 'run', 'parallel_dag', 'task4', '2021-12-20T00:00:00+00:00', '--job-id', '14', '--pool', 'default_pool', '--raw', '--subdir', 'DAGS_FOLDER/parallel_dag.py', '--cfg-path', '/tmp/tmp52on_mr3', '--error-file', '/tmp/tmpa1rjek63']
[2021-12-21 17:27:50,634] {standard_task_runner.py:77} INFO - Job 14: Subtask task4
[2021-12-21 17:27:50,701] {logging_mixin.py:104} INFO - Running <TaskInstance: parallel_dag.task4 2021-12-20T00:00:00+00:00 [running]> on host airflowvm
[2021-12-21 17:27:50,825] {taskinstance.py:1280} INFO - Exporting the following env vars:
AIRFLOW_CTX_DAG_OWNER=airflow
AIRFLOW_CTX_DAG_ID=parallel_dag
AIRFLOW_CTX_TASK_ID=task4
AIRFLOW_CTX_EXECUTION_DATE=2021-12-20T00:00:00+00:00
AIRFLOW_CTX_DAG_RUN_ID=scheduled__2021-12-20T00:00:00+00:00
[2021-12-21 17:27:50,825] {subprocess.py:52} INFO - Tmp dir root location: 
 /tmp
[2021-12-21 17:27:50,826] {subprocess.py:63} INFO - Running command: ['bash', '-c', 'sleep 3']
[2021-12-21 17:27:50,829] {subprocess.py:75} INFO - Output:
[2021-12-21 17:27:53,833] {subprocess.py:83} INFO - Command exited with return code 0
[2021-12-21 17:27:53,871] {taskinstance.py:1184} INFO - Marking task as SUCCESS. dag_id=parallel_dag, task_id=task4, execution_date=20211220T000000, start_date=20211221T172750, end_date=20211221T172753
[2021-12-21 17:27:53,898] {taskinstance.py:1245} INFO - 0 downstream tasks scheduled from follow-on schedule check
[2021-12-21 17:27:53,933] {local_task_job.py:151} INFO - Task exited with return code 0
[2021-12-21 18:13:14,792] {taskinstance.py:876} INFO - Dependencies all met for <TaskInstance: parallel_dag.task4 2021-12-20T00:00:00+00:00 [queued]>
[2021-12-21 18:13:14,830] {taskinstance.py:876} INFO - Dependencies all met for <TaskInstance: parallel_dag.task4 2021-12-20T00:00:00+00:00 [queued]>
[2021-12-21 18:13:14,830] {taskinstance.py:1067} INFO - 
--------------------------------------------------------------------------------
[2021-12-21 18:13:14,830] {taskinstance.py:1068} INFO - Starting attempt 1 of 1
[2021-12-21 18:13:14,830] {taskinstance.py:1069} INFO - 
--------------------------------------------------------------------------------
[2021-12-21 18:13:14,839] {taskinstance.py:1087} INFO - Executing <Task(BashOperator): task4> on 2021-12-20T00:00:00+00:00
[2021-12-21 18:13:14,841] {standard_task_runner.py:52} INFO - Started process 17329 to run task
[2021-12-21 18:13:14,847] {standard_task_runner.py:76} INFO - Running: ['airflow', 'tasks', 'run', 'parallel_dag', 'task4', '2021-12-20T00:00:00+00:00', '--job-id', '5', '--pool', 'default_pool', '--raw', '--subdir', 'DAGS_FOLDER/parallel_dag.py', '--cfg-path', '/tmp/tmp2ztx5mn7', '--error-file', '/tmp/tmp416im2ji']
[2021-12-21 18:13:14,848] {standard_task_runner.py:77} INFO - Job 5: Subtask task4
[2021-12-21 18:13:14,929] {logging_mixin.py:104} INFO - Running <TaskInstance: parallel_dag.task4 2021-12-20T00:00:00+00:00 [running]> on host airflowvm
[2021-12-21 18:13:15,049] {taskinstance.py:1280} INFO - Exporting the following env vars:
AIRFLOW_CTX_DAG_OWNER=airflow
AIRFLOW_CTX_DAG_ID=parallel_dag
AIRFLOW_CTX_TASK_ID=task4
AIRFLOW_CTX_EXECUTION_DATE=2021-12-20T00:00:00+00:00
AIRFLOW_CTX_DAG_RUN_ID=scheduled__2021-12-20T00:00:00+00:00
[2021-12-21 18:13:15,054] {subprocess.py:52} INFO - Tmp dir root location: 
 /tmp
[2021-12-21 18:13:15,056] {subprocess.py:63} INFO - Running command: ['bash', '-c', 'sleep 3']
[2021-12-21 18:13:15,074] {subprocess.py:75} INFO - Output:
[2021-12-21 18:13:18,080] {subprocess.py:83} INFO - Command exited with return code 0
[2021-12-21 18:13:18,157] {taskinstance.py:1184} INFO - Marking task as SUCCESS. dag_id=parallel_dag, task_id=task4, execution_date=20211220T000000, start_date=20211221T181314, end_date=20211221T181318
[2021-12-21 18:13:18,209] {taskinstance.py:1245} INFO - 0 downstream tasks scheduled from follow-on schedule check
[2021-12-21 18:13:18,249] {local_task_job.py:151} INFO - Task exited with return code 0
