[2021-12-28 18:38:22,326] {taskinstance.py:876} INFO - Dependencies all met for <TaskInstance: xcom_dag.processing_tasks.training_model_c 2021-12-27T00:00:00+00:00 [queued]>
[2021-12-28 18:38:22,353] {taskinstance.py:876} INFO - Dependencies all met for <TaskInstance: xcom_dag.processing_tasks.training_model_c 2021-12-27T00:00:00+00:00 [queued]>
[2021-12-28 18:38:22,353] {taskinstance.py:1067} INFO - 
--------------------------------------------------------------------------------
[2021-12-28 18:38:22,353] {taskinstance.py:1068} INFO - Starting attempt 2 of 2
[2021-12-28 18:38:22,354] {taskinstance.py:1069} INFO - 
--------------------------------------------------------------------------------
[2021-12-28 18:38:22,378] {taskinstance.py:1087} INFO - Executing <Task(PythonOperator): processing_tasks.training_model_c> on 2021-12-27T00:00:00+00:00
[2021-12-28 18:38:22,380] {standard_task_runner.py:52} INFO - Started process 10896 to run task
[2021-12-28 18:38:22,387] {standard_task_runner.py:76} INFO - Running: ['airflow', 'tasks', 'run', 'xcom_dag', 'processing_tasks.training_model_c', '2021-12-27T00:00:00+00:00', '--job-id', '24', '--pool', 'default_pool', '--raw', '--subdir', 'DAGS_FOLDER/xcom_dag.py', '--cfg-path', '/tmp/tmpworolbxi', '--error-file', '/tmp/tmpt7l75yid']
[2021-12-28 18:38:22,400] {standard_task_runner.py:77} INFO - Job 24: Subtask processing_tasks.training_model_c
[2021-12-28 18:38:22,561] {logging_mixin.py:104} INFO - Running <TaskInstance: xcom_dag.processing_tasks.training_model_c 2021-12-27T00:00:00+00:00 [running]> on host airflowvm
[2021-12-28 18:38:22,825] {taskinstance.py:1280} INFO - Exporting the following env vars:
AIRFLOW_CTX_DAG_OWNER=airflow
AIRFLOW_CTX_DAG_ID=xcom_dag
AIRFLOW_CTX_TASK_ID=processing_tasks.training_model_c
AIRFLOW_CTX_EXECUTION_DATE=2021-12-27T00:00:00+00:00
AIRFLOW_CTX_DAG_RUN_ID=scheduled__2021-12-27T00:00:00+00:00
[2021-12-28 18:38:22,826] {logging_mixin.py:104} INFO - model's accuracy: 2.4075062489925134
[2021-12-28 18:38:22,891] {python.py:151} INFO - Done. Returned value was: None
[2021-12-28 18:38:22,936] {taskinstance.py:1184} INFO - Marking task as SUCCESS. dag_id=xcom_dag, task_id=processing_tasks.training_model_c, execution_date=20211227T000000, start_date=20211228T183822, end_date=20211228T183822
[2021-12-28 18:38:23,076] {taskinstance.py:1245} INFO - 0 downstream tasks scheduled from follow-on schedule check
[2021-12-28 18:38:23,122] {local_task_job.py:151} INFO - Task exited with return code 0
