[2021-12-28 18:32:41,736] {taskinstance.py:876} INFO - Dependencies all met for <TaskInstance: xcom_dag.processing_tasks.training_model_b 2021-12-27T00:00:00+00:00 [queued]>
[2021-12-28 18:32:41,766] {taskinstance.py:876} INFO - Dependencies all met for <TaskInstance: xcom_dag.processing_tasks.training_model_b 2021-12-27T00:00:00+00:00 [queued]>
[2021-12-28 18:32:41,766] {taskinstance.py:1067} INFO - 
--------------------------------------------------------------------------------
[2021-12-28 18:32:41,767] {taskinstance.py:1068} INFO - Starting attempt 1 of 1
[2021-12-28 18:32:41,767] {taskinstance.py:1069} INFO - 
--------------------------------------------------------------------------------
[2021-12-28 18:32:41,815] {taskinstance.py:1087} INFO - Executing <Task(PythonOperator): processing_tasks.training_model_b> on 2021-12-27T00:00:00+00:00
[2021-12-28 18:32:41,816] {standard_task_runner.py:52} INFO - Started process 9374 to run task
[2021-12-28 18:32:41,868] {standard_task_runner.py:76} INFO - Running: ['airflow', 'tasks', 'run', 'xcom_dag', 'processing_tasks.training_model_b', '2021-12-27T00:00:00+00:00', '--job-id', '19', '--pool', 'default_pool', '--raw', '--subdir', 'DAGS_FOLDER/xcom_dag.py', '--cfg-path', '/tmp/tmply6hve6_', '--error-file', '/tmp/tmpqpo43btf']
[2021-12-28 18:32:41,883] {standard_task_runner.py:77} INFO - Job 19: Subtask processing_tasks.training_model_b
[2021-12-28 18:32:42,254] {logging_mixin.py:104} INFO - Running <TaskInstance: xcom_dag.processing_tasks.training_model_b 2021-12-27T00:00:00+00:00 [running]> on host airflowvm
[2021-12-28 18:32:42,550] {taskinstance.py:1280} INFO - Exporting the following env vars:
AIRFLOW_CTX_DAG_OWNER=airflow
AIRFLOW_CTX_DAG_ID=xcom_dag
AIRFLOW_CTX_TASK_ID=processing_tasks.training_model_b
AIRFLOW_CTX_EXECUTION_DATE=2021-12-27T00:00:00+00:00
AIRFLOW_CTX_DAG_RUN_ID=scheduled__2021-12-27T00:00:00+00:00
[2021-12-28 18:32:42,550] {logging_mixin.py:104} INFO - model's accuracy: 2.471794810007563
[2021-12-28 18:32:42,550] {python.py:151} INFO - Done. Returned value was: 2.471794810007563
[2021-12-28 18:32:42,623] {taskinstance.py:1184} INFO - Marking task as SUCCESS. dag_id=xcom_dag, task_id=processing_tasks.training_model_b, execution_date=20211227T000000, start_date=20211228T183241, end_date=20211228T183242
[2021-12-28 18:32:42,683] {taskinstance.py:1245} INFO - 1 downstream tasks scheduled from follow-on schedule check
[2021-12-28 18:32:42,704] {local_task_job.py:151} INFO - Task exited with return code 0
