[2021-12-28 18:38:22,331] {taskinstance.py:876} INFO - Dependencies all met for <TaskInstance: xcom_dag.processing_tasks.training_model_a 2021-12-27T00:00:00+00:00 [queued]>
[2021-12-28 18:38:22,361] {taskinstance.py:876} INFO - Dependencies all met for <TaskInstance: xcom_dag.processing_tasks.training_model_a 2021-12-27T00:00:00+00:00 [queued]>
[2021-12-28 18:38:22,363] {taskinstance.py:1067} INFO - 
--------------------------------------------------------------------------------
[2021-12-28 18:38:22,363] {taskinstance.py:1068} INFO - Starting attempt 2 of 2
[2021-12-28 18:38:22,363] {taskinstance.py:1069} INFO - 
--------------------------------------------------------------------------------
[2021-12-28 18:38:22,411] {taskinstance.py:1087} INFO - Executing <Task(PythonOperator): processing_tasks.training_model_a> on 2021-12-27T00:00:00+00:00
[2021-12-28 18:38:22,415] {standard_task_runner.py:52} INFO - Started process 10899 to run task
[2021-12-28 18:38:22,429] {standard_task_runner.py:76} INFO - Running: ['airflow', 'tasks', 'run', 'xcom_dag', 'processing_tasks.training_model_a', '2021-12-27T00:00:00+00:00', '--job-id', '25', '--pool', 'default_pool', '--raw', '--subdir', 'DAGS_FOLDER/xcom_dag.py', '--cfg-path', '/tmp/tmpye4divwr', '--error-file', '/tmp/tmpcjcpudtg']
[2021-12-28 18:38:22,442] {standard_task_runner.py:77} INFO - Job 25: Subtask processing_tasks.training_model_a
[2021-12-28 18:38:22,596] {logging_mixin.py:104} INFO - Running <TaskInstance: xcom_dag.processing_tasks.training_model_a 2021-12-27T00:00:00+00:00 [running]> on host airflowvm
[2021-12-28 18:38:22,842] {taskinstance.py:1280} INFO - Exporting the following env vars:
AIRFLOW_CTX_DAG_OWNER=airflow
AIRFLOW_CTX_DAG_ID=xcom_dag
AIRFLOW_CTX_TASK_ID=processing_tasks.training_model_a
AIRFLOW_CTX_EXECUTION_DATE=2021-12-27T00:00:00+00:00
AIRFLOW_CTX_DAG_RUN_ID=scheduled__2021-12-27T00:00:00+00:00
[2021-12-28 18:38:22,843] {logging_mixin.py:104} INFO - model's accuracy: 8.25497527746684
[2021-12-28 18:38:22,894] {python.py:151} INFO - Done. Returned value was: None
[2021-12-28 18:38:22,953] {taskinstance.py:1184} INFO - Marking task as SUCCESS. dag_id=xcom_dag, task_id=processing_tasks.training_model_a, execution_date=20211227T000000, start_date=20211228T183822, end_date=20211228T183822
[2021-12-28 18:38:23,084] {taskinstance.py:1245} INFO - 0 downstream tasks scheduled from follow-on schedule check
[2021-12-28 18:38:23,120] {local_task_job.py:151} INFO - Task exited with return code 0
