[2021-12-28 18:49:01,138] {taskinstance.py:876} INFO - Dependencies all met for <TaskInstance: xcom_dag.downloading_data 2021-12-28T18:48:26.022580+00:00 [queued]>
[2021-12-28 18:49:01,148] {taskinstance.py:876} INFO - Dependencies all met for <TaskInstance: xcom_dag.downloading_data 2021-12-28T18:48:26.022580+00:00 [queued]>
[2021-12-28 18:49:01,148] {taskinstance.py:1067} INFO - 
--------------------------------------------------------------------------------
[2021-12-28 18:49:01,148] {taskinstance.py:1068} INFO - Starting attempt 1 of 1
[2021-12-28 18:49:01,148] {taskinstance.py:1069} INFO - 
--------------------------------------------------------------------------------
[2021-12-28 18:49:01,168] {taskinstance.py:1087} INFO - Executing <Task(BashOperator): downloading_data> on 2021-12-28T18:48:26.022580+00:00
[2021-12-28 18:49:01,170] {standard_task_runner.py:52} INFO - Started process 12905 to run task
[2021-12-28 18:49:01,175] {standard_task_runner.py:76} INFO - Running: ['airflow', 'tasks', 'run', 'xcom_dag', 'downloading_data', '2021-12-28T18:48:26.022580+00:00', '--job-id', '27', '--pool', 'default_pool', '--raw', '--subdir', 'DAGS_FOLDER/xcom_dag.py', '--cfg-path', '/tmp/tmpp5d_rr5q', '--error-file', '/tmp/tmpfscj9jg1']
[2021-12-28 18:49:01,176] {standard_task_runner.py:77} INFO - Job 27: Subtask downloading_data
[2021-12-28 18:49:01,245] {logging_mixin.py:104} INFO - Running <TaskInstance: xcom_dag.downloading_data 2021-12-28T18:48:26.022580+00:00 [running]> on host airflowvm
[2021-12-28 18:49:01,362] {taskinstance.py:1280} INFO - Exporting the following env vars:
AIRFLOW_CTX_DAG_OWNER=airflow
AIRFLOW_CTX_DAG_ID=xcom_dag
AIRFLOW_CTX_TASK_ID=downloading_data
AIRFLOW_CTX_EXECUTION_DATE=2021-12-28T18:48:26.022580+00:00
AIRFLOW_CTX_DAG_RUN_ID=manual__2021-12-28T18:48:26.022580+00:00
[2021-12-28 18:49:01,363] {subprocess.py:52} INFO - Tmp dir root location: 
 /tmp
[2021-12-28 18:49:01,363] {subprocess.py:63} INFO - Running command: ['bash', '-c', 'sleep 3']
[2021-12-28 18:49:01,369] {subprocess.py:75} INFO - Output:
[2021-12-28 18:49:04,374] {subprocess.py:83} INFO - Command exited with return code 0
[2021-12-28 18:49:04,417] {taskinstance.py:1184} INFO - Marking task as SUCCESS. dag_id=xcom_dag, task_id=downloading_data, execution_date=20211228T184826, start_date=20211228T184901, end_date=20211228T184904
[2021-12-28 18:49:04,454] {taskinstance.py:1245} INFO - 3 downstream tasks scheduled from follow-on schedule check
[2021-12-28 18:49:04,488] {local_task_job.py:151} INFO - Task exited with return code 0
