[2021-12-28 18:38:24,047] {taskinstance.py:876} INFO - Dependencies all met for <TaskInstance: xcom_dag.choose_best_model 2021-12-27T00:00:00+00:00 [queued]>
[2021-12-28 18:38:24,068] {taskinstance.py:876} INFO - Dependencies all met for <TaskInstance: xcom_dag.choose_best_model 2021-12-27T00:00:00+00:00 [queued]>
[2021-12-28 18:38:24,069] {taskinstance.py:1067} INFO - 
--------------------------------------------------------------------------------
[2021-12-28 18:38:24,069] {taskinstance.py:1068} INFO - Starting attempt 2 of 2
[2021-12-28 18:38:24,070] {taskinstance.py:1069} INFO - 
--------------------------------------------------------------------------------
[2021-12-28 18:38:24,101] {taskinstance.py:1087} INFO - Executing <Task(PythonOperator): choose_best_model> on 2021-12-27T00:00:00+00:00
[2021-12-28 18:38:24,103] {standard_task_runner.py:52} INFO - Started process 10998 to run task
[2021-12-28 18:38:24,113] {standard_task_runner.py:76} INFO - Running: ['airflow', 'tasks', 'run', 'xcom_dag', 'choose_best_model', '2021-12-27T00:00:00+00:00', '--job-id', '26', '--pool', 'default_pool', '--raw', '--subdir', 'DAGS_FOLDER/xcom_dag.py', '--cfg-path', '/tmp/tmpl7j1_cti', '--error-file', '/tmp/tmpkheq4o04']
[2021-12-28 18:38:24,114] {standard_task_runner.py:77} INFO - Job 26: Subtask choose_best_model
[2021-12-28 18:38:24,202] {logging_mixin.py:104} INFO - Running <TaskInstance: xcom_dag.choose_best_model 2021-12-27T00:00:00+00:00 [running]> on host airflowvm
[2021-12-28 18:38:24,304] {taskinstance.py:1280} INFO - Exporting the following env vars:
AIRFLOW_CTX_DAG_OWNER=airflow
AIRFLOW_CTX_DAG_ID=xcom_dag
AIRFLOW_CTX_TASK_ID=choose_best_model
AIRFLOW_CTX_EXECUTION_DATE=2021-12-27T00:00:00+00:00
AIRFLOW_CTX_DAG_RUN_ID=scheduled__2021-12-27T00:00:00+00:00
[2021-12-28 18:38:24,305] {logging_mixin.py:104} INFO - choose best model
[2021-12-28 18:38:24,305] {python.py:151} INFO - Done. Returned value was: None
[2021-12-28 18:38:24,317] {taskinstance.py:1184} INFO - Marking task as SUCCESS. dag_id=xcom_dag, task_id=choose_best_model, execution_date=20211227T000000, start_date=20211228T183824, end_date=20211228T183824
[2021-12-28 18:38:24,342] {taskinstance.py:1245} INFO - 0 downstream tasks scheduled from follow-on schedule check
[2021-12-28 18:38:24,370] {local_task_job.py:151} INFO - Task exited with return code 0
