[2021-12-27 20:39:53,462] {scheduler_job.py:182} INFO - Started process (PID=2955) to work on /home/airflow/airflow-course/venv/lib/python3.8/site-packages/airflow/example_dags/example_branch_labels.py
[2021-12-27 20:39:53,464] {scheduler_job.py:633} INFO - Processing file /home/airflow/airflow-course/venv/lib/python3.8/site-packages/airflow/example_dags/example_branch_labels.py for tasks to queue
[2021-12-27 20:39:53,464] {logging_mixin.py:104} INFO - [2021-12-27 20:39:53,464] {dagbag.py:487} INFO - Filling up the DagBag from /home/airflow/airflow-course/venv/lib/python3.8/site-packages/airflow/example_dags/example_branch_labels.py
[2021-12-27 20:39:53,485] {scheduler_job.py:643} INFO - DAG(s) dict_keys(['example_branch_labels']) retrieved from /home/airflow/airflow-course/venv/lib/python3.8/site-packages/airflow/example_dags/example_branch_labels.py
[2021-12-27 20:39:54,112] {logging_mixin.py:104} INFO - [2021-12-27 20:39:54,112] {dag.py:1832} INFO - Sync 1 DAGs
[2021-12-27 20:39:54,139] {logging_mixin.py:104} INFO - [2021-12-27 20:39:54,139] {dag.py:2305} INFO - Setting next_dagrun for example_branch_labels to 2021-12-25 00:00:00+00:00
[2021-12-27 20:39:54,168] {scheduler_job.py:190} INFO - Processing /home/airflow/airflow-course/venv/lib/python3.8/site-packages/airflow/example_dags/example_branch_labels.py took 0.721 seconds
[2021-12-27 20:40:24,784] {scheduler_job.py:182} INFO - Started process (PID=3290) to work on /home/airflow/airflow-course/venv/lib/python3.8/site-packages/airflow/example_dags/example_branch_labels.py
[2021-12-27 20:40:24,794] {scheduler_job.py:633} INFO - Processing file /home/airflow/airflow-course/venv/lib/python3.8/site-packages/airflow/example_dags/example_branch_labels.py for tasks to queue
[2021-12-27 20:40:24,796] {logging_mixin.py:104} INFO - [2021-12-27 20:40:24,796] {dagbag.py:487} INFO - Filling up the DagBag from /home/airflow/airflow-course/venv/lib/python3.8/site-packages/airflow/example_dags/example_branch_labels.py
[2021-12-27 20:40:24,821] {scheduler_job.py:643} INFO - DAG(s) dict_keys(['example_branch_labels']) retrieved from /home/airflow/airflow-course/venv/lib/python3.8/site-packages/airflow/example_dags/example_branch_labels.py
[2021-12-27 20:40:24,873] {logging_mixin.py:104} INFO - [2021-12-27 20:40:24,873] {dag.py:1832} INFO - Sync 1 DAGs
[2021-12-27 20:40:24,909] {logging_mixin.py:104} INFO - [2021-12-27 20:40:24,909] {dag.py:2305} INFO - Setting next_dagrun for example_branch_labels to 2021-12-25 00:00:00+00:00
[2021-12-27 20:40:24,925] {scheduler_job.py:190} INFO - Processing /home/airflow/airflow-course/venv/lib/python3.8/site-packages/airflow/example_dags/example_branch_labels.py took 0.145 seconds
[2021-12-27 20:40:55,765] {scheduler_job.py:182} INFO - Started process (PID=3625) to work on /home/airflow/airflow-course/venv/lib/python3.8/site-packages/airflow/example_dags/example_branch_labels.py
[2021-12-27 20:40:55,775] {scheduler_job.py:633} INFO - Processing file /home/airflow/airflow-course/venv/lib/python3.8/site-packages/airflow/example_dags/example_branch_labels.py for tasks to queue
[2021-12-27 20:40:55,776] {logging_mixin.py:104} INFO - [2021-12-27 20:40:55,776] {dagbag.py:487} INFO - Filling up the DagBag from /home/airflow/airflow-course/venv/lib/python3.8/site-packages/airflow/example_dags/example_branch_labels.py
[2021-12-27 20:40:55,799] {scheduler_job.py:643} INFO - DAG(s) dict_keys(['example_branch_labels']) retrieved from /home/airflow/airflow-course/venv/lib/python3.8/site-packages/airflow/example_dags/example_branch_labels.py
[2021-12-27 20:40:55,854] {logging_mixin.py:104} INFO - [2021-12-27 20:40:55,854] {dag.py:1832} INFO - Sync 1 DAGs
[2021-12-27 20:40:55,876] {logging_mixin.py:104} INFO - [2021-12-27 20:40:55,876] {dag.py:2305} INFO - Setting next_dagrun for example_branch_labels to 2021-12-25 00:00:00+00:00
[2021-12-27 20:40:55,897] {scheduler_job.py:190} INFO - Processing /home/airflow/airflow-course/venv/lib/python3.8/site-packages/airflow/example_dags/example_branch_labels.py took 0.137 seconds
[2021-12-27 20:41:26,702] {scheduler_job.py:182} INFO - Started process (PID=3825) to work on /home/airflow/airflow-course/venv/lib/python3.8/site-packages/airflow/example_dags/example_branch_labels.py
[2021-12-27 20:41:26,711] {scheduler_job.py:633} INFO - Processing file /home/airflow/airflow-course/venv/lib/python3.8/site-packages/airflow/example_dags/example_branch_labels.py for tasks to queue
[2021-12-27 20:41:26,713] {logging_mixin.py:104} INFO - [2021-12-27 20:41:26,713] {dagbag.py:487} INFO - Filling up the DagBag from /home/airflow/airflow-course/venv/lib/python3.8/site-packages/airflow/example_dags/example_branch_labels.py
[2021-12-27 20:41:26,744] {scheduler_job.py:643} INFO - DAG(s) dict_keys(['example_branch_labels']) retrieved from /home/airflow/airflow-course/venv/lib/python3.8/site-packages/airflow/example_dags/example_branch_labels.py
[2021-12-27 20:41:26,824] {logging_mixin.py:104} INFO - [2021-12-27 20:41:26,824] {dag.py:1832} INFO - Sync 1 DAGs
[2021-12-27 20:41:26,852] {logging_mixin.py:104} INFO - [2021-12-27 20:41:26,852] {dag.py:2305} INFO - Setting next_dagrun for example_branch_labels to 2021-12-25 00:00:00+00:00
[2021-12-27 20:41:26,882] {scheduler_job.py:190} INFO - Processing /home/airflow/airflow-course/venv/lib/python3.8/site-packages/airflow/example_dags/example_branch_labels.py took 0.184 seconds
[2021-12-27 20:41:57,156] {scheduler_job.py:182} INFO - Started process (PID=4024) to work on /home/airflow/airflow-course/venv/lib/python3.8/site-packages/airflow/example_dags/example_branch_labels.py
[2021-12-27 20:41:57,165] {scheduler_job.py:633} INFO - Processing file /home/airflow/airflow-course/venv/lib/python3.8/site-packages/airflow/example_dags/example_branch_labels.py for tasks to queue
[2021-12-27 20:41:57,166] {logging_mixin.py:104} INFO - [2021-12-27 20:41:57,166] {dagbag.py:487} INFO - Filling up the DagBag from /home/airflow/airflow-course/venv/lib/python3.8/site-packages/airflow/example_dags/example_branch_labels.py
[2021-12-27 20:41:57,190] {scheduler_job.py:643} INFO - DAG(s) dict_keys(['example_branch_labels']) retrieved from /home/airflow/airflow-course/venv/lib/python3.8/site-packages/airflow/example_dags/example_branch_labels.py
[2021-12-27 20:41:57,241] {logging_mixin.py:104} INFO - [2021-12-27 20:41:57,241] {dag.py:1832} INFO - Sync 1 DAGs
[2021-12-27 20:41:57,290] {logging_mixin.py:104} INFO - [2021-12-27 20:41:57,290] {dag.py:2305} INFO - Setting next_dagrun for example_branch_labels to 2021-12-25 00:00:00+00:00
[2021-12-27 20:41:57,324] {scheduler_job.py:190} INFO - Processing /home/airflow/airflow-course/venv/lib/python3.8/site-packages/airflow/example_dags/example_branch_labels.py took 0.171 seconds
[2021-12-27 20:42:27,532] {scheduler_job.py:182} INFO - Started process (PID=4222) to work on /home/airflow/airflow-course/venv/lib/python3.8/site-packages/airflow/example_dags/example_branch_labels.py
[2021-12-27 20:42:27,534] {scheduler_job.py:633} INFO - Processing file /home/airflow/airflow-course/venv/lib/python3.8/site-packages/airflow/example_dags/example_branch_labels.py for tasks to queue
[2021-12-27 20:42:27,545] {logging_mixin.py:104} INFO - [2021-12-27 20:42:27,545] {dagbag.py:487} INFO - Filling up the DagBag from /home/airflow/airflow-course/venv/lib/python3.8/site-packages/airflow/example_dags/example_branch_labels.py
[2021-12-27 20:42:27,572] {scheduler_job.py:643} INFO - DAG(s) dict_keys(['example_branch_labels']) retrieved from /home/airflow/airflow-course/venv/lib/python3.8/site-packages/airflow/example_dags/example_branch_labels.py
[2021-12-27 20:42:27,632] {logging_mixin.py:104} INFO - [2021-12-27 20:42:27,632] {dag.py:1832} INFO - Sync 1 DAGs
[2021-12-27 20:42:27,670] {logging_mixin.py:104} INFO - [2021-12-27 20:42:27,670] {dag.py:2305} INFO - Setting next_dagrun for example_branch_labels to 2021-12-25 00:00:00+00:00
[2021-12-27 20:42:27,697] {scheduler_job.py:190} INFO - Processing /home/airflow/airflow-course/venv/lib/python3.8/site-packages/airflow/example_dags/example_branch_labels.py took 0.169 seconds
[2021-12-27 20:42:58,033] {scheduler_job.py:182} INFO - Started process (PID=4418) to work on /home/airflow/airflow-course/venv/lib/python3.8/site-packages/airflow/example_dags/example_branch_labels.py
[2021-12-27 20:42:58,047] {scheduler_job.py:633} INFO - Processing file /home/airflow/airflow-course/venv/lib/python3.8/site-packages/airflow/example_dags/example_branch_labels.py for tasks to queue
[2021-12-27 20:42:58,048] {logging_mixin.py:104} INFO - [2021-12-27 20:42:58,048] {dagbag.py:487} INFO - Filling up the DagBag from /home/airflow/airflow-course/venv/lib/python3.8/site-packages/airflow/example_dags/example_branch_labels.py
[2021-12-27 20:42:58,063] {scheduler_job.py:643} INFO - DAG(s) dict_keys(['example_branch_labels']) retrieved from /home/airflow/airflow-course/venv/lib/python3.8/site-packages/airflow/example_dags/example_branch_labels.py
[2021-12-27 20:42:58,098] {logging_mixin.py:104} INFO - [2021-12-27 20:42:58,098] {dag.py:1832} INFO - Sync 1 DAGs
[2021-12-27 20:42:58,117] {logging_mixin.py:104} INFO - [2021-12-27 20:42:58,117] {dag.py:2305} INFO - Setting next_dagrun for example_branch_labels to 2021-12-25 00:00:00+00:00
[2021-12-27 20:42:58,130] {scheduler_job.py:190} INFO - Processing /home/airflow/airflow-course/venv/lib/python3.8/site-packages/airflow/example_dags/example_branch_labels.py took 0.101 seconds
[2021-12-27 20:43:28,678] {scheduler_job.py:182} INFO - Started process (PID=4617) to work on /home/airflow/airflow-course/venv/lib/python3.8/site-packages/airflow/example_dags/example_branch_labels.py
[2021-12-27 20:43:28,691] {scheduler_job.py:633} INFO - Processing file /home/airflow/airflow-course/venv/lib/python3.8/site-packages/airflow/example_dags/example_branch_labels.py for tasks to queue
[2021-12-27 20:43:28,691] {logging_mixin.py:104} INFO - [2021-12-27 20:43:28,691] {dagbag.py:487} INFO - Filling up the DagBag from /home/airflow/airflow-course/venv/lib/python3.8/site-packages/airflow/example_dags/example_branch_labels.py
[2021-12-27 20:43:28,718] {scheduler_job.py:643} INFO - DAG(s) dict_keys(['example_branch_labels']) retrieved from /home/airflow/airflow-course/venv/lib/python3.8/site-packages/airflow/example_dags/example_branch_labels.py
[2021-12-27 20:43:28,788] {logging_mixin.py:104} INFO - [2021-12-27 20:43:28,787] {dag.py:1832} INFO - Sync 1 DAGs
[2021-12-27 20:43:28,821] {logging_mixin.py:104} INFO - [2021-12-27 20:43:28,821] {dag.py:2305} INFO - Setting next_dagrun for example_branch_labels to 2021-12-25 00:00:00+00:00
[2021-12-27 20:43:28,849] {scheduler_job.py:190} INFO - Processing /home/airflow/airflow-course/venv/lib/python3.8/site-packages/airflow/example_dags/example_branch_labels.py took 0.176 seconds
[2021-12-27 20:43:59,323] {scheduler_job.py:182} INFO - Started process (PID=4816) to work on /home/airflow/airflow-course/venv/lib/python3.8/site-packages/airflow/example_dags/example_branch_labels.py
[2021-12-27 20:43:59,335] {scheduler_job.py:633} INFO - Processing file /home/airflow/airflow-course/venv/lib/python3.8/site-packages/airflow/example_dags/example_branch_labels.py for tasks to queue
[2021-12-27 20:43:59,336] {logging_mixin.py:104} INFO - [2021-12-27 20:43:59,336] {dagbag.py:487} INFO - Filling up the DagBag from /home/airflow/airflow-course/venv/lib/python3.8/site-packages/airflow/example_dags/example_branch_labels.py
[2021-12-27 20:43:59,364] {scheduler_job.py:643} INFO - DAG(s) dict_keys(['example_branch_labels']) retrieved from /home/airflow/airflow-course/venv/lib/python3.8/site-packages/airflow/example_dags/example_branch_labels.py
[2021-12-27 20:43:59,448] {logging_mixin.py:104} INFO - [2021-12-27 20:43:59,448] {dag.py:1832} INFO - Sync 1 DAGs
[2021-12-27 20:43:59,487] {logging_mixin.py:104} INFO - [2021-12-27 20:43:59,487] {dag.py:2305} INFO - Setting next_dagrun for example_branch_labels to 2021-12-25 00:00:00+00:00
[2021-12-27 20:43:59,515] {scheduler_job.py:190} INFO - Processing /home/airflow/airflow-course/venv/lib/python3.8/site-packages/airflow/example_dags/example_branch_labels.py took 0.207 seconds
[2021-12-27 20:44:30,327] {scheduler_job.py:182} INFO - Started process (PID=5018) to work on /home/airflow/airflow-course/venv/lib/python3.8/site-packages/airflow/example_dags/example_branch_labels.py
[2021-12-27 20:44:30,340] {scheduler_job.py:633} INFO - Processing file /home/airflow/airflow-course/venv/lib/python3.8/site-packages/airflow/example_dags/example_branch_labels.py for tasks to queue
[2021-12-27 20:44:30,341] {logging_mixin.py:104} INFO - [2021-12-27 20:44:30,341] {dagbag.py:487} INFO - Filling up the DagBag from /home/airflow/airflow-course/venv/lib/python3.8/site-packages/airflow/example_dags/example_branch_labels.py
[2021-12-27 20:44:30,385] {scheduler_job.py:643} INFO - DAG(s) dict_keys(['example_branch_labels']) retrieved from /home/airflow/airflow-course/venv/lib/python3.8/site-packages/airflow/example_dags/example_branch_labels.py
[2021-12-27 20:44:30,450] {logging_mixin.py:104} INFO - [2021-12-27 20:44:30,450] {dag.py:1832} INFO - Sync 1 DAGs
[2021-12-27 20:44:30,494] {logging_mixin.py:104} INFO - [2021-12-27 20:44:30,494] {dag.py:2305} INFO - Setting next_dagrun for example_branch_labels to 2021-12-25 00:00:00+00:00
[2021-12-27 20:44:30,524] {scheduler_job.py:190} INFO - Processing /home/airflow/airflow-course/venv/lib/python3.8/site-packages/airflow/example_dags/example_branch_labels.py took 0.210 seconds
[2021-12-27 20:45:01,534] {scheduler_job.py:182} INFO - Started process (PID=5456) to work on /home/airflow/airflow-course/venv/lib/python3.8/site-packages/airflow/example_dags/example_branch_labels.py
[2021-12-27 20:45:01,536] {scheduler_job.py:633} INFO - Processing file /home/airflow/airflow-course/venv/lib/python3.8/site-packages/airflow/example_dags/example_branch_labels.py for tasks to queue
[2021-12-27 20:45:01,550] {logging_mixin.py:104} INFO - [2021-12-27 20:45:01,550] {dagbag.py:487} INFO - Filling up the DagBag from /home/airflow/airflow-course/venv/lib/python3.8/site-packages/airflow/example_dags/example_branch_labels.py
[2021-12-27 20:45:01,563] {scheduler_job.py:643} INFO - DAG(s) dict_keys(['example_branch_labels']) retrieved from /home/airflow/airflow-course/venv/lib/python3.8/site-packages/airflow/example_dags/example_branch_labels.py
[2021-12-27 20:45:01,620] {logging_mixin.py:104} INFO - [2021-12-27 20:45:01,620] {dag.py:1832} INFO - Sync 1 DAGs
[2021-12-27 20:45:01,777] {logging_mixin.py:104} INFO - [2021-12-27 20:45:01,777] {dag.py:2305} INFO - Setting next_dagrun for example_branch_labels to 2021-12-25 00:00:00+00:00
[2021-12-27 20:45:01,800] {scheduler_job.py:190} INFO - Processing /home/airflow/airflow-course/venv/lib/python3.8/site-packages/airflow/example_dags/example_branch_labels.py took 0.269 seconds
[2021-12-27 20:45:33,542] {scheduler_job.py:182} INFO - Started process (PID=5656) to work on /home/airflow/airflow-course/venv/lib/python3.8/site-packages/airflow/example_dags/example_branch_labels.py
[2021-12-27 20:45:33,554] {scheduler_job.py:633} INFO - Processing file /home/airflow/airflow-course/venv/lib/python3.8/site-packages/airflow/example_dags/example_branch_labels.py for tasks to queue
[2021-12-27 20:45:33,555] {logging_mixin.py:104} INFO - [2021-12-27 20:45:33,555] {dagbag.py:487} INFO - Filling up the DagBag from /home/airflow/airflow-course/venv/lib/python3.8/site-packages/airflow/example_dags/example_branch_labels.py
[2021-12-27 20:45:33,580] {scheduler_job.py:643} INFO - DAG(s) dict_keys(['example_branch_labels']) retrieved from /home/airflow/airflow-course/venv/lib/python3.8/site-packages/airflow/example_dags/example_branch_labels.py
[2021-12-27 20:45:33,635] {logging_mixin.py:104} INFO - [2021-12-27 20:45:33,635] {dag.py:1832} INFO - Sync 1 DAGs
[2021-12-27 20:45:33,804] {logging_mixin.py:104} INFO - [2021-12-27 20:45:33,804] {dag.py:2305} INFO - Setting next_dagrun for example_branch_labels to 2021-12-25 00:00:00+00:00
[2021-12-27 20:45:33,828] {scheduler_job.py:190} INFO - Processing /home/airflow/airflow-course/venv/lib/python3.8/site-packages/airflow/example_dags/example_branch_labels.py took 0.290 seconds
[2021-12-27 20:46:04,628] {scheduler_job.py:182} INFO - Started process (PID=5856) to work on /home/airflow/airflow-course/venv/lib/python3.8/site-packages/airflow/example_dags/example_branch_labels.py
[2021-12-27 20:46:04,629] {scheduler_job.py:633} INFO - Processing file /home/airflow/airflow-course/venv/lib/python3.8/site-packages/airflow/example_dags/example_branch_labels.py for tasks to queue
[2021-12-27 20:46:04,630] {logging_mixin.py:104} INFO - [2021-12-27 20:46:04,630] {dagbag.py:487} INFO - Filling up the DagBag from /home/airflow/airflow-course/venv/lib/python3.8/site-packages/airflow/example_dags/example_branch_labels.py
[2021-12-27 20:46:04,651] {scheduler_job.py:643} INFO - DAG(s) dict_keys(['example_branch_labels']) retrieved from /home/airflow/airflow-course/venv/lib/python3.8/site-packages/airflow/example_dags/example_branch_labels.py
[2021-12-27 20:46:04,713] {logging_mixin.py:104} INFO - [2021-12-27 20:46:04,713] {dag.py:1832} INFO - Sync 1 DAGs
[2021-12-27 20:46:04,875] {logging_mixin.py:104} INFO - [2021-12-27 20:46:04,874] {dag.py:2305} INFO - Setting next_dagrun for example_branch_labels to 2021-12-25 00:00:00+00:00
[2021-12-27 20:46:04,894] {scheduler_job.py:190} INFO - Processing /home/airflow/airflow-course/venv/lib/python3.8/site-packages/airflow/example_dags/example_branch_labels.py took 0.269 seconds
[2021-12-27 20:46:35,799] {scheduler_job.py:182} INFO - Started process (PID=6056) to work on /home/airflow/airflow-course/venv/lib/python3.8/site-packages/airflow/example_dags/example_branch_labels.py
[2021-12-27 20:46:35,803] {scheduler_job.py:633} INFO - Processing file /home/airflow/airflow-course/venv/lib/python3.8/site-packages/airflow/example_dags/example_branch_labels.py for tasks to queue
[2021-12-27 20:46:35,806] {logging_mixin.py:104} INFO - [2021-12-27 20:46:35,806] {dagbag.py:487} INFO - Filling up the DagBag from /home/airflow/airflow-course/venv/lib/python3.8/site-packages/airflow/example_dags/example_branch_labels.py
[2021-12-27 20:46:35,831] {scheduler_job.py:643} INFO - DAG(s) dict_keys(['example_branch_labels']) retrieved from /home/airflow/airflow-course/venv/lib/python3.8/site-packages/airflow/example_dags/example_branch_labels.py
[2021-12-27 20:46:35,918] {logging_mixin.py:104} INFO - [2021-12-27 20:46:35,918] {dag.py:1832} INFO - Sync 1 DAGs
[2021-12-27 20:46:36,082] {logging_mixin.py:104} INFO - [2021-12-27 20:46:36,082] {dag.py:2305} INFO - Setting next_dagrun for example_branch_labels to 2021-12-25 00:00:00+00:00
[2021-12-27 20:46:36,112] {scheduler_job.py:190} INFO - Processing /home/airflow/airflow-course/venv/lib/python3.8/site-packages/airflow/example_dags/example_branch_labels.py took 0.315 seconds
