[2021-12-27 20:39:49,470] {scheduler_job.py:182} INFO - Started process (PID=2791) to work on /home/airflow/airflow-course/venv/lib/python3.8/site-packages/airflow/example_dags/example_branch_datetime_operator.py
[2021-12-27 20:39:49,471] {scheduler_job.py:633} INFO - Processing file /home/airflow/airflow-course/venv/lib/python3.8/site-packages/airflow/example_dags/example_branch_datetime_operator.py for tasks to queue
[2021-12-27 20:39:49,471] {logging_mixin.py:104} INFO - [2021-12-27 20:39:49,471] {dagbag.py:487} INFO - Filling up the DagBag from /home/airflow/airflow-course/venv/lib/python3.8/site-packages/airflow/example_dags/example_branch_datetime_operator.py
[2021-12-27 20:39:49,589] {scheduler_job.py:643} INFO - DAG(s) dict_keys(['example_branch_datetime_operator_2']) retrieved from /home/airflow/airflow-course/venv/lib/python3.8/site-packages/airflow/example_dags/example_branch_datetime_operator.py
[2021-12-27 20:39:50,457] {logging_mixin.py:104} INFO - [2021-12-27 20:39:50,457] {dag.py:1832} INFO - Sync 1 DAGs
[2021-12-27 20:39:50,482] {logging_mixin.py:104} INFO - [2021-12-27 20:39:50,482] {dag.py:2305} INFO - Setting next_dagrun for example_branch_datetime_operator_2 to 2021-12-25 00:00:00+00:00
[2021-12-27 20:39:50,514] {scheduler_job.py:190} INFO - Processing /home/airflow/airflow-course/venv/lib/python3.8/site-packages/airflow/example_dags/example_branch_datetime_operator.py took 1.048 seconds
[2021-12-27 20:40:20,592] {scheduler_job.py:182} INFO - Started process (PID=3242) to work on /home/airflow/airflow-course/venv/lib/python3.8/site-packages/airflow/example_dags/example_branch_datetime_operator.py
[2021-12-27 20:40:20,593] {scheduler_job.py:633} INFO - Processing file /home/airflow/airflow-course/venv/lib/python3.8/site-packages/airflow/example_dags/example_branch_datetime_operator.py for tasks to queue
[2021-12-27 20:40:20,594] {logging_mixin.py:104} INFO - [2021-12-27 20:40:20,594] {dagbag.py:487} INFO - Filling up the DagBag from /home/airflow/airflow-course/venv/lib/python3.8/site-packages/airflow/example_dags/example_branch_datetime_operator.py
[2021-12-27 20:40:20,613] {scheduler_job.py:643} INFO - DAG(s) dict_keys(['example_branch_datetime_operator_2']) retrieved from /home/airflow/airflow-course/venv/lib/python3.8/site-packages/airflow/example_dags/example_branch_datetime_operator.py
[2021-12-27 20:40:20,647] {logging_mixin.py:104} INFO - [2021-12-27 20:40:20,646] {dag.py:1832} INFO - Sync 1 DAGs
[2021-12-27 20:40:20,666] {logging_mixin.py:104} INFO - [2021-12-27 20:40:20,665] {dag.py:2305} INFO - Setting next_dagrun for example_branch_datetime_operator_2 to 2021-12-25 00:00:00+00:00
[2021-12-27 20:40:20,691] {scheduler_job.py:190} INFO - Processing /home/airflow/airflow-course/venv/lib/python3.8/site-packages/airflow/example_dags/example_branch_datetime_operator.py took 0.102 seconds
[2021-12-27 20:40:51,455] {scheduler_job.py:182} INFO - Started process (PID=3572) to work on /home/airflow/airflow-course/venv/lib/python3.8/site-packages/airflow/example_dags/example_branch_datetime_operator.py
[2021-12-27 20:40:51,458] {scheduler_job.py:633} INFO - Processing file /home/airflow/airflow-course/venv/lib/python3.8/site-packages/airflow/example_dags/example_branch_datetime_operator.py for tasks to queue
[2021-12-27 20:40:51,464] {logging_mixin.py:104} INFO - [2021-12-27 20:40:51,464] {dagbag.py:487} INFO - Filling up the DagBag from /home/airflow/airflow-course/venv/lib/python3.8/site-packages/airflow/example_dags/example_branch_datetime_operator.py
[2021-12-27 20:40:51,489] {scheduler_job.py:643} INFO - DAG(s) dict_keys(['example_branch_datetime_operator_2']) retrieved from /home/airflow/airflow-course/venv/lib/python3.8/site-packages/airflow/example_dags/example_branch_datetime_operator.py
[2021-12-27 20:40:51,553] {logging_mixin.py:104} INFO - [2021-12-27 20:40:51,553] {dag.py:1832} INFO - Sync 1 DAGs
[2021-12-27 20:40:51,604] {logging_mixin.py:104} INFO - [2021-12-27 20:40:51,604] {dag.py:2305} INFO - Setting next_dagrun for example_branch_datetime_operator_2 to 2021-12-25 00:00:00+00:00
[2021-12-27 20:40:51,640] {scheduler_job.py:190} INFO - Processing /home/airflow/airflow-course/venv/lib/python3.8/site-packages/airflow/example_dags/example_branch_datetime_operator.py took 0.189 seconds
[2021-12-27 20:41:22,377] {scheduler_job.py:182} INFO - Started process (PID=3772) to work on /home/airflow/airflow-course/venv/lib/python3.8/site-packages/airflow/example_dags/example_branch_datetime_operator.py
[2021-12-27 20:41:22,390] {scheduler_job.py:633} INFO - Processing file /home/airflow/airflow-course/venv/lib/python3.8/site-packages/airflow/example_dags/example_branch_datetime_operator.py for tasks to queue
[2021-12-27 20:41:22,391] {logging_mixin.py:104} INFO - [2021-12-27 20:41:22,391] {dagbag.py:487} INFO - Filling up the DagBag from /home/airflow/airflow-course/venv/lib/python3.8/site-packages/airflow/example_dags/example_branch_datetime_operator.py
[2021-12-27 20:41:22,433] {scheduler_job.py:643} INFO - DAG(s) dict_keys(['example_branch_datetime_operator_2']) retrieved from /home/airflow/airflow-course/venv/lib/python3.8/site-packages/airflow/example_dags/example_branch_datetime_operator.py
[2021-12-27 20:41:22,507] {logging_mixin.py:104} INFO - [2021-12-27 20:41:22,507] {dag.py:1832} INFO - Sync 1 DAGs
[2021-12-27 20:41:22,574] {logging_mixin.py:104} INFO - [2021-12-27 20:41:22,574] {dag.py:2305} INFO - Setting next_dagrun for example_branch_datetime_operator_2 to 2021-12-25 00:00:00+00:00
[2021-12-27 20:41:22,590] {scheduler_job.py:190} INFO - Processing /home/airflow/airflow-course/venv/lib/python3.8/site-packages/airflow/example_dags/example_branch_datetime_operator.py took 0.215 seconds
[2021-12-27 20:41:52,648] {scheduler_job.py:182} INFO - Started process (PID=3971) to work on /home/airflow/airflow-course/venv/lib/python3.8/site-packages/airflow/example_dags/example_branch_datetime_operator.py
[2021-12-27 20:41:52,650] {scheduler_job.py:633} INFO - Processing file /home/airflow/airflow-course/venv/lib/python3.8/site-packages/airflow/example_dags/example_branch_datetime_operator.py for tasks to queue
[2021-12-27 20:41:52,652] {logging_mixin.py:104} INFO - [2021-12-27 20:41:52,652] {dagbag.py:487} INFO - Filling up the DagBag from /home/airflow/airflow-course/venv/lib/python3.8/site-packages/airflow/example_dags/example_branch_datetime_operator.py
[2021-12-27 20:41:52,693] {scheduler_job.py:643} INFO - DAG(s) dict_keys(['example_branch_datetime_operator_2']) retrieved from /home/airflow/airflow-course/venv/lib/python3.8/site-packages/airflow/example_dags/example_branch_datetime_operator.py
[2021-12-27 20:41:52,762] {logging_mixin.py:104} INFO - [2021-12-27 20:41:52,762] {dag.py:1832} INFO - Sync 1 DAGs
[2021-12-27 20:41:52,810] {logging_mixin.py:104} INFO - [2021-12-27 20:41:52,810] {dag.py:2305} INFO - Setting next_dagrun for example_branch_datetime_operator_2 to 2021-12-25 00:00:00+00:00
[2021-12-27 20:41:52,849] {scheduler_job.py:190} INFO - Processing /home/airflow/airflow-course/venv/lib/python3.8/site-packages/airflow/example_dags/example_branch_datetime_operator.py took 0.205 seconds
[2021-12-27 20:42:23,115] {scheduler_job.py:182} INFO - Started process (PID=4174) to work on /home/airflow/airflow-course/venv/lib/python3.8/site-packages/airflow/example_dags/example_branch_datetime_operator.py
[2021-12-27 20:42:23,117] {scheduler_job.py:633} INFO - Processing file /home/airflow/airflow-course/venv/lib/python3.8/site-packages/airflow/example_dags/example_branch_datetime_operator.py for tasks to queue
[2021-12-27 20:42:23,117] {logging_mixin.py:104} INFO - [2021-12-27 20:42:23,117] {dagbag.py:487} INFO - Filling up the DagBag from /home/airflow/airflow-course/venv/lib/python3.8/site-packages/airflow/example_dags/example_branch_datetime_operator.py
[2021-12-27 20:42:23,163] {scheduler_job.py:643} INFO - DAG(s) dict_keys(['example_branch_datetime_operator_2']) retrieved from /home/airflow/airflow-course/venv/lib/python3.8/site-packages/airflow/example_dags/example_branch_datetime_operator.py
[2021-12-27 20:42:23,229] {logging_mixin.py:104} INFO - [2021-12-27 20:42:23,229] {dag.py:1832} INFO - Sync 1 DAGs
[2021-12-27 20:42:23,266] {logging_mixin.py:104} INFO - [2021-12-27 20:42:23,265] {dag.py:2305} INFO - Setting next_dagrun for example_branch_datetime_operator_2 to 2021-12-25 00:00:00+00:00
[2021-12-27 20:42:23,281] {scheduler_job.py:190} INFO - Processing /home/airflow/airflow-course/venv/lib/python3.8/site-packages/airflow/example_dags/example_branch_datetime_operator.py took 0.171 seconds
[2021-12-27 20:42:54,701] {scheduler_job.py:182} INFO - Started process (PID=4374) to work on /home/airflow/airflow-course/venv/lib/python3.8/site-packages/airflow/example_dags/example_branch_datetime_operator.py
[2021-12-27 20:42:54,704] {scheduler_job.py:633} INFO - Processing file /home/airflow/airflow-course/venv/lib/python3.8/site-packages/airflow/example_dags/example_branch_datetime_operator.py for tasks to queue
[2021-12-27 20:42:54,706] {logging_mixin.py:104} INFO - [2021-12-27 20:42:54,706] {dagbag.py:487} INFO - Filling up the DagBag from /home/airflow/airflow-course/venv/lib/python3.8/site-packages/airflow/example_dags/example_branch_datetime_operator.py
[2021-12-27 20:42:54,727] {scheduler_job.py:643} INFO - DAG(s) dict_keys(['example_branch_datetime_operator_2']) retrieved from /home/airflow/airflow-course/venv/lib/python3.8/site-packages/airflow/example_dags/example_branch_datetime_operator.py
[2021-12-27 20:42:54,774] {logging_mixin.py:104} INFO - [2021-12-27 20:42:54,774] {dag.py:1832} INFO - Sync 1 DAGs
[2021-12-27 20:42:54,847] {logging_mixin.py:104} INFO - [2021-12-27 20:42:54,847] {dag.py:2305} INFO - Setting next_dagrun for example_branch_datetime_operator_2 to 2021-12-25 00:00:00+00:00
[2021-12-27 20:42:54,988] {scheduler_job.py:190} INFO - Processing /home/airflow/airflow-course/venv/lib/python3.8/site-packages/airflow/example_dags/example_branch_datetime_operator.py took 0.290 seconds
[2021-12-27 20:43:26,521] {scheduler_job.py:182} INFO - Started process (PID=4574) to work on /home/airflow/airflow-course/venv/lib/python3.8/site-packages/airflow/example_dags/example_branch_datetime_operator.py
[2021-12-27 20:43:26,523] {scheduler_job.py:633} INFO - Processing file /home/airflow/airflow-course/venv/lib/python3.8/site-packages/airflow/example_dags/example_branch_datetime_operator.py for tasks to queue
[2021-12-27 20:43:26,528] {logging_mixin.py:104} INFO - [2021-12-27 20:43:26,528] {dagbag.py:487} INFO - Filling up the DagBag from /home/airflow/airflow-course/venv/lib/python3.8/site-packages/airflow/example_dags/example_branch_datetime_operator.py
[2021-12-27 20:43:26,561] {scheduler_job.py:643} INFO - DAG(s) dict_keys(['example_branch_datetime_operator_2']) retrieved from /home/airflow/airflow-course/venv/lib/python3.8/site-packages/airflow/example_dags/example_branch_datetime_operator.py
[2021-12-27 20:43:26,611] {logging_mixin.py:104} INFO - [2021-12-27 20:43:26,611] {dag.py:1832} INFO - Sync 1 DAGs
[2021-12-27 20:43:26,661] {logging_mixin.py:104} INFO - [2021-12-27 20:43:26,648] {dag.py:2305} INFO - Setting next_dagrun for example_branch_datetime_operator_2 to 2021-12-25 00:00:00+00:00
[2021-12-27 20:43:26,803] {scheduler_job.py:190} INFO - Processing /home/airflow/airflow-course/venv/lib/python3.8/site-packages/airflow/example_dags/example_branch_datetime_operator.py took 0.286 seconds
[2021-12-27 20:43:57,537] {scheduler_job.py:182} INFO - Started process (PID=4772) to work on /home/airflow/airflow-course/venv/lib/python3.8/site-packages/airflow/example_dags/example_branch_datetime_operator.py
[2021-12-27 20:43:57,549] {scheduler_job.py:633} INFO - Processing file /home/airflow/airflow-course/venv/lib/python3.8/site-packages/airflow/example_dags/example_branch_datetime_operator.py for tasks to queue
[2021-12-27 20:43:57,550] {logging_mixin.py:104} INFO - [2021-12-27 20:43:57,550] {dagbag.py:487} INFO - Filling up the DagBag from /home/airflow/airflow-course/venv/lib/python3.8/site-packages/airflow/example_dags/example_branch_datetime_operator.py
[2021-12-27 20:43:57,590] {scheduler_job.py:643} INFO - DAG(s) dict_keys(['example_branch_datetime_operator_2']) retrieved from /home/airflow/airflow-course/venv/lib/python3.8/site-packages/airflow/example_dags/example_branch_datetime_operator.py
[2021-12-27 20:43:57,639] {logging_mixin.py:104} INFO - [2021-12-27 20:43:57,639] {dag.py:1832} INFO - Sync 1 DAGs
[2021-12-27 20:43:57,685] {logging_mixin.py:104} INFO - [2021-12-27 20:43:57,681] {dag.py:2305} INFO - Setting next_dagrun for example_branch_datetime_operator_2 to 2021-12-25 00:00:00+00:00
[2021-12-27 20:43:57,884] {scheduler_job.py:190} INFO - Processing /home/airflow/airflow-course/venv/lib/python3.8/site-packages/airflow/example_dags/example_branch_datetime_operator.py took 0.351 seconds
[2021-12-27 20:44:28,769] {scheduler_job.py:182} INFO - Started process (PID=4971) to work on /home/airflow/airflow-course/venv/lib/python3.8/site-packages/airflow/example_dags/example_branch_datetime_operator.py
[2021-12-27 20:44:28,780] {scheduler_job.py:633} INFO - Processing file /home/airflow/airflow-course/venv/lib/python3.8/site-packages/airflow/example_dags/example_branch_datetime_operator.py for tasks to queue
[2021-12-27 20:44:28,783] {logging_mixin.py:104} INFO - [2021-12-27 20:44:28,782] {dagbag.py:487} INFO - Filling up the DagBag from /home/airflow/airflow-course/venv/lib/python3.8/site-packages/airflow/example_dags/example_branch_datetime_operator.py
[2021-12-27 20:44:28,809] {scheduler_job.py:643} INFO - DAG(s) dict_keys(['example_branch_datetime_operator_2']) retrieved from /home/airflow/airflow-course/venv/lib/python3.8/site-packages/airflow/example_dags/example_branch_datetime_operator.py
[2021-12-27 20:44:28,867] {logging_mixin.py:104} INFO - [2021-12-27 20:44:28,867] {dag.py:1832} INFO - Sync 1 DAGs
[2021-12-27 20:44:28,907] {logging_mixin.py:104} INFO - [2021-12-27 20:44:28,907] {dag.py:2305} INFO - Setting next_dagrun for example_branch_datetime_operator_2 to 2021-12-25 00:00:00+00:00
[2021-12-27 20:44:29,058] {scheduler_job.py:190} INFO - Processing /home/airflow/airflow-course/venv/lib/python3.8/site-packages/airflow/example_dags/example_branch_datetime_operator.py took 0.294 seconds
[2021-12-27 20:45:00,028] {scheduler_job.py:182} INFO - Started process (PID=5411) to work on /home/airflow/airflow-course/venv/lib/python3.8/site-packages/airflow/example_dags/example_branch_datetime_operator.py
[2021-12-27 20:45:00,044] {scheduler_job.py:633} INFO - Processing file /home/airflow/airflow-course/venv/lib/python3.8/site-packages/airflow/example_dags/example_branch_datetime_operator.py for tasks to queue
[2021-12-27 20:45:00,045] {logging_mixin.py:104} INFO - [2021-12-27 20:45:00,045] {dagbag.py:487} INFO - Filling up the DagBag from /home/airflow/airflow-course/venv/lib/python3.8/site-packages/airflow/example_dags/example_branch_datetime_operator.py
[2021-12-27 20:45:00,084] {scheduler_job.py:643} INFO - DAG(s) dict_keys(['example_branch_datetime_operator_2']) retrieved from /home/airflow/airflow-course/venv/lib/python3.8/site-packages/airflow/example_dags/example_branch_datetime_operator.py
[2021-12-27 20:45:00,142] {logging_mixin.py:104} INFO - [2021-12-27 20:45:00,142] {dag.py:1832} INFO - Sync 1 DAGs
[2021-12-27 20:45:00,328] {logging_mixin.py:104} INFO - [2021-12-27 20:45:00,327] {dag.py:2305} INFO - Setting next_dagrun for example_branch_datetime_operator_2 to 2021-12-25 00:00:00+00:00
[2021-12-27 20:45:00,369] {scheduler_job.py:190} INFO - Processing /home/airflow/airflow-course/venv/lib/python3.8/site-packages/airflow/example_dags/example_branch_datetime_operator.py took 0.344 seconds
[2021-12-27 20:45:32,014] {scheduler_job.py:182} INFO - Started process (PID=5614) to work on /home/airflow/airflow-course/venv/lib/python3.8/site-packages/airflow/example_dags/example_branch_datetime_operator.py
[2021-12-27 20:45:32,015] {scheduler_job.py:633} INFO - Processing file /home/airflow/airflow-course/venv/lib/python3.8/site-packages/airflow/example_dags/example_branch_datetime_operator.py for tasks to queue
[2021-12-27 20:45:32,016] {logging_mixin.py:104} INFO - [2021-12-27 20:45:32,016] {dagbag.py:487} INFO - Filling up the DagBag from /home/airflow/airflow-course/venv/lib/python3.8/site-packages/airflow/example_dags/example_branch_datetime_operator.py
[2021-12-27 20:45:32,061] {scheduler_job.py:643} INFO - DAG(s) dict_keys(['example_branch_datetime_operator_2']) retrieved from /home/airflow/airflow-course/venv/lib/python3.8/site-packages/airflow/example_dags/example_branch_datetime_operator.py
[2021-12-27 20:45:32,134] {logging_mixin.py:104} INFO - [2021-12-27 20:45:32,134] {dag.py:1832} INFO - Sync 1 DAGs
[2021-12-27 20:45:32,300] {logging_mixin.py:104} INFO - [2021-12-27 20:45:32,300] {dag.py:2305} INFO - Setting next_dagrun for example_branch_datetime_operator_2 to 2021-12-25 00:00:00+00:00
[2021-12-27 20:45:32,338] {scheduler_job.py:190} INFO - Processing /home/airflow/airflow-course/venv/lib/python3.8/site-packages/airflow/example_dags/example_branch_datetime_operator.py took 0.340 seconds
[2021-12-27 20:46:03,265] {scheduler_job.py:182} INFO - Started process (PID=5815) to work on /home/airflow/airflow-course/venv/lib/python3.8/site-packages/airflow/example_dags/example_branch_datetime_operator.py
[2021-12-27 20:46:03,268] {scheduler_job.py:633} INFO - Processing file /home/airflow/airflow-course/venv/lib/python3.8/site-packages/airflow/example_dags/example_branch_datetime_operator.py for tasks to queue
[2021-12-27 20:46:03,270] {logging_mixin.py:104} INFO - [2021-12-27 20:46:03,269] {dagbag.py:487} INFO - Filling up the DagBag from /home/airflow/airflow-course/venv/lib/python3.8/site-packages/airflow/example_dags/example_branch_datetime_operator.py
[2021-12-27 20:46:03,314] {scheduler_job.py:643} INFO - DAG(s) dict_keys(['example_branch_datetime_operator_2']) retrieved from /home/airflow/airflow-course/venv/lib/python3.8/site-packages/airflow/example_dags/example_branch_datetime_operator.py
[2021-12-27 20:46:03,374] {logging_mixin.py:104} INFO - [2021-12-27 20:46:03,374] {dag.py:1832} INFO - Sync 1 DAGs
[2021-12-27 20:46:03,546] {logging_mixin.py:104} INFO - [2021-12-27 20:46:03,546] {dag.py:2305} INFO - Setting next_dagrun for example_branch_datetime_operator_2 to 2021-12-25 00:00:00+00:00
[2021-12-27 20:46:03,576] {scheduler_job.py:190} INFO - Processing /home/airflow/airflow-course/venv/lib/python3.8/site-packages/airflow/example_dags/example_branch_datetime_operator.py took 0.315 seconds
[2021-12-27 20:46:34,483] {scheduler_job.py:182} INFO - Started process (PID=6015) to work on /home/airflow/airflow-course/venv/lib/python3.8/site-packages/airflow/example_dags/example_branch_datetime_operator.py
[2021-12-27 20:46:34,488] {scheduler_job.py:633} INFO - Processing file /home/airflow/airflow-course/venv/lib/python3.8/site-packages/airflow/example_dags/example_branch_datetime_operator.py for tasks to queue
[2021-12-27 20:46:34,494] {logging_mixin.py:104} INFO - [2021-12-27 20:46:34,494] {dagbag.py:487} INFO - Filling up the DagBag from /home/airflow/airflow-course/venv/lib/python3.8/site-packages/airflow/example_dags/example_branch_datetime_operator.py
[2021-12-27 20:46:34,532] {scheduler_job.py:643} INFO - DAG(s) dict_keys(['example_branch_datetime_operator_2']) retrieved from /home/airflow/airflow-course/venv/lib/python3.8/site-packages/airflow/example_dags/example_branch_datetime_operator.py
[2021-12-27 20:46:34,608] {logging_mixin.py:104} INFO - [2021-12-27 20:46:34,608] {dag.py:1832} INFO - Sync 1 DAGs
[2021-12-27 20:46:34,783] {logging_mixin.py:104} INFO - [2021-12-27 20:46:34,783] {dag.py:2305} INFO - Setting next_dagrun for example_branch_datetime_operator_2 to 2021-12-25 00:00:00+00:00
[2021-12-27 20:46:34,813] {scheduler_job.py:190} INFO - Processing /home/airflow/airflow-course/venv/lib/python3.8/site-packages/airflow/example_dags/example_branch_datetime_operator.py took 0.333 seconds
