[2021-12-27 20:39:58,911] {scheduler_job.py:182} INFO - Started process (PID=3039) to work on /home/airflow/airflow-course/venv/lib/python3.8/site-packages/airflow/example_dags/example_complex.py
[2021-12-27 20:39:58,912] {scheduler_job.py:633} INFO - Processing file /home/airflow/airflow-course/venv/lib/python3.8/site-packages/airflow/example_dags/example_complex.py for tasks to queue
[2021-12-27 20:39:58,923] {logging_mixin.py:104} INFO - [2021-12-27 20:39:58,923] {dagbag.py:487} INFO - Filling up the DagBag from /home/airflow/airflow-course/venv/lib/python3.8/site-packages/airflow/example_dags/example_complex.py
[2021-12-27 20:39:58,982] {scheduler_job.py:643} INFO - DAG(s) dict_keys(['example_complex']) retrieved from /home/airflow/airflow-course/venv/lib/python3.8/site-packages/airflow/example_dags/example_complex.py
[2021-12-27 20:39:59,970] {logging_mixin.py:104} INFO - [2021-12-27 20:39:59,969] {dag.py:1832} INFO - Sync 1 DAGs
[2021-12-27 20:39:59,991] {logging_mixin.py:104} INFO - [2021-12-27 20:39:59,991] {dag.py:2305} INFO - Setting next_dagrun for example_complex to None
[2021-12-27 20:40:00,037] {scheduler_job.py:190} INFO - Processing /home/airflow/airflow-course/venv/lib/python3.8/site-packages/airflow/example_dags/example_complex.py took 1.131 seconds
[2021-12-27 20:40:30,637] {scheduler_job.py:182} INFO - Started process (PID=3374) to work on /home/airflow/airflow-course/venv/lib/python3.8/site-packages/airflow/example_dags/example_complex.py
[2021-12-27 20:40:30,640] {scheduler_job.py:633} INFO - Processing file /home/airflow/airflow-course/venv/lib/python3.8/site-packages/airflow/example_dags/example_complex.py for tasks to queue
[2021-12-27 20:40:30,641] {logging_mixin.py:104} INFO - [2021-12-27 20:40:30,641] {dagbag.py:487} INFO - Filling up the DagBag from /home/airflow/airflow-course/venv/lib/python3.8/site-packages/airflow/example_dags/example_complex.py
[2021-12-27 20:40:30,704] {scheduler_job.py:643} INFO - DAG(s) dict_keys(['example_complex']) retrieved from /home/airflow/airflow-course/venv/lib/python3.8/site-packages/airflow/example_dags/example_complex.py
[2021-12-27 20:40:30,771] {logging_mixin.py:104} INFO - [2021-12-27 20:40:30,771] {dag.py:1832} INFO - Sync 1 DAGs
[2021-12-27 20:40:30,928] {logging_mixin.py:104} INFO - [2021-12-27 20:40:30,928] {dag.py:2305} INFO - Setting next_dagrun for example_complex to None
[2021-12-27 20:40:30,953] {scheduler_job.py:190} INFO - Processing /home/airflow/airflow-course/venv/lib/python3.8/site-packages/airflow/example_dags/example_complex.py took 0.335 seconds
[2021-12-27 20:41:01,170] {scheduler_job.py:182} INFO - Started process (PID=3710) to work on /home/airflow/airflow-course/venv/lib/python3.8/site-packages/airflow/example_dags/example_complex.py
[2021-12-27 20:41:01,171] {scheduler_job.py:633} INFO - Processing file /home/airflow/airflow-course/venv/lib/python3.8/site-packages/airflow/example_dags/example_complex.py for tasks to queue
[2021-12-27 20:41:01,173] {logging_mixin.py:104} INFO - [2021-12-27 20:41:01,173] {dagbag.py:487} INFO - Filling up the DagBag from /home/airflow/airflow-course/venv/lib/python3.8/site-packages/airflow/example_dags/example_complex.py
[2021-12-27 20:41:01,255] {scheduler_job.py:643} INFO - DAG(s) dict_keys(['example_complex']) retrieved from /home/airflow/airflow-course/venv/lib/python3.8/site-packages/airflow/example_dags/example_complex.py
[2021-12-27 20:41:01,345] {logging_mixin.py:104} INFO - [2021-12-27 20:41:01,344] {dag.py:1832} INFO - Sync 1 DAGs
[2021-12-27 20:41:01,522] {logging_mixin.py:104} INFO - [2021-12-27 20:41:01,522] {dag.py:2305} INFO - Setting next_dagrun for example_complex to None
[2021-12-27 20:41:01,543] {scheduler_job.py:190} INFO - Processing /home/airflow/airflow-course/venv/lib/python3.8/site-packages/airflow/example_dags/example_complex.py took 0.391 seconds
[2021-12-27 20:41:31,840] {scheduler_job.py:182} INFO - Started process (PID=3909) to work on /home/airflow/airflow-course/venv/lib/python3.8/site-packages/airflow/example_dags/example_complex.py
[2021-12-27 20:41:31,842] {scheduler_job.py:633} INFO - Processing file /home/airflow/airflow-course/venv/lib/python3.8/site-packages/airflow/example_dags/example_complex.py for tasks to queue
[2021-12-27 20:41:31,848] {logging_mixin.py:104} INFO - [2021-12-27 20:41:31,847] {dagbag.py:487} INFO - Filling up the DagBag from /home/airflow/airflow-course/venv/lib/python3.8/site-packages/airflow/example_dags/example_complex.py
[2021-12-27 20:41:31,887] {scheduler_job.py:643} INFO - DAG(s) dict_keys(['example_complex']) retrieved from /home/airflow/airflow-course/venv/lib/python3.8/site-packages/airflow/example_dags/example_complex.py
[2021-12-27 20:41:31,981] {logging_mixin.py:104} INFO - [2021-12-27 20:41:31,980] {dag.py:1832} INFO - Sync 1 DAGs
[2021-12-27 20:41:32,125] {logging_mixin.py:104} INFO - [2021-12-27 20:41:32,125] {dag.py:2305} INFO - Setting next_dagrun for example_complex to None
[2021-12-27 20:41:32,148] {scheduler_job.py:190} INFO - Processing /home/airflow/airflow-course/venv/lib/python3.8/site-packages/airflow/example_dags/example_complex.py took 0.323 seconds
[2021-12-27 20:42:02,576] {scheduler_job.py:182} INFO - Started process (PID=4118) to work on /home/airflow/airflow-course/venv/lib/python3.8/site-packages/airflow/example_dags/example_complex.py
[2021-12-27 20:42:02,578] {scheduler_job.py:633} INFO - Processing file /home/airflow/airflow-course/venv/lib/python3.8/site-packages/airflow/example_dags/example_complex.py for tasks to queue
[2021-12-27 20:42:02,579] {logging_mixin.py:104} INFO - [2021-12-27 20:42:02,579] {dagbag.py:487} INFO - Filling up the DagBag from /home/airflow/airflow-course/venv/lib/python3.8/site-packages/airflow/example_dags/example_complex.py
[2021-12-27 20:42:02,626] {scheduler_job.py:643} INFO - DAG(s) dict_keys(['example_complex']) retrieved from /home/airflow/airflow-course/venv/lib/python3.8/site-packages/airflow/example_dags/example_complex.py
[2021-12-27 20:42:02,838] {logging_mixin.py:104} INFO - [2021-12-27 20:42:02,838] {dag.py:1832} INFO - Sync 1 DAGs
[2021-12-27 20:42:02,868] {logging_mixin.py:104} INFO - [2021-12-27 20:42:02,868] {dag.py:2305} INFO - Setting next_dagrun for example_complex to None
[2021-12-27 20:42:02,893] {scheduler_job.py:190} INFO - Processing /home/airflow/airflow-course/venv/lib/python3.8/site-packages/airflow/example_dags/example_complex.py took 0.320 seconds
[2021-12-27 20:42:33,071] {scheduler_job.py:182} INFO - Started process (PID=4315) to work on /home/airflow/airflow-course/venv/lib/python3.8/site-packages/airflow/example_dags/example_complex.py
[2021-12-27 20:42:33,076] {scheduler_job.py:633} INFO - Processing file /home/airflow/airflow-course/venv/lib/python3.8/site-packages/airflow/example_dags/example_complex.py for tasks to queue
[2021-12-27 20:42:33,086] {logging_mixin.py:104} INFO - [2021-12-27 20:42:33,086] {dagbag.py:487} INFO - Filling up the DagBag from /home/airflow/airflow-course/venv/lib/python3.8/site-packages/airflow/example_dags/example_complex.py
[2021-12-27 20:42:33,121] {scheduler_job.py:643} INFO - DAG(s) dict_keys(['example_complex']) retrieved from /home/airflow/airflow-course/venv/lib/python3.8/site-packages/airflow/example_dags/example_complex.py
[2021-12-27 20:42:33,366] {logging_mixin.py:104} INFO - [2021-12-27 20:42:33,365] {dag.py:1832} INFO - Sync 1 DAGs
[2021-12-27 20:42:33,418] {logging_mixin.py:104} INFO - [2021-12-27 20:42:33,418] {dag.py:2305} INFO - Setting next_dagrun for example_complex to None
[2021-12-27 20:42:33,441] {scheduler_job.py:190} INFO - Processing /home/airflow/airflow-course/venv/lib/python3.8/site-packages/airflow/example_dags/example_complex.py took 0.376 seconds
[2021-12-27 20:43:03,531] {scheduler_job.py:182} INFO - Started process (PID=4502) to work on /home/airflow/airflow-course/venv/lib/python3.8/site-packages/airflow/example_dags/example_complex.py
[2021-12-27 20:43:03,532] {scheduler_job.py:633} INFO - Processing file /home/airflow/airflow-course/venv/lib/python3.8/site-packages/airflow/example_dags/example_complex.py for tasks to queue
[2021-12-27 20:43:03,533] {logging_mixin.py:104} INFO - [2021-12-27 20:43:03,533] {dagbag.py:487} INFO - Filling up the DagBag from /home/airflow/airflow-course/venv/lib/python3.8/site-packages/airflow/example_dags/example_complex.py
[2021-12-27 20:43:03,585] {scheduler_job.py:643} INFO - DAG(s) dict_keys(['example_complex']) retrieved from /home/airflow/airflow-course/venv/lib/python3.8/site-packages/airflow/example_dags/example_complex.py
[2021-12-27 20:43:03,785] {logging_mixin.py:104} INFO - [2021-12-27 20:43:03,785] {dag.py:1832} INFO - Sync 1 DAGs
[2021-12-27 20:43:03,814] {logging_mixin.py:104} INFO - [2021-12-27 20:43:03,814] {dag.py:2305} INFO - Setting next_dagrun for example_complex to None
[2021-12-27 20:43:03,846] {scheduler_job.py:190} INFO - Processing /home/airflow/airflow-course/venv/lib/python3.8/site-packages/airflow/example_dags/example_complex.py took 0.317 seconds
[2021-12-27 20:43:33,895] {scheduler_job.py:182} INFO - Started process (PID=4701) to work on /home/airflow/airflow-course/venv/lib/python3.8/site-packages/airflow/example_dags/example_complex.py
[2021-12-27 20:43:33,897] {scheduler_job.py:633} INFO - Processing file /home/airflow/airflow-course/venv/lib/python3.8/site-packages/airflow/example_dags/example_complex.py for tasks to queue
[2021-12-27 20:43:33,898] {logging_mixin.py:104} INFO - [2021-12-27 20:43:33,898] {dagbag.py:487} INFO - Filling up the DagBag from /home/airflow/airflow-course/venv/lib/python3.8/site-packages/airflow/example_dags/example_complex.py
[2021-12-27 20:43:33,932] {scheduler_job.py:643} INFO - DAG(s) dict_keys(['example_complex']) retrieved from /home/airflow/airflow-course/venv/lib/python3.8/site-packages/airflow/example_dags/example_complex.py
[2021-12-27 20:43:34,041] {logging_mixin.py:104} INFO - [2021-12-27 20:43:34,040] {dag.py:1832} INFO - Sync 1 DAGs
[2021-12-27 20:43:34,056] {logging_mixin.py:104} INFO - [2021-12-27 20:43:34,055] {dag.py:2305} INFO - Setting next_dagrun for example_complex to None
[2021-12-27 20:43:34,079] {scheduler_job.py:190} INFO - Processing /home/airflow/airflow-course/venv/lib/python3.8/site-packages/airflow/example_dags/example_complex.py took 0.188 seconds
[2021-12-27 20:44:04,416] {scheduler_job.py:182} INFO - Started process (PID=4900) to work on /home/airflow/airflow-course/venv/lib/python3.8/site-packages/airflow/example_dags/example_complex.py
[2021-12-27 20:44:04,418] {scheduler_job.py:633} INFO - Processing file /home/airflow/airflow-course/venv/lib/python3.8/site-packages/airflow/example_dags/example_complex.py for tasks to queue
[2021-12-27 20:44:04,423] {logging_mixin.py:104} INFO - [2021-12-27 20:44:04,422] {dagbag.py:487} INFO - Filling up the DagBag from /home/airflow/airflow-course/venv/lib/python3.8/site-packages/airflow/example_dags/example_complex.py
[2021-12-27 20:44:04,462] {scheduler_job.py:643} INFO - DAG(s) dict_keys(['example_complex']) retrieved from /home/airflow/airflow-course/venv/lib/python3.8/site-packages/airflow/example_dags/example_complex.py
[2021-12-27 20:44:04,721] {logging_mixin.py:104} INFO - [2021-12-27 20:44:04,721] {dag.py:1832} INFO - Sync 1 DAGs
[2021-12-27 20:44:04,755] {logging_mixin.py:104} INFO - [2021-12-27 20:44:04,755] {dag.py:2305} INFO - Setting next_dagrun for example_complex to None
[2021-12-27 20:44:04,779] {scheduler_job.py:190} INFO - Processing /home/airflow/airflow-course/venv/lib/python3.8/site-packages/airflow/example_dags/example_complex.py took 0.365 seconds
[2021-12-27 20:44:35,157] {scheduler_job.py:182} INFO - Started process (PID=5106) to work on /home/airflow/airflow-course/venv/lib/python3.8/site-packages/airflow/example_dags/example_complex.py
[2021-12-27 20:44:35,164] {scheduler_job.py:633} INFO - Processing file /home/airflow/airflow-course/venv/lib/python3.8/site-packages/airflow/example_dags/example_complex.py for tasks to queue
[2021-12-27 20:44:35,165] {logging_mixin.py:104} INFO - [2021-12-27 20:44:35,165] {dagbag.py:487} INFO - Filling up the DagBag from /home/airflow/airflow-course/venv/lib/python3.8/site-packages/airflow/example_dags/example_complex.py
[2021-12-27 20:44:35,219] {scheduler_job.py:643} INFO - DAG(s) dict_keys(['example_complex']) retrieved from /home/airflow/airflow-course/venv/lib/python3.8/site-packages/airflow/example_dags/example_complex.py
[2021-12-27 20:44:35,416] {logging_mixin.py:104} INFO - [2021-12-27 20:44:35,416] {dag.py:1832} INFO - Sync 1 DAGs
[2021-12-27 20:44:35,465] {logging_mixin.py:104} INFO - [2021-12-27 20:44:35,465] {dag.py:2305} INFO - Setting next_dagrun for example_complex to None
[2021-12-27 20:44:35,504] {scheduler_job.py:190} INFO - Processing /home/airflow/airflow-course/venv/lib/python3.8/site-packages/airflow/example_dags/example_complex.py took 0.351 seconds
[2021-12-27 20:45:05,627] {scheduler_job.py:182} INFO - Started process (PID=5549) to work on /home/airflow/airflow-course/venv/lib/python3.8/site-packages/airflow/example_dags/example_complex.py
[2021-12-27 20:45:05,629] {scheduler_job.py:633} INFO - Processing file /home/airflow/airflow-course/venv/lib/python3.8/site-packages/airflow/example_dags/example_complex.py for tasks to queue
[2021-12-27 20:45:05,630] {logging_mixin.py:104} INFO - [2021-12-27 20:45:05,630] {dagbag.py:487} INFO - Filling up the DagBag from /home/airflow/airflow-course/venv/lib/python3.8/site-packages/airflow/example_dags/example_complex.py
[2021-12-27 20:45:05,832] {scheduler_job.py:643} INFO - DAG(s) dict_keys(['example_complex']) retrieved from /home/airflow/airflow-course/venv/lib/python3.8/site-packages/airflow/example_dags/example_complex.py
[2021-12-27 20:45:05,932] {logging_mixin.py:104} INFO - [2021-12-27 20:45:05,932] {dag.py:1832} INFO - Sync 1 DAGs
[2021-12-27 20:45:05,964] {logging_mixin.py:104} INFO - [2021-12-27 20:45:05,964] {dag.py:2305} INFO - Setting next_dagrun for example_complex to None
[2021-12-27 20:45:05,998] {scheduler_job.py:190} INFO - Processing /home/airflow/airflow-course/venv/lib/python3.8/site-packages/airflow/example_dags/example_complex.py took 0.376 seconds
[2021-12-27 20:45:36,142] {scheduler_job.py:182} INFO - Started process (PID=5745) to work on /home/airflow/airflow-course/venv/lib/python3.8/site-packages/airflow/example_dags/example_complex.py
[2021-12-27 20:45:36,149] {scheduler_job.py:633} INFO - Processing file /home/airflow/airflow-course/venv/lib/python3.8/site-packages/airflow/example_dags/example_complex.py for tasks to queue
[2021-12-27 20:45:36,151] {logging_mixin.py:104} INFO - [2021-12-27 20:45:36,151] {dagbag.py:487} INFO - Filling up the DagBag from /home/airflow/airflow-course/venv/lib/python3.8/site-packages/airflow/example_dags/example_complex.py
[2021-12-27 20:45:36,356] {scheduler_job.py:643} INFO - DAG(s) dict_keys(['example_complex']) retrieved from /home/airflow/airflow-course/venv/lib/python3.8/site-packages/airflow/example_dags/example_complex.py
[2021-12-27 20:45:36,458] {logging_mixin.py:104} INFO - [2021-12-27 20:45:36,458] {dag.py:1832} INFO - Sync 1 DAGs
[2021-12-27 20:45:36,478] {logging_mixin.py:104} INFO - [2021-12-27 20:45:36,478] {dag.py:2305} INFO - Setting next_dagrun for example_complex to None
[2021-12-27 20:45:36,501] {scheduler_job.py:190} INFO - Processing /home/airflow/airflow-course/venv/lib/python3.8/site-packages/airflow/example_dags/example_complex.py took 0.363 seconds
[2021-12-27 20:46:07,182] {scheduler_job.py:182} INFO - Started process (PID=5935) to work on /home/airflow/airflow-course/venv/lib/python3.8/site-packages/airflow/example_dags/example_complex.py
[2021-12-27 20:46:07,189] {scheduler_job.py:633} INFO - Processing file /home/airflow/airflow-course/venv/lib/python3.8/site-packages/airflow/example_dags/example_complex.py for tasks to queue
[2021-12-27 20:46:07,197] {logging_mixin.py:104} INFO - [2021-12-27 20:46:07,197] {dagbag.py:487} INFO - Filling up the DagBag from /home/airflow/airflow-course/venv/lib/python3.8/site-packages/airflow/example_dags/example_complex.py
[2021-12-27 20:46:07,433] {scheduler_job.py:643} INFO - DAG(s) dict_keys(['example_complex']) retrieved from /home/airflow/airflow-course/venv/lib/python3.8/site-packages/airflow/example_dags/example_complex.py
[2021-12-27 20:46:07,496] {logging_mixin.py:104} INFO - [2021-12-27 20:46:07,496] {dag.py:1832} INFO - Sync 1 DAGs
[2021-12-27 20:46:07,522] {logging_mixin.py:104} INFO - [2021-12-27 20:46:07,522] {dag.py:2305} INFO - Setting next_dagrun for example_complex to None
[2021-12-27 20:46:07,554] {scheduler_job.py:190} INFO - Processing /home/airflow/airflow-course/venv/lib/python3.8/site-packages/airflow/example_dags/example_complex.py took 0.394 seconds
[2021-12-27 20:46:38,569] {scheduler_job.py:182} INFO - Started process (PID=6146) to work on /home/airflow/airflow-course/venv/lib/python3.8/site-packages/airflow/example_dags/example_complex.py
[2021-12-27 20:46:38,581] {scheduler_job.py:633} INFO - Processing file /home/airflow/airflow-course/venv/lib/python3.8/site-packages/airflow/example_dags/example_complex.py for tasks to queue
[2021-12-27 20:46:38,581] {logging_mixin.py:104} INFO - [2021-12-27 20:46:38,581] {dagbag.py:487} INFO - Filling up the DagBag from /home/airflow/airflow-course/venv/lib/python3.8/site-packages/airflow/example_dags/example_complex.py
[2021-12-27 20:46:38,789] {scheduler_job.py:643} INFO - DAG(s) dict_keys(['example_complex']) retrieved from /home/airflow/airflow-course/venv/lib/python3.8/site-packages/airflow/example_dags/example_complex.py
[2021-12-27 20:46:38,864] {logging_mixin.py:104} INFO - [2021-12-27 20:46:38,864] {dag.py:1832} INFO - Sync 1 DAGs
[2021-12-27 20:46:38,885] {logging_mixin.py:104} INFO - [2021-12-27 20:46:38,885] {dag.py:2305} INFO - Setting next_dagrun for example_complex to None
[2021-12-27 20:46:38,913] {scheduler_job.py:190} INFO - Processing /home/airflow/airflow-course/venv/lib/python3.8/site-packages/airflow/example_dags/example_complex.py took 0.351 seconds
