[2021-12-27 20:39:58,785] {scheduler_job.py:182} INFO - Started process (PID=3033) to work on /home/airflow/airflow-course/venv/lib/python3.8/site-packages/airflow/example_dags/example_kubernetes_executor_config.py
[2021-12-27 20:39:58,786] {scheduler_job.py:633} INFO - Processing file /home/airflow/airflow-course/venv/lib/python3.8/site-packages/airflow/example_dags/example_kubernetes_executor_config.py for tasks to queue
[2021-12-27 20:39:58,787] {logging_mixin.py:104} INFO - [2021-12-27 20:39:58,787] {dagbag.py:487} INFO - Filling up the DagBag from /home/airflow/airflow-course/venv/lib/python3.8/site-packages/airflow/example_dags/example_kubernetes_executor_config.py
[2021-12-27 20:39:58,818] {logging_mixin.py:104} INFO - [2021-12-27 20:39:58,818] {example_kubernetes_executor_config.py:175} WARNING - Could not import DAGs in example_kubernetes_executor_config.py: No module named 'kubernetes'
[2021-12-27 20:39:58,826] {logging_mixin.py:104} INFO - [2021-12-27 20:39:58,826] {example_kubernetes_executor_config.py:176} WARNING - Install kubernetes dependencies with: pip install apache-airflow['cncf.kubernetes']
[2021-12-27 20:39:58,828] {scheduler_job.py:645} WARNING - No viable dags retrieved from /home/airflow/airflow-course/venv/lib/python3.8/site-packages/airflow/example_dags/example_kubernetes_executor_config.py
[2021-12-27 20:39:58,873] {scheduler_job.py:190} INFO - Processing /home/airflow/airflow-course/venv/lib/python3.8/site-packages/airflow/example_dags/example_kubernetes_executor_config.py took 0.104 seconds
[2021-12-27 20:40:29,309] {scheduler_job.py:182} INFO - Started process (PID=3360) to work on /home/airflow/airflow-course/venv/lib/python3.8/site-packages/airflow/example_dags/example_kubernetes_executor_config.py
[2021-12-27 20:40:29,311] {scheduler_job.py:633} INFO - Processing file /home/airflow/airflow-course/venv/lib/python3.8/site-packages/airflow/example_dags/example_kubernetes_executor_config.py for tasks to queue
[2021-12-27 20:40:29,312] {logging_mixin.py:104} INFO - [2021-12-27 20:40:29,312] {dagbag.py:487} INFO - Filling up the DagBag from /home/airflow/airflow-course/venv/lib/python3.8/site-packages/airflow/example_dags/example_kubernetes_executor_config.py
[2021-12-27 20:40:29,320] {logging_mixin.py:104} INFO - [2021-12-27 20:40:29,320] {example_kubernetes_executor_config.py:175} WARNING - Could not import DAGs in example_kubernetes_executor_config.py: No module named 'kubernetes'
[2021-12-27 20:40:29,336] {logging_mixin.py:104} INFO - [2021-12-27 20:40:29,335] {example_kubernetes_executor_config.py:176} WARNING - Install kubernetes dependencies with: pip install apache-airflow['cncf.kubernetes']
[2021-12-27 20:40:29,336] {scheduler_job.py:645} WARNING - No viable dags retrieved from /home/airflow/airflow-course/venv/lib/python3.8/site-packages/airflow/example_dags/example_kubernetes_executor_config.py
[2021-12-27 20:40:29,366] {scheduler_job.py:190} INFO - Processing /home/airflow/airflow-course/venv/lib/python3.8/site-packages/airflow/example_dags/example_kubernetes_executor_config.py took 0.061 seconds
[2021-12-27 20:41:00,043] {scheduler_job.py:182} INFO - Started process (PID=3696) to work on /home/airflow/airflow-course/venv/lib/python3.8/site-packages/airflow/example_dags/example_kubernetes_executor_config.py
[2021-12-27 20:41:00,046] {scheduler_job.py:633} INFO - Processing file /home/airflow/airflow-course/venv/lib/python3.8/site-packages/airflow/example_dags/example_kubernetes_executor_config.py for tasks to queue
[2021-12-27 20:41:00,047] {logging_mixin.py:104} INFO - [2021-12-27 20:41:00,047] {dagbag.py:487} INFO - Filling up the DagBag from /home/airflow/airflow-course/venv/lib/python3.8/site-packages/airflow/example_dags/example_kubernetes_executor_config.py
[2021-12-27 20:41:00,082] {logging_mixin.py:104} INFO - [2021-12-27 20:41:00,082] {example_kubernetes_executor_config.py:175} WARNING - Could not import DAGs in example_kubernetes_executor_config.py: No module named 'kubernetes'
[2021-12-27 20:41:00,082] {logging_mixin.py:104} INFO - [2021-12-27 20:41:00,082] {example_kubernetes_executor_config.py:176} WARNING - Install kubernetes dependencies with: pip install apache-airflow['cncf.kubernetes']
[2021-12-27 20:41:00,083] {scheduler_job.py:645} WARNING - No viable dags retrieved from /home/airflow/airflow-course/venv/lib/python3.8/site-packages/airflow/example_dags/example_kubernetes_executor_config.py
[2021-12-27 20:41:00,116] {scheduler_job.py:190} INFO - Processing /home/airflow/airflow-course/venv/lib/python3.8/site-packages/airflow/example_dags/example_kubernetes_executor_config.py took 0.080 seconds
[2021-12-27 20:41:30,325] {scheduler_job.py:182} INFO - Started process (PID=3896) to work on /home/airflow/airflow-course/venv/lib/python3.8/site-packages/airflow/example_dags/example_kubernetes_executor_config.py
[2021-12-27 20:41:30,326] {scheduler_job.py:633} INFO - Processing file /home/airflow/airflow-course/venv/lib/python3.8/site-packages/airflow/example_dags/example_kubernetes_executor_config.py for tasks to queue
[2021-12-27 20:41:30,327] {logging_mixin.py:104} INFO - [2021-12-27 20:41:30,327] {dagbag.py:487} INFO - Filling up the DagBag from /home/airflow/airflow-course/venv/lib/python3.8/site-packages/airflow/example_dags/example_kubernetes_executor_config.py
[2021-12-27 20:41:30,336] {logging_mixin.py:104} INFO - [2021-12-27 20:41:30,336] {example_kubernetes_executor_config.py:175} WARNING - Could not import DAGs in example_kubernetes_executor_config.py: No module named 'kubernetes'
[2021-12-27 20:41:30,336] {logging_mixin.py:104} INFO - [2021-12-27 20:41:30,336] {example_kubernetes_executor_config.py:176} WARNING - Install kubernetes dependencies with: pip install apache-airflow['cncf.kubernetes']
[2021-12-27 20:41:30,337] {scheduler_job.py:645} WARNING - No viable dags retrieved from /home/airflow/airflow-course/venv/lib/python3.8/site-packages/airflow/example_dags/example_kubernetes_executor_config.py
[2021-12-27 20:41:30,362] {scheduler_job.py:190} INFO - Processing /home/airflow/airflow-course/venv/lib/python3.8/site-packages/airflow/example_dags/example_kubernetes_executor_config.py took 0.043 seconds
[2021-12-27 20:42:01,073] {scheduler_job.py:182} INFO - Started process (PID=4094) to work on /home/airflow/airflow-course/venv/lib/python3.8/site-packages/airflow/example_dags/example_kubernetes_executor_config.py
[2021-12-27 20:42:01,086] {scheduler_job.py:633} INFO - Processing file /home/airflow/airflow-course/venv/lib/python3.8/site-packages/airflow/example_dags/example_kubernetes_executor_config.py for tasks to queue
[2021-12-27 20:42:01,088] {logging_mixin.py:104} INFO - [2021-12-27 20:42:01,088] {dagbag.py:487} INFO - Filling up the DagBag from /home/airflow/airflow-course/venv/lib/python3.8/site-packages/airflow/example_dags/example_kubernetes_executor_config.py
[2021-12-27 20:42:01,112] {logging_mixin.py:104} INFO - [2021-12-27 20:42:01,112] {example_kubernetes_executor_config.py:175} WARNING - Could not import DAGs in example_kubernetes_executor_config.py: No module named 'kubernetes'
[2021-12-27 20:42:01,112] {logging_mixin.py:104} INFO - [2021-12-27 20:42:01,112] {example_kubernetes_executor_config.py:176} WARNING - Install kubernetes dependencies with: pip install apache-airflow['cncf.kubernetes']
[2021-12-27 20:42:01,113] {scheduler_job.py:645} WARNING - No viable dags retrieved from /home/airflow/airflow-course/venv/lib/python3.8/site-packages/airflow/example_dags/example_kubernetes_executor_config.py
[2021-12-27 20:42:01,131] {scheduler_job.py:190} INFO - Processing /home/airflow/airflow-course/venv/lib/python3.8/site-packages/airflow/example_dags/example_kubernetes_executor_config.py took 0.061 seconds
[2021-12-27 20:42:31,648] {scheduler_job.py:182} INFO - Started process (PID=4294) to work on /home/airflow/airflow-course/venv/lib/python3.8/site-packages/airflow/example_dags/example_kubernetes_executor_config.py
[2021-12-27 20:42:31,652] {scheduler_job.py:633} INFO - Processing file /home/airflow/airflow-course/venv/lib/python3.8/site-packages/airflow/example_dags/example_kubernetes_executor_config.py for tasks to queue
[2021-12-27 20:42:31,653] {logging_mixin.py:104} INFO - [2021-12-27 20:42:31,653] {dagbag.py:487} INFO - Filling up the DagBag from /home/airflow/airflow-course/venv/lib/python3.8/site-packages/airflow/example_dags/example_kubernetes_executor_config.py
[2021-12-27 20:42:31,682] {logging_mixin.py:104} INFO - [2021-12-27 20:42:31,671] {example_kubernetes_executor_config.py:175} WARNING - Could not import DAGs in example_kubernetes_executor_config.py: No module named 'kubernetes'
[2021-12-27 20:42:31,682] {logging_mixin.py:104} INFO - [2021-12-27 20:42:31,682] {example_kubernetes_executor_config.py:176} WARNING - Install kubernetes dependencies with: pip install apache-airflow['cncf.kubernetes']
[2021-12-27 20:42:31,683] {scheduler_job.py:645} WARNING - No viable dags retrieved from /home/airflow/airflow-course/venv/lib/python3.8/site-packages/airflow/example_dags/example_kubernetes_executor_config.py
[2021-12-27 20:42:31,714] {scheduler_job.py:190} INFO - Processing /home/airflow/airflow-course/venv/lib/python3.8/site-packages/airflow/example_dags/example_kubernetes_executor_config.py took 0.070 seconds
[2021-12-27 20:43:02,419] {scheduler_job.py:182} INFO - Started process (PID=4494) to work on /home/airflow/airflow-course/venv/lib/python3.8/site-packages/airflow/example_dags/example_kubernetes_executor_config.py
[2021-12-27 20:43:02,427] {scheduler_job.py:633} INFO - Processing file /home/airflow/airflow-course/venv/lib/python3.8/site-packages/airflow/example_dags/example_kubernetes_executor_config.py for tasks to queue
[2021-12-27 20:43:02,427] {logging_mixin.py:104} INFO - [2021-12-27 20:43:02,427] {dagbag.py:487} INFO - Filling up the DagBag from /home/airflow/airflow-course/venv/lib/python3.8/site-packages/airflow/example_dags/example_kubernetes_executor_config.py
[2021-12-27 20:43:02,446] {logging_mixin.py:104} INFO - [2021-12-27 20:43:02,434] {example_kubernetes_executor_config.py:175} WARNING - Could not import DAGs in example_kubernetes_executor_config.py: No module named 'kubernetes'
[2021-12-27 20:43:02,446] {logging_mixin.py:104} INFO - [2021-12-27 20:43:02,446] {example_kubernetes_executor_config.py:176} WARNING - Install kubernetes dependencies with: pip install apache-airflow['cncf.kubernetes']
[2021-12-27 20:43:02,446] {scheduler_job.py:645} WARNING - No viable dags retrieved from /home/airflow/airflow-course/venv/lib/python3.8/site-packages/airflow/example_dags/example_kubernetes_executor_config.py
[2021-12-27 20:43:02,468] {scheduler_job.py:190} INFO - Processing /home/airflow/airflow-course/venv/lib/python3.8/site-packages/airflow/example_dags/example_kubernetes_executor_config.py took 0.052 seconds
[2021-12-27 20:43:32,591] {scheduler_job.py:182} INFO - Started process (PID=4686) to work on /home/airflow/airflow-course/venv/lib/python3.8/site-packages/airflow/example_dags/example_kubernetes_executor_config.py
[2021-12-27 20:43:32,604] {scheduler_job.py:633} INFO - Processing file /home/airflow/airflow-course/venv/lib/python3.8/site-packages/airflow/example_dags/example_kubernetes_executor_config.py for tasks to queue
[2021-12-27 20:43:32,605] {logging_mixin.py:104} INFO - [2021-12-27 20:43:32,605] {dagbag.py:487} INFO - Filling up the DagBag from /home/airflow/airflow-course/venv/lib/python3.8/site-packages/airflow/example_dags/example_kubernetes_executor_config.py
[2021-12-27 20:43:32,628] {logging_mixin.py:104} INFO - [2021-12-27 20:43:32,628] {example_kubernetes_executor_config.py:175} WARNING - Could not import DAGs in example_kubernetes_executor_config.py: No module named 'kubernetes'
[2021-12-27 20:43:32,628] {logging_mixin.py:104} INFO - [2021-12-27 20:43:32,628] {example_kubernetes_executor_config.py:176} WARNING - Install kubernetes dependencies with: pip install apache-airflow['cncf.kubernetes']
[2021-12-27 20:43:32,628] {scheduler_job.py:645} WARNING - No viable dags retrieved from /home/airflow/airflow-course/venv/lib/python3.8/site-packages/airflow/example_dags/example_kubernetes_executor_config.py
[2021-12-27 20:43:32,660] {scheduler_job.py:190} INFO - Processing /home/airflow/airflow-course/venv/lib/python3.8/site-packages/airflow/example_dags/example_kubernetes_executor_config.py took 0.083 seconds
[2021-12-27 20:44:02,713] {scheduler_job.py:182} INFO - Started process (PID=4877) to work on /home/airflow/airflow-course/venv/lib/python3.8/site-packages/airflow/example_dags/example_kubernetes_executor_config.py
[2021-12-27 20:44:02,728] {scheduler_job.py:633} INFO - Processing file /home/airflow/airflow-course/venv/lib/python3.8/site-packages/airflow/example_dags/example_kubernetes_executor_config.py for tasks to queue
[2021-12-27 20:44:02,729] {logging_mixin.py:104} INFO - [2021-12-27 20:44:02,729] {dagbag.py:487} INFO - Filling up the DagBag from /home/airflow/airflow-course/venv/lib/python3.8/site-packages/airflow/example_dags/example_kubernetes_executor_config.py
[2021-12-27 20:44:02,735] {logging_mixin.py:104} INFO - [2021-12-27 20:44:02,735] {example_kubernetes_executor_config.py:175} WARNING - Could not import DAGs in example_kubernetes_executor_config.py: No module named 'kubernetes'
[2021-12-27 20:44:02,743] {logging_mixin.py:104} INFO - [2021-12-27 20:44:02,743] {example_kubernetes_executor_config.py:176} WARNING - Install kubernetes dependencies with: pip install apache-airflow['cncf.kubernetes']
[2021-12-27 20:44:02,744] {scheduler_job.py:645} WARNING - No viable dags retrieved from /home/airflow/airflow-course/venv/lib/python3.8/site-packages/airflow/example_dags/example_kubernetes_executor_config.py
[2021-12-27 20:44:02,771] {scheduler_job.py:190} INFO - Processing /home/airflow/airflow-course/venv/lib/python3.8/site-packages/airflow/example_dags/example_kubernetes_executor_config.py took 0.061 seconds
[2021-12-27 20:44:33,534] {scheduler_job.py:182} INFO - Started process (PID=5084) to work on /home/airflow/airflow-course/venv/lib/python3.8/site-packages/airflow/example_dags/example_kubernetes_executor_config.py
[2021-12-27 20:44:33,542] {scheduler_job.py:633} INFO - Processing file /home/airflow/airflow-course/venv/lib/python3.8/site-packages/airflow/example_dags/example_kubernetes_executor_config.py for tasks to queue
[2021-12-27 20:44:33,542] {logging_mixin.py:104} INFO - [2021-12-27 20:44:33,542] {dagbag.py:487} INFO - Filling up the DagBag from /home/airflow/airflow-course/venv/lib/python3.8/site-packages/airflow/example_dags/example_kubernetes_executor_config.py
[2021-12-27 20:44:33,569] {logging_mixin.py:104} INFO - [2021-12-27 20:44:33,569] {example_kubernetes_executor_config.py:175} WARNING - Could not import DAGs in example_kubernetes_executor_config.py: No module named 'kubernetes'
[2021-12-27 20:44:33,571] {logging_mixin.py:104} INFO - [2021-12-27 20:44:33,571] {example_kubernetes_executor_config.py:176} WARNING - Install kubernetes dependencies with: pip install apache-airflow['cncf.kubernetes']
[2021-12-27 20:44:33,572] {scheduler_job.py:645} WARNING - No viable dags retrieved from /home/airflow/airflow-course/venv/lib/python3.8/site-packages/airflow/example_dags/example_kubernetes_executor_config.py
[2021-12-27 20:44:33,606] {scheduler_job.py:190} INFO - Processing /home/airflow/airflow-course/venv/lib/python3.8/site-packages/airflow/example_dags/example_kubernetes_executor_config.py took 0.075 seconds
[2021-12-27 20:45:04,106] {scheduler_job.py:182} INFO - Started process (PID=5531) to work on /home/airflow/airflow-course/venv/lib/python3.8/site-packages/airflow/example_dags/example_kubernetes_executor_config.py
[2021-12-27 20:45:04,108] {scheduler_job.py:633} INFO - Processing file /home/airflow/airflow-course/venv/lib/python3.8/site-packages/airflow/example_dags/example_kubernetes_executor_config.py for tasks to queue
[2021-12-27 20:45:04,108] {logging_mixin.py:104} INFO - [2021-12-27 20:45:04,108] {dagbag.py:487} INFO - Filling up the DagBag from /home/airflow/airflow-course/venv/lib/python3.8/site-packages/airflow/example_dags/example_kubernetes_executor_config.py
[2021-12-27 20:45:04,119] {logging_mixin.py:104} INFO - [2021-12-27 20:45:04,118] {example_kubernetes_executor_config.py:175} WARNING - Could not import DAGs in example_kubernetes_executor_config.py: No module named 'kubernetes'
[2021-12-27 20:45:04,119] {logging_mixin.py:104} INFO - [2021-12-27 20:45:04,119] {example_kubernetes_executor_config.py:176} WARNING - Install kubernetes dependencies with: pip install apache-airflow['cncf.kubernetes']
[2021-12-27 20:45:04,119] {scheduler_job.py:645} WARNING - No viable dags retrieved from /home/airflow/airflow-course/venv/lib/python3.8/site-packages/airflow/example_dags/example_kubernetes_executor_config.py
[2021-12-27 20:45:04,140] {scheduler_job.py:190} INFO - Processing /home/airflow/airflow-course/venv/lib/python3.8/site-packages/airflow/example_dags/example_kubernetes_executor_config.py took 0.038 seconds
[2021-12-27 20:45:35,842] {scheduler_job.py:182} INFO - Started process (PID=5729) to work on /home/airflow/airflow-course/venv/lib/python3.8/site-packages/airflow/example_dags/example_kubernetes_executor_config.py
[2021-12-27 20:45:35,846] {scheduler_job.py:633} INFO - Processing file /home/airflow/airflow-course/venv/lib/python3.8/site-packages/airflow/example_dags/example_kubernetes_executor_config.py for tasks to queue
[2021-12-27 20:45:35,847] {logging_mixin.py:104} INFO - [2021-12-27 20:45:35,847] {dagbag.py:487} INFO - Filling up the DagBag from /home/airflow/airflow-course/venv/lib/python3.8/site-packages/airflow/example_dags/example_kubernetes_executor_config.py
[2021-12-27 20:45:35,867] {logging_mixin.py:104} INFO - [2021-12-27 20:45:35,867] {example_kubernetes_executor_config.py:175} WARNING - Could not import DAGs in example_kubernetes_executor_config.py: No module named 'kubernetes'
[2021-12-27 20:45:35,867] {logging_mixin.py:104} INFO - [2021-12-27 20:45:35,867] {example_kubernetes_executor_config.py:176} WARNING - Install kubernetes dependencies with: pip install apache-airflow['cncf.kubernetes']
[2021-12-27 20:45:35,867] {scheduler_job.py:645} WARNING - No viable dags retrieved from /home/airflow/airflow-course/venv/lib/python3.8/site-packages/airflow/example_dags/example_kubernetes_executor_config.py
[2021-12-27 20:45:35,901] {scheduler_job.py:190} INFO - Processing /home/airflow/airflow-course/venv/lib/python3.8/site-packages/airflow/example_dags/example_kubernetes_executor_config.py took 0.062 seconds
[2021-12-27 20:46:07,082] {scheduler_job.py:182} INFO - Started process (PID=5929) to work on /home/airflow/airflow-course/venv/lib/python3.8/site-packages/airflow/example_dags/example_kubernetes_executor_config.py
[2021-12-27 20:46:07,087] {scheduler_job.py:633} INFO - Processing file /home/airflow/airflow-course/venv/lib/python3.8/site-packages/airflow/example_dags/example_kubernetes_executor_config.py for tasks to queue
[2021-12-27 20:46:07,091] {logging_mixin.py:104} INFO - [2021-12-27 20:46:07,090] {dagbag.py:487} INFO - Filling up the DagBag from /home/airflow/airflow-course/venv/lib/python3.8/site-packages/airflow/example_dags/example_kubernetes_executor_config.py
[2021-12-27 20:46:07,099] {logging_mixin.py:104} INFO - [2021-12-27 20:46:07,098] {example_kubernetes_executor_config.py:175} WARNING - Could not import DAGs in example_kubernetes_executor_config.py: No module named 'kubernetes'
[2021-12-27 20:46:07,104] {logging_mixin.py:104} INFO - [2021-12-27 20:46:07,104] {example_kubernetes_executor_config.py:176} WARNING - Install kubernetes dependencies with: pip install apache-airflow['cncf.kubernetes']
[2021-12-27 20:46:07,104] {scheduler_job.py:645} WARNING - No viable dags retrieved from /home/airflow/airflow-course/venv/lib/python3.8/site-packages/airflow/example_dags/example_kubernetes_executor_config.py
[2021-12-27 20:46:07,145] {scheduler_job.py:190} INFO - Processing /home/airflow/airflow-course/venv/lib/python3.8/site-packages/airflow/example_dags/example_kubernetes_executor_config.py took 0.089 seconds
[2021-12-27 20:46:38,299] {scheduler_job.py:182} INFO - Started process (PID=6129) to work on /home/airflow/airflow-course/venv/lib/python3.8/site-packages/airflow/example_dags/example_kubernetes_executor_config.py
[2021-12-27 20:46:38,307] {scheduler_job.py:633} INFO - Processing file /home/airflow/airflow-course/venv/lib/python3.8/site-packages/airflow/example_dags/example_kubernetes_executor_config.py for tasks to queue
[2021-12-27 20:46:38,308] {logging_mixin.py:104} INFO - [2021-12-27 20:46:38,308] {dagbag.py:487} INFO - Filling up the DagBag from /home/airflow/airflow-course/venv/lib/python3.8/site-packages/airflow/example_dags/example_kubernetes_executor_config.py
[2021-12-27 20:46:38,315] {logging_mixin.py:104} INFO - [2021-12-27 20:46:38,315] {example_kubernetes_executor_config.py:175} WARNING - Could not import DAGs in example_kubernetes_executor_config.py: No module named 'kubernetes'
[2021-12-27 20:46:38,330] {logging_mixin.py:104} INFO - [2021-12-27 20:46:38,330] {example_kubernetes_executor_config.py:176} WARNING - Install kubernetes dependencies with: pip install apache-airflow['cncf.kubernetes']
[2021-12-27 20:46:38,330] {scheduler_job.py:645} WARNING - No viable dags retrieved from /home/airflow/airflow-course/venv/lib/python3.8/site-packages/airflow/example_dags/example_kubernetes_executor_config.py
[2021-12-27 20:46:38,363] {scheduler_job.py:190} INFO - Processing /home/airflow/airflow-course/venv/lib/python3.8/site-packages/airflow/example_dags/example_kubernetes_executor_config.py took 0.068 seconds
