[2021-12-27 20:39:57,085] {scheduler_job.py:182} INFO - Started process (PID=3009) to work on /home/airflow/airflow-course/venv/lib/python3.8/site-packages/airflow/example_dags/example_trigger_target_dag.py
[2021-12-27 20:39:57,086] {scheduler_job.py:633} INFO - Processing file /home/airflow/airflow-course/venv/lib/python3.8/site-packages/airflow/example_dags/example_trigger_target_dag.py for tasks to queue
[2021-12-27 20:39:57,086] {logging_mixin.py:104} INFO - [2021-12-27 20:39:57,086] {dagbag.py:487} INFO - Filling up the DagBag from /home/airflow/airflow-course/venv/lib/python3.8/site-packages/airflow/example_dags/example_trigger_target_dag.py
[2021-12-27 20:39:57,119] {scheduler_job.py:643} INFO - DAG(s) dict_keys(['example_trigger_target_dag']) retrieved from /home/airflow/airflow-course/venv/lib/python3.8/site-packages/airflow/example_dags/example_trigger_target_dag.py
[2021-12-27 20:39:57,850] {logging_mixin.py:104} INFO - [2021-12-27 20:39:57,850] {dag.py:1832} INFO - Sync 1 DAGs
[2021-12-27 20:39:57,874] {logging_mixin.py:104} INFO - [2021-12-27 20:39:57,874] {dag.py:2305} INFO - Setting next_dagrun for example_trigger_target_dag to None
[2021-12-27 20:39:57,916] {scheduler_job.py:190} INFO - Processing /home/airflow/airflow-course/venv/lib/python3.8/site-packages/airflow/example_dags/example_trigger_target_dag.py took 0.835 seconds
[2021-12-27 20:40:28,076] {scheduler_job.py:182} INFO - Started process (PID=3344) to work on /home/airflow/airflow-course/venv/lib/python3.8/site-packages/airflow/example_dags/example_trigger_target_dag.py
[2021-12-27 20:40:28,077] {scheduler_job.py:633} INFO - Processing file /home/airflow/airflow-course/venv/lib/python3.8/site-packages/airflow/example_dags/example_trigger_target_dag.py for tasks to queue
[2021-12-27 20:40:28,078] {logging_mixin.py:104} INFO - [2021-12-27 20:40:28,078] {dagbag.py:487} INFO - Filling up the DagBag from /home/airflow/airflow-course/venv/lib/python3.8/site-packages/airflow/example_dags/example_trigger_target_dag.py
[2021-12-27 20:40:28,100] {scheduler_job.py:643} INFO - DAG(s) dict_keys(['example_trigger_target_dag']) retrieved from /home/airflow/airflow-course/venv/lib/python3.8/site-packages/airflow/example_dags/example_trigger_target_dag.py
[2021-12-27 20:40:28,131] {logging_mixin.py:104} INFO - [2021-12-27 20:40:28,131] {dag.py:1832} INFO - Sync 1 DAGs
[2021-12-27 20:40:28,144] {logging_mixin.py:104} INFO - [2021-12-27 20:40:28,144] {dag.py:2305} INFO - Setting next_dagrun for example_trigger_target_dag to None
[2021-12-27 20:40:28,163] {scheduler_job.py:190} INFO - Processing /home/airflow/airflow-course/venv/lib/python3.8/site-packages/airflow/example_dags/example_trigger_target_dag.py took 0.092 seconds
[2021-12-27 20:40:58,622] {scheduler_job.py:182} INFO - Started process (PID=3678) to work on /home/airflow/airflow-course/venv/lib/python3.8/site-packages/airflow/example_dags/example_trigger_target_dag.py
[2021-12-27 20:40:58,623] {scheduler_job.py:633} INFO - Processing file /home/airflow/airflow-course/venv/lib/python3.8/site-packages/airflow/example_dags/example_trigger_target_dag.py for tasks to queue
[2021-12-27 20:40:58,624] {logging_mixin.py:104} INFO - [2021-12-27 20:40:58,624] {dagbag.py:487} INFO - Filling up the DagBag from /home/airflow/airflow-course/venv/lib/python3.8/site-packages/airflow/example_dags/example_trigger_target_dag.py
[2021-12-27 20:40:58,636] {scheduler_job.py:643} INFO - DAG(s) dict_keys(['example_trigger_target_dag']) retrieved from /home/airflow/airflow-course/venv/lib/python3.8/site-packages/airflow/example_dags/example_trigger_target_dag.py
[2021-12-27 20:40:58,696] {logging_mixin.py:104} INFO - [2021-12-27 20:40:58,696] {dag.py:1832} INFO - Sync 1 DAGs
[2021-12-27 20:40:58,731] {logging_mixin.py:104} INFO - [2021-12-27 20:40:58,730] {dag.py:2305} INFO - Setting next_dagrun for example_trigger_target_dag to None
[2021-12-27 20:40:58,758] {scheduler_job.py:190} INFO - Processing /home/airflow/airflow-course/venv/lib/python3.8/site-packages/airflow/example_dags/example_trigger_target_dag.py took 0.138 seconds
[2021-12-27 20:41:29,696] {scheduler_job.py:182} INFO - Started process (PID=3877) to work on /home/airflow/airflow-course/venv/lib/python3.8/site-packages/airflow/example_dags/example_trigger_target_dag.py
[2021-12-27 20:41:29,698] {scheduler_job.py:633} INFO - Processing file /home/airflow/airflow-course/venv/lib/python3.8/site-packages/airflow/example_dags/example_trigger_target_dag.py for tasks to queue
[2021-12-27 20:41:29,706] {logging_mixin.py:104} INFO - [2021-12-27 20:41:29,706] {dagbag.py:487} INFO - Filling up the DagBag from /home/airflow/airflow-course/venv/lib/python3.8/site-packages/airflow/example_dags/example_trigger_target_dag.py
[2021-12-27 20:41:29,735] {scheduler_job.py:643} INFO - DAG(s) dict_keys(['example_trigger_target_dag']) retrieved from /home/airflow/airflow-course/venv/lib/python3.8/site-packages/airflow/example_dags/example_trigger_target_dag.py
[2021-12-27 20:41:29,826] {logging_mixin.py:104} INFO - [2021-12-27 20:41:29,826] {dag.py:1832} INFO - Sync 1 DAGs
[2021-12-27 20:41:29,867] {logging_mixin.py:104} INFO - [2021-12-27 20:41:29,867] {dag.py:2305} INFO - Setting next_dagrun for example_trigger_target_dag to None
[2021-12-27 20:41:29,888] {scheduler_job.py:190} INFO - Processing /home/airflow/airflow-course/venv/lib/python3.8/site-packages/airflow/example_dags/example_trigger_target_dag.py took 0.196 seconds
[2021-12-27 20:42:00,232] {scheduler_job.py:182} INFO - Started process (PID=4075) to work on /home/airflow/airflow-course/venv/lib/python3.8/site-packages/airflow/example_dags/example_trigger_target_dag.py
[2021-12-27 20:42:00,239] {scheduler_job.py:633} INFO - Processing file /home/airflow/airflow-course/venv/lib/python3.8/site-packages/airflow/example_dags/example_trigger_target_dag.py for tasks to queue
[2021-12-27 20:42:00,246] {logging_mixin.py:104} INFO - [2021-12-27 20:42:00,246] {dagbag.py:487} INFO - Filling up the DagBag from /home/airflow/airflow-course/venv/lib/python3.8/site-packages/airflow/example_dags/example_trigger_target_dag.py
[2021-12-27 20:42:00,273] {scheduler_job.py:643} INFO - DAG(s) dict_keys(['example_trigger_target_dag']) retrieved from /home/airflow/airflow-course/venv/lib/python3.8/site-packages/airflow/example_dags/example_trigger_target_dag.py
[2021-12-27 20:42:00,332] {logging_mixin.py:104} INFO - [2021-12-27 20:42:00,332] {dag.py:1832} INFO - Sync 1 DAGs
[2021-12-27 20:42:00,366] {logging_mixin.py:104} INFO - [2021-12-27 20:42:00,366] {dag.py:2305} INFO - Setting next_dagrun for example_trigger_target_dag to None
[2021-12-27 20:42:00,515] {scheduler_job.py:190} INFO - Processing /home/airflow/airflow-course/venv/lib/python3.8/site-packages/airflow/example_dags/example_trigger_target_dag.py took 0.287 seconds
[2021-12-27 20:42:30,928] {scheduler_job.py:182} INFO - Started process (PID=4270) to work on /home/airflow/airflow-course/venv/lib/python3.8/site-packages/airflow/example_dags/example_trigger_target_dag.py
[2021-12-27 20:42:30,937] {scheduler_job.py:633} INFO - Processing file /home/airflow/airflow-course/venv/lib/python3.8/site-packages/airflow/example_dags/example_trigger_target_dag.py for tasks to queue
[2021-12-27 20:42:30,940] {logging_mixin.py:104} INFO - [2021-12-27 20:42:30,940] {dagbag.py:487} INFO - Filling up the DagBag from /home/airflow/airflow-course/venv/lib/python3.8/site-packages/airflow/example_dags/example_trigger_target_dag.py
[2021-12-27 20:42:30,982] {scheduler_job.py:643} INFO - DAG(s) dict_keys(['example_trigger_target_dag']) retrieved from /home/airflow/airflow-course/venv/lib/python3.8/site-packages/airflow/example_dags/example_trigger_target_dag.py
[2021-12-27 20:42:31,051] {logging_mixin.py:104} INFO - [2021-12-27 20:42:31,051] {dag.py:1832} INFO - Sync 1 DAGs
[2021-12-27 20:42:31,094] {logging_mixin.py:104} INFO - [2021-12-27 20:42:31,093] {dag.py:2305} INFO - Setting next_dagrun for example_trigger_target_dag to None
[2021-12-27 20:42:31,265] {scheduler_job.py:190} INFO - Processing /home/airflow/airflow-course/venv/lib/python3.8/site-packages/airflow/example_dags/example_trigger_target_dag.py took 0.342 seconds
[2021-12-27 20:43:01,606] {scheduler_job.py:182} INFO - Started process (PID=4470) to work on /home/airflow/airflow-course/venv/lib/python3.8/site-packages/airflow/example_dags/example_trigger_target_dag.py
[2021-12-27 20:43:01,617] {scheduler_job.py:633} INFO - Processing file /home/airflow/airflow-course/venv/lib/python3.8/site-packages/airflow/example_dags/example_trigger_target_dag.py for tasks to queue
[2021-12-27 20:43:01,618] {logging_mixin.py:104} INFO - [2021-12-27 20:43:01,618] {dagbag.py:487} INFO - Filling up the DagBag from /home/airflow/airflow-course/venv/lib/python3.8/site-packages/airflow/example_dags/example_trigger_target_dag.py
[2021-12-27 20:43:01,649] {scheduler_job.py:643} INFO - DAG(s) dict_keys(['example_trigger_target_dag']) retrieved from /home/airflow/airflow-course/venv/lib/python3.8/site-packages/airflow/example_dags/example_trigger_target_dag.py
[2021-12-27 20:43:01,727] {logging_mixin.py:104} INFO - [2021-12-27 20:43:01,727] {dag.py:1832} INFO - Sync 1 DAGs
[2021-12-27 20:43:01,762] {logging_mixin.py:104} INFO - [2021-12-27 20:43:01,762] {dag.py:2305} INFO - Setting next_dagrun for example_trigger_target_dag to None
[2021-12-27 20:43:01,987] {scheduler_job.py:190} INFO - Processing /home/airflow/airflow-course/venv/lib/python3.8/site-packages/airflow/example_dags/example_trigger_target_dag.py took 0.384 seconds
[2021-12-27 20:43:32,134] {scheduler_job.py:182} INFO - Started process (PID=4669) to work on /home/airflow/airflow-course/venv/lib/python3.8/site-packages/airflow/example_dags/example_trigger_target_dag.py
[2021-12-27 20:43:32,160] {scheduler_job.py:633} INFO - Processing file /home/airflow/airflow-course/venv/lib/python3.8/site-packages/airflow/example_dags/example_trigger_target_dag.py for tasks to queue
[2021-12-27 20:43:32,161] {logging_mixin.py:104} INFO - [2021-12-27 20:43:32,161] {dagbag.py:487} INFO - Filling up the DagBag from /home/airflow/airflow-course/venv/lib/python3.8/site-packages/airflow/example_dags/example_trigger_target_dag.py
[2021-12-27 20:43:32,189] {scheduler_job.py:643} INFO - DAG(s) dict_keys(['example_trigger_target_dag']) retrieved from /home/airflow/airflow-course/venv/lib/python3.8/site-packages/airflow/example_dags/example_trigger_target_dag.py
[2021-12-27 20:43:32,252] {logging_mixin.py:104} INFO - [2021-12-27 20:43:32,251] {dag.py:1832} INFO - Sync 1 DAGs
[2021-12-27 20:43:32,426] {logging_mixin.py:104} INFO - [2021-12-27 20:43:32,426] {dag.py:2305} INFO - Setting next_dagrun for example_trigger_target_dag to None
[2021-12-27 20:43:32,461] {scheduler_job.py:190} INFO - Processing /home/airflow/airflow-course/venv/lib/python3.8/site-packages/airflow/example_dags/example_trigger_target_dag.py took 0.331 seconds
[2021-12-27 20:44:02,507] {scheduler_job.py:182} INFO - Started process (PID=4870) to work on /home/airflow/airflow-course/venv/lib/python3.8/site-packages/airflow/example_dags/example_trigger_target_dag.py
[2021-12-27 20:44:02,509] {scheduler_job.py:633} INFO - Processing file /home/airflow/airflow-course/venv/lib/python3.8/site-packages/airflow/example_dags/example_trigger_target_dag.py for tasks to queue
[2021-12-27 20:44:02,509] {logging_mixin.py:104} INFO - [2021-12-27 20:44:02,509] {dagbag.py:487} INFO - Filling up the DagBag from /home/airflow/airflow-course/venv/lib/python3.8/site-packages/airflow/example_dags/example_trigger_target_dag.py
[2021-12-27 20:44:02,536] {scheduler_job.py:643} INFO - DAG(s) dict_keys(['example_trigger_target_dag']) retrieved from /home/airflow/airflow-course/venv/lib/python3.8/site-packages/airflow/example_dags/example_trigger_target_dag.py
[2021-12-27 20:44:02,587] {logging_mixin.py:104} INFO - [2021-12-27 20:44:02,587] {dag.py:1832} INFO - Sync 1 DAGs
[2021-12-27 20:44:02,660] {logging_mixin.py:104} INFO - [2021-12-27 20:44:02,660] {dag.py:2305} INFO - Setting next_dagrun for example_trigger_target_dag to None
[2021-12-27 20:44:02,678] {scheduler_job.py:190} INFO - Processing /home/airflow/airflow-course/venv/lib/python3.8/site-packages/airflow/example_dags/example_trigger_target_dag.py took 0.175 seconds
[2021-12-27 20:44:33,105] {scheduler_job.py:182} INFO - Started process (PID=5067) to work on /home/airflow/airflow-course/venv/lib/python3.8/site-packages/airflow/example_dags/example_trigger_target_dag.py
[2021-12-27 20:44:33,112] {scheduler_job.py:633} INFO - Processing file /home/airflow/airflow-course/venv/lib/python3.8/site-packages/airflow/example_dags/example_trigger_target_dag.py for tasks to queue
[2021-12-27 20:44:33,120] {logging_mixin.py:104} INFO - [2021-12-27 20:44:33,120] {dagbag.py:487} INFO - Filling up the DagBag from /home/airflow/airflow-course/venv/lib/python3.8/site-packages/airflow/example_dags/example_trigger_target_dag.py
[2021-12-27 20:44:33,162] {scheduler_job.py:643} INFO - DAG(s) dict_keys(['example_trigger_target_dag']) retrieved from /home/airflow/airflow-course/venv/lib/python3.8/site-packages/airflow/example_dags/example_trigger_target_dag.py
[2021-12-27 20:44:33,223] {logging_mixin.py:104} INFO - [2021-12-27 20:44:33,223] {dag.py:1832} INFO - Sync 1 DAGs
[2021-12-27 20:44:33,393] {logging_mixin.py:104} INFO - [2021-12-27 20:44:33,393] {dag.py:2305} INFO - Setting next_dagrun for example_trigger_target_dag to None
[2021-12-27 20:44:33,412] {scheduler_job.py:190} INFO - Processing /home/airflow/airflow-course/venv/lib/python3.8/site-packages/airflow/example_dags/example_trigger_target_dag.py took 0.323 seconds
[2021-12-27 20:45:03,565] {scheduler_job.py:182} INFO - Started process (PID=5513) to work on /home/airflow/airflow-course/venv/lib/python3.8/site-packages/airflow/example_dags/example_trigger_target_dag.py
[2021-12-27 20:45:03,579] {scheduler_job.py:633} INFO - Processing file /home/airflow/airflow-course/venv/lib/python3.8/site-packages/airflow/example_dags/example_trigger_target_dag.py for tasks to queue
[2021-12-27 20:45:03,579] {logging_mixin.py:104} INFO - [2021-12-27 20:45:03,579] {dagbag.py:487} INFO - Filling up the DagBag from /home/airflow/airflow-course/venv/lib/python3.8/site-packages/airflow/example_dags/example_trigger_target_dag.py
[2021-12-27 20:45:03,606] {scheduler_job.py:643} INFO - DAG(s) dict_keys(['example_trigger_target_dag']) retrieved from /home/airflow/airflow-course/venv/lib/python3.8/site-packages/airflow/example_dags/example_trigger_target_dag.py
[2021-12-27 20:45:03,686] {logging_mixin.py:104} INFO - [2021-12-27 20:45:03,686] {dag.py:1832} INFO - Sync 1 DAGs
[2021-12-27 20:45:03,842] {logging_mixin.py:104} INFO - [2021-12-27 20:45:03,842] {dag.py:2305} INFO - Setting next_dagrun for example_trigger_target_dag to None
[2021-12-27 20:45:03,875] {scheduler_job.py:190} INFO - Processing /home/airflow/airflow-course/venv/lib/python3.8/site-packages/airflow/example_dags/example_trigger_target_dag.py took 0.323 seconds
[2021-12-27 20:45:35,386] {scheduler_job.py:182} INFO - Started process (PID=5711) to work on /home/airflow/airflow-course/venv/lib/python3.8/site-packages/airflow/example_dags/example_trigger_target_dag.py
[2021-12-27 20:45:35,391] {scheduler_job.py:633} INFO - Processing file /home/airflow/airflow-course/venv/lib/python3.8/site-packages/airflow/example_dags/example_trigger_target_dag.py for tasks to queue
[2021-12-27 20:45:35,394] {logging_mixin.py:104} INFO - [2021-12-27 20:45:35,394] {dagbag.py:487} INFO - Filling up the DagBag from /home/airflow/airflow-course/venv/lib/python3.8/site-packages/airflow/example_dags/example_trigger_target_dag.py
[2021-12-27 20:45:35,417] {scheduler_job.py:643} INFO - DAG(s) dict_keys(['example_trigger_target_dag']) retrieved from /home/airflow/airflow-course/venv/lib/python3.8/site-packages/airflow/example_dags/example_trigger_target_dag.py
[2021-12-27 20:45:35,486] {logging_mixin.py:104} INFO - [2021-12-27 20:45:35,485] {dag.py:1832} INFO - Sync 1 DAGs
[2021-12-27 20:45:35,657] {logging_mixin.py:104} INFO - [2021-12-27 20:45:35,657] {dag.py:2305} INFO - Setting next_dagrun for example_trigger_target_dag to None
[2021-12-27 20:45:35,679] {scheduler_job.py:190} INFO - Processing /home/airflow/airflow-course/venv/lib/python3.8/site-packages/airflow/example_dags/example_trigger_target_dag.py took 0.297 seconds
[2021-12-27 20:46:06,394] {scheduler_job.py:182} INFO - Started process (PID=5911) to work on /home/airflow/airflow-course/venv/lib/python3.8/site-packages/airflow/example_dags/example_trigger_target_dag.py
[2021-12-27 20:46:06,400] {scheduler_job.py:633} INFO - Processing file /home/airflow/airflow-course/venv/lib/python3.8/site-packages/airflow/example_dags/example_trigger_target_dag.py for tasks to queue
[2021-12-27 20:46:06,410] {logging_mixin.py:104} INFO - [2021-12-27 20:46:06,410] {dagbag.py:487} INFO - Filling up the DagBag from /home/airflow/airflow-course/venv/lib/python3.8/site-packages/airflow/example_dags/example_trigger_target_dag.py
[2021-12-27 20:46:06,438] {scheduler_job.py:643} INFO - DAG(s) dict_keys(['example_trigger_target_dag']) retrieved from /home/airflow/airflow-course/venv/lib/python3.8/site-packages/airflow/example_dags/example_trigger_target_dag.py
[2021-12-27 20:46:06,501] {logging_mixin.py:104} INFO - [2021-12-27 20:46:06,501] {dag.py:1832} INFO - Sync 1 DAGs
[2021-12-27 20:46:06,695] {logging_mixin.py:104} INFO - [2021-12-27 20:46:06,695] {dag.py:2305} INFO - Setting next_dagrun for example_trigger_target_dag to None
[2021-12-27 20:46:06,724] {scheduler_job.py:190} INFO - Processing /home/airflow/airflow-course/venv/lib/python3.8/site-packages/airflow/example_dags/example_trigger_target_dag.py took 0.332 seconds
[2021-12-27 20:46:37,859] {scheduler_job.py:182} INFO - Started process (PID=6111) to work on /home/airflow/airflow-course/venv/lib/python3.8/site-packages/airflow/example_dags/example_trigger_target_dag.py
[2021-12-27 20:46:37,860] {scheduler_job.py:633} INFO - Processing file /home/airflow/airflow-course/venv/lib/python3.8/site-packages/airflow/example_dags/example_trigger_target_dag.py for tasks to queue
[2021-12-27 20:46:37,861] {logging_mixin.py:104} INFO - [2021-12-27 20:46:37,861] {dagbag.py:487} INFO - Filling up the DagBag from /home/airflow/airflow-course/venv/lib/python3.8/site-packages/airflow/example_dags/example_trigger_target_dag.py
[2021-12-27 20:46:37,904] {scheduler_job.py:643} INFO - DAG(s) dict_keys(['example_trigger_target_dag']) retrieved from /home/airflow/airflow-course/venv/lib/python3.8/site-packages/airflow/example_dags/example_trigger_target_dag.py
[2021-12-27 20:46:37,955] {logging_mixin.py:104} INFO - [2021-12-27 20:46:37,955] {dag.py:1832} INFO - Sync 1 DAGs
[2021-12-27 20:46:38,132] {logging_mixin.py:104} INFO - [2021-12-27 20:46:38,132] {dag.py:2305} INFO - Setting next_dagrun for example_trigger_target_dag to None
[2021-12-27 20:46:38,153] {scheduler_job.py:190} INFO - Processing /home/airflow/airflow-course/venv/lib/python3.8/site-packages/airflow/example_dags/example_trigger_target_dag.py took 0.299 seconds
