[2021-12-27 20:39:55,339] {scheduler_job.py:182} INFO - Started process (PID=2985) to work on /home/airflow/airflow-course/venv/lib/python3.8/site-packages/airflow/example_dags/example_python_operator.py
[2021-12-27 20:39:55,340] {scheduler_job.py:633} INFO - Processing file /home/airflow/airflow-course/venv/lib/python3.8/site-packages/airflow/example_dags/example_python_operator.py for tasks to queue
[2021-12-27 20:39:55,345] {logging_mixin.py:104} INFO - [2021-12-27 20:39:55,345] {dagbag.py:487} INFO - Filling up the DagBag from /home/airflow/airflow-course/venv/lib/python3.8/site-packages/airflow/example_dags/example_python_operator.py
[2021-12-27 20:39:55,362] {scheduler_job.py:643} INFO - DAG(s) dict_keys(['example_python_operator']) retrieved from /home/airflow/airflow-course/venv/lib/python3.8/site-packages/airflow/example_dags/example_python_operator.py
[2021-12-27 20:39:56,006] {logging_mixin.py:104} INFO - [2021-12-27 20:39:56,006] {dag.py:1832} INFO - Sync 1 DAGs
[2021-12-27 20:39:56,040] {logging_mixin.py:104} INFO - [2021-12-27 20:39:56,040] {dag.py:2305} INFO - Setting next_dagrun for example_python_operator to None
[2021-12-27 20:39:56,081] {scheduler_job.py:190} INFO - Processing /home/airflow/airflow-course/venv/lib/python3.8/site-packages/airflow/example_dags/example_python_operator.py took 0.745 seconds
[2021-12-27 20:40:26,228] {scheduler_job.py:182} INFO - Started process (PID=3318) to work on /home/airflow/airflow-course/venv/lib/python3.8/site-packages/airflow/example_dags/example_python_operator.py
[2021-12-27 20:40:26,234] {scheduler_job.py:633} INFO - Processing file /home/airflow/airflow-course/venv/lib/python3.8/site-packages/airflow/example_dags/example_python_operator.py for tasks to queue
[2021-12-27 20:40:26,235] {logging_mixin.py:104} INFO - [2021-12-27 20:40:26,235] {dagbag.py:487} INFO - Filling up the DagBag from /home/airflow/airflow-course/venv/lib/python3.8/site-packages/airflow/example_dags/example_python_operator.py
[2021-12-27 20:40:26,271] {scheduler_job.py:643} INFO - DAG(s) dict_keys(['example_python_operator']) retrieved from /home/airflow/airflow-course/venv/lib/python3.8/site-packages/airflow/example_dags/example_python_operator.py
[2021-12-27 20:40:26,303] {logging_mixin.py:104} INFO - [2021-12-27 20:40:26,303] {dag.py:1832} INFO - Sync 1 DAGs
[2021-12-27 20:40:26,323] {logging_mixin.py:104} INFO - [2021-12-27 20:40:26,323] {dag.py:2305} INFO - Setting next_dagrun for example_python_operator to None
[2021-12-27 20:40:26,340] {scheduler_job.py:190} INFO - Processing /home/airflow/airflow-course/venv/lib/python3.8/site-packages/airflow/example_dags/example_python_operator.py took 0.115 seconds
[2021-12-27 20:40:57,164] {scheduler_job.py:182} INFO - Started process (PID=3654) to work on /home/airflow/airflow-course/venv/lib/python3.8/site-packages/airflow/example_dags/example_python_operator.py
[2021-12-27 20:40:57,167] {scheduler_job.py:633} INFO - Processing file /home/airflow/airflow-course/venv/lib/python3.8/site-packages/airflow/example_dags/example_python_operator.py for tasks to queue
[2021-12-27 20:40:57,170] {logging_mixin.py:104} INFO - [2021-12-27 20:40:57,169] {dagbag.py:487} INFO - Filling up the DagBag from /home/airflow/airflow-course/venv/lib/python3.8/site-packages/airflow/example_dags/example_python_operator.py
[2021-12-27 20:40:57,193] {scheduler_job.py:643} INFO - DAG(s) dict_keys(['example_python_operator']) retrieved from /home/airflow/airflow-course/venv/lib/python3.8/site-packages/airflow/example_dags/example_python_operator.py
[2021-12-27 20:40:57,218] {logging_mixin.py:104} INFO - [2021-12-27 20:40:57,218] {dag.py:1832} INFO - Sync 1 DAGs
[2021-12-27 20:40:57,234] {logging_mixin.py:104} INFO - [2021-12-27 20:40:57,234] {dag.py:2305} INFO - Setting next_dagrun for example_python_operator to None
[2021-12-27 20:40:57,246] {scheduler_job.py:190} INFO - Processing /home/airflow/airflow-course/venv/lib/python3.8/site-packages/airflow/example_dags/example_python_operator.py took 0.086 seconds
[2021-12-27 20:41:28,169] {scheduler_job.py:182} INFO - Started process (PID=3853) to work on /home/airflow/airflow-course/venv/lib/python3.8/site-packages/airflow/example_dags/example_python_operator.py
[2021-12-27 20:41:28,174] {scheduler_job.py:633} INFO - Processing file /home/airflow/airflow-course/venv/lib/python3.8/site-packages/airflow/example_dags/example_python_operator.py for tasks to queue
[2021-12-27 20:41:28,181] {logging_mixin.py:104} INFO - [2021-12-27 20:41:28,181] {dagbag.py:487} INFO - Filling up the DagBag from /home/airflow/airflow-course/venv/lib/python3.8/site-packages/airflow/example_dags/example_python_operator.py
[2021-12-27 20:41:28,202] {scheduler_job.py:643} INFO - DAG(s) dict_keys(['example_python_operator']) retrieved from /home/airflow/airflow-course/venv/lib/python3.8/site-packages/airflow/example_dags/example_python_operator.py
[2021-12-27 20:41:28,238] {logging_mixin.py:104} INFO - [2021-12-27 20:41:28,234] {dag.py:1832} INFO - Sync 1 DAGs
[2021-12-27 20:41:28,255] {logging_mixin.py:104} INFO - [2021-12-27 20:41:28,255] {dag.py:2305} INFO - Setting next_dagrun for example_python_operator to None
[2021-12-27 20:41:28,274] {scheduler_job.py:190} INFO - Processing /home/airflow/airflow-course/venv/lib/python3.8/site-packages/airflow/example_dags/example_python_operator.py took 0.116 seconds
[2021-12-27 20:41:58,625] {scheduler_job.py:182} INFO - Started process (PID=4052) to work on /home/airflow/airflow-course/venv/lib/python3.8/site-packages/airflow/example_dags/example_python_operator.py
[2021-12-27 20:41:58,626] {scheduler_job.py:633} INFO - Processing file /home/airflow/airflow-course/venv/lib/python3.8/site-packages/airflow/example_dags/example_python_operator.py for tasks to queue
[2021-12-27 20:41:58,639] {logging_mixin.py:104} INFO - [2021-12-27 20:41:58,627] {dagbag.py:487} INFO - Filling up the DagBag from /home/airflow/airflow-course/venv/lib/python3.8/site-packages/airflow/example_dags/example_python_operator.py
[2021-12-27 20:41:58,667] {scheduler_job.py:643} INFO - DAG(s) dict_keys(['example_python_operator']) retrieved from /home/airflow/airflow-course/venv/lib/python3.8/site-packages/airflow/example_dags/example_python_operator.py
[2021-12-27 20:41:58,733] {logging_mixin.py:104} INFO - [2021-12-27 20:41:58,733] {dag.py:1832} INFO - Sync 1 DAGs
[2021-12-27 20:41:58,767] {logging_mixin.py:104} INFO - [2021-12-27 20:41:58,767] {dag.py:2305} INFO - Setting next_dagrun for example_python_operator to None
[2021-12-27 20:41:58,853] {scheduler_job.py:190} INFO - Processing /home/airflow/airflow-course/venv/lib/python3.8/site-packages/airflow/example_dags/example_python_operator.py took 0.232 seconds
[2021-12-27 20:42:29,371] {scheduler_job.py:182} INFO - Started process (PID=4252) to work on /home/airflow/airflow-course/venv/lib/python3.8/site-packages/airflow/example_dags/example_python_operator.py
[2021-12-27 20:42:29,373] {scheduler_job.py:633} INFO - Processing file /home/airflow/airflow-course/venv/lib/python3.8/site-packages/airflow/example_dags/example_python_operator.py for tasks to queue
[2021-12-27 20:42:29,375] {logging_mixin.py:104} INFO - [2021-12-27 20:42:29,375] {dagbag.py:487} INFO - Filling up the DagBag from /home/airflow/airflow-course/venv/lib/python3.8/site-packages/airflow/example_dags/example_python_operator.py
[2021-12-27 20:42:29,403] {scheduler_job.py:643} INFO - DAG(s) dict_keys(['example_python_operator']) retrieved from /home/airflow/airflow-course/venv/lib/python3.8/site-packages/airflow/example_dags/example_python_operator.py
[2021-12-27 20:42:29,480] {logging_mixin.py:104} INFO - [2021-12-27 20:42:29,480] {dag.py:1832} INFO - Sync 1 DAGs
[2021-12-27 20:42:29,506] {logging_mixin.py:104} INFO - [2021-12-27 20:42:29,506] {dag.py:2305} INFO - Setting next_dagrun for example_python_operator to None
[2021-12-27 20:42:29,611] {scheduler_job.py:190} INFO - Processing /home/airflow/airflow-course/venv/lib/python3.8/site-packages/airflow/example_dags/example_python_operator.py took 0.246 seconds
[2021-12-27 20:42:59,973] {scheduler_job.py:182} INFO - Started process (PID=4452) to work on /home/airflow/airflow-course/venv/lib/python3.8/site-packages/airflow/example_dags/example_python_operator.py
[2021-12-27 20:42:59,975] {scheduler_job.py:633} INFO - Processing file /home/airflow/airflow-course/venv/lib/python3.8/site-packages/airflow/example_dags/example_python_operator.py for tasks to queue
[2021-12-27 20:42:59,976] {logging_mixin.py:104} INFO - [2021-12-27 20:42:59,975] {dagbag.py:487} INFO - Filling up the DagBag from /home/airflow/airflow-course/venv/lib/python3.8/site-packages/airflow/example_dags/example_python_operator.py
[2021-12-27 20:43:00,004] {scheduler_job.py:643} INFO - DAG(s) dict_keys(['example_python_operator']) retrieved from /home/airflow/airflow-course/venv/lib/python3.8/site-packages/airflow/example_dags/example_python_operator.py
[2021-12-27 20:43:00,081] {logging_mixin.py:104} INFO - [2021-12-27 20:43:00,081] {dag.py:1832} INFO - Sync 1 DAGs
[2021-12-27 20:43:00,114] {logging_mixin.py:104} INFO - [2021-12-27 20:43:00,114] {dag.py:2305} INFO - Setting next_dagrun for example_python_operator to None
[2021-12-27 20:43:00,215] {scheduler_job.py:190} INFO - Processing /home/airflow/airflow-course/venv/lib/python3.8/site-packages/airflow/example_dags/example_python_operator.py took 0.260 seconds
[2021-12-27 20:43:30,475] {scheduler_job.py:182} INFO - Started process (PID=4651) to work on /home/airflow/airflow-course/venv/lib/python3.8/site-packages/airflow/example_dags/example_python_operator.py
[2021-12-27 20:43:30,490] {scheduler_job.py:633} INFO - Processing file /home/airflow/airflow-course/venv/lib/python3.8/site-packages/airflow/example_dags/example_python_operator.py for tasks to queue
[2021-12-27 20:43:30,490] {logging_mixin.py:104} INFO - [2021-12-27 20:43:30,490] {dagbag.py:487} INFO - Filling up the DagBag from /home/airflow/airflow-course/venv/lib/python3.8/site-packages/airflow/example_dags/example_python_operator.py
[2021-12-27 20:43:30,524] {scheduler_job.py:643} INFO - DAG(s) dict_keys(['example_python_operator']) retrieved from /home/airflow/airflow-course/venv/lib/python3.8/site-packages/airflow/example_dags/example_python_operator.py
[2021-12-27 20:43:30,598] {logging_mixin.py:104} INFO - [2021-12-27 20:43:30,598] {dag.py:1832} INFO - Sync 1 DAGs
[2021-12-27 20:43:30,627] {logging_mixin.py:104} INFO - [2021-12-27 20:43:30,627] {dag.py:2305} INFO - Setting next_dagrun for example_python_operator to None
[2021-12-27 20:43:30,719] {scheduler_job.py:190} INFO - Processing /home/airflow/airflow-course/venv/lib/python3.8/site-packages/airflow/example_dags/example_python_operator.py took 0.248 seconds
[2021-12-27 20:44:01,059] {scheduler_job.py:182} INFO - Started process (PID=4850) to work on /home/airflow/airflow-course/venv/lib/python3.8/site-packages/airflow/example_dags/example_python_operator.py
[2021-12-27 20:44:01,063] {scheduler_job.py:633} INFO - Processing file /home/airflow/airflow-course/venv/lib/python3.8/site-packages/airflow/example_dags/example_python_operator.py for tasks to queue
[2021-12-27 20:44:01,074] {logging_mixin.py:104} INFO - [2021-12-27 20:44:01,074] {dagbag.py:487} INFO - Filling up the DagBag from /home/airflow/airflow-course/venv/lib/python3.8/site-packages/airflow/example_dags/example_python_operator.py
[2021-12-27 20:44:01,100] {scheduler_job.py:643} INFO - DAG(s) dict_keys(['example_python_operator']) retrieved from /home/airflow/airflow-course/venv/lib/python3.8/site-packages/airflow/example_dags/example_python_operator.py
[2021-12-27 20:44:01,152] {logging_mixin.py:104} INFO - [2021-12-27 20:44:01,152] {dag.py:1832} INFO - Sync 1 DAGs
[2021-12-27 20:44:01,244] {logging_mixin.py:104} INFO - [2021-12-27 20:44:01,244] {dag.py:2305} INFO - Setting next_dagrun for example_python_operator to None
[2021-12-27 20:44:01,254] {scheduler_job.py:190} INFO - Processing /home/airflow/airflow-course/venv/lib/python3.8/site-packages/airflow/example_dags/example_python_operator.py took 0.199 seconds
[2021-12-27 20:44:31,476] {scheduler_job.py:182} INFO - Started process (PID=5051) to work on /home/airflow/airflow-course/venv/lib/python3.8/site-packages/airflow/example_dags/example_python_operator.py
[2021-12-27 20:44:31,488] {scheduler_job.py:633} INFO - Processing file /home/airflow/airflow-course/venv/lib/python3.8/site-packages/airflow/example_dags/example_python_operator.py for tasks to queue
[2021-12-27 20:44:31,490] {logging_mixin.py:104} INFO - [2021-12-27 20:44:31,490] {dagbag.py:487} INFO - Filling up the DagBag from /home/airflow/airflow-course/venv/lib/python3.8/site-packages/airflow/example_dags/example_python_operator.py
[2021-12-27 20:44:31,506] {scheduler_job.py:643} INFO - DAG(s) dict_keys(['example_python_operator']) retrieved from /home/airflow/airflow-course/venv/lib/python3.8/site-packages/airflow/example_dags/example_python_operator.py
[2021-12-27 20:44:31,541] {logging_mixin.py:104} INFO - [2021-12-27 20:44:31,541] {dag.py:1832} INFO - Sync 1 DAGs
[2021-12-27 20:44:31,622] {logging_mixin.py:104} INFO - [2021-12-27 20:44:31,621] {dag.py:2305} INFO - Setting next_dagrun for example_python_operator to None
[2021-12-27 20:44:31,640] {scheduler_job.py:190} INFO - Processing /home/airflow/airflow-course/venv/lib/python3.8/site-packages/airflow/example_dags/example_python_operator.py took 0.168 seconds
[2021-12-27 20:45:02,884] {scheduler_job.py:182} INFO - Started process (PID=5492) to work on /home/airflow/airflow-course/venv/lib/python3.8/site-packages/airflow/example_dags/example_python_operator.py
[2021-12-27 20:45:02,885] {scheduler_job.py:633} INFO - Processing file /home/airflow/airflow-course/venv/lib/python3.8/site-packages/airflow/example_dags/example_python_operator.py for tasks to queue
[2021-12-27 20:45:02,886] {logging_mixin.py:104} INFO - [2021-12-27 20:45:02,886] {dagbag.py:487} INFO - Filling up the DagBag from /home/airflow/airflow-course/venv/lib/python3.8/site-packages/airflow/example_dags/example_python_operator.py
[2021-12-27 20:45:02,914] {scheduler_job.py:643} INFO - DAG(s) dict_keys(['example_python_operator']) retrieved from /home/airflow/airflow-course/venv/lib/python3.8/site-packages/airflow/example_dags/example_python_operator.py
[2021-12-27 20:45:02,972] {logging_mixin.py:104} INFO - [2021-12-27 20:45:02,971] {dag.py:1832} INFO - Sync 1 DAGs
[2021-12-27 20:45:03,090] {logging_mixin.py:104} INFO - [2021-12-27 20:45:03,090] {dag.py:2305} INFO - Setting next_dagrun for example_python_operator to None
[2021-12-27 20:45:03,113] {scheduler_job.py:190} INFO - Processing /home/airflow/airflow-course/venv/lib/python3.8/site-packages/airflow/example_dags/example_python_operator.py took 0.232 seconds
[2021-12-27 20:45:34,737] {scheduler_job.py:182} INFO - Started process (PID=5692) to work on /home/airflow/airflow-course/venv/lib/python3.8/site-packages/airflow/example_dags/example_python_operator.py
[2021-12-27 20:45:34,738] {scheduler_job.py:633} INFO - Processing file /home/airflow/airflow-course/venv/lib/python3.8/site-packages/airflow/example_dags/example_python_operator.py for tasks to queue
[2021-12-27 20:45:34,739] {logging_mixin.py:104} INFO - [2021-12-27 20:45:34,738] {dagbag.py:487} INFO - Filling up the DagBag from /home/airflow/airflow-course/venv/lib/python3.8/site-packages/airflow/example_dags/example_python_operator.py
[2021-12-27 20:45:34,784] {scheduler_job.py:643} INFO - DAG(s) dict_keys(['example_python_operator']) retrieved from /home/airflow/airflow-course/venv/lib/python3.8/site-packages/airflow/example_dags/example_python_operator.py
[2021-12-27 20:45:34,844] {logging_mixin.py:104} INFO - [2021-12-27 20:45:34,844] {dag.py:1832} INFO - Sync 1 DAGs
[2021-12-27 20:45:35,042] {logging_mixin.py:104} INFO - [2021-12-27 20:45:35,042] {dag.py:2305} INFO - Setting next_dagrun for example_python_operator to None
[2021-12-27 20:45:35,063] {scheduler_job.py:190} INFO - Processing /home/airflow/airflow-course/venv/lib/python3.8/site-packages/airflow/example_dags/example_python_operator.py took 0.331 seconds
[2021-12-27 20:46:05,942] {scheduler_job.py:182} INFO - Started process (PID=5892) to work on /home/airflow/airflow-course/venv/lib/python3.8/site-packages/airflow/example_dags/example_python_operator.py
[2021-12-27 20:46:05,944] {scheduler_job.py:633} INFO - Processing file /home/airflow/airflow-course/venv/lib/python3.8/site-packages/airflow/example_dags/example_python_operator.py for tasks to queue
[2021-12-27 20:46:05,947] {logging_mixin.py:104} INFO - [2021-12-27 20:46:05,947] {dagbag.py:487} INFO - Filling up the DagBag from /home/airflow/airflow-course/venv/lib/python3.8/site-packages/airflow/example_dags/example_python_operator.py
[2021-12-27 20:46:05,980] {scheduler_job.py:643} INFO - DAG(s) dict_keys(['example_python_operator']) retrieved from /home/airflow/airflow-course/venv/lib/python3.8/site-packages/airflow/example_dags/example_python_operator.py
[2021-12-27 20:46:06,074] {logging_mixin.py:104} INFO - [2021-12-27 20:46:06,074] {dag.py:1832} INFO - Sync 1 DAGs
[2021-12-27 20:46:06,277] {logging_mixin.py:104} INFO - [2021-12-27 20:46:06,277] {dag.py:2305} INFO - Setting next_dagrun for example_python_operator to None
[2021-12-27 20:46:06,304] {scheduler_job.py:190} INFO - Processing /home/airflow/airflow-course/venv/lib/python3.8/site-packages/airflow/example_dags/example_python_operator.py took 0.376 seconds
[2021-12-27 20:46:37,242] {scheduler_job.py:182} INFO - Started process (PID=6093) to work on /home/airflow/airflow-course/venv/lib/python3.8/site-packages/airflow/example_dags/example_python_operator.py
[2021-12-27 20:46:37,248] {scheduler_job.py:633} INFO - Processing file /home/airflow/airflow-course/venv/lib/python3.8/site-packages/airflow/example_dags/example_python_operator.py for tasks to queue
[2021-12-27 20:46:37,261] {logging_mixin.py:104} INFO - [2021-12-27 20:46:37,261] {dagbag.py:487} INFO - Filling up the DagBag from /home/airflow/airflow-course/venv/lib/python3.8/site-packages/airflow/example_dags/example_python_operator.py
[2021-12-27 20:46:37,302] {scheduler_job.py:643} INFO - DAG(s) dict_keys(['example_python_operator']) retrieved from /home/airflow/airflow-course/venv/lib/python3.8/site-packages/airflow/example_dags/example_python_operator.py
[2021-12-27 20:46:37,345] {logging_mixin.py:104} INFO - [2021-12-27 20:46:37,345] {dag.py:1832} INFO - Sync 1 DAGs
[2021-12-27 20:46:37,514] {logging_mixin.py:104} INFO - [2021-12-27 20:46:37,513] {dag.py:2305} INFO - Setting next_dagrun for example_python_operator to None
[2021-12-27 20:46:37,534] {scheduler_job.py:190} INFO - Processing /home/airflow/airflow-course/venv/lib/python3.8/site-packages/airflow/example_dags/example_python_operator.py took 0.295 seconds
