[2021-12-27 20:39:50,574] {scheduler_job.py:182} INFO - Started process (PID=2841) to work on /home/airflow/airflow-course/venv/lib/python3.8/site-packages/airflow/example_dags/example_bash_operator.py
[2021-12-27 20:39:50,577] {scheduler_job.py:633} INFO - Processing file /home/airflow/airflow-course/venv/lib/python3.8/site-packages/airflow/example_dags/example_bash_operator.py for tasks to queue
[2021-12-27 20:39:50,581] {logging_mixin.py:104} INFO - [2021-12-27 20:39:50,581] {dagbag.py:487} INFO - Filling up the DagBag from /home/airflow/airflow-course/venv/lib/python3.8/site-packages/airflow/example_dags/example_bash_operator.py
[2021-12-27 20:39:50,619] {scheduler_job.py:643} INFO - DAG(s) dict_keys(['example_bash_operator']) retrieved from /home/airflow/airflow-course/venv/lib/python3.8/site-packages/airflow/example_dags/example_bash_operator.py
[2021-12-27 20:39:51,419] {logging_mixin.py:104} INFO - [2021-12-27 20:39:51,418] {dag.py:1832} INFO - Sync 1 DAGs
[2021-12-27 20:39:51,443] {logging_mixin.py:104} INFO - [2021-12-27 20:39:51,443] {dag.py:2305} INFO - Setting next_dagrun for example_bash_operator to 2021-12-25 00:00:00+00:00
[2021-12-27 20:39:51,476] {scheduler_job.py:190} INFO - Processing /home/airflow/airflow-course/venv/lib/python3.8/site-packages/airflow/example_dags/example_bash_operator.py took 0.908 seconds
[2021-12-27 20:40:21,628] {scheduler_job.py:182} INFO - Started process (PID=3249) to work on /home/airflow/airflow-course/venv/lib/python3.8/site-packages/airflow/example_dags/example_bash_operator.py
[2021-12-27 20:40:21,631] {scheduler_job.py:633} INFO - Processing file /home/airflow/airflow-course/venv/lib/python3.8/site-packages/airflow/example_dags/example_bash_operator.py for tasks to queue
[2021-12-27 20:40:21,632] {logging_mixin.py:104} INFO - [2021-12-27 20:40:21,632] {dagbag.py:487} INFO - Filling up the DagBag from /home/airflow/airflow-course/venv/lib/python3.8/site-packages/airflow/example_dags/example_bash_operator.py
[2021-12-27 20:40:21,675] {scheduler_job.py:643} INFO - DAG(s) dict_keys(['example_bash_operator']) retrieved from /home/airflow/airflow-course/venv/lib/python3.8/site-packages/airflow/example_dags/example_bash_operator.py
[2021-12-27 20:40:21,762] {logging_mixin.py:104} INFO - [2021-12-27 20:40:21,762] {dag.py:1832} INFO - Sync 1 DAGs
[2021-12-27 20:40:21,792] {logging_mixin.py:104} INFO - [2021-12-27 20:40:21,792] {dag.py:2305} INFO - Setting next_dagrun for example_bash_operator to 2021-12-25 00:00:00+00:00
[2021-12-27 20:40:21,823] {scheduler_job.py:190} INFO - Processing /home/airflow/airflow-course/venv/lib/python3.8/site-packages/airflow/example_dags/example_bash_operator.py took 0.209 seconds
[2021-12-27 20:40:52,690] {scheduler_job.py:182} INFO - Started process (PID=3584) to work on /home/airflow/airflow-course/venv/lib/python3.8/site-packages/airflow/example_dags/example_bash_operator.py
[2021-12-27 20:40:52,695] {scheduler_job.py:633} INFO - Processing file /home/airflow/airflow-course/venv/lib/python3.8/site-packages/airflow/example_dags/example_bash_operator.py for tasks to queue
[2021-12-27 20:40:52,697] {logging_mixin.py:104} INFO - [2021-12-27 20:40:52,697] {dagbag.py:487} INFO - Filling up the DagBag from /home/airflow/airflow-course/venv/lib/python3.8/site-packages/airflow/example_dags/example_bash_operator.py
[2021-12-27 20:40:52,729] {scheduler_job.py:643} INFO - DAG(s) dict_keys(['example_bash_operator']) retrieved from /home/airflow/airflow-course/venv/lib/python3.8/site-packages/airflow/example_dags/example_bash_operator.py
[2021-12-27 20:40:52,812] {logging_mixin.py:104} INFO - [2021-12-27 20:40:52,812] {dag.py:1832} INFO - Sync 1 DAGs
[2021-12-27 20:40:52,855] {logging_mixin.py:104} INFO - [2021-12-27 20:40:52,855] {dag.py:2305} INFO - Setting next_dagrun for example_bash_operator to 2021-12-25 00:00:00+00:00
[2021-12-27 20:40:52,877] {scheduler_job.py:190} INFO - Processing /home/airflow/airflow-course/venv/lib/python3.8/site-packages/airflow/example_dags/example_bash_operator.py took 0.191 seconds
[2021-12-27 20:41:23,613] {scheduler_job.py:182} INFO - Started process (PID=3784) to work on /home/airflow/airflow-course/venv/lib/python3.8/site-packages/airflow/example_dags/example_bash_operator.py
[2021-12-27 20:41:23,617] {scheduler_job.py:633} INFO - Processing file /home/airflow/airflow-course/venv/lib/python3.8/site-packages/airflow/example_dags/example_bash_operator.py for tasks to queue
[2021-12-27 20:41:23,620] {logging_mixin.py:104} INFO - [2021-12-27 20:41:23,619] {dagbag.py:487} INFO - Filling up the DagBag from /home/airflow/airflow-course/venv/lib/python3.8/site-packages/airflow/example_dags/example_bash_operator.py
[2021-12-27 20:41:23,662] {scheduler_job.py:643} INFO - DAG(s) dict_keys(['example_bash_operator']) retrieved from /home/airflow/airflow-course/venv/lib/python3.8/site-packages/airflow/example_dags/example_bash_operator.py
[2021-12-27 20:41:23,717] {logging_mixin.py:104} INFO - [2021-12-27 20:41:23,717] {dag.py:1832} INFO - Sync 1 DAGs
[2021-12-27 20:41:23,755] {logging_mixin.py:104} INFO - [2021-12-27 20:41:23,755] {dag.py:2305} INFO - Setting next_dagrun for example_bash_operator to 2021-12-25 00:00:00+00:00
[2021-12-27 20:41:23,796] {scheduler_job.py:190} INFO - Processing /home/airflow/airflow-course/venv/lib/python3.8/site-packages/airflow/example_dags/example_bash_operator.py took 0.189 seconds
[2021-12-27 20:41:53,878] {scheduler_job.py:182} INFO - Started process (PID=3982) to work on /home/airflow/airflow-course/venv/lib/python3.8/site-packages/airflow/example_dags/example_bash_operator.py
[2021-12-27 20:41:53,879] {scheduler_job.py:633} INFO - Processing file /home/airflow/airflow-course/venv/lib/python3.8/site-packages/airflow/example_dags/example_bash_operator.py for tasks to queue
[2021-12-27 20:41:53,880] {logging_mixin.py:104} INFO - [2021-12-27 20:41:53,880] {dagbag.py:487} INFO - Filling up the DagBag from /home/airflow/airflow-course/venv/lib/python3.8/site-packages/airflow/example_dags/example_bash_operator.py
[2021-12-27 20:41:53,902] {scheduler_job.py:643} INFO - DAG(s) dict_keys(['example_bash_operator']) retrieved from /home/airflow/airflow-course/venv/lib/python3.8/site-packages/airflow/example_dags/example_bash_operator.py
[2021-12-27 20:41:53,926] {logging_mixin.py:104} INFO - [2021-12-27 20:41:53,926] {dag.py:1832} INFO - Sync 1 DAGs
[2021-12-27 20:41:53,941] {logging_mixin.py:104} INFO - [2021-12-27 20:41:53,941] {dag.py:2305} INFO - Setting next_dagrun for example_bash_operator to 2021-12-25 00:00:00+00:00
[2021-12-27 20:41:54,018] {scheduler_job.py:190} INFO - Processing /home/airflow/airflow-course/venv/lib/python3.8/site-packages/airflow/example_dags/example_bash_operator.py took 0.147 seconds
[2021-12-27 20:42:24,335] {scheduler_job.py:182} INFO - Started process (PID=4182) to work on /home/airflow/airflow-course/venv/lib/python3.8/site-packages/airflow/example_dags/example_bash_operator.py
[2021-12-27 20:42:24,337] {scheduler_job.py:633} INFO - Processing file /home/airflow/airflow-course/venv/lib/python3.8/site-packages/airflow/example_dags/example_bash_operator.py for tasks to queue
[2021-12-27 20:42:24,343] {logging_mixin.py:104} INFO - [2021-12-27 20:42:24,343] {dagbag.py:487} INFO - Filling up the DagBag from /home/airflow/airflow-course/venv/lib/python3.8/site-packages/airflow/example_dags/example_bash_operator.py
[2021-12-27 20:42:24,395] {scheduler_job.py:643} INFO - DAG(s) dict_keys(['example_bash_operator']) retrieved from /home/airflow/airflow-course/venv/lib/python3.8/site-packages/airflow/example_dags/example_bash_operator.py
[2021-12-27 20:42:24,461] {logging_mixin.py:104} INFO - [2021-12-27 20:42:24,461] {dag.py:1832} INFO - Sync 1 DAGs
[2021-12-27 20:42:24,511] {logging_mixin.py:104} INFO - [2021-12-27 20:42:24,511] {dag.py:2305} INFO - Setting next_dagrun for example_bash_operator to 2021-12-25 00:00:00+00:00
[2021-12-27 20:42:24,678] {scheduler_job.py:190} INFO - Processing /home/airflow/airflow-course/venv/lib/python3.8/site-packages/airflow/example_dags/example_bash_operator.py took 0.355 seconds
[2021-12-27 20:42:54,773] {scheduler_job.py:182} INFO - Started process (PID=4380) to work on /home/airflow/airflow-course/venv/lib/python3.8/site-packages/airflow/example_dags/example_bash_operator.py
[2021-12-27 20:42:54,788] {scheduler_job.py:633} INFO - Processing file /home/airflow/airflow-course/venv/lib/python3.8/site-packages/airflow/example_dags/example_bash_operator.py for tasks to queue
[2021-12-27 20:42:54,796] {logging_mixin.py:104} INFO - [2021-12-27 20:42:54,795] {dagbag.py:487} INFO - Filling up the DagBag from /home/airflow/airflow-course/venv/lib/python3.8/site-packages/airflow/example_dags/example_bash_operator.py
[2021-12-27 20:42:54,844] {scheduler_job.py:643} INFO - DAG(s) dict_keys(['example_bash_operator']) retrieved from /home/airflow/airflow-course/venv/lib/python3.8/site-packages/airflow/example_dags/example_bash_operator.py
[2021-12-27 20:42:54,903] {logging_mixin.py:104} INFO - [2021-12-27 20:42:54,903] {dag.py:1832} INFO - Sync 1 DAGs
[2021-12-27 20:42:54,936] {logging_mixin.py:104} INFO - [2021-12-27 20:42:54,936] {dag.py:2305} INFO - Setting next_dagrun for example_bash_operator to 2021-12-25 00:00:00+00:00
[2021-12-27 20:42:55,094] {scheduler_job.py:190} INFO - Processing /home/airflow/airflow-course/venv/lib/python3.8/site-packages/airflow/example_dags/example_bash_operator.py took 0.324 seconds
[2021-12-27 20:43:26,528] {scheduler_job.py:182} INFO - Started process (PID=4578) to work on /home/airflow/airflow-course/venv/lib/python3.8/site-packages/airflow/example_dags/example_bash_operator.py
[2021-12-27 20:43:26,535] {scheduler_job.py:633} INFO - Processing file /home/airflow/airflow-course/venv/lib/python3.8/site-packages/airflow/example_dags/example_bash_operator.py for tasks to queue
[2021-12-27 20:43:26,537] {logging_mixin.py:104} INFO - [2021-12-27 20:43:26,537] {dagbag.py:487} INFO - Filling up the DagBag from /home/airflow/airflow-course/venv/lib/python3.8/site-packages/airflow/example_dags/example_bash_operator.py
[2021-12-27 20:43:26,560] {scheduler_job.py:643} INFO - DAG(s) dict_keys(['example_bash_operator']) retrieved from /home/airflow/airflow-course/venv/lib/python3.8/site-packages/airflow/example_dags/example_bash_operator.py
[2021-12-27 20:43:26,613] {logging_mixin.py:104} INFO - [2021-12-27 20:43:26,613] {dag.py:1832} INFO - Sync 1 DAGs
[2021-12-27 20:43:26,645] {logging_mixin.py:104} INFO - [2021-12-27 20:43:26,645] {dag.py:2305} INFO - Setting next_dagrun for example_bash_operator to 2021-12-25 00:00:00+00:00
[2021-12-27 20:43:26,824] {scheduler_job.py:190} INFO - Processing /home/airflow/airflow-course/venv/lib/python3.8/site-packages/airflow/example_dags/example_bash_operator.py took 0.298 seconds
[2021-12-27 20:43:57,589] {scheduler_job.py:182} INFO - Started process (PID=4777) to work on /home/airflow/airflow-course/venv/lib/python3.8/site-packages/airflow/example_dags/example_bash_operator.py
[2021-12-27 20:43:57,599] {scheduler_job.py:633} INFO - Processing file /home/airflow/airflow-course/venv/lib/python3.8/site-packages/airflow/example_dags/example_bash_operator.py for tasks to queue
[2021-12-27 20:43:57,600] {logging_mixin.py:104} INFO - [2021-12-27 20:43:57,600] {dagbag.py:487} INFO - Filling up the DagBag from /home/airflow/airflow-course/venv/lib/python3.8/site-packages/airflow/example_dags/example_bash_operator.py
[2021-12-27 20:43:57,652] {scheduler_job.py:643} INFO - DAG(s) dict_keys(['example_bash_operator']) retrieved from /home/airflow/airflow-course/venv/lib/python3.8/site-packages/airflow/example_dags/example_bash_operator.py
[2021-12-27 20:43:57,717] {logging_mixin.py:104} INFO - [2021-12-27 20:43:57,717] {dag.py:1832} INFO - Sync 1 DAGs
[2021-12-27 20:43:57,944] {logging_mixin.py:104} INFO - [2021-12-27 20:43:57,943] {dag.py:2305} INFO - Setting next_dagrun for example_bash_operator to 2021-12-25 00:00:00+00:00
[2021-12-27 20:43:58,012] {scheduler_job.py:190} INFO - Processing /home/airflow/airflow-course/venv/lib/python3.8/site-packages/airflow/example_dags/example_bash_operator.py took 0.428 seconds
[2021-12-27 20:44:28,801] {scheduler_job.py:182} INFO - Started process (PID=4976) to work on /home/airflow/airflow-course/venv/lib/python3.8/site-packages/airflow/example_dags/example_bash_operator.py
[2021-12-27 20:44:28,805] {scheduler_job.py:633} INFO - Processing file /home/airflow/airflow-course/venv/lib/python3.8/site-packages/airflow/example_dags/example_bash_operator.py for tasks to queue
[2021-12-27 20:44:28,810] {logging_mixin.py:104} INFO - [2021-12-27 20:44:28,810] {dagbag.py:487} INFO - Filling up the DagBag from /home/airflow/airflow-course/venv/lib/python3.8/site-packages/airflow/example_dags/example_bash_operator.py
[2021-12-27 20:44:28,843] {scheduler_job.py:643} INFO - DAG(s) dict_keys(['example_bash_operator']) retrieved from /home/airflow/airflow-course/venv/lib/python3.8/site-packages/airflow/example_dags/example_bash_operator.py
[2021-12-27 20:44:28,922] {logging_mixin.py:104} INFO - [2021-12-27 20:44:28,922] {dag.py:1832} INFO - Sync 1 DAGs
[2021-12-27 20:44:29,109] {logging_mixin.py:104} INFO - [2021-12-27 20:44:29,109] {dag.py:2305} INFO - Setting next_dagrun for example_bash_operator to 2021-12-25 00:00:00+00:00
[2021-12-27 20:44:29,149] {scheduler_job.py:190} INFO - Processing /home/airflow/airflow-course/venv/lib/python3.8/site-packages/airflow/example_dags/example_bash_operator.py took 0.351 seconds
[2021-12-27 20:45:00,061] {scheduler_job.py:182} INFO - Started process (PID=5416) to work on /home/airflow/airflow-course/venv/lib/python3.8/site-packages/airflow/example_dags/example_bash_operator.py
[2021-12-27 20:45:00,064] {scheduler_job.py:633} INFO - Processing file /home/airflow/airflow-course/venv/lib/python3.8/site-packages/airflow/example_dags/example_bash_operator.py for tasks to queue
[2021-12-27 20:45:00,066] {logging_mixin.py:104} INFO - [2021-12-27 20:45:00,066] {dagbag.py:487} INFO - Filling up the DagBag from /home/airflow/airflow-course/venv/lib/python3.8/site-packages/airflow/example_dags/example_bash_operator.py
[2021-12-27 20:45:00,096] {scheduler_job.py:643} INFO - DAG(s) dict_keys(['example_bash_operator']) retrieved from /home/airflow/airflow-course/venv/lib/python3.8/site-packages/airflow/example_dags/example_bash_operator.py
[2021-12-27 20:45:00,162] {logging_mixin.py:104} INFO - [2021-12-27 20:45:00,162] {dag.py:1832} INFO - Sync 1 DAGs
[2021-12-27 20:45:00,359] {logging_mixin.py:104} INFO - [2021-12-27 20:45:00,359] {dag.py:2305} INFO - Setting next_dagrun for example_bash_operator to 2021-12-25 00:00:00+00:00
[2021-12-27 20:45:00,386] {scheduler_job.py:190} INFO - Processing /home/airflow/airflow-course/venv/lib/python3.8/site-packages/airflow/example_dags/example_bash_operator.py took 0.328 seconds
[2021-12-27 20:45:32,132] {scheduler_job.py:182} INFO - Started process (PID=5620) to work on /home/airflow/airflow-course/venv/lib/python3.8/site-packages/airflow/example_dags/example_bash_operator.py
[2021-12-27 20:45:32,134] {scheduler_job.py:633} INFO - Processing file /home/airflow/airflow-course/venv/lib/python3.8/site-packages/airflow/example_dags/example_bash_operator.py for tasks to queue
[2021-12-27 20:45:32,143] {logging_mixin.py:104} INFO - [2021-12-27 20:45:32,143] {dagbag.py:487} INFO - Filling up the DagBag from /home/airflow/airflow-course/venv/lib/python3.8/site-packages/airflow/example_dags/example_bash_operator.py
[2021-12-27 20:45:32,172] {scheduler_job.py:643} INFO - DAG(s) dict_keys(['example_bash_operator']) retrieved from /home/airflow/airflow-course/venv/lib/python3.8/site-packages/airflow/example_dags/example_bash_operator.py
[2021-12-27 20:45:32,246] {logging_mixin.py:104} INFO - [2021-12-27 20:45:32,246] {dag.py:1832} INFO - Sync 1 DAGs
[2021-12-27 20:45:32,427] {logging_mixin.py:104} INFO - [2021-12-27 20:45:32,427] {dag.py:2305} INFO - Setting next_dagrun for example_bash_operator to 2021-12-25 00:00:00+00:00
[2021-12-27 20:45:32,453] {scheduler_job.py:190} INFO - Processing /home/airflow/airflow-course/venv/lib/python3.8/site-packages/airflow/example_dags/example_bash_operator.py took 0.336 seconds
[2021-12-27 20:46:03,286] {scheduler_job.py:182} INFO - Started process (PID=5818) to work on /home/airflow/airflow-course/venv/lib/python3.8/site-packages/airflow/example_dags/example_bash_operator.py
[2021-12-27 20:46:03,299] {scheduler_job.py:633} INFO - Processing file /home/airflow/airflow-course/venv/lib/python3.8/site-packages/airflow/example_dags/example_bash_operator.py for tasks to queue
[2021-12-27 20:46:03,300] {logging_mixin.py:104} INFO - [2021-12-27 20:46:03,300] {dagbag.py:487} INFO - Filling up the DagBag from /home/airflow/airflow-course/venv/lib/python3.8/site-packages/airflow/example_dags/example_bash_operator.py
[2021-12-27 20:46:03,350] {scheduler_job.py:643} INFO - DAG(s) dict_keys(['example_bash_operator']) retrieved from /home/airflow/airflow-course/venv/lib/python3.8/site-packages/airflow/example_dags/example_bash_operator.py
[2021-12-27 20:46:03,428] {logging_mixin.py:104} INFO - [2021-12-27 20:46:03,428] {dag.py:1832} INFO - Sync 1 DAGs
[2021-12-27 20:46:03,584] {logging_mixin.py:104} INFO - [2021-12-27 20:46:03,584] {dag.py:2305} INFO - Setting next_dagrun for example_bash_operator to 2021-12-25 00:00:00+00:00
[2021-12-27 20:46:03,615] {scheduler_job.py:190} INFO - Processing /home/airflow/airflow-course/venv/lib/python3.8/site-packages/airflow/example_dags/example_bash_operator.py took 0.333 seconds
[2021-12-27 20:46:34,522] {scheduler_job.py:182} INFO - Started process (PID=6020) to work on /home/airflow/airflow-course/venv/lib/python3.8/site-packages/airflow/example_dags/example_bash_operator.py
[2021-12-27 20:46:34,523] {scheduler_job.py:633} INFO - Processing file /home/airflow/airflow-course/venv/lib/python3.8/site-packages/airflow/example_dags/example_bash_operator.py for tasks to queue
[2021-12-27 20:46:34,534] {logging_mixin.py:104} INFO - [2021-12-27 20:46:34,534] {dagbag.py:487} INFO - Filling up the DagBag from /home/airflow/airflow-course/venv/lib/python3.8/site-packages/airflow/example_dags/example_bash_operator.py
[2021-12-27 20:46:34,595] {scheduler_job.py:643} INFO - DAG(s) dict_keys(['example_bash_operator']) retrieved from /home/airflow/airflow-course/venv/lib/python3.8/site-packages/airflow/example_dags/example_bash_operator.py
[2021-12-27 20:46:34,643] {logging_mixin.py:104} INFO - [2021-12-27 20:46:34,642] {dag.py:1832} INFO - Sync 1 DAGs
[2021-12-27 20:46:34,817] {logging_mixin.py:104} INFO - [2021-12-27 20:46:34,809] {dag.py:2305} INFO - Setting next_dagrun for example_bash_operator to 2021-12-25 00:00:00+00:00
[2021-12-27 20:46:34,845] {scheduler_job.py:190} INFO - Processing /home/airflow/airflow-course/venv/lib/python3.8/site-packages/airflow/example_dags/example_bash_operator.py took 0.328 seconds
