[2021-12-27 20:39:51,055] {scheduler_job.py:182} INFO - Started process (PID=2848) to work on /home/airflow/airflow-course/venv/lib/python3.8/site-packages/airflow/example_dags/example_kubernetes_executor.py
[2021-12-27 20:39:51,064] {scheduler_job.py:633} INFO - Processing file /home/airflow/airflow-course/venv/lib/python3.8/site-packages/airflow/example_dags/example_kubernetes_executor.py for tasks to queue
[2021-12-27 20:39:51,065] {logging_mixin.py:104} INFO - [2021-12-27 20:39:51,064] {dagbag.py:487} INFO - Filling up the DagBag from /home/airflow/airflow-course/venv/lib/python3.8/site-packages/airflow/example_dags/example_kubernetes_executor.py
[2021-12-27 20:39:51,092] {scheduler_job.py:643} INFO - DAG(s) dict_keys(['example_kubernetes_executor']) retrieved from /home/airflow/airflow-course/venv/lib/python3.8/site-packages/airflow/example_dags/example_kubernetes_executor.py
[2021-12-27 20:39:51,843] {logging_mixin.py:104} INFO - [2021-12-27 20:39:51,842] {dag.py:1832} INFO - Sync 1 DAGs
[2021-12-27 20:39:51,901] {logging_mixin.py:104} INFO - [2021-12-27 20:39:51,901] {dag.py:2305} INFO - Setting next_dagrun for example_kubernetes_executor to None
[2021-12-27 20:39:51,959] {scheduler_job.py:190} INFO - Processing /home/airflow/airflow-course/venv/lib/python3.8/site-packages/airflow/example_dags/example_kubernetes_executor.py took 0.911 seconds
[2021-12-27 20:40:22,113] {scheduler_job.py:182} INFO - Started process (PID=3260) to work on /home/airflow/airflow-course/venv/lib/python3.8/site-packages/airflow/example_dags/example_kubernetes_executor.py
[2021-12-27 20:40:22,114] {scheduler_job.py:633} INFO - Processing file /home/airflow/airflow-course/venv/lib/python3.8/site-packages/airflow/example_dags/example_kubernetes_executor.py for tasks to queue
[2021-12-27 20:40:22,114] {logging_mixin.py:104} INFO - [2021-12-27 20:40:22,114] {dagbag.py:487} INFO - Filling up the DagBag from /home/airflow/airflow-course/venv/lib/python3.8/site-packages/airflow/example_dags/example_kubernetes_executor.py
[2021-12-27 20:40:22,130] {scheduler_job.py:643} INFO - DAG(s) dict_keys(['example_kubernetes_executor']) retrieved from /home/airflow/airflow-course/venv/lib/python3.8/site-packages/airflow/example_dags/example_kubernetes_executor.py
[2021-12-27 20:40:22,161] {logging_mixin.py:104} INFO - [2021-12-27 20:40:22,161] {dag.py:1832} INFO - Sync 1 DAGs
[2021-12-27 20:40:22,174] {logging_mixin.py:104} INFO - [2021-12-27 20:40:22,174] {dag.py:2305} INFO - Setting next_dagrun for example_kubernetes_executor to None
[2021-12-27 20:40:22,192] {scheduler_job.py:190} INFO - Processing /home/airflow/airflow-course/venv/lib/python3.8/site-packages/airflow/example_dags/example_kubernetes_executor.py took 0.082 seconds
[2021-12-27 20:40:52,933] {scheduler_job.py:182} INFO - Started process (PID=3592) to work on /home/airflow/airflow-course/venv/lib/python3.8/site-packages/airflow/example_dags/example_kubernetes_executor.py
[2021-12-27 20:40:52,972] {scheduler_job.py:633} INFO - Processing file /home/airflow/airflow-course/venv/lib/python3.8/site-packages/airflow/example_dags/example_kubernetes_executor.py for tasks to queue
[2021-12-27 20:40:52,972] {logging_mixin.py:104} INFO - [2021-12-27 20:40:52,972] {dagbag.py:487} INFO - Filling up the DagBag from /home/airflow/airflow-course/venv/lib/python3.8/site-packages/airflow/example_dags/example_kubernetes_executor.py
[2021-12-27 20:40:53,000] {scheduler_job.py:643} INFO - DAG(s) dict_keys(['example_kubernetes_executor']) retrieved from /home/airflow/airflow-course/venv/lib/python3.8/site-packages/airflow/example_dags/example_kubernetes_executor.py
[2021-12-27 20:40:53,074] {logging_mixin.py:104} INFO - [2021-12-27 20:40:53,074] {dag.py:1832} INFO - Sync 1 DAGs
[2021-12-27 20:40:53,115] {logging_mixin.py:104} INFO - [2021-12-27 20:40:53,115] {dag.py:2305} INFO - Setting next_dagrun for example_kubernetes_executor to None
[2021-12-27 20:40:53,133] {scheduler_job.py:190} INFO - Processing /home/airflow/airflow-course/venv/lib/python3.8/site-packages/airflow/example_dags/example_kubernetes_executor.py took 0.203 seconds
[2021-12-27 20:41:23,832] {scheduler_job.py:182} INFO - Started process (PID=3793) to work on /home/airflow/airflow-course/venv/lib/python3.8/site-packages/airflow/example_dags/example_kubernetes_executor.py
[2021-12-27 20:41:23,847] {scheduler_job.py:633} INFO - Processing file /home/airflow/airflow-course/venv/lib/python3.8/site-packages/airflow/example_dags/example_kubernetes_executor.py for tasks to queue
[2021-12-27 20:41:23,847] {logging_mixin.py:104} INFO - [2021-12-27 20:41:23,847] {dagbag.py:487} INFO - Filling up the DagBag from /home/airflow/airflow-course/venv/lib/python3.8/site-packages/airflow/example_dags/example_kubernetes_executor.py
[2021-12-27 20:41:23,861] {scheduler_job.py:643} INFO - DAG(s) dict_keys(['example_kubernetes_executor']) retrieved from /home/airflow/airflow-course/venv/lib/python3.8/site-packages/airflow/example_dags/example_kubernetes_executor.py
[2021-12-27 20:41:23,931] {logging_mixin.py:104} INFO - [2021-12-27 20:41:23,931] {dag.py:1832} INFO - Sync 1 DAGs
[2021-12-27 20:41:23,965] {logging_mixin.py:104} INFO - [2021-12-27 20:41:23,965] {dag.py:2305} INFO - Setting next_dagrun for example_kubernetes_executor to None
[2021-12-27 20:41:23,986] {scheduler_job.py:190} INFO - Processing /home/airflow/airflow-course/venv/lib/python3.8/site-packages/airflow/example_dags/example_kubernetes_executor.py took 0.157 seconds
[2021-12-27 20:41:54,040] {scheduler_job.py:182} INFO - Started process (PID=3988) to work on /home/airflow/airflow-course/venv/lib/python3.8/site-packages/airflow/example_dags/example_kubernetes_executor.py
[2021-12-27 20:41:54,041] {scheduler_job.py:633} INFO - Processing file /home/airflow/airflow-course/venv/lib/python3.8/site-packages/airflow/example_dags/example_kubernetes_executor.py for tasks to queue
[2021-12-27 20:41:54,042] {logging_mixin.py:104} INFO - [2021-12-27 20:41:54,042] {dagbag.py:487} INFO - Filling up the DagBag from /home/airflow/airflow-course/venv/lib/python3.8/site-packages/airflow/example_dags/example_kubernetes_executor.py
[2021-12-27 20:41:54,063] {scheduler_job.py:643} INFO - DAG(s) dict_keys(['example_kubernetes_executor']) retrieved from /home/airflow/airflow-course/venv/lib/python3.8/site-packages/airflow/example_dags/example_kubernetes_executor.py
[2021-12-27 20:41:54,090] {logging_mixin.py:104} INFO - [2021-12-27 20:41:54,089] {dag.py:1832} INFO - Sync 1 DAGs
[2021-12-27 20:41:54,106] {logging_mixin.py:104} INFO - [2021-12-27 20:41:54,106] {dag.py:2305} INFO - Setting next_dagrun for example_kubernetes_executor to None
[2021-12-27 20:41:54,127] {scheduler_job.py:190} INFO - Processing /home/airflow/airflow-course/venv/lib/python3.8/site-packages/airflow/example_dags/example_kubernetes_executor.py took 0.091 seconds
[2021-12-27 20:42:24,335] {scheduler_job.py:182} INFO - Started process (PID=4183) to work on /home/airflow/airflow-course/venv/lib/python3.8/site-packages/airflow/example_dags/example_kubernetes_executor.py
[2021-12-27 20:42:24,341] {scheduler_job.py:633} INFO - Processing file /home/airflow/airflow-course/venv/lib/python3.8/site-packages/airflow/example_dags/example_kubernetes_executor.py for tasks to queue
[2021-12-27 20:42:24,342] {logging_mixin.py:104} INFO - [2021-12-27 20:42:24,342] {dagbag.py:487} INFO - Filling up the DagBag from /home/airflow/airflow-course/venv/lib/python3.8/site-packages/airflow/example_dags/example_kubernetes_executor.py
[2021-12-27 20:42:24,368] {scheduler_job.py:643} INFO - DAG(s) dict_keys(['example_kubernetes_executor']) retrieved from /home/airflow/airflow-course/venv/lib/python3.8/site-packages/airflow/example_dags/example_kubernetes_executor.py
[2021-12-27 20:42:24,437] {logging_mixin.py:104} INFO - [2021-12-27 20:42:24,436] {dag.py:1832} INFO - Sync 1 DAGs
[2021-12-27 20:42:24,495] {logging_mixin.py:104} INFO - [2021-12-27 20:42:24,495] {dag.py:2305} INFO - Setting next_dagrun for example_kubernetes_executor to None
[2021-12-27 20:42:24,683] {scheduler_job.py:190} INFO - Processing /home/airflow/airflow-course/venv/lib/python3.8/site-packages/airflow/example_dags/example_kubernetes_executor.py took 0.352 seconds
[2021-12-27 20:42:55,023] {scheduler_job.py:182} INFO - Started process (PID=4386) to work on /home/airflow/airflow-course/venv/lib/python3.8/site-packages/airflow/example_dags/example_kubernetes_executor.py
[2021-12-27 20:42:55,031] {scheduler_job.py:633} INFO - Processing file /home/airflow/airflow-course/venv/lib/python3.8/site-packages/airflow/example_dags/example_kubernetes_executor.py for tasks to queue
[2021-12-27 20:42:55,032] {logging_mixin.py:104} INFO - [2021-12-27 20:42:55,031] {dagbag.py:487} INFO - Filling up the DagBag from /home/airflow/airflow-course/venv/lib/python3.8/site-packages/airflow/example_dags/example_kubernetes_executor.py
[2021-12-27 20:42:55,055] {scheduler_job.py:643} INFO - DAG(s) dict_keys(['example_kubernetes_executor']) retrieved from /home/airflow/airflow-course/venv/lib/python3.8/site-packages/airflow/example_dags/example_kubernetes_executor.py
[2021-12-27 20:42:55,101] {logging_mixin.py:104} INFO - [2021-12-27 20:42:55,101] {dag.py:1832} INFO - Sync 1 DAGs
[2021-12-27 20:42:55,118] {logging_mixin.py:104} INFO - [2021-12-27 20:42:55,118] {dag.py:2305} INFO - Setting next_dagrun for example_kubernetes_executor to None
[2021-12-27 20:42:55,192] {scheduler_job.py:190} INFO - Processing /home/airflow/airflow-course/venv/lib/python3.8/site-packages/airflow/example_dags/example_kubernetes_executor.py took 0.172 seconds
[2021-12-27 20:43:26,854] {scheduler_job.py:182} INFO - Started process (PID=4585) to work on /home/airflow/airflow-course/venv/lib/python3.8/site-packages/airflow/example_dags/example_kubernetes_executor.py
[2021-12-27 20:43:26,860] {scheduler_job.py:633} INFO - Processing file /home/airflow/airflow-course/venv/lib/python3.8/site-packages/airflow/example_dags/example_kubernetes_executor.py for tasks to queue
[2021-12-27 20:43:26,870] {logging_mixin.py:104} INFO - [2021-12-27 20:43:26,860] {dagbag.py:487} INFO - Filling up the DagBag from /home/airflow/airflow-course/venv/lib/python3.8/site-packages/airflow/example_dags/example_kubernetes_executor.py
[2021-12-27 20:43:26,900] {scheduler_job.py:643} INFO - DAG(s) dict_keys(['example_kubernetes_executor']) retrieved from /home/airflow/airflow-course/venv/lib/python3.8/site-packages/airflow/example_dags/example_kubernetes_executor.py
[2021-12-27 20:43:26,962] {logging_mixin.py:104} INFO - [2021-12-27 20:43:26,962] {dag.py:1832} INFO - Sync 1 DAGs
[2021-12-27 20:43:26,999] {logging_mixin.py:104} INFO - [2021-12-27 20:43:26,999] {dag.py:2305} INFO - Setting next_dagrun for example_kubernetes_executor to None
[2021-12-27 20:43:27,174] {scheduler_job.py:190} INFO - Processing /home/airflow/airflow-course/venv/lib/python3.8/site-packages/airflow/example_dags/example_kubernetes_executor.py took 0.326 seconds
[2021-12-27 20:43:57,963] {scheduler_job.py:182} INFO - Started process (PID=4784) to work on /home/airflow/airflow-course/venv/lib/python3.8/site-packages/airflow/example_dags/example_kubernetes_executor.py
[2021-12-27 20:43:57,968] {scheduler_job.py:633} INFO - Processing file /home/airflow/airflow-course/venv/lib/python3.8/site-packages/airflow/example_dags/example_kubernetes_executor.py for tasks to queue
[2021-12-27 20:43:57,974] {logging_mixin.py:104} INFO - [2021-12-27 20:43:57,974] {dagbag.py:487} INFO - Filling up the DagBag from /home/airflow/airflow-course/venv/lib/python3.8/site-packages/airflow/example_dags/example_kubernetes_executor.py
[2021-12-27 20:43:58,032] {scheduler_job.py:643} INFO - DAG(s) dict_keys(['example_kubernetes_executor']) retrieved from /home/airflow/airflow-course/venv/lib/python3.8/site-packages/airflow/example_dags/example_kubernetes_executor.py
[2021-12-27 20:43:58,104] {logging_mixin.py:104} INFO - [2021-12-27 20:43:58,104] {dag.py:1832} INFO - Sync 1 DAGs
[2021-12-27 20:43:58,331] {logging_mixin.py:104} INFO - [2021-12-27 20:43:58,331] {dag.py:2305} INFO - Setting next_dagrun for example_kubernetes_executor to None
[2021-12-27 20:43:58,354] {scheduler_job.py:190} INFO - Processing /home/airflow/airflow-course/venv/lib/python3.8/site-packages/airflow/example_dags/example_kubernetes_executor.py took 0.401 seconds
[2021-12-27 20:44:29,110] {scheduler_job.py:182} INFO - Started process (PID=4983) to work on /home/airflow/airflow-course/venv/lib/python3.8/site-packages/airflow/example_dags/example_kubernetes_executor.py
[2021-12-27 20:44:29,120] {scheduler_job.py:633} INFO - Processing file /home/airflow/airflow-course/venv/lib/python3.8/site-packages/airflow/example_dags/example_kubernetes_executor.py for tasks to queue
[2021-12-27 20:44:29,121] {logging_mixin.py:104} INFO - [2021-12-27 20:44:29,121] {dagbag.py:487} INFO - Filling up the DagBag from /home/airflow/airflow-course/venv/lib/python3.8/site-packages/airflow/example_dags/example_kubernetes_executor.py
[2021-12-27 20:44:29,140] {scheduler_job.py:643} INFO - DAG(s) dict_keys(['example_kubernetes_executor']) retrieved from /home/airflow/airflow-course/venv/lib/python3.8/site-packages/airflow/example_dags/example_kubernetes_executor.py
[2021-12-27 20:44:29,202] {logging_mixin.py:104} INFO - [2021-12-27 20:44:29,202] {dag.py:1832} INFO - Sync 1 DAGs
[2021-12-27 20:44:29,377] {logging_mixin.py:104} INFO - [2021-12-27 20:44:29,377] {dag.py:2305} INFO - Setting next_dagrun for example_kubernetes_executor to None
[2021-12-27 20:44:29,409] {scheduler_job.py:190} INFO - Processing /home/airflow/airflow-course/venv/lib/python3.8/site-packages/airflow/example_dags/example_kubernetes_executor.py took 0.313 seconds
[2021-12-27 20:45:00,426] {scheduler_job.py:182} INFO - Started process (PID=5423) to work on /home/airflow/airflow-course/venv/lib/python3.8/site-packages/airflow/example_dags/example_kubernetes_executor.py
[2021-12-27 20:45:00,434] {scheduler_job.py:633} INFO - Processing file /home/airflow/airflow-course/venv/lib/python3.8/site-packages/airflow/example_dags/example_kubernetes_executor.py for tasks to queue
[2021-12-27 20:45:00,435] {logging_mixin.py:104} INFO - [2021-12-27 20:45:00,435] {dagbag.py:487} INFO - Filling up the DagBag from /home/airflow/airflow-course/venv/lib/python3.8/site-packages/airflow/example_dags/example_kubernetes_executor.py
[2021-12-27 20:45:00,487] {scheduler_job.py:643} INFO - DAG(s) dict_keys(['example_kubernetes_executor']) retrieved from /home/airflow/airflow-course/venv/lib/python3.8/site-packages/airflow/example_dags/example_kubernetes_executor.py
[2021-12-27 20:45:00,566] {logging_mixin.py:104} INFO - [2021-12-27 20:45:00,566] {dag.py:1832} INFO - Sync 1 DAGs
[2021-12-27 20:45:00,726] {logging_mixin.py:104} INFO - [2021-12-27 20:45:00,726] {dag.py:2305} INFO - Setting next_dagrun for example_kubernetes_executor to None
[2021-12-27 20:45:00,754] {scheduler_job.py:190} INFO - Processing /home/airflow/airflow-course/venv/lib/python3.8/site-packages/airflow/example_dags/example_kubernetes_executor.py took 0.332 seconds
[2021-12-27 20:45:32,516] {scheduler_job.py:182} INFO - Started process (PID=5631) to work on /home/airflow/airflow-course/venv/lib/python3.8/site-packages/airflow/example_dags/example_kubernetes_executor.py
[2021-12-27 20:45:32,530] {scheduler_job.py:633} INFO - Processing file /home/airflow/airflow-course/venv/lib/python3.8/site-packages/airflow/example_dags/example_kubernetes_executor.py for tasks to queue
[2021-12-27 20:45:32,543] {logging_mixin.py:104} INFO - [2021-12-27 20:45:32,543] {dagbag.py:487} INFO - Filling up the DagBag from /home/airflow/airflow-course/venv/lib/python3.8/site-packages/airflow/example_dags/example_kubernetes_executor.py
[2021-12-27 20:45:32,577] {scheduler_job.py:643} INFO - DAG(s) dict_keys(['example_kubernetes_executor']) retrieved from /home/airflow/airflow-course/venv/lib/python3.8/site-packages/airflow/example_dags/example_kubernetes_executor.py
[2021-12-27 20:45:32,647] {logging_mixin.py:104} INFO - [2021-12-27 20:45:32,647] {dag.py:1832} INFO - Sync 1 DAGs
[2021-12-27 20:45:32,832] {logging_mixin.py:104} INFO - [2021-12-27 20:45:32,832] {dag.py:2305} INFO - Setting next_dagrun for example_kubernetes_executor to None
[2021-12-27 20:45:32,844] {scheduler_job.py:190} INFO - Processing /home/airflow/airflow-course/venv/lib/python3.8/site-packages/airflow/example_dags/example_kubernetes_executor.py took 0.351 seconds
[2021-12-27 20:46:03,662] {scheduler_job.py:182} INFO - Started process (PID=5831) to work on /home/airflow/airflow-course/venv/lib/python3.8/site-packages/airflow/example_dags/example_kubernetes_executor.py
[2021-12-27 20:46:03,663] {scheduler_job.py:633} INFO - Processing file /home/airflow/airflow-course/venv/lib/python3.8/site-packages/airflow/example_dags/example_kubernetes_executor.py for tasks to queue
[2021-12-27 20:46:03,663] {logging_mixin.py:104} INFO - [2021-12-27 20:46:03,663] {dagbag.py:487} INFO - Filling up the DagBag from /home/airflow/airflow-course/venv/lib/python3.8/site-packages/airflow/example_dags/example_kubernetes_executor.py
[2021-12-27 20:46:03,685] {scheduler_job.py:643} INFO - DAG(s) dict_keys(['example_kubernetes_executor']) retrieved from /home/airflow/airflow-course/venv/lib/python3.8/site-packages/airflow/example_dags/example_kubernetes_executor.py
[2021-12-27 20:46:03,759] {logging_mixin.py:104} INFO - [2021-12-27 20:46:03,758] {dag.py:1832} INFO - Sync 1 DAGs
[2021-12-27 20:46:03,906] {logging_mixin.py:104} INFO - [2021-12-27 20:46:03,906] {dag.py:2305} INFO - Setting next_dagrun for example_kubernetes_executor to None
[2021-12-27 20:46:03,930] {scheduler_job.py:190} INFO - Processing /home/airflow/airflow-course/venv/lib/python3.8/site-packages/airflow/example_dags/example_kubernetes_executor.py took 0.271 seconds
[2021-12-27 20:46:34,870] {scheduler_job.py:182} INFO - Started process (PID=6027) to work on /home/airflow/airflow-course/venv/lib/python3.8/site-packages/airflow/example_dags/example_kubernetes_executor.py
[2021-12-27 20:46:34,874] {scheduler_job.py:633} INFO - Processing file /home/airflow/airflow-course/venv/lib/python3.8/site-packages/airflow/example_dags/example_kubernetes_executor.py for tasks to queue
[2021-12-27 20:46:34,875] {logging_mixin.py:104} INFO - [2021-12-27 20:46:34,875] {dagbag.py:487} INFO - Filling up the DagBag from /home/airflow/airflow-course/venv/lib/python3.8/site-packages/airflow/example_dags/example_kubernetes_executor.py
[2021-12-27 20:46:34,918] {scheduler_job.py:643} INFO - DAG(s) dict_keys(['example_kubernetes_executor']) retrieved from /home/airflow/airflow-course/venv/lib/python3.8/site-packages/airflow/example_dags/example_kubernetes_executor.py
[2021-12-27 20:46:35,003] {logging_mixin.py:104} INFO - [2021-12-27 20:46:35,003] {dag.py:1832} INFO - Sync 1 DAGs
[2021-12-27 20:46:35,141] {logging_mixin.py:104} INFO - [2021-12-27 20:46:35,141] {dag.py:2305} INFO - Setting next_dagrun for example_kubernetes_executor to None
[2021-12-27 20:46:35,169] {scheduler_job.py:190} INFO - Processing /home/airflow/airflow-course/venv/lib/python3.8/site-packages/airflow/example_dags/example_kubernetes_executor.py took 0.304 seconds
