[2021-12-27 20:39:57,649] {scheduler_job.py:182} INFO - Started process (PID=3015) to work on /home/airflow/airflow-course/venv/lib/python3.8/site-packages/airflow/example_dags/example_dag_decorator.py
[2021-12-27 20:39:57,650] {scheduler_job.py:633} INFO - Processing file /home/airflow/airflow-course/venv/lib/python3.8/site-packages/airflow/example_dags/example_dag_decorator.py for tasks to queue
[2021-12-27 20:39:57,651] {logging_mixin.py:104} INFO - [2021-12-27 20:39:57,651] {dagbag.py:487} INFO - Filling up the DagBag from /home/airflow/airflow-course/venv/lib/python3.8/site-packages/airflow/example_dags/example_dag_decorator.py
[2021-12-27 20:39:57,691] {scheduler_job.py:643} INFO - DAG(s) dict_keys(['example_dag_decorator']) retrieved from /home/airflow/airflow-course/venv/lib/python3.8/site-packages/airflow/example_dags/example_dag_decorator.py
[2021-12-27 20:39:58,405] {logging_mixin.py:104} INFO - [2021-12-27 20:39:58,405] {dag.py:1832} INFO - Sync 1 DAGs
[2021-12-27 20:39:58,428] {logging_mixin.py:104} INFO - [2021-12-27 20:39:58,428] {dag.py:2305} INFO - Setting next_dagrun for example_dag_decorator to None
[2021-12-27 20:39:58,446] {scheduler_job.py:190} INFO - Processing /home/airflow/airflow-course/venv/lib/python3.8/site-packages/airflow/example_dags/example_dag_decorator.py took 0.800 seconds
[2021-12-27 20:40:29,096] {scheduler_job.py:182} INFO - Started process (PID=3350) to work on /home/airflow/airflow-course/venv/lib/python3.8/site-packages/airflow/example_dags/example_dag_decorator.py
[2021-12-27 20:40:29,107] {scheduler_job.py:633} INFO - Processing file /home/airflow/airflow-course/venv/lib/python3.8/site-packages/airflow/example_dags/example_dag_decorator.py for tasks to queue
[2021-12-27 20:40:29,111] {logging_mixin.py:104} INFO - [2021-12-27 20:40:29,110] {dagbag.py:487} INFO - Filling up the DagBag from /home/airflow/airflow-course/venv/lib/python3.8/site-packages/airflow/example_dags/example_dag_decorator.py
[2021-12-27 20:40:29,168] {scheduler_job.py:643} INFO - DAG(s) dict_keys(['example_dag_decorator']) retrieved from /home/airflow/airflow-course/venv/lib/python3.8/site-packages/airflow/example_dags/example_dag_decorator.py
[2021-12-27 20:40:29,763] {logging_mixin.py:104} INFO - [2021-12-27 20:40:29,763] {dag.py:1832} INFO - Sync 1 DAGs
[2021-12-27 20:40:29,774] {logging_mixin.py:104} INFO - [2021-12-27 20:40:29,774] {dag.py:2305} INFO - Setting next_dagrun for example_dag_decorator to None
[2021-12-27 20:40:29,796] {scheduler_job.py:190} INFO - Processing /home/airflow/airflow-course/venv/lib/python3.8/site-packages/airflow/example_dags/example_dag_decorator.py took 0.705 seconds
[2021-12-27 20:41:00,074] {scheduler_job.py:182} INFO - Started process (PID=3701) to work on /home/airflow/airflow-course/venv/lib/python3.8/site-packages/airflow/example_dags/example_dag_decorator.py
[2021-12-27 20:41:00,075] {scheduler_job.py:633} INFO - Processing file /home/airflow/airflow-course/venv/lib/python3.8/site-packages/airflow/example_dags/example_dag_decorator.py for tasks to queue
[2021-12-27 20:41:00,076] {logging_mixin.py:104} INFO - [2021-12-27 20:41:00,076] {dagbag.py:487} INFO - Filling up the DagBag from /home/airflow/airflow-course/venv/lib/python3.8/site-packages/airflow/example_dags/example_dag_decorator.py
[2021-12-27 20:41:00,133] {scheduler_job.py:643} INFO - DAG(s) dict_keys(['example_dag_decorator']) retrieved from /home/airflow/airflow-course/venv/lib/python3.8/site-packages/airflow/example_dags/example_dag_decorator.py
[2021-12-27 20:41:00,477] {logging_mixin.py:104} INFO - [2021-12-27 20:41:00,477] {dag.py:1832} INFO - Sync 1 DAGs
[2021-12-27 20:41:00,486] {logging_mixin.py:104} INFO - [2021-12-27 20:41:00,486] {dag.py:2305} INFO - Setting next_dagrun for example_dag_decorator to None
[2021-12-27 20:41:00,504] {scheduler_job.py:190} INFO - Processing /home/airflow/airflow-course/venv/lib/python3.8/site-packages/airflow/example_dags/example_dag_decorator.py took 0.434 seconds
[2021-12-27 20:41:31,346] {scheduler_job.py:182} INFO - Started process (PID=3903) to work on /home/airflow/airflow-course/venv/lib/python3.8/site-packages/airflow/example_dags/example_dag_decorator.py
[2021-12-27 20:41:31,349] {scheduler_job.py:633} INFO - Processing file /home/airflow/airflow-course/venv/lib/python3.8/site-packages/airflow/example_dags/example_dag_decorator.py for tasks to queue
[2021-12-27 20:41:31,350] {logging_mixin.py:104} INFO - [2021-12-27 20:41:31,350] {dagbag.py:487} INFO - Filling up the DagBag from /home/airflow/airflow-course/venv/lib/python3.8/site-packages/airflow/example_dags/example_dag_decorator.py
[2021-12-27 20:41:31,412] {scheduler_job.py:643} INFO - DAG(s) dict_keys(['example_dag_decorator']) retrieved from /home/airflow/airflow-course/venv/lib/python3.8/site-packages/airflow/example_dags/example_dag_decorator.py
[2021-12-27 20:41:31,760] {logging_mixin.py:104} INFO - [2021-12-27 20:41:31,760] {dag.py:1832} INFO - Sync 1 DAGs
[2021-12-27 20:41:31,772] {logging_mixin.py:104} INFO - [2021-12-27 20:41:31,772] {dag.py:2305} INFO - Setting next_dagrun for example_dag_decorator to None
[2021-12-27 20:41:31,792] {scheduler_job.py:190} INFO - Processing /home/airflow/airflow-course/venv/lib/python3.8/site-packages/airflow/example_dags/example_dag_decorator.py took 0.454 seconds
[2021-12-27 20:42:02,119] {scheduler_job.py:182} INFO - Started process (PID=4102) to work on /home/airflow/airflow-course/venv/lib/python3.8/site-packages/airflow/example_dags/example_dag_decorator.py
[2021-12-27 20:42:02,130] {scheduler_job.py:633} INFO - Processing file /home/airflow/airflow-course/venv/lib/python3.8/site-packages/airflow/example_dags/example_dag_decorator.py for tasks to queue
[2021-12-27 20:42:02,130] {logging_mixin.py:104} INFO - [2021-12-27 20:42:02,130] {dagbag.py:487} INFO - Filling up the DagBag from /home/airflow/airflow-course/venv/lib/python3.8/site-packages/airflow/example_dags/example_dag_decorator.py
[2021-12-27 20:42:02,181] {scheduler_job.py:643} INFO - DAG(s) dict_keys(['example_dag_decorator']) retrieved from /home/airflow/airflow-course/venv/lib/python3.8/site-packages/airflow/example_dags/example_dag_decorator.py
[2021-12-27 20:42:02,935] {logging_mixin.py:104} INFO - [2021-12-27 20:42:02,935] {dag.py:1832} INFO - Sync 1 DAGs
[2021-12-27 20:42:02,947] {logging_mixin.py:104} INFO - [2021-12-27 20:42:02,947] {dag.py:2305} INFO - Setting next_dagrun for example_dag_decorator to None
[2021-12-27 20:42:02,969] {scheduler_job.py:190} INFO - Processing /home/airflow/airflow-course/venv/lib/python3.8/site-packages/airflow/example_dags/example_dag_decorator.py took 0.854 seconds
[2021-12-27 20:42:33,072] {scheduler_job.py:182} INFO - Started process (PID=4314) to work on /home/airflow/airflow-course/venv/lib/python3.8/site-packages/airflow/example_dags/example_dag_decorator.py
[2021-12-27 20:42:33,074] {scheduler_job.py:633} INFO - Processing file /home/airflow/airflow-course/venv/lib/python3.8/site-packages/airflow/example_dags/example_dag_decorator.py for tasks to queue
[2021-12-27 20:42:33,075] {logging_mixin.py:104} INFO - [2021-12-27 20:42:33,075] {dagbag.py:487} INFO - Filling up the DagBag from /home/airflow/airflow-course/venv/lib/python3.8/site-packages/airflow/example_dags/example_dag_decorator.py
[2021-12-27 20:42:33,132] {scheduler_job.py:643} INFO - DAG(s) dict_keys(['example_dag_decorator']) retrieved from /home/airflow/airflow-course/venv/lib/python3.8/site-packages/airflow/example_dags/example_dag_decorator.py
[2021-12-27 20:42:33,652] {logging_mixin.py:104} INFO - [2021-12-27 20:42:33,652] {dag.py:1832} INFO - Sync 1 DAGs
[2021-12-27 20:42:33,664] {logging_mixin.py:104} INFO - [2021-12-27 20:42:33,663] {dag.py:2305} INFO - Setting next_dagrun for example_dag_decorator to None
[2021-12-27 20:42:33,684] {scheduler_job.py:190} INFO - Processing /home/airflow/airflow-course/venv/lib/python3.8/site-packages/airflow/example_dags/example_dag_decorator.py took 0.626 seconds
[2021-12-27 20:43:03,936] {scheduler_job.py:182} INFO - Started process (PID=4517) to work on /home/airflow/airflow-course/venv/lib/python3.8/site-packages/airflow/example_dags/example_dag_decorator.py
[2021-12-27 20:43:03,947] {scheduler_job.py:633} INFO - Processing file /home/airflow/airflow-course/venv/lib/python3.8/site-packages/airflow/example_dags/example_dag_decorator.py for tasks to queue
[2021-12-27 20:43:03,951] {logging_mixin.py:104} INFO - [2021-12-27 20:43:03,951] {dagbag.py:487} INFO - Filling up the DagBag from /home/airflow/airflow-course/venv/lib/python3.8/site-packages/airflow/example_dags/example_dag_decorator.py
[2021-12-27 20:43:04,009] {scheduler_job.py:643} INFO - DAG(s) dict_keys(['example_dag_decorator']) retrieved from /home/airflow/airflow-course/venv/lib/python3.8/site-packages/airflow/example_dags/example_dag_decorator.py
[2021-12-27 20:43:04,346] {logging_mixin.py:104} INFO - [2021-12-27 20:43:04,346] {dag.py:1832} INFO - Sync 1 DAGs
[2021-12-27 20:43:04,357] {logging_mixin.py:104} INFO - [2021-12-27 20:43:04,356] {dag.py:2305} INFO - Setting next_dagrun for example_dag_decorator to None
[2021-12-27 20:43:04,377] {scheduler_job.py:190} INFO - Processing /home/airflow/airflow-course/venv/lib/python3.8/site-packages/airflow/example_dags/example_dag_decorator.py took 0.444 seconds
[2021-12-27 20:43:34,419] {scheduler_job.py:182} INFO - Started process (PID=4720) to work on /home/airflow/airflow-course/venv/lib/python3.8/site-packages/airflow/example_dags/example_dag_decorator.py
[2021-12-27 20:43:34,420] {scheduler_job.py:633} INFO - Processing file /home/airflow/airflow-course/venv/lib/python3.8/site-packages/airflow/example_dags/example_dag_decorator.py for tasks to queue
[2021-12-27 20:43:34,421] {logging_mixin.py:104} INFO - [2021-12-27 20:43:34,421] {dagbag.py:487} INFO - Filling up the DagBag from /home/airflow/airflow-course/venv/lib/python3.8/site-packages/airflow/example_dags/example_dag_decorator.py
[2021-12-27 20:43:34,460] {scheduler_job.py:643} INFO - DAG(s) dict_keys(['example_dag_decorator']) retrieved from /home/airflow/airflow-course/venv/lib/python3.8/site-packages/airflow/example_dags/example_dag_decorator.py
[2021-12-27 20:43:34,801] {logging_mixin.py:104} INFO - [2021-12-27 20:43:34,801] {dag.py:1832} INFO - Sync 1 DAGs
[2021-12-27 20:43:34,809] {logging_mixin.py:104} INFO - [2021-12-27 20:43:34,809] {dag.py:2305} INFO - Setting next_dagrun for example_dag_decorator to None
[2021-12-27 20:43:34,828] {scheduler_job.py:190} INFO - Processing /home/airflow/airflow-course/venv/lib/python3.8/site-packages/airflow/example_dags/example_dag_decorator.py took 0.415 seconds
[2021-12-27 20:44:04,893] {scheduler_job.py:182} INFO - Started process (PID=4918) to work on /home/airflow/airflow-course/venv/lib/python3.8/site-packages/airflow/example_dags/example_dag_decorator.py
[2021-12-27 20:44:04,899] {scheduler_job.py:633} INFO - Processing file /home/airflow/airflow-course/venv/lib/python3.8/site-packages/airflow/example_dags/example_dag_decorator.py for tasks to queue
[2021-12-27 20:44:04,904] {logging_mixin.py:104} INFO - [2021-12-27 20:44:04,904] {dagbag.py:487} INFO - Filling up the DagBag from /home/airflow/airflow-course/venv/lib/python3.8/site-packages/airflow/example_dags/example_dag_decorator.py
[2021-12-27 20:44:04,938] {scheduler_job.py:643} INFO - DAG(s) dict_keys(['example_dag_decorator']) retrieved from /home/airflow/airflow-course/venv/lib/python3.8/site-packages/airflow/example_dags/example_dag_decorator.py
[2021-12-27 20:44:05,241] {logging_mixin.py:104} INFO - [2021-12-27 20:44:05,241] {dag.py:1832} INFO - Sync 1 DAGs
[2021-12-27 20:44:05,250] {logging_mixin.py:104} INFO - [2021-12-27 20:44:05,250] {dag.py:2305} INFO - Setting next_dagrun for example_dag_decorator to None
[2021-12-27 20:44:05,265] {scheduler_job.py:190} INFO - Processing /home/airflow/airflow-course/venv/lib/python3.8/site-packages/airflow/example_dags/example_dag_decorator.py took 0.375 seconds
[2021-12-27 20:44:35,555] {scheduler_job.py:182} INFO - Started process (PID=5118) to work on /home/airflow/airflow-course/venv/lib/python3.8/site-packages/airflow/example_dags/example_dag_decorator.py
[2021-12-27 20:44:35,557] {scheduler_job.py:633} INFO - Processing file /home/airflow/airflow-course/venv/lib/python3.8/site-packages/airflow/example_dags/example_dag_decorator.py for tasks to queue
[2021-12-27 20:44:35,561] {logging_mixin.py:104} INFO - [2021-12-27 20:44:35,561] {dagbag.py:487} INFO - Filling up the DagBag from /home/airflow/airflow-course/venv/lib/python3.8/site-packages/airflow/example_dags/example_dag_decorator.py
[2021-12-27 20:44:35,583] {scheduler_job.py:643} INFO - DAG(s) dict_keys(['example_dag_decorator']) retrieved from /home/airflow/airflow-course/venv/lib/python3.8/site-packages/airflow/example_dags/example_dag_decorator.py
[2021-12-27 20:44:35,872] {logging_mixin.py:104} INFO - [2021-12-27 20:44:35,872] {dag.py:1832} INFO - Sync 1 DAGs
[2021-12-27 20:44:35,880] {logging_mixin.py:104} INFO - [2021-12-27 20:44:35,880] {dag.py:2305} INFO - Setting next_dagrun for example_dag_decorator to None
[2021-12-27 20:44:35,897] {scheduler_job.py:190} INFO - Processing /home/airflow/airflow-course/venv/lib/python3.8/site-packages/airflow/example_dags/example_dag_decorator.py took 0.346 seconds
[2021-12-27 20:45:06,016] {scheduler_job.py:182} INFO - Started process (PID=5559) to work on /home/airflow/airflow-course/venv/lib/python3.8/site-packages/airflow/example_dags/example_dag_decorator.py
[2021-12-27 20:45:06,019] {scheduler_job.py:633} INFO - Processing file /home/airflow/airflow-course/venv/lib/python3.8/site-packages/airflow/example_dags/example_dag_decorator.py for tasks to queue
[2021-12-27 20:45:06,022] {logging_mixin.py:104} INFO - [2021-12-27 20:45:06,022] {dagbag.py:487} INFO - Filling up the DagBag from /home/airflow/airflow-course/venv/lib/python3.8/site-packages/airflow/example_dags/example_dag_decorator.py
[2021-12-27 20:45:06,046] {scheduler_job.py:643} INFO - DAG(s) dict_keys(['example_dag_decorator']) retrieved from /home/airflow/airflow-course/venv/lib/python3.8/site-packages/airflow/example_dags/example_dag_decorator.py
[2021-12-27 20:45:06,424] {logging_mixin.py:104} INFO - [2021-12-27 20:45:06,424] {dag.py:1832} INFO - Sync 1 DAGs
[2021-12-27 20:45:06,434] {logging_mixin.py:104} INFO - [2021-12-27 20:45:06,434] {dag.py:2305} INFO - Setting next_dagrun for example_dag_decorator to None
[2021-12-27 20:45:06,456] {scheduler_job.py:190} INFO - Processing /home/airflow/airflow-course/venv/lib/python3.8/site-packages/airflow/example_dags/example_dag_decorator.py took 0.450 seconds
[2021-12-27 20:45:36,893] {scheduler_job.py:182} INFO - Started process (PID=5759) to work on /home/airflow/airflow-course/venv/lib/python3.8/site-packages/airflow/example_dags/example_dag_decorator.py
[2021-12-27 20:45:36,894] {scheduler_job.py:633} INFO - Processing file /home/airflow/airflow-course/venv/lib/python3.8/site-packages/airflow/example_dags/example_dag_decorator.py for tasks to queue
[2021-12-27 20:45:36,895] {logging_mixin.py:104} INFO - [2021-12-27 20:45:36,895] {dagbag.py:487} INFO - Filling up the DagBag from /home/airflow/airflow-course/venv/lib/python3.8/site-packages/airflow/example_dags/example_dag_decorator.py
[2021-12-27 20:45:36,938] {scheduler_job.py:643} INFO - DAG(s) dict_keys(['example_dag_decorator']) retrieved from /home/airflow/airflow-course/venv/lib/python3.8/site-packages/airflow/example_dags/example_dag_decorator.py
[2021-12-27 20:45:37,274] {logging_mixin.py:104} INFO - [2021-12-27 20:45:37,274] {dag.py:1832} INFO - Sync 1 DAGs
[2021-12-27 20:45:37,284] {logging_mixin.py:104} INFO - [2021-12-27 20:45:37,284] {dag.py:2305} INFO - Setting next_dagrun for example_dag_decorator to None
[2021-12-27 20:45:37,307] {scheduler_job.py:190} INFO - Processing /home/airflow/airflow-course/venv/lib/python3.8/site-packages/airflow/example_dags/example_dag_decorator.py took 0.418 seconds
[2021-12-27 20:46:07,976] {scheduler_job.py:182} INFO - Started process (PID=5959) to work on /home/airflow/airflow-course/venv/lib/python3.8/site-packages/airflow/example_dags/example_dag_decorator.py
[2021-12-27 20:46:07,992] {scheduler_job.py:633} INFO - Processing file /home/airflow/airflow-course/venv/lib/python3.8/site-packages/airflow/example_dags/example_dag_decorator.py for tasks to queue
[2021-12-27 20:46:07,993] {logging_mixin.py:104} INFO - [2021-12-27 20:46:07,993] {dagbag.py:487} INFO - Filling up the DagBag from /home/airflow/airflow-course/venv/lib/python3.8/site-packages/airflow/example_dags/example_dag_decorator.py
[2021-12-27 20:46:08,043] {scheduler_job.py:643} INFO - DAG(s) dict_keys(['example_dag_decorator']) retrieved from /home/airflow/airflow-course/venv/lib/python3.8/site-packages/airflow/example_dags/example_dag_decorator.py
[2021-12-27 20:46:08,494] {logging_mixin.py:104} INFO - [2021-12-27 20:46:08,494] {dag.py:1832} INFO - Sync 1 DAGs
[2021-12-27 20:46:08,510] {logging_mixin.py:104} INFO - [2021-12-27 20:46:08,509] {dag.py:2305} INFO - Setting next_dagrun for example_dag_decorator to None
[2021-12-27 20:46:08,531] {scheduler_job.py:190} INFO - Processing /home/airflow/airflow-course/venv/lib/python3.8/site-packages/airflow/example_dags/example_dag_decorator.py took 0.560 seconds
[2021-12-27 20:46:39,261] {scheduler_job.py:182} INFO - Started process (PID=6159) to work on /home/airflow/airflow-course/venv/lib/python3.8/site-packages/airflow/example_dags/example_dag_decorator.py
[2021-12-27 20:46:39,267] {scheduler_job.py:633} INFO - Processing file /home/airflow/airflow-course/venv/lib/python3.8/site-packages/airflow/example_dags/example_dag_decorator.py for tasks to queue
[2021-12-27 20:46:39,270] {logging_mixin.py:104} INFO - [2021-12-27 20:46:39,270] {dagbag.py:487} INFO - Filling up the DagBag from /home/airflow/airflow-course/venv/lib/python3.8/site-packages/airflow/example_dags/example_dag_decorator.py
[2021-12-27 20:46:39,315] {scheduler_job.py:643} INFO - DAG(s) dict_keys(['example_dag_decorator']) retrieved from /home/airflow/airflow-course/venv/lib/python3.8/site-packages/airflow/example_dags/example_dag_decorator.py
[2021-12-27 20:46:39,615] {logging_mixin.py:104} INFO - [2021-12-27 20:46:39,615] {dag.py:1832} INFO - Sync 1 DAGs
[2021-12-27 20:46:39,627] {logging_mixin.py:104} INFO - [2021-12-27 20:46:39,627] {dag.py:2305} INFO - Setting next_dagrun for example_dag_decorator to None
[2021-12-27 20:46:39,648] {scheduler_job.py:190} INFO - Processing /home/airflow/airflow-course/venv/lib/python3.8/site-packages/airflow/example_dags/example_dag_decorator.py took 0.392 seconds
