[2021-12-27 20:39:58,485] {scheduler_job.py:182} INFO - Started process (PID=3027) to work on /home/airflow/airflow-course/venv/lib/python3.8/site-packages/airflow/example_dags/example_xcom.py
[2021-12-27 20:39:58,486] {scheduler_job.py:633} INFO - Processing file /home/airflow/airflow-course/venv/lib/python3.8/site-packages/airflow/example_dags/example_xcom.py for tasks to queue
[2021-12-27 20:39:58,486] {logging_mixin.py:104} INFO - [2021-12-27 20:39:58,486] {dagbag.py:487} INFO - Filling up the DagBag from /home/airflow/airflow-course/venv/lib/python3.8/site-packages/airflow/example_dags/example_xcom.py
[2021-12-27 20:39:58,524] {scheduler_job.py:643} INFO - DAG(s) dict_keys(['example_xcom']) retrieved from /home/airflow/airflow-course/venv/lib/python3.8/site-packages/airflow/example_dags/example_xcom.py
[2021-12-27 20:39:59,247] {logging_mixin.py:104} INFO - [2021-12-27 20:39:59,247] {dag.py:1832} INFO - Sync 1 DAGs
[2021-12-27 20:39:59,259] {logging_mixin.py:104} INFO - [2021-12-27 20:39:59,259] {dag.py:2305} INFO - Setting next_dagrun for example_xcom to 2021-12-25 00:00:00+00:00
[2021-12-27 20:39:59,281] {scheduler_job.py:190} INFO - Processing /home/airflow/airflow-course/venv/lib/python3.8/site-packages/airflow/example_dags/example_xcom.py took 0.800 seconds
[2021-12-27 20:40:29,411] {scheduler_job.py:182} INFO - Started process (PID=3366) to work on /home/airflow/airflow-course/venv/lib/python3.8/site-packages/airflow/example_dags/example_xcom.py
[2021-12-27 20:40:29,412] {scheduler_job.py:633} INFO - Processing file /home/airflow/airflow-course/venv/lib/python3.8/site-packages/airflow/example_dags/example_xcom.py for tasks to queue
[2021-12-27 20:40:29,413] {logging_mixin.py:104} INFO - [2021-12-27 20:40:29,413] {dagbag.py:487} INFO - Filling up the DagBag from /home/airflow/airflow-course/venv/lib/python3.8/site-packages/airflow/example_dags/example_xcom.py
[2021-12-27 20:40:29,459] {scheduler_job.py:643} INFO - DAG(s) dict_keys(['example_xcom']) retrieved from /home/airflow/airflow-course/venv/lib/python3.8/site-packages/airflow/example_dags/example_xcom.py
[2021-12-27 20:40:29,522] {logging_mixin.py:104} INFO - [2021-12-27 20:40:29,522] {dag.py:1832} INFO - Sync 1 DAGs
[2021-12-27 20:40:29,551] {logging_mixin.py:104} INFO - [2021-12-27 20:40:29,551] {dag.py:2305} INFO - Setting next_dagrun for example_xcom to 2021-12-25 00:00:00+00:00
[2021-12-27 20:40:29,581] {scheduler_job.py:190} INFO - Processing /home/airflow/airflow-course/venv/lib/python3.8/site-packages/airflow/example_dags/example_xcom.py took 0.188 seconds
[2021-12-27 20:40:59,847] {scheduler_job.py:182} INFO - Started process (PID=3687) to work on /home/airflow/airflow-course/venv/lib/python3.8/site-packages/airflow/example_dags/example_xcom.py
[2021-12-27 20:40:59,862] {scheduler_job.py:633} INFO - Processing file /home/airflow/airflow-course/venv/lib/python3.8/site-packages/airflow/example_dags/example_xcom.py for tasks to queue
[2021-12-27 20:40:59,863] {logging_mixin.py:104} INFO - [2021-12-27 20:40:59,863] {dagbag.py:487} INFO - Filling up the DagBag from /home/airflow/airflow-course/venv/lib/python3.8/site-packages/airflow/example_dags/example_xcom.py
[2021-12-27 20:40:59,877] {scheduler_job.py:643} INFO - DAG(s) dict_keys(['example_xcom']) retrieved from /home/airflow/airflow-course/venv/lib/python3.8/site-packages/airflow/example_dags/example_xcom.py
[2021-12-27 20:40:59,934] {logging_mixin.py:104} INFO - [2021-12-27 20:40:59,934] {dag.py:1832} INFO - Sync 1 DAGs
[2021-12-27 20:40:59,962] {logging_mixin.py:104} INFO - [2021-12-27 20:40:59,962] {dag.py:2305} INFO - Setting next_dagrun for example_xcom to 2021-12-25 00:00:00+00:00
[2021-12-27 20:40:59,993] {scheduler_job.py:190} INFO - Processing /home/airflow/airflow-course/venv/lib/python3.8/site-packages/airflow/example_dags/example_xcom.py took 0.158 seconds
[2021-12-27 20:41:30,123] {scheduler_job.py:182} INFO - Started process (PID=3886) to work on /home/airflow/airflow-course/venv/lib/python3.8/site-packages/airflow/example_dags/example_xcom.py
[2021-12-27 20:41:30,131] {scheduler_job.py:633} INFO - Processing file /home/airflow/airflow-course/venv/lib/python3.8/site-packages/airflow/example_dags/example_xcom.py for tasks to queue
[2021-12-27 20:41:30,135] {logging_mixin.py:104} INFO - [2021-12-27 20:41:30,135] {dagbag.py:487} INFO - Filling up the DagBag from /home/airflow/airflow-course/venv/lib/python3.8/site-packages/airflow/example_dags/example_xcom.py
[2021-12-27 20:41:30,160] {scheduler_job.py:643} INFO - DAG(s) dict_keys(['example_xcom']) retrieved from /home/airflow/airflow-course/venv/lib/python3.8/site-packages/airflow/example_dags/example_xcom.py
[2021-12-27 20:41:30,227] {logging_mixin.py:104} INFO - [2021-12-27 20:41:30,227] {dag.py:1832} INFO - Sync 1 DAGs
[2021-12-27 20:41:30,264] {logging_mixin.py:104} INFO - [2021-12-27 20:41:30,263] {dag.py:2305} INFO - Setting next_dagrun for example_xcom to 2021-12-25 00:00:00+00:00
[2021-12-27 20:41:30,290] {scheduler_job.py:190} INFO - Processing /home/airflow/airflow-course/venv/lib/python3.8/site-packages/airflow/example_dags/example_xcom.py took 0.172 seconds
[2021-12-27 20:42:00,868] {scheduler_job.py:182} INFO - Started process (PID=4088) to work on /home/airflow/airflow-course/venv/lib/python3.8/site-packages/airflow/example_dags/example_xcom.py
[2021-12-27 20:42:00,870] {scheduler_job.py:633} INFO - Processing file /home/airflow/airflow-course/venv/lib/python3.8/site-packages/airflow/example_dags/example_xcom.py for tasks to queue
[2021-12-27 20:42:00,882] {logging_mixin.py:104} INFO - [2021-12-27 20:42:00,882] {dagbag.py:487} INFO - Filling up the DagBag from /home/airflow/airflow-course/venv/lib/python3.8/site-packages/airflow/example_dags/example_xcom.py
[2021-12-27 20:42:00,898] {scheduler_job.py:643} INFO - DAG(s) dict_keys(['example_xcom']) retrieved from /home/airflow/airflow-course/venv/lib/python3.8/site-packages/airflow/example_dags/example_xcom.py
[2021-12-27 20:42:00,972] {logging_mixin.py:104} INFO - [2021-12-27 20:42:00,972] {dag.py:1832} INFO - Sync 1 DAGs
[2021-12-27 20:42:01,004] {logging_mixin.py:104} INFO - [2021-12-27 20:42:01,004] {dag.py:2305} INFO - Setting next_dagrun for example_xcom to 2021-12-25 00:00:00+00:00
[2021-12-27 20:42:01,030] {scheduler_job.py:190} INFO - Processing /home/airflow/airflow-course/venv/lib/python3.8/site-packages/airflow/example_dags/example_xcom.py took 0.165 seconds
[2021-12-27 20:42:31,384] {scheduler_job.py:182} INFO - Started process (PID=4287) to work on /home/airflow/airflow-course/venv/lib/python3.8/site-packages/airflow/example_dags/example_xcom.py
[2021-12-27 20:42:31,392] {scheduler_job.py:633} INFO - Processing file /home/airflow/airflow-course/venv/lib/python3.8/site-packages/airflow/example_dags/example_xcom.py for tasks to queue
[2021-12-27 20:42:31,393] {logging_mixin.py:104} INFO - [2021-12-27 20:42:31,393] {dagbag.py:487} INFO - Filling up the DagBag from /home/airflow/airflow-course/venv/lib/python3.8/site-packages/airflow/example_dags/example_xcom.py
[2021-12-27 20:42:31,428] {scheduler_job.py:643} INFO - DAG(s) dict_keys(['example_xcom']) retrieved from /home/airflow/airflow-course/venv/lib/python3.8/site-packages/airflow/example_dags/example_xcom.py
[2021-12-27 20:42:31,516] {logging_mixin.py:104} INFO - [2021-12-27 20:42:31,516] {dag.py:1832} INFO - Sync 1 DAGs
[2021-12-27 20:42:31,572] {logging_mixin.py:104} INFO - [2021-12-27 20:42:31,572] {dag.py:2305} INFO - Setting next_dagrun for example_xcom to 2021-12-25 00:00:00+00:00
[2021-12-27 20:42:31,605] {scheduler_job.py:190} INFO - Processing /home/airflow/airflow-course/venv/lib/python3.8/site-packages/airflow/example_dags/example_xcom.py took 0.225 seconds
[2021-12-27 20:43:02,053] {scheduler_job.py:182} INFO - Started process (PID=4487) to work on /home/airflow/airflow-course/venv/lib/python3.8/site-packages/airflow/example_dags/example_xcom.py
[2021-12-27 20:43:02,057] {scheduler_job.py:633} INFO - Processing file /home/airflow/airflow-course/venv/lib/python3.8/site-packages/airflow/example_dags/example_xcom.py for tasks to queue
[2021-12-27 20:43:02,067] {logging_mixin.py:104} INFO - [2021-12-27 20:43:02,066] {dagbag.py:487} INFO - Filling up the DagBag from /home/airflow/airflow-course/venv/lib/python3.8/site-packages/airflow/example_dags/example_xcom.py
[2021-12-27 20:43:02,101] {scheduler_job.py:643} INFO - DAG(s) dict_keys(['example_xcom']) retrieved from /home/airflow/airflow-course/venv/lib/python3.8/site-packages/airflow/example_dags/example_xcom.py
[2021-12-27 20:43:02,167] {logging_mixin.py:104} INFO - [2021-12-27 20:43:02,167] {dag.py:1832} INFO - Sync 1 DAGs
[2021-12-27 20:43:02,209] {logging_mixin.py:104} INFO - [2021-12-27 20:43:02,209] {dag.py:2305} INFO - Setting next_dagrun for example_xcom to 2021-12-25 00:00:00+00:00
[2021-12-27 20:43:02,379] {scheduler_job.py:190} INFO - Processing /home/airflow/airflow-course/venv/lib/python3.8/site-packages/airflow/example_dags/example_xcom.py took 0.330 seconds
[2021-12-27 20:43:32,504] {scheduler_job.py:182} INFO - Started process (PID=4681) to work on /home/airflow/airflow-course/venv/lib/python3.8/site-packages/airflow/example_dags/example_xcom.py
[2021-12-27 20:43:32,511] {scheduler_job.py:633} INFO - Processing file /home/airflow/airflow-course/venv/lib/python3.8/site-packages/airflow/example_dags/example_xcom.py for tasks to queue
[2021-12-27 20:43:32,517] {logging_mixin.py:104} INFO - [2021-12-27 20:43:32,515] {dagbag.py:487} INFO - Filling up the DagBag from /home/airflow/airflow-course/venv/lib/python3.8/site-packages/airflow/example_dags/example_xcom.py
[2021-12-27 20:43:32,546] {scheduler_job.py:643} INFO - DAG(s) dict_keys(['example_xcom']) retrieved from /home/airflow/airflow-course/venv/lib/python3.8/site-packages/airflow/example_dags/example_xcom.py
[2021-12-27 20:43:32,616] {logging_mixin.py:104} INFO - [2021-12-27 20:43:32,615] {dag.py:1832} INFO - Sync 1 DAGs
[2021-12-27 20:43:32,658] {logging_mixin.py:104} INFO - [2021-12-27 20:43:32,658] {dag.py:2305} INFO - Setting next_dagrun for example_xcom to 2021-12-25 00:00:00+00:00
[2021-12-27 20:43:32,851] {scheduler_job.py:190} INFO - Processing /home/airflow/airflow-course/venv/lib/python3.8/site-packages/airflow/example_dags/example_xcom.py took 0.351 seconds
[2021-12-27 20:44:02,884] {scheduler_job.py:182} INFO - Started process (PID=4888) to work on /home/airflow/airflow-course/venv/lib/python3.8/site-packages/airflow/example_dags/example_xcom.py
[2021-12-27 20:44:02,885] {scheduler_job.py:633} INFO - Processing file /home/airflow/airflow-course/venv/lib/python3.8/site-packages/airflow/example_dags/example_xcom.py for tasks to queue
[2021-12-27 20:44:02,885] {logging_mixin.py:104} INFO - [2021-12-27 20:44:02,885] {dagbag.py:487} INFO - Filling up the DagBag from /home/airflow/airflow-course/venv/lib/python3.8/site-packages/airflow/example_dags/example_xcom.py
[2021-12-27 20:44:02,896] {scheduler_job.py:643} INFO - DAG(s) dict_keys(['example_xcom']) retrieved from /home/airflow/airflow-course/venv/lib/python3.8/site-packages/airflow/example_dags/example_xcom.py
[2021-12-27 20:44:02,917] {logging_mixin.py:104} INFO - [2021-12-27 20:44:02,917] {dag.py:1832} INFO - Sync 1 DAGs
[2021-12-27 20:44:02,928] {logging_mixin.py:104} INFO - [2021-12-27 20:44:02,928] {dag.py:2305} INFO - Setting next_dagrun for example_xcom to 2021-12-25 00:00:00+00:00
[2021-12-27 20:44:02,996] {scheduler_job.py:190} INFO - Processing /home/airflow/airflow-course/venv/lib/python3.8/site-packages/airflow/example_dags/example_xcom.py took 0.115 seconds
[2021-12-27 20:44:33,449] {scheduler_job.py:182} INFO - Started process (PID=5079) to work on /home/airflow/airflow-course/venv/lib/python3.8/site-packages/airflow/example_dags/example_xcom.py
[2021-12-27 20:44:33,472] {scheduler_job.py:633} INFO - Processing file /home/airflow/airflow-course/venv/lib/python3.8/site-packages/airflow/example_dags/example_xcom.py for tasks to queue
[2021-12-27 20:44:33,475] {logging_mixin.py:104} INFO - [2021-12-27 20:44:33,475] {dagbag.py:487} INFO - Filling up the DagBag from /home/airflow/airflow-course/venv/lib/python3.8/site-packages/airflow/example_dags/example_xcom.py
[2021-12-27 20:44:33,528] {scheduler_job.py:643} INFO - DAG(s) dict_keys(['example_xcom']) retrieved from /home/airflow/airflow-course/venv/lib/python3.8/site-packages/airflow/example_dags/example_xcom.py
[2021-12-27 20:44:33,590] {logging_mixin.py:104} INFO - [2021-12-27 20:44:33,590] {dag.py:1832} INFO - Sync 1 DAGs
[2021-12-27 20:44:33,687] {logging_mixin.py:104} INFO - [2021-12-27 20:44:33,686] {dag.py:2305} INFO - Setting next_dagrun for example_xcom to 2021-12-25 00:00:00+00:00
[2021-12-27 20:44:33,709] {scheduler_job.py:190} INFO - Processing /home/airflow/airflow-course/venv/lib/python3.8/site-packages/airflow/example_dags/example_xcom.py took 0.264 seconds
[2021-12-27 20:45:03,928] {scheduler_job.py:182} INFO - Started process (PID=5525) to work on /home/airflow/airflow-course/venv/lib/python3.8/site-packages/airflow/example_dags/example_xcom.py
[2021-12-27 20:45:03,931] {scheduler_job.py:633} INFO - Processing file /home/airflow/airflow-course/venv/lib/python3.8/site-packages/airflow/example_dags/example_xcom.py for tasks to queue
[2021-12-27 20:45:03,932] {logging_mixin.py:104} INFO - [2021-12-27 20:45:03,932] {dagbag.py:487} INFO - Filling up the DagBag from /home/airflow/airflow-course/venv/lib/python3.8/site-packages/airflow/example_dags/example_xcom.py
[2021-12-27 20:45:03,960] {scheduler_job.py:643} INFO - DAG(s) dict_keys(['example_xcom']) retrieved from /home/airflow/airflow-course/venv/lib/python3.8/site-packages/airflow/example_dags/example_xcom.py
[2021-12-27 20:45:03,998] {logging_mixin.py:104} INFO - [2021-12-27 20:45:03,998] {dag.py:1832} INFO - Sync 1 DAGs
[2021-12-27 20:45:04,074] {logging_mixin.py:104} INFO - [2021-12-27 20:45:04,074] {dag.py:2305} INFO - Setting next_dagrun for example_xcom to 2021-12-25 00:00:00+00:00
[2021-12-27 20:45:04,084] {scheduler_job.py:190} INFO - Processing /home/airflow/airflow-course/venv/lib/python3.8/site-packages/airflow/example_dags/example_xcom.py took 0.166 seconds
[2021-12-27 20:45:35,713] {scheduler_job.py:182} INFO - Started process (PID=5723) to work on /home/airflow/airflow-course/venv/lib/python3.8/site-packages/airflow/example_dags/example_xcom.py
[2021-12-27 20:45:35,714] {scheduler_job.py:633} INFO - Processing file /home/airflow/airflow-course/venv/lib/python3.8/site-packages/airflow/example_dags/example_xcom.py for tasks to queue
[2021-12-27 20:45:35,718] {logging_mixin.py:104} INFO - [2021-12-27 20:45:35,718] {dagbag.py:487} INFO - Filling up the DagBag from /home/airflow/airflow-course/venv/lib/python3.8/site-packages/airflow/example_dags/example_xcom.py
[2021-12-27 20:45:35,743] {scheduler_job.py:643} INFO - DAG(s) dict_keys(['example_xcom']) retrieved from /home/airflow/airflow-course/venv/lib/python3.8/site-packages/airflow/example_dags/example_xcom.py
[2021-12-27 20:45:35,800] {logging_mixin.py:104} INFO - [2021-12-27 20:45:35,799] {dag.py:1832} INFO - Sync 1 DAGs
[2021-12-27 20:45:35,971] {logging_mixin.py:104} INFO - [2021-12-27 20:45:35,970] {dag.py:2305} INFO - Setting next_dagrun for example_xcom to 2021-12-25 00:00:00+00:00
[2021-12-27 20:45:36,063] {scheduler_job.py:190} INFO - Processing /home/airflow/airflow-course/venv/lib/python3.8/site-packages/airflow/example_dags/example_xcom.py took 0.353 seconds
[2021-12-27 20:46:06,781] {scheduler_job.py:182} INFO - Started process (PID=5923) to work on /home/airflow/airflow-course/venv/lib/python3.8/site-packages/airflow/example_dags/example_xcom.py
[2021-12-27 20:46:06,792] {scheduler_job.py:633} INFO - Processing file /home/airflow/airflow-course/venv/lib/python3.8/site-packages/airflow/example_dags/example_xcom.py for tasks to queue
[2021-12-27 20:46:06,792] {logging_mixin.py:104} INFO - [2021-12-27 20:46:06,792] {dagbag.py:487} INFO - Filling up the DagBag from /home/airflow/airflow-course/venv/lib/python3.8/site-packages/airflow/example_dags/example_xcom.py
[2021-12-27 20:46:06,822] {scheduler_job.py:643} INFO - DAG(s) dict_keys(['example_xcom']) retrieved from /home/airflow/airflow-course/venv/lib/python3.8/site-packages/airflow/example_dags/example_xcom.py
[2021-12-27 20:46:06,897] {logging_mixin.py:104} INFO - [2021-12-27 20:46:06,897] {dag.py:1832} INFO - Sync 1 DAGs
[2021-12-27 20:46:07,075] {logging_mixin.py:104} INFO - [2021-12-27 20:46:07,075] {dag.py:2305} INFO - Setting next_dagrun for example_xcom to 2021-12-25 00:00:00+00:00
[2021-12-27 20:46:07,115] {scheduler_job.py:190} INFO - Processing /home/airflow/airflow-course/venv/lib/python3.8/site-packages/airflow/example_dags/example_xcom.py took 0.338 seconds
[2021-12-27 20:46:38,196] {scheduler_job.py:182} INFO - Started process (PID=6123) to work on /home/airflow/airflow-course/venv/lib/python3.8/site-packages/airflow/example_dags/example_xcom.py
[2021-12-27 20:46:38,201] {scheduler_job.py:633} INFO - Processing file /home/airflow/airflow-course/venv/lib/python3.8/site-packages/airflow/example_dags/example_xcom.py for tasks to queue
[2021-12-27 20:46:38,208] {logging_mixin.py:104} INFO - [2021-12-27 20:46:38,207] {dagbag.py:487} INFO - Filling up the DagBag from /home/airflow/airflow-course/venv/lib/python3.8/site-packages/airflow/example_dags/example_xcom.py
[2021-12-27 20:46:38,237] {scheduler_job.py:643} INFO - DAG(s) dict_keys(['example_xcom']) retrieved from /home/airflow/airflow-course/venv/lib/python3.8/site-packages/airflow/example_dags/example_xcom.py
[2021-12-27 20:46:38,300] {logging_mixin.py:104} INFO - [2021-12-27 20:46:38,300] {dag.py:1832} INFO - Sync 1 DAGs
[2021-12-27 20:46:38,479] {logging_mixin.py:104} INFO - [2021-12-27 20:46:38,479] {dag.py:2305} INFO - Setting next_dagrun for example_xcom to 2021-12-25 00:00:00+00:00
[2021-12-27 20:46:38,504] {scheduler_job.py:190} INFO - Processing /home/airflow/airflow-course/venv/lib/python3.8/site-packages/airflow/example_dags/example_xcom.py took 0.312 seconds
