[2021-12-27 20:39:50,062] {scheduler_job.py:182} INFO - Started process (PID=2827) to work on /home/airflow/airflow-course/venv/lib/python3.8/site-packages/airflow/example_dags/example_xcomargs.py
[2021-12-27 20:39:50,080] {scheduler_job.py:633} INFO - Processing file /home/airflow/airflow-course/venv/lib/python3.8/site-packages/airflow/example_dags/example_xcomargs.py for tasks to queue
[2021-12-27 20:39:50,080] {logging_mixin.py:104} INFO - [2021-12-27 20:39:50,080] {dagbag.py:487} INFO - Filling up the DagBag from /home/airflow/airflow-course/venv/lib/python3.8/site-packages/airflow/example_dags/example_xcomargs.py
[2021-12-27 20:39:50,127] {scheduler_job.py:643} INFO - DAG(s) dict_keys(['example_xcom_args', 'example_xcom_args_with_operators']) retrieved from /home/airflow/airflow-course/venv/lib/python3.8/site-packages/airflow/example_dags/example_xcomargs.py
[2021-12-27 20:39:50,974] {logging_mixin.py:104} INFO - [2021-12-27 20:39:50,974] {dag.py:1832} INFO - Sync 2 DAGs
[2021-12-27 20:39:50,986] {logging_mixin.py:104} INFO - [2021-12-27 20:39:50,986] {dag.py:2305} INFO - Setting next_dagrun for example_xcom_args to None
[2021-12-27 20:39:50,988] {logging_mixin.py:104} INFO - [2021-12-27 20:39:50,988] {dag.py:2305} INFO - Setting next_dagrun for example_xcom_args_with_operators to None
[2021-12-27 20:39:51,012] {scheduler_job.py:190} INFO - Processing /home/airflow/airflow-course/venv/lib/python3.8/site-packages/airflow/example_dags/example_xcomargs.py took 0.953 seconds
[2021-12-27 20:40:21,627] {scheduler_job.py:182} INFO - Started process (PID=3248) to work on /home/airflow/airflow-course/venv/lib/python3.8/site-packages/airflow/example_dags/example_xcomargs.py
[2021-12-27 20:40:21,630] {scheduler_job.py:633} INFO - Processing file /home/airflow/airflow-course/venv/lib/python3.8/site-packages/airflow/example_dags/example_xcomargs.py for tasks to queue
[2021-12-27 20:40:21,632] {logging_mixin.py:104} INFO - [2021-12-27 20:40:21,632] {dagbag.py:487} INFO - Filling up the DagBag from /home/airflow/airflow-course/venv/lib/python3.8/site-packages/airflow/example_dags/example_xcomargs.py
[2021-12-27 20:40:21,696] {scheduler_job.py:643} INFO - DAG(s) dict_keys(['example_xcom_args', 'example_xcom_args_with_operators']) retrieved from /home/airflow/airflow-course/venv/lib/python3.8/site-packages/airflow/example_dags/example_xcomargs.py
[2021-12-27 20:40:22,074] {logging_mixin.py:104} INFO - [2021-12-27 20:40:22,074] {dag.py:1832} INFO - Sync 2 DAGs
[2021-12-27 20:40:22,082] {logging_mixin.py:104} INFO - [2021-12-27 20:40:22,082] {dag.py:2305} INFO - Setting next_dagrun for example_xcom_args to None
[2021-12-27 20:40:22,082] {logging_mixin.py:104} INFO - [2021-12-27 20:40:22,082] {dag.py:2305} INFO - Setting next_dagrun for example_xcom_args_with_operators to None
[2021-12-27 20:40:22,095] {scheduler_job.py:190} INFO - Processing /home/airflow/airflow-course/venv/lib/python3.8/site-packages/airflow/example_dags/example_xcomargs.py took 0.472 seconds
[2021-12-27 20:40:52,678] {scheduler_job.py:182} INFO - Started process (PID=3582) to work on /home/airflow/airflow-course/venv/lib/python3.8/site-packages/airflow/example_dags/example_xcomargs.py
[2021-12-27 20:40:52,696] {scheduler_job.py:633} INFO - Processing file /home/airflow/airflow-course/venv/lib/python3.8/site-packages/airflow/example_dags/example_xcomargs.py for tasks to queue
[2021-12-27 20:40:52,698] {logging_mixin.py:104} INFO - [2021-12-27 20:40:52,698] {dagbag.py:487} INFO - Filling up the DagBag from /home/airflow/airflow-course/venv/lib/python3.8/site-packages/airflow/example_dags/example_xcomargs.py
[2021-12-27 20:40:52,741] {scheduler_job.py:643} INFO - DAG(s) dict_keys(['example_xcom_args', 'example_xcom_args_with_operators']) retrieved from /home/airflow/airflow-course/venv/lib/python3.8/site-packages/airflow/example_dags/example_xcomargs.py
[2021-12-27 20:40:53,303] {logging_mixin.py:104} INFO - [2021-12-27 20:40:53,303] {dag.py:1832} INFO - Sync 2 DAGs
[2021-12-27 20:40:53,319] {logging_mixin.py:104} INFO - [2021-12-27 20:40:53,318] {dag.py:2305} INFO - Setting next_dagrun for example_xcom_args to None
[2021-12-27 20:40:53,319] {logging_mixin.py:104} INFO - [2021-12-27 20:40:53,319] {dag.py:2305} INFO - Setting next_dagrun for example_xcom_args_with_operators to None
[2021-12-27 20:40:53,335] {scheduler_job.py:190} INFO - Processing /home/airflow/airflow-course/venv/lib/python3.8/site-packages/airflow/example_dags/example_xcomargs.py took 0.662 seconds
[2021-12-27 20:41:23,615] {scheduler_job.py:182} INFO - Started process (PID=3783) to work on /home/airflow/airflow-course/venv/lib/python3.8/site-packages/airflow/example_dags/example_xcomargs.py
[2021-12-27 20:41:23,618] {scheduler_job.py:633} INFO - Processing file /home/airflow/airflow-course/venv/lib/python3.8/site-packages/airflow/example_dags/example_xcomargs.py for tasks to queue
[2021-12-27 20:41:23,619] {logging_mixin.py:104} INFO - [2021-12-27 20:41:23,619] {dagbag.py:487} INFO - Filling up the DagBag from /home/airflow/airflow-course/venv/lib/python3.8/site-packages/airflow/example_dags/example_xcomargs.py
[2021-12-27 20:41:23,670] {scheduler_job.py:643} INFO - DAG(s) dict_keys(['example_xcom_args', 'example_xcom_args_with_operators']) retrieved from /home/airflow/airflow-course/venv/lib/python3.8/site-packages/airflow/example_dags/example_xcomargs.py
[2021-12-27 20:41:24,312] {logging_mixin.py:104} INFO - [2021-12-27 20:41:24,311] {dag.py:1832} INFO - Sync 2 DAGs
[2021-12-27 20:41:24,325] {logging_mixin.py:104} INFO - [2021-12-27 20:41:24,325] {dag.py:2305} INFO - Setting next_dagrun for example_xcom_args to None
[2021-12-27 20:41:24,326] {logging_mixin.py:104} INFO - [2021-12-27 20:41:24,325] {dag.py:2305} INFO - Setting next_dagrun for example_xcom_args_with_operators to None
[2021-12-27 20:41:24,344] {scheduler_job.py:190} INFO - Processing /home/airflow/airflow-course/venv/lib/python3.8/site-packages/airflow/example_dags/example_xcomargs.py took 0.746 seconds
[2021-12-27 20:41:55,091] {scheduler_job.py:182} INFO - Started process (PID=3994) to work on /home/airflow/airflow-course/venv/lib/python3.8/site-packages/airflow/example_dags/example_xcomargs.py
[2021-12-27 20:41:55,092] {scheduler_job.py:633} INFO - Processing file /home/airflow/airflow-course/venv/lib/python3.8/site-packages/airflow/example_dags/example_xcomargs.py for tasks to queue
[2021-12-27 20:41:55,102] {logging_mixin.py:104} INFO - [2021-12-27 20:41:55,102] {dagbag.py:487} INFO - Filling up the DagBag from /home/airflow/airflow-course/venv/lib/python3.8/site-packages/airflow/example_dags/example_xcomargs.py
[2021-12-27 20:41:55,137] {scheduler_job.py:643} INFO - DAG(s) dict_keys(['example_xcom_args', 'example_xcom_args_with_operators']) retrieved from /home/airflow/airflow-course/venv/lib/python3.8/site-packages/airflow/example_dags/example_xcomargs.py
[2021-12-27 20:41:55,550] {logging_mixin.py:104} INFO - [2021-12-27 20:41:55,550] {dag.py:1832} INFO - Sync 2 DAGs
[2021-12-27 20:41:55,561] {logging_mixin.py:104} INFO - [2021-12-27 20:41:55,561] {dag.py:2305} INFO - Setting next_dagrun for example_xcom_args to None
[2021-12-27 20:41:55,562] {logging_mixin.py:104} INFO - [2021-12-27 20:41:55,562] {dag.py:2305} INFO - Setting next_dagrun for example_xcom_args_with_operators to None
[2021-12-27 20:41:55,583] {scheduler_job.py:190} INFO - Processing /home/airflow/airflow-course/venv/lib/python3.8/site-packages/airflow/example_dags/example_xcomargs.py took 0.519 seconds
[2021-12-27 20:42:25,748] {scheduler_job.py:182} INFO - Started process (PID=4194) to work on /home/airflow/airflow-course/venv/lib/python3.8/site-packages/airflow/example_dags/example_xcomargs.py
[2021-12-27 20:42:25,755] {scheduler_job.py:633} INFO - Processing file /home/airflow/airflow-course/venv/lib/python3.8/site-packages/airflow/example_dags/example_xcomargs.py for tasks to queue
[2021-12-27 20:42:25,756] {logging_mixin.py:104} INFO - [2021-12-27 20:42:25,756] {dagbag.py:487} INFO - Filling up the DagBag from /home/airflow/airflow-course/venv/lib/python3.8/site-packages/airflow/example_dags/example_xcomargs.py
[2021-12-27 20:42:25,800] {scheduler_job.py:643} INFO - DAG(s) dict_keys(['example_xcom_args', 'example_xcom_args_with_operators']) retrieved from /home/airflow/airflow-course/venv/lib/python3.8/site-packages/airflow/example_dags/example_xcomargs.py
[2021-12-27 20:42:26,454] {logging_mixin.py:104} INFO - [2021-12-27 20:42:26,454] {dag.py:1832} INFO - Sync 2 DAGs
[2021-12-27 20:42:26,467] {logging_mixin.py:104} INFO - [2021-12-27 20:42:26,467] {dag.py:2305} INFO - Setting next_dagrun for example_xcom_args to None
[2021-12-27 20:42:26,468] {logging_mixin.py:104} INFO - [2021-12-27 20:42:26,468] {dag.py:2305} INFO - Setting next_dagrun for example_xcom_args_with_operators to None
[2021-12-27 20:42:26,492] {scheduler_job.py:190} INFO - Processing /home/airflow/airflow-course/venv/lib/python3.8/site-packages/airflow/example_dags/example_xcomargs.py took 0.749 seconds
[2021-12-27 20:42:56,531] {scheduler_job.py:182} INFO - Started process (PID=4412) to work on /home/airflow/airflow-course/venv/lib/python3.8/site-packages/airflow/example_dags/example_xcomargs.py
[2021-12-27 20:42:56,532] {scheduler_job.py:633} INFO - Processing file /home/airflow/airflow-course/venv/lib/python3.8/site-packages/airflow/example_dags/example_xcomargs.py for tasks to queue
[2021-12-27 20:42:56,532] {logging_mixin.py:104} INFO - [2021-12-27 20:42:56,532] {dagbag.py:487} INFO - Filling up the DagBag from /home/airflow/airflow-course/venv/lib/python3.8/site-packages/airflow/example_dags/example_xcomargs.py
[2021-12-27 20:42:56,552] {scheduler_job.py:643} INFO - DAG(s) dict_keys(['example_xcom_args', 'example_xcom_args_with_operators']) retrieved from /home/airflow/airflow-course/venv/lib/python3.8/site-packages/airflow/example_dags/example_xcomargs.py
[2021-12-27 20:42:56,893] {logging_mixin.py:104} INFO - [2021-12-27 20:42:56,892] {dag.py:1832} INFO - Sync 2 DAGs
[2021-12-27 20:42:56,902] {logging_mixin.py:104} INFO - [2021-12-27 20:42:56,901] {dag.py:2305} INFO - Setting next_dagrun for example_xcom_args to None
[2021-12-27 20:42:56,902] {logging_mixin.py:104} INFO - [2021-12-27 20:42:56,902] {dag.py:2305} INFO - Setting next_dagrun for example_xcom_args_with_operators to None
[2021-12-27 20:42:56,925] {scheduler_job.py:190} INFO - Processing /home/airflow/airflow-course/venv/lib/python3.8/site-packages/airflow/example_dags/example_xcomargs.py took 0.401 seconds
[2021-12-27 20:43:27,443] {scheduler_job.py:182} INFO - Started process (PID=4609) to work on /home/airflow/airflow-course/venv/lib/python3.8/site-packages/airflow/example_dags/example_xcomargs.py
[2021-12-27 20:43:27,470] {scheduler_job.py:633} INFO - Processing file /home/airflow/airflow-course/venv/lib/python3.8/site-packages/airflow/example_dags/example_xcomargs.py for tasks to queue
[2021-12-27 20:43:27,472] {logging_mixin.py:104} INFO - [2021-12-27 20:43:27,472] {dagbag.py:487} INFO - Filling up the DagBag from /home/airflow/airflow-course/venv/lib/python3.8/site-packages/airflow/example_dags/example_xcomargs.py
[2021-12-27 20:43:27,540] {scheduler_job.py:643} INFO - DAG(s) dict_keys(['example_xcom_args', 'example_xcom_args_with_operators']) retrieved from /home/airflow/airflow-course/venv/lib/python3.8/site-packages/airflow/example_dags/example_xcomargs.py
[2021-12-27 20:43:27,899] {logging_mixin.py:104} INFO - [2021-12-27 20:43:27,899] {dag.py:1832} INFO - Sync 2 DAGs
[2021-12-27 20:43:27,910] {logging_mixin.py:104} INFO - [2021-12-27 20:43:27,910] {dag.py:2305} INFO - Setting next_dagrun for example_xcom_args to None
[2021-12-27 20:43:27,912] {logging_mixin.py:104} INFO - [2021-12-27 20:43:27,911] {dag.py:2305} INFO - Setting next_dagrun for example_xcom_args_with_operators to None
[2021-12-27 20:43:27,932] {scheduler_job.py:190} INFO - Processing /home/airflow/airflow-course/venv/lib/python3.8/site-packages/airflow/example_dags/example_xcomargs.py took 0.493 seconds
[2021-12-27 20:43:58,789] {scheduler_job.py:182} INFO - Started process (PID=4808) to work on /home/airflow/airflow-course/venv/lib/python3.8/site-packages/airflow/example_dags/example_xcomargs.py
[2021-12-27 20:43:58,795] {scheduler_job.py:633} INFO - Processing file /home/airflow/airflow-course/venv/lib/python3.8/site-packages/airflow/example_dags/example_xcomargs.py for tasks to queue
[2021-12-27 20:43:58,796] {logging_mixin.py:104} INFO - [2021-12-27 20:43:58,795] {dagbag.py:487} INFO - Filling up the DagBag from /home/airflow/airflow-course/venv/lib/python3.8/site-packages/airflow/example_dags/example_xcomargs.py
[2021-12-27 20:43:58,853] {scheduler_job.py:643} INFO - DAG(s) dict_keys(['example_xcom_args', 'example_xcom_args_with_operators']) retrieved from /home/airflow/airflow-course/venv/lib/python3.8/site-packages/airflow/example_dags/example_xcomargs.py
[2021-12-27 20:43:59,246] {logging_mixin.py:104} INFO - [2021-12-27 20:43:59,246] {dag.py:1832} INFO - Sync 2 DAGs
[2021-12-27 20:43:59,256] {logging_mixin.py:104} INFO - [2021-12-27 20:43:59,256] {dag.py:2305} INFO - Setting next_dagrun for example_xcom_args to None
[2021-12-27 20:43:59,256] {logging_mixin.py:104} INFO - [2021-12-27 20:43:59,256] {dag.py:2305} INFO - Setting next_dagrun for example_xcom_args_with_operators to None
[2021-12-27 20:43:59,279] {scheduler_job.py:190} INFO - Processing /home/airflow/airflow-course/venv/lib/python3.8/site-packages/airflow/example_dags/example_xcomargs.py took 0.494 seconds
[2021-12-27 20:44:29,449] {scheduler_job.py:182} INFO - Started process (PID=4995) to work on /home/airflow/airflow-course/venv/lib/python3.8/site-packages/airflow/example_dags/example_xcomargs.py
[2021-12-27 20:44:29,450] {scheduler_job.py:633} INFO - Processing file /home/airflow/airflow-course/venv/lib/python3.8/site-packages/airflow/example_dags/example_xcomargs.py for tasks to queue
[2021-12-27 20:44:29,454] {logging_mixin.py:104} INFO - [2021-12-27 20:44:29,454] {dagbag.py:487} INFO - Filling up the DagBag from /home/airflow/airflow-course/venv/lib/python3.8/site-packages/airflow/example_dags/example_xcomargs.py
[2021-12-27 20:44:29,497] {scheduler_job.py:643} INFO - DAG(s) dict_keys(['example_xcom_args', 'example_xcom_args_with_operators']) retrieved from /home/airflow/airflow-course/venv/lib/python3.8/site-packages/airflow/example_dags/example_xcomargs.py
[2021-12-27 20:44:30,234] {logging_mixin.py:104} INFO - [2021-12-27 20:44:30,234] {dag.py:1832} INFO - Sync 2 DAGs
[2021-12-27 20:44:30,254] {logging_mixin.py:104} INFO - [2021-12-27 20:44:30,254] {dag.py:2305} INFO - Setting next_dagrun for example_xcom_args to None
[2021-12-27 20:44:30,255] {logging_mixin.py:104} INFO - [2021-12-27 20:44:30,255] {dag.py:2305} INFO - Setting next_dagrun for example_xcom_args_with_operators to None
[2021-12-27 20:44:30,280] {scheduler_job.py:190} INFO - Processing /home/airflow/airflow-course/venv/lib/python3.8/site-packages/airflow/example_dags/example_xcomargs.py took 0.835 seconds
[2021-12-27 20:45:00,842] {scheduler_job.py:182} INFO - Started process (PID=5440) to work on /home/airflow/airflow-course/venv/lib/python3.8/site-packages/airflow/example_dags/example_xcomargs.py
[2021-12-27 20:45:00,854] {scheduler_job.py:633} INFO - Processing file /home/airflow/airflow-course/venv/lib/python3.8/site-packages/airflow/example_dags/example_xcomargs.py for tasks to queue
[2021-12-27 20:45:00,855] {logging_mixin.py:104} INFO - [2021-12-27 20:45:00,855] {dagbag.py:487} INFO - Filling up the DagBag from /home/airflow/airflow-course/venv/lib/python3.8/site-packages/airflow/example_dags/example_xcomargs.py
[2021-12-27 20:45:00,894] {scheduler_job.py:643} INFO - DAG(s) dict_keys(['example_xcom_args', 'example_xcom_args_with_operators']) retrieved from /home/airflow/airflow-course/venv/lib/python3.8/site-packages/airflow/example_dags/example_xcomargs.py
[2021-12-27 20:45:01,674] {logging_mixin.py:104} INFO - [2021-12-27 20:45:01,673] {dag.py:1832} INFO - Sync 2 DAGs
[2021-12-27 20:45:01,713] {logging_mixin.py:104} INFO - [2021-12-27 20:45:01,713] {dag.py:2305} INFO - Setting next_dagrun for example_xcom_args to None
[2021-12-27 20:45:01,714] {logging_mixin.py:104} INFO - [2021-12-27 20:45:01,714] {dag.py:2305} INFO - Setting next_dagrun for example_xcom_args_with_operators to None
[2021-12-27 20:45:01,743] {scheduler_job.py:190} INFO - Processing /home/airflow/airflow-course/venv/lib/python3.8/site-packages/airflow/example_dags/example_xcomargs.py took 0.906 seconds
[2021-12-27 20:45:32,392] {scheduler_job.py:182} INFO - Started process (PID=5626) to work on /home/airflow/airflow-course/venv/lib/python3.8/site-packages/airflow/example_dags/example_xcomargs.py
[2021-12-27 20:45:32,393] {scheduler_job.py:633} INFO - Processing file /home/airflow/airflow-course/venv/lib/python3.8/site-packages/airflow/example_dags/example_xcomargs.py for tasks to queue
[2021-12-27 20:45:32,394] {logging_mixin.py:104} INFO - [2021-12-27 20:45:32,394] {dagbag.py:487} INFO - Filling up the DagBag from /home/airflow/airflow-course/venv/lib/python3.8/site-packages/airflow/example_dags/example_xcomargs.py
[2021-12-27 20:45:32,458] {scheduler_job.py:643} INFO - DAG(s) dict_keys(['example_xcom_args', 'example_xcom_args_with_operators']) retrieved from /home/airflow/airflow-course/venv/lib/python3.8/site-packages/airflow/example_dags/example_xcomargs.py
[2021-12-27 20:45:33,259] {logging_mixin.py:104} INFO - [2021-12-27 20:45:33,259] {dag.py:1832} INFO - Sync 2 DAGs
[2021-12-27 20:45:33,285] {logging_mixin.py:104} INFO - [2021-12-27 20:45:33,285] {dag.py:2305} INFO - Setting next_dagrun for example_xcom_args to None
[2021-12-27 20:45:33,286] {logging_mixin.py:104} INFO - [2021-12-27 20:45:33,286] {dag.py:2305} INFO - Setting next_dagrun for example_xcom_args_with_operators to None
[2021-12-27 20:45:33,302] {scheduler_job.py:190} INFO - Processing /home/airflow/airflow-course/venv/lib/python3.8/site-packages/airflow/example_dags/example_xcomargs.py took 0.928 seconds
[2021-12-27 20:46:03,612] {scheduler_job.py:182} INFO - Started process (PID=5826) to work on /home/airflow/airflow-course/venv/lib/python3.8/site-packages/airflow/example_dags/example_xcomargs.py
[2021-12-27 20:46:03,618] {scheduler_job.py:633} INFO - Processing file /home/airflow/airflow-course/venv/lib/python3.8/site-packages/airflow/example_dags/example_xcomargs.py for tasks to queue
[2021-12-27 20:46:03,620] {logging_mixin.py:104} INFO - [2021-12-27 20:46:03,619] {dagbag.py:487} INFO - Filling up the DagBag from /home/airflow/airflow-course/venv/lib/python3.8/site-packages/airflow/example_dags/example_xcomargs.py
[2021-12-27 20:46:03,691] {scheduler_job.py:643} INFO - DAG(s) dict_keys(['example_xcom_args', 'example_xcom_args_with_operators']) retrieved from /home/airflow/airflow-course/venv/lib/python3.8/site-packages/airflow/example_dags/example_xcomargs.py
[2021-12-27 20:46:04,375] {logging_mixin.py:104} INFO - [2021-12-27 20:46:04,375] {dag.py:1832} INFO - Sync 2 DAGs
[2021-12-27 20:46:04,410] {logging_mixin.py:104} INFO - [2021-12-27 20:46:04,410] {dag.py:2305} INFO - Setting next_dagrun for example_xcom_args to None
[2021-12-27 20:46:04,411] {logging_mixin.py:104} INFO - [2021-12-27 20:46:04,411] {dag.py:2305} INFO - Setting next_dagrun for example_xcom_args_with_operators to None
[2021-12-27 20:46:04,431] {scheduler_job.py:190} INFO - Processing /home/airflow/airflow-course/venv/lib/python3.8/site-packages/airflow/example_dags/example_xcomargs.py took 0.822 seconds
[2021-12-27 20:46:34,894] {scheduler_job.py:182} INFO - Started process (PID=6032) to work on /home/airflow/airflow-course/venv/lib/python3.8/site-packages/airflow/example_dags/example_xcomargs.py
[2021-12-27 20:46:34,899] {scheduler_job.py:633} INFO - Processing file /home/airflow/airflow-course/venv/lib/python3.8/site-packages/airflow/example_dags/example_xcomargs.py for tasks to queue
[2021-12-27 20:46:34,900] {logging_mixin.py:104} INFO - [2021-12-27 20:46:34,900] {dagbag.py:487} INFO - Filling up the DagBag from /home/airflow/airflow-course/venv/lib/python3.8/site-packages/airflow/example_dags/example_xcomargs.py
[2021-12-27 20:46:34,959] {scheduler_job.py:643} INFO - DAG(s) dict_keys(['example_xcom_args', 'example_xcom_args_with_operators']) retrieved from /home/airflow/airflow-course/venv/lib/python3.8/site-packages/airflow/example_dags/example_xcomargs.py
[2021-12-27 20:46:35,648] {logging_mixin.py:104} INFO - [2021-12-27 20:46:35,648] {dag.py:1832} INFO - Sync 2 DAGs
[2021-12-27 20:46:35,670] {logging_mixin.py:104} INFO - [2021-12-27 20:46:35,670] {dag.py:2305} INFO - Setting next_dagrun for example_xcom_args to None
[2021-12-27 20:46:35,671] {logging_mixin.py:104} INFO - [2021-12-27 20:46:35,671] {dag.py:2305} INFO - Setting next_dagrun for example_xcom_args_with_operators to None
[2021-12-27 20:46:35,702] {scheduler_job.py:190} INFO - Processing /home/airflow/airflow-course/venv/lib/python3.8/site-packages/airflow/example_dags/example_xcomargs.py took 0.813 seconds
