[2021-12-27 20:39:57,956] {scheduler_job.py:182} INFO - Started process (PID=3021) to work on /home/airflow/airflow-course/venv/lib/python3.8/site-packages/airflow/example_dags/example_nested_branch_dag.py
[2021-12-27 20:39:57,972] {scheduler_job.py:633} INFO - Processing file /home/airflow/airflow-course/venv/lib/python3.8/site-packages/airflow/example_dags/example_nested_branch_dag.py for tasks to queue
[2021-12-27 20:39:57,973] {logging_mixin.py:104} INFO - [2021-12-27 20:39:57,973] {dagbag.py:487} INFO - Filling up the DagBag from /home/airflow/airflow-course/venv/lib/python3.8/site-packages/airflow/example_dags/example_nested_branch_dag.py
[2021-12-27 20:39:57,988] {scheduler_job.py:643} INFO - DAG(s) dict_keys(['example_nested_branch_dag']) retrieved from /home/airflow/airflow-course/venv/lib/python3.8/site-packages/airflow/example_dags/example_nested_branch_dag.py
[2021-12-27 20:39:58,690] {logging_mixin.py:104} INFO - [2021-12-27 20:39:58,690] {dag.py:1832} INFO - Sync 1 DAGs
[2021-12-27 20:39:58,705] {logging_mixin.py:104} INFO - [2021-12-27 20:39:58,704] {dag.py:2305} INFO - Setting next_dagrun for example_nested_branch_dag to 2021-12-25 00:00:00+00:00
[2021-12-27 20:39:58,736] {scheduler_job.py:190} INFO - Processing /home/airflow/airflow-course/venv/lib/python3.8/site-packages/airflow/example_dags/example_nested_branch_dag.py took 0.784 seconds
[2021-12-27 20:40:29,106] {scheduler_job.py:182} INFO - Started process (PID=3351) to work on /home/airflow/airflow-course/venv/lib/python3.8/site-packages/airflow/example_dags/example_nested_branch_dag.py
[2021-12-27 20:40:29,121] {scheduler_job.py:633} INFO - Processing file /home/airflow/airflow-course/venv/lib/python3.8/site-packages/airflow/example_dags/example_nested_branch_dag.py for tasks to queue
[2021-12-27 20:40:29,122] {logging_mixin.py:104} INFO - [2021-12-27 20:40:29,122] {dagbag.py:487} INFO - Filling up the DagBag from /home/airflow/airflow-course/venv/lib/python3.8/site-packages/airflow/example_dags/example_nested_branch_dag.py
[2021-12-27 20:40:29,151] {scheduler_job.py:643} INFO - DAG(s) dict_keys(['example_nested_branch_dag']) retrieved from /home/airflow/airflow-course/venv/lib/python3.8/site-packages/airflow/example_dags/example_nested_branch_dag.py
[2021-12-27 20:40:29,208] {logging_mixin.py:104} INFO - [2021-12-27 20:40:29,208] {dag.py:1832} INFO - Sync 1 DAGs
[2021-12-27 20:40:29,241] {logging_mixin.py:104} INFO - [2021-12-27 20:40:29,241] {dag.py:2305} INFO - Setting next_dagrun for example_nested_branch_dag to 2021-12-25 00:00:00+00:00
[2021-12-27 20:40:29,265] {scheduler_job.py:190} INFO - Processing /home/airflow/airflow-course/venv/lib/python3.8/site-packages/airflow/example_dags/example_nested_branch_dag.py took 0.164 seconds
[2021-12-27 20:40:59,845] {scheduler_job.py:182} INFO - Started process (PID=3686) to work on /home/airflow/airflow-course/venv/lib/python3.8/site-packages/airflow/example_dags/example_nested_branch_dag.py
[2021-12-27 20:40:59,846] {scheduler_job.py:633} INFO - Processing file /home/airflow/airflow-course/venv/lib/python3.8/site-packages/airflow/example_dags/example_nested_branch_dag.py for tasks to queue
[2021-12-27 20:40:59,848] {logging_mixin.py:104} INFO - [2021-12-27 20:40:59,848] {dagbag.py:487} INFO - Filling up the DagBag from /home/airflow/airflow-course/venv/lib/python3.8/site-packages/airflow/example_dags/example_nested_branch_dag.py
[2021-12-27 20:40:59,885] {scheduler_job.py:643} INFO - DAG(s) dict_keys(['example_nested_branch_dag']) retrieved from /home/airflow/airflow-course/venv/lib/python3.8/site-packages/airflow/example_dags/example_nested_branch_dag.py
[2021-12-27 20:40:59,951] {logging_mixin.py:104} INFO - [2021-12-27 20:40:59,951] {dag.py:1832} INFO - Sync 1 DAGs
[2021-12-27 20:40:59,985] {logging_mixin.py:104} INFO - [2021-12-27 20:40:59,985] {dag.py:2305} INFO - Setting next_dagrun for example_nested_branch_dag to 2021-12-25 00:00:00+00:00
[2021-12-27 20:41:00,015] {scheduler_job.py:190} INFO - Processing /home/airflow/airflow-course/venv/lib/python3.8/site-packages/airflow/example_dags/example_nested_branch_dag.py took 0.189 seconds
[2021-12-27 20:41:30,132] {scheduler_job.py:182} INFO - Started process (PID=3885) to work on /home/airflow/airflow-course/venv/lib/python3.8/site-packages/airflow/example_dags/example_nested_branch_dag.py
[2021-12-27 20:41:30,134] {scheduler_job.py:633} INFO - Processing file /home/airflow/airflow-course/venv/lib/python3.8/site-packages/airflow/example_dags/example_nested_branch_dag.py for tasks to queue
[2021-12-27 20:41:30,141] {logging_mixin.py:104} INFO - [2021-12-27 20:41:30,141] {dagbag.py:487} INFO - Filling up the DagBag from /home/airflow/airflow-course/venv/lib/python3.8/site-packages/airflow/example_dags/example_nested_branch_dag.py
[2021-12-27 20:41:30,168] {scheduler_job.py:643} INFO - DAG(s) dict_keys(['example_nested_branch_dag']) retrieved from /home/airflow/airflow-course/venv/lib/python3.8/site-packages/airflow/example_dags/example_nested_branch_dag.py
[2021-12-27 20:41:30,244] {logging_mixin.py:104} INFO - [2021-12-27 20:41:30,244] {dag.py:1832} INFO - Sync 1 DAGs
[2021-12-27 20:41:30,275] {logging_mixin.py:104} INFO - [2021-12-27 20:41:30,274] {dag.py:2305} INFO - Setting next_dagrun for example_nested_branch_dag to 2021-12-25 00:00:00+00:00
[2021-12-27 20:41:30,295] {scheduler_job.py:190} INFO - Processing /home/airflow/airflow-course/venv/lib/python3.8/site-packages/airflow/example_dags/example_nested_branch_dag.py took 0.170 seconds
[2021-12-27 20:42:00,557] {scheduler_job.py:182} INFO - Started process (PID=4082) to work on /home/airflow/airflow-course/venv/lib/python3.8/site-packages/airflow/example_dags/example_nested_branch_dag.py
[2021-12-27 20:42:00,563] {scheduler_job.py:633} INFO - Processing file /home/airflow/airflow-course/venv/lib/python3.8/site-packages/airflow/example_dags/example_nested_branch_dag.py for tasks to queue
[2021-12-27 20:42:00,564] {logging_mixin.py:104} INFO - [2021-12-27 20:42:00,564] {dagbag.py:487} INFO - Filling up the DagBag from /home/airflow/airflow-course/venv/lib/python3.8/site-packages/airflow/example_dags/example_nested_branch_dag.py
[2021-12-27 20:42:00,598] {scheduler_job.py:643} INFO - DAG(s) dict_keys(['example_nested_branch_dag']) retrieved from /home/airflow/airflow-course/venv/lib/python3.8/site-packages/airflow/example_dags/example_nested_branch_dag.py
[2021-12-27 20:42:00,651] {logging_mixin.py:104} INFO - [2021-12-27 20:42:00,651] {dag.py:1832} INFO - Sync 1 DAGs
[2021-12-27 20:42:00,682] {logging_mixin.py:104} INFO - [2021-12-27 20:42:00,682] {dag.py:2305} INFO - Setting next_dagrun for example_nested_branch_dag to 2021-12-25 00:00:00+00:00
[2021-12-27 20:42:00,832] {scheduler_job.py:190} INFO - Processing /home/airflow/airflow-course/venv/lib/python3.8/site-packages/airflow/example_dags/example_nested_branch_dag.py took 0.279 seconds
[2021-12-27 20:42:31,005] {scheduler_job.py:182} INFO - Started process (PID=4275) to work on /home/airflow/airflow-course/venv/lib/python3.8/site-packages/airflow/example_dags/example_nested_branch_dag.py
[2021-12-27 20:42:31,011] {scheduler_job.py:633} INFO - Processing file /home/airflow/airflow-course/venv/lib/python3.8/site-packages/airflow/example_dags/example_nested_branch_dag.py for tasks to queue
[2021-12-27 20:42:31,014] {logging_mixin.py:104} INFO - [2021-12-27 20:42:31,014] {dagbag.py:487} INFO - Filling up the DagBag from /home/airflow/airflow-course/venv/lib/python3.8/site-packages/airflow/example_dags/example_nested_branch_dag.py
[2021-12-27 20:42:31,063] {scheduler_job.py:643} INFO - DAG(s) dict_keys(['example_nested_branch_dag']) retrieved from /home/airflow/airflow-course/venv/lib/python3.8/site-packages/airflow/example_dags/example_nested_branch_dag.py
[2021-12-27 20:42:31,126] {logging_mixin.py:104} INFO - [2021-12-27 20:42:31,126] {dag.py:1832} INFO - Sync 1 DAGs
[2021-12-27 20:42:31,170] {logging_mixin.py:104} INFO - [2021-12-27 20:42:31,170] {dag.py:2305} INFO - Setting next_dagrun for example_nested_branch_dag to 2021-12-25 00:00:00+00:00
[2021-12-27 20:42:31,348] {scheduler_job.py:190} INFO - Processing /home/airflow/airflow-course/venv/lib/python3.8/site-packages/airflow/example_dags/example_nested_branch_dag.py took 0.349 seconds
[2021-12-27 20:43:01,640] {scheduler_job.py:182} INFO - Started process (PID=4475) to work on /home/airflow/airflow-course/venv/lib/python3.8/site-packages/airflow/example_dags/example_nested_branch_dag.py
[2021-12-27 20:43:01,642] {scheduler_job.py:633} INFO - Processing file /home/airflow/airflow-course/venv/lib/python3.8/site-packages/airflow/example_dags/example_nested_branch_dag.py for tasks to queue
[2021-12-27 20:43:01,643] {logging_mixin.py:104} INFO - [2021-12-27 20:43:01,642] {dagbag.py:487} INFO - Filling up the DagBag from /home/airflow/airflow-course/venv/lib/python3.8/site-packages/airflow/example_dags/example_nested_branch_dag.py
[2021-12-27 20:43:01,702] {scheduler_job.py:643} INFO - DAG(s) dict_keys(['example_nested_branch_dag']) retrieved from /home/airflow/airflow-course/venv/lib/python3.8/site-packages/airflow/example_dags/example_nested_branch_dag.py
[2021-12-27 20:43:01,771] {logging_mixin.py:104} INFO - [2021-12-27 20:43:01,771] {dag.py:1832} INFO - Sync 1 DAGs
[2021-12-27 20:43:01,977] {logging_mixin.py:104} INFO - [2021-12-27 20:43:01,977] {dag.py:2305} INFO - Setting next_dagrun for example_nested_branch_dag to 2021-12-25 00:00:00+00:00
[2021-12-27 20:43:02,009] {scheduler_job.py:190} INFO - Processing /home/airflow/airflow-course/venv/lib/python3.8/site-packages/airflow/example_dags/example_nested_branch_dag.py took 0.372 seconds
[2021-12-27 20:43:32,178] {scheduler_job.py:182} INFO - Started process (PID=4674) to work on /home/airflow/airflow-course/venv/lib/python3.8/site-packages/airflow/example_dags/example_nested_branch_dag.py
[2021-12-27 20:43:32,179] {scheduler_job.py:633} INFO - Processing file /home/airflow/airflow-course/venv/lib/python3.8/site-packages/airflow/example_dags/example_nested_branch_dag.py for tasks to queue
[2021-12-27 20:43:32,191] {logging_mixin.py:104} INFO - [2021-12-27 20:43:32,191] {dagbag.py:487} INFO - Filling up the DagBag from /home/airflow/airflow-course/venv/lib/python3.8/site-packages/airflow/example_dags/example_nested_branch_dag.py
[2021-12-27 20:43:32,237] {scheduler_job.py:643} INFO - DAG(s) dict_keys(['example_nested_branch_dag']) retrieved from /home/airflow/airflow-course/venv/lib/python3.8/site-packages/airflow/example_dags/example_nested_branch_dag.py
[2021-12-27 20:43:32,305] {logging_mixin.py:104} INFO - [2021-12-27 20:43:32,304] {dag.py:1832} INFO - Sync 1 DAGs
[2021-12-27 20:43:32,491] {logging_mixin.py:104} INFO - [2021-12-27 20:43:32,491] {dag.py:2305} INFO - Setting next_dagrun for example_nested_branch_dag to 2021-12-25 00:00:00+00:00
[2021-12-27 20:43:32,531] {scheduler_job.py:190} INFO - Processing /home/airflow/airflow-course/venv/lib/python3.8/site-packages/airflow/example_dags/example_nested_branch_dag.py took 0.356 seconds
[2021-12-27 20:44:02,707] {scheduler_job.py:182} INFO - Started process (PID=4876) to work on /home/airflow/airflow-course/venv/lib/python3.8/site-packages/airflow/example_dags/example_nested_branch_dag.py
[2021-12-27 20:44:02,714] {scheduler_job.py:633} INFO - Processing file /home/airflow/airflow-course/venv/lib/python3.8/site-packages/airflow/example_dags/example_nested_branch_dag.py for tasks to queue
[2021-12-27 20:44:02,715] {logging_mixin.py:104} INFO - [2021-12-27 20:44:02,714] {dagbag.py:487} INFO - Filling up the DagBag from /home/airflow/airflow-course/venv/lib/python3.8/site-packages/airflow/example_dags/example_nested_branch_dag.py
[2021-12-27 20:44:02,742] {scheduler_job.py:643} INFO - DAG(s) dict_keys(['example_nested_branch_dag']) retrieved from /home/airflow/airflow-course/venv/lib/python3.8/site-packages/airflow/example_dags/example_nested_branch_dag.py
[2021-12-27 20:44:02,794] {logging_mixin.py:104} INFO - [2021-12-27 20:44:02,793] {dag.py:1832} INFO - Sync 1 DAGs
[2021-12-27 20:44:02,850] {logging_mixin.py:104} INFO - [2021-12-27 20:44:02,850] {dag.py:2305} INFO - Setting next_dagrun for example_nested_branch_dag to 2021-12-25 00:00:00+00:00
[2021-12-27 20:44:02,868] {scheduler_job.py:190} INFO - Processing /home/airflow/airflow-course/venv/lib/python3.8/site-packages/airflow/example_dags/example_nested_branch_dag.py took 0.166 seconds
[2021-12-27 20:44:33,160] {scheduler_job.py:182} INFO - Started process (PID=5072) to work on /home/airflow/airflow-course/venv/lib/python3.8/site-packages/airflow/example_dags/example_nested_branch_dag.py
[2021-12-27 20:44:33,162] {scheduler_job.py:633} INFO - Processing file /home/airflow/airflow-course/venv/lib/python3.8/site-packages/airflow/example_dags/example_nested_branch_dag.py for tasks to queue
[2021-12-27 20:44:33,163] {logging_mixin.py:104} INFO - [2021-12-27 20:44:33,163] {dagbag.py:487} INFO - Filling up the DagBag from /home/airflow/airflow-course/venv/lib/python3.8/site-packages/airflow/example_dags/example_nested_branch_dag.py
[2021-12-27 20:44:33,195] {scheduler_job.py:643} INFO - DAG(s) dict_keys(['example_nested_branch_dag']) retrieved from /home/airflow/airflow-course/venv/lib/python3.8/site-packages/airflow/example_dags/example_nested_branch_dag.py
[2021-12-27 20:44:33,265] {logging_mixin.py:104} INFO - [2021-12-27 20:44:33,265] {dag.py:1832} INFO - Sync 1 DAGs
[2021-12-27 20:44:33,440] {logging_mixin.py:104} INFO - [2021-12-27 20:44:33,440] {dag.py:2305} INFO - Setting next_dagrun for example_nested_branch_dag to 2021-12-25 00:00:00+00:00
[2021-12-27 20:44:33,488] {scheduler_job.py:190} INFO - Processing /home/airflow/airflow-course/venv/lib/python3.8/site-packages/airflow/example_dags/example_nested_branch_dag.py took 0.332 seconds
[2021-12-27 20:45:03,564] {scheduler_job.py:182} INFO - Started process (PID=5514) to work on /home/airflow/airflow-course/venv/lib/python3.8/site-packages/airflow/example_dags/example_nested_branch_dag.py
[2021-12-27 20:45:03,566] {scheduler_job.py:633} INFO - Processing file /home/airflow/airflow-course/venv/lib/python3.8/site-packages/airflow/example_dags/example_nested_branch_dag.py for tasks to queue
[2021-12-27 20:45:03,570] {logging_mixin.py:104} INFO - [2021-12-27 20:45:03,570] {dagbag.py:487} INFO - Filling up the DagBag from /home/airflow/airflow-course/venv/lib/python3.8/site-packages/airflow/example_dags/example_nested_branch_dag.py
[2021-12-27 20:45:03,598] {scheduler_job.py:643} INFO - DAG(s) dict_keys(['example_nested_branch_dag']) retrieved from /home/airflow/airflow-course/venv/lib/python3.8/site-packages/airflow/example_dags/example_nested_branch_dag.py
[2021-12-27 20:45:03,660] {logging_mixin.py:104} INFO - [2021-12-27 20:45:03,660] {dag.py:1832} INFO - Sync 1 DAGs
[2021-12-27 20:45:03,853] {logging_mixin.py:104} INFO - [2021-12-27 20:45:03,852] {dag.py:2305} INFO - Setting next_dagrun for example_nested_branch_dag to 2021-12-25 00:00:00+00:00
[2021-12-27 20:45:03,882] {scheduler_job.py:190} INFO - Processing /home/airflow/airflow-course/venv/lib/python3.8/site-packages/airflow/example_dags/example_nested_branch_dag.py took 0.321 seconds
[2021-12-27 20:45:35,480] {scheduler_job.py:182} INFO - Started process (PID=5717) to work on /home/airflow/airflow-course/venv/lib/python3.8/site-packages/airflow/example_dags/example_nested_branch_dag.py
[2021-12-27 20:45:35,487] {scheduler_job.py:633} INFO - Processing file /home/airflow/airflow-course/venv/lib/python3.8/site-packages/airflow/example_dags/example_nested_branch_dag.py for tasks to queue
[2021-12-27 20:45:35,494] {logging_mixin.py:104} INFO - [2021-12-27 20:45:35,494] {dagbag.py:487} INFO - Filling up the DagBag from /home/airflow/airflow-course/venv/lib/python3.8/site-packages/airflow/example_dags/example_nested_branch_dag.py
[2021-12-27 20:45:35,521] {scheduler_job.py:643} INFO - DAG(s) dict_keys(['example_nested_branch_dag']) retrieved from /home/airflow/airflow-course/venv/lib/python3.8/site-packages/airflow/example_dags/example_nested_branch_dag.py
[2021-12-27 20:45:35,605] {logging_mixin.py:104} INFO - [2021-12-27 20:45:35,604] {dag.py:1832} INFO - Sync 1 DAGs
[2021-12-27 20:45:35,779] {logging_mixin.py:104} INFO - [2021-12-27 20:45:35,779] {dag.py:2305} INFO - Setting next_dagrun for example_nested_branch_dag to 2021-12-25 00:00:00+00:00
[2021-12-27 20:45:35,808] {scheduler_job.py:190} INFO - Processing /home/airflow/airflow-course/venv/lib/python3.8/site-packages/airflow/example_dags/example_nested_branch_dag.py took 0.331 seconds
[2021-12-27 20:46:06,655] {scheduler_job.py:182} INFO - Started process (PID=5917) to work on /home/airflow/airflow-course/venv/lib/python3.8/site-packages/airflow/example_dags/example_nested_branch_dag.py
[2021-12-27 20:46:06,669] {scheduler_job.py:633} INFO - Processing file /home/airflow/airflow-course/venv/lib/python3.8/site-packages/airflow/example_dags/example_nested_branch_dag.py for tasks to queue
[2021-12-27 20:46:06,672] {logging_mixin.py:104} INFO - [2021-12-27 20:46:06,671] {dagbag.py:487} INFO - Filling up the DagBag from /home/airflow/airflow-course/venv/lib/python3.8/site-packages/airflow/example_dags/example_nested_branch_dag.py
[2021-12-27 20:46:06,718] {scheduler_job.py:643} INFO - DAG(s) dict_keys(['example_nested_branch_dag']) retrieved from /home/airflow/airflow-course/venv/lib/python3.8/site-packages/airflow/example_dags/example_nested_branch_dag.py
[2021-12-27 20:46:06,782] {logging_mixin.py:104} INFO - [2021-12-27 20:46:06,782] {dag.py:1832} INFO - Sync 1 DAGs
[2021-12-27 20:46:06,990] {logging_mixin.py:104} INFO - [2021-12-27 20:46:06,989] {dag.py:2305} INFO - Setting next_dagrun for example_nested_branch_dag to 2021-12-25 00:00:00+00:00
[2021-12-27 20:46:07,019] {scheduler_job.py:190} INFO - Processing /home/airflow/airflow-course/venv/lib/python3.8/site-packages/airflow/example_dags/example_nested_branch_dag.py took 0.369 seconds
[2021-12-27 20:46:37,983] {scheduler_job.py:182} INFO - Started process (PID=6117) to work on /home/airflow/airflow-course/venv/lib/python3.8/site-packages/airflow/example_dags/example_nested_branch_dag.py
[2021-12-27 20:46:37,990] {scheduler_job.py:633} INFO - Processing file /home/airflow/airflow-course/venv/lib/python3.8/site-packages/airflow/example_dags/example_nested_branch_dag.py for tasks to queue
[2021-12-27 20:46:37,991] {logging_mixin.py:104} INFO - [2021-12-27 20:46:37,991] {dagbag.py:487} INFO - Filling up the DagBag from /home/airflow/airflow-course/venv/lib/python3.8/site-packages/airflow/example_dags/example_nested_branch_dag.py
[2021-12-27 20:46:38,022] {scheduler_job.py:643} INFO - DAG(s) dict_keys(['example_nested_branch_dag']) retrieved from /home/airflow/airflow-course/venv/lib/python3.8/site-packages/airflow/example_dags/example_nested_branch_dag.py
[2021-12-27 20:46:38,197] {logging_mixin.py:104} INFO - [2021-12-27 20:46:38,197] {dag.py:1832} INFO - Sync 1 DAGs
[2021-12-27 20:46:38,230] {logging_mixin.py:104} INFO - [2021-12-27 20:46:38,230] {dag.py:2305} INFO - Setting next_dagrun for example_nested_branch_dag to 2021-12-25 00:00:00+00:00
[2021-12-27 20:46:38,250] {scheduler_job.py:190} INFO - Processing /home/airflow/airflow-course/venv/lib/python3.8/site-packages/airflow/example_dags/example_nested_branch_dag.py took 0.270 seconds
