[2021-12-27 20:39:56,120] {scheduler_job.py:182} INFO - Started process (PID=2997) to work on /home/airflow/airflow-course/venv/lib/python3.8/site-packages/airflow/example_dags/example_subdag_operator.py
[2021-12-27 20:39:56,121] {scheduler_job.py:633} INFO - Processing file /home/airflow/airflow-course/venv/lib/python3.8/site-packages/airflow/example_dags/example_subdag_operator.py for tasks to queue
[2021-12-27 20:39:56,131] {logging_mixin.py:104} INFO - [2021-12-27 20:39:56,131] {dagbag.py:487} INFO - Filling up the DagBag from /home/airflow/airflow-course/venv/lib/python3.8/site-packages/airflow/example_dags/example_subdag_operator.py
[2021-12-27 20:39:56,198] {scheduler_job.py:643} INFO - DAG(s) dict_keys(['example_subdag_operator.section-1', 'example_subdag_operator.section-2', 'example_subdag_operator']) retrieved from /home/airflow/airflow-course/venv/lib/python3.8/site-packages/airflow/example_dags/example_subdag_operator.py
[2021-12-27 20:39:56,953] {logging_mixin.py:104} INFO - [2021-12-27 20:39:56,953] {dag.py:1832} INFO - Sync 3 DAGs
[2021-12-27 20:39:56,979] {logging_mixin.py:104} INFO - [2021-12-27 20:39:56,979] {dag.py:2305} INFO - Setting next_dagrun for example_subdag_operator to 2021-12-25 00:00:00+00:00
[2021-12-27 20:39:56,979] {logging_mixin.py:104} INFO - [2021-12-27 20:39:56,979] {dag.py:2305} INFO - Setting next_dagrun for example_subdag_operator.section-1 to None
[2021-12-27 20:39:56,980] {logging_mixin.py:104} INFO - [2021-12-27 20:39:56,979] {dag.py:2305} INFO - Setting next_dagrun for example_subdag_operator.section-2 to None
[2021-12-27 20:39:57,009] {logging_mixin.py:104} INFO - [2021-12-27 20:39:57,008] {dag.py:1832} INFO - Sync 2 DAGs
[2021-12-27 20:39:57,034] {logging_mixin.py:104} INFO - [2021-12-27 20:39:57,033] {dag.py:2305} INFO - Setting next_dagrun for example_subdag_operator.section-1 to None
[2021-12-27 20:39:57,034] {logging_mixin.py:104} INFO - [2021-12-27 20:39:57,034] {dag.py:2305} INFO - Setting next_dagrun for example_subdag_operator.section-2 to None
[2021-12-27 20:39:57,042] {scheduler_job.py:190} INFO - Processing /home/airflow/airflow-course/venv/lib/python3.8/site-packages/airflow/example_dags/example_subdag_operator.py took 0.926 seconds
[2021-12-27 20:40:27,325] {scheduler_job.py:182} INFO - Started process (PID=3327) to work on /home/airflow/airflow-course/venv/lib/python3.8/site-packages/airflow/example_dags/example_subdag_operator.py
[2021-12-27 20:40:27,326] {scheduler_job.py:633} INFO - Processing file /home/airflow/airflow-course/venv/lib/python3.8/site-packages/airflow/example_dags/example_subdag_operator.py for tasks to queue
[2021-12-27 20:40:27,329] {logging_mixin.py:104} INFO - [2021-12-27 20:40:27,329] {dagbag.py:487} INFO - Filling up the DagBag from /home/airflow/airflow-course/venv/lib/python3.8/site-packages/airflow/example_dags/example_subdag_operator.py
[2021-12-27 20:40:27,421] {scheduler_job.py:643} INFO - DAG(s) dict_keys(['example_subdag_operator.section-1', 'example_subdag_operator.section-2', 'example_subdag_operator']) retrieved from /home/airflow/airflow-course/venv/lib/python3.8/site-packages/airflow/example_dags/example_subdag_operator.py
[2021-12-27 20:40:27,462] {logging_mixin.py:104} INFO - [2021-12-27 20:40:27,462] {dag.py:1832} INFO - Sync 3 DAGs
[2021-12-27 20:40:27,506] {logging_mixin.py:104} INFO - [2021-12-27 20:40:27,505] {dag.py:2305} INFO - Setting next_dagrun for example_subdag_operator to 2021-12-25 00:00:00+00:00
[2021-12-27 20:40:27,509] {logging_mixin.py:104} INFO - [2021-12-27 20:40:27,509] {dag.py:2305} INFO - Setting next_dagrun for example_subdag_operator.section-1 to None
[2021-12-27 20:40:27,510] {logging_mixin.py:104} INFO - [2021-12-27 20:40:27,509] {dag.py:2305} INFO - Setting next_dagrun for example_subdag_operator.section-2 to None
[2021-12-27 20:40:27,532] {logging_mixin.py:104} INFO - [2021-12-27 20:40:27,532] {dag.py:1832} INFO - Sync 2 DAGs
[2021-12-27 20:40:27,565] {logging_mixin.py:104} INFO - [2021-12-27 20:40:27,565] {dag.py:2305} INFO - Setting next_dagrun for example_subdag_operator.section-1 to None
[2021-12-27 20:40:27,565] {logging_mixin.py:104} INFO - [2021-12-27 20:40:27,565] {dag.py:2305} INFO - Setting next_dagrun for example_subdag_operator.section-2 to None
[2021-12-27 20:40:27,649] {scheduler_job.py:190} INFO - Processing /home/airflow/airflow-course/venv/lib/python3.8/site-packages/airflow/example_dags/example_subdag_operator.py took 0.329 seconds
[2021-12-27 20:40:58,249] {scheduler_job.py:182} INFO - Started process (PID=3663) to work on /home/airflow/airflow-course/venv/lib/python3.8/site-packages/airflow/example_dags/example_subdag_operator.py
[2021-12-27 20:40:58,260] {scheduler_job.py:633} INFO - Processing file /home/airflow/airflow-course/venv/lib/python3.8/site-packages/airflow/example_dags/example_subdag_operator.py for tasks to queue
[2021-12-27 20:40:58,261] {logging_mixin.py:104} INFO - [2021-12-27 20:40:58,261] {dagbag.py:487} INFO - Filling up the DagBag from /home/airflow/airflow-course/venv/lib/python3.8/site-packages/airflow/example_dags/example_subdag_operator.py
[2021-12-27 20:40:58,325] {scheduler_job.py:643} INFO - DAG(s) dict_keys(['example_subdag_operator.section-1', 'example_subdag_operator.section-2', 'example_subdag_operator']) retrieved from /home/airflow/airflow-course/venv/lib/python3.8/site-packages/airflow/example_dags/example_subdag_operator.py
[2021-12-27 20:40:58,352] {logging_mixin.py:104} INFO - [2021-12-27 20:40:58,352] {dag.py:1832} INFO - Sync 3 DAGs
[2021-12-27 20:40:58,374] {logging_mixin.py:104} INFO - [2021-12-27 20:40:58,374] {dag.py:2305} INFO - Setting next_dagrun for example_subdag_operator to 2021-12-25 00:00:00+00:00
[2021-12-27 20:40:58,375] {logging_mixin.py:104} INFO - [2021-12-27 20:40:58,375] {dag.py:2305} INFO - Setting next_dagrun for example_subdag_operator.section-1 to None
[2021-12-27 20:40:58,375] {logging_mixin.py:104} INFO - [2021-12-27 20:40:58,375] {dag.py:2305} INFO - Setting next_dagrun for example_subdag_operator.section-2 to None
[2021-12-27 20:40:58,395] {logging_mixin.py:104} INFO - [2021-12-27 20:40:58,395] {dag.py:1832} INFO - Sync 2 DAGs
[2021-12-27 20:40:58,406] {logging_mixin.py:104} INFO - [2021-12-27 20:40:58,406] {dag.py:2305} INFO - Setting next_dagrun for example_subdag_operator.section-1 to None
[2021-12-27 20:40:58,410] {logging_mixin.py:104} INFO - [2021-12-27 20:40:58,410] {dag.py:2305} INFO - Setting next_dagrun for example_subdag_operator.section-2 to None
[2021-12-27 20:40:58,581] {scheduler_job.py:190} INFO - Processing /home/airflow/airflow-course/venv/lib/python3.8/site-packages/airflow/example_dags/example_subdag_operator.py took 0.337 seconds
[2021-12-27 20:41:29,283] {scheduler_job.py:182} INFO - Started process (PID=3863) to work on /home/airflow/airflow-course/venv/lib/python3.8/site-packages/airflow/example_dags/example_subdag_operator.py
[2021-12-27 20:41:29,294] {scheduler_job.py:633} INFO - Processing file /home/airflow/airflow-course/venv/lib/python3.8/site-packages/airflow/example_dags/example_subdag_operator.py for tasks to queue
[2021-12-27 20:41:29,294] {logging_mixin.py:104} INFO - [2021-12-27 20:41:29,294] {dagbag.py:487} INFO - Filling up the DagBag from /home/airflow/airflow-course/venv/lib/python3.8/site-packages/airflow/example_dags/example_subdag_operator.py
[2021-12-27 20:41:29,375] {scheduler_job.py:643} INFO - DAG(s) dict_keys(['example_subdag_operator.section-1', 'example_subdag_operator.section-2', 'example_subdag_operator']) retrieved from /home/airflow/airflow-course/venv/lib/python3.8/site-packages/airflow/example_dags/example_subdag_operator.py
[2021-12-27 20:41:29,396] {logging_mixin.py:104} INFO - [2021-12-27 20:41:29,396] {dag.py:1832} INFO - Sync 3 DAGs
[2021-12-27 20:41:29,429] {logging_mixin.py:104} INFO - [2021-12-27 20:41:29,429] {dag.py:2305} INFO - Setting next_dagrun for example_subdag_operator to 2021-12-25 00:00:00+00:00
[2021-12-27 20:41:29,430] {logging_mixin.py:104} INFO - [2021-12-27 20:41:29,430] {dag.py:2305} INFO - Setting next_dagrun for example_subdag_operator.section-1 to None
[2021-12-27 20:41:29,433] {logging_mixin.py:104} INFO - [2021-12-27 20:41:29,433] {dag.py:2305} INFO - Setting next_dagrun for example_subdag_operator.section-2 to None
[2021-12-27 20:41:29,456] {logging_mixin.py:104} INFO - [2021-12-27 20:41:29,456] {dag.py:1832} INFO - Sync 2 DAGs
[2021-12-27 20:41:29,640] {logging_mixin.py:104} INFO - [2021-12-27 20:41:29,640] {dag.py:2305} INFO - Setting next_dagrun for example_subdag_operator.section-1 to None
[2021-12-27 20:41:29,640] {logging_mixin.py:104} INFO - [2021-12-27 20:41:29,640] {dag.py:2305} INFO - Setting next_dagrun for example_subdag_operator.section-2 to None
[2021-12-27 20:41:29,650] {scheduler_job.py:190} INFO - Processing /home/airflow/airflow-course/venv/lib/python3.8/site-packages/airflow/example_dags/example_subdag_operator.py took 0.370 seconds
[2021-12-27 20:41:59,812] {scheduler_job.py:182} INFO - Started process (PID=4062) to work on /home/airflow/airflow-course/venv/lib/python3.8/site-packages/airflow/example_dags/example_subdag_operator.py
[2021-12-27 20:41:59,813] {scheduler_job.py:633} INFO - Processing file /home/airflow/airflow-course/venv/lib/python3.8/site-packages/airflow/example_dags/example_subdag_operator.py for tasks to queue
[2021-12-27 20:41:59,822] {logging_mixin.py:104} INFO - [2021-12-27 20:41:59,822] {dagbag.py:487} INFO - Filling up the DagBag from /home/airflow/airflow-course/venv/lib/python3.8/site-packages/airflow/example_dags/example_subdag_operator.py
[2021-12-27 20:41:59,900] {scheduler_job.py:643} INFO - DAG(s) dict_keys(['example_subdag_operator.section-1', 'example_subdag_operator.section-2', 'example_subdag_operator']) retrieved from /home/airflow/airflow-course/venv/lib/python3.8/site-packages/airflow/example_dags/example_subdag_operator.py
[2021-12-27 20:41:59,929] {logging_mixin.py:104} INFO - [2021-12-27 20:41:59,929] {dag.py:1832} INFO - Sync 3 DAGs
[2021-12-27 20:41:59,959] {logging_mixin.py:104} INFO - [2021-12-27 20:41:59,959] {dag.py:2305} INFO - Setting next_dagrun for example_subdag_operator to 2021-12-25 00:00:00+00:00
[2021-12-27 20:41:59,961] {logging_mixin.py:104} INFO - [2021-12-27 20:41:59,960] {dag.py:2305} INFO - Setting next_dagrun for example_subdag_operator.section-1 to None
[2021-12-27 20:41:59,988] {logging_mixin.py:104} INFO - [2021-12-27 20:41:59,987] {dag.py:2305} INFO - Setting next_dagrun for example_subdag_operator.section-2 to None
[2021-12-27 20:42:00,144] {logging_mixin.py:104} INFO - [2021-12-27 20:42:00,144] {dag.py:1832} INFO - Sync 2 DAGs
[2021-12-27 20:42:00,163] {logging_mixin.py:104} INFO - [2021-12-27 20:42:00,162] {dag.py:2305} INFO - Setting next_dagrun for example_subdag_operator.section-1 to None
[2021-12-27 20:42:00,164] {logging_mixin.py:104} INFO - [2021-12-27 20:42:00,164] {dag.py:2305} INFO - Setting next_dagrun for example_subdag_operator.section-2 to None
[2021-12-27 20:42:00,183] {scheduler_job.py:190} INFO - Processing /home/airflow/airflow-course/venv/lib/python3.8/site-packages/airflow/example_dags/example_subdag_operator.py took 0.387 seconds
[2021-12-27 20:42:30,596] {scheduler_job.py:182} INFO - Started process (PID=4261) to work on /home/airflow/airflow-course/venv/lib/python3.8/site-packages/airflow/example_dags/example_subdag_operator.py
[2021-12-27 20:42:30,598] {scheduler_job.py:633} INFO - Processing file /home/airflow/airflow-course/venv/lib/python3.8/site-packages/airflow/example_dags/example_subdag_operator.py for tasks to queue
[2021-12-27 20:42:30,599] {logging_mixin.py:104} INFO - [2021-12-27 20:42:30,599] {dagbag.py:487} INFO - Filling up the DagBag from /home/airflow/airflow-course/venv/lib/python3.8/site-packages/airflow/example_dags/example_subdag_operator.py
[2021-12-27 20:42:30,697] {scheduler_job.py:643} INFO - DAG(s) dict_keys(['example_subdag_operator.section-1', 'example_subdag_operator.section-2', 'example_subdag_operator']) retrieved from /home/airflow/airflow-course/venv/lib/python3.8/site-packages/airflow/example_dags/example_subdag_operator.py
[2021-12-27 20:42:30,726] {logging_mixin.py:104} INFO - [2021-12-27 20:42:30,726] {dag.py:1832} INFO - Sync 3 DAGs
[2021-12-27 20:42:30,766] {logging_mixin.py:104} INFO - [2021-12-27 20:42:30,766] {dag.py:2305} INFO - Setting next_dagrun for example_subdag_operator to 2021-12-25 00:00:00+00:00
[2021-12-27 20:42:30,768] {logging_mixin.py:104} INFO - [2021-12-27 20:42:30,767] {dag.py:2305} INFO - Setting next_dagrun for example_subdag_operator.section-1 to None
[2021-12-27 20:42:30,768] {logging_mixin.py:104} INFO - [2021-12-27 20:42:30,768] {dag.py:2305} INFO - Setting next_dagrun for example_subdag_operator.section-2 to None
[2021-12-27 20:42:30,916] {logging_mixin.py:104} INFO - [2021-12-27 20:42:30,916] {dag.py:1832} INFO - Sync 2 DAGs
[2021-12-27 20:42:30,943] {logging_mixin.py:104} INFO - [2021-12-27 20:42:30,943] {dag.py:2305} INFO - Setting next_dagrun for example_subdag_operator.section-1 to None
[2021-12-27 20:42:30,943] {logging_mixin.py:104} INFO - [2021-12-27 20:42:30,943] {dag.py:2305} INFO - Setting next_dagrun for example_subdag_operator.section-2 to None
[2021-12-27 20:42:30,961] {scheduler_job.py:190} INFO - Processing /home/airflow/airflow-course/venv/lib/python3.8/site-packages/airflow/example_dags/example_subdag_operator.py took 0.383 seconds
[2021-12-27 20:43:01,207] {scheduler_job.py:182} INFO - Started process (PID=4461) to work on /home/airflow/airflow-course/venv/lib/python3.8/site-packages/airflow/example_dags/example_subdag_operator.py
[2021-12-27 20:43:01,215] {scheduler_job.py:633} INFO - Processing file /home/airflow/airflow-course/venv/lib/python3.8/site-packages/airflow/example_dags/example_subdag_operator.py for tasks to queue
[2021-12-27 20:43:01,220] {logging_mixin.py:104} INFO - [2021-12-27 20:43:01,219] {dagbag.py:487} INFO - Filling up the DagBag from /home/airflow/airflow-course/venv/lib/python3.8/site-packages/airflow/example_dags/example_subdag_operator.py
[2021-12-27 20:43:01,304] {scheduler_job.py:643} INFO - DAG(s) dict_keys(['example_subdag_operator.section-1', 'example_subdag_operator.section-2', 'example_subdag_operator']) retrieved from /home/airflow/airflow-course/venv/lib/python3.8/site-packages/airflow/example_dags/example_subdag_operator.py
[2021-12-27 20:43:01,334] {logging_mixin.py:104} INFO - [2021-12-27 20:43:01,334] {dag.py:1832} INFO - Sync 3 DAGs
[2021-12-27 20:43:01,378] {logging_mixin.py:104} INFO - [2021-12-27 20:43:01,378] {dag.py:2305} INFO - Setting next_dagrun for example_subdag_operator to 2021-12-25 00:00:00+00:00
[2021-12-27 20:43:01,380] {logging_mixin.py:104} INFO - [2021-12-27 20:43:01,380] {dag.py:2305} INFO - Setting next_dagrun for example_subdag_operator.section-1 to None
[2021-12-27 20:43:01,380] {logging_mixin.py:104} INFO - [2021-12-27 20:43:01,380] {dag.py:2305} INFO - Setting next_dagrun for example_subdag_operator.section-2 to None
[2021-12-27 20:43:01,551] {logging_mixin.py:104} INFO - [2021-12-27 20:43:01,551] {dag.py:1832} INFO - Sync 2 DAGs
[2021-12-27 20:43:01,575] {logging_mixin.py:104} INFO - [2021-12-27 20:43:01,575] {dag.py:2305} INFO - Setting next_dagrun for example_subdag_operator.section-1 to None
[2021-12-27 20:43:01,575] {logging_mixin.py:104} INFO - [2021-12-27 20:43:01,575] {dag.py:2305} INFO - Setting next_dagrun for example_subdag_operator.section-2 to None
[2021-12-27 20:43:01,594] {scheduler_job.py:190} INFO - Processing /home/airflow/airflow-course/venv/lib/python3.8/site-packages/airflow/example_dags/example_subdag_operator.py took 0.392 seconds
[2021-12-27 20:43:31,721] {scheduler_job.py:182} INFO - Started process (PID=4660) to work on /home/airflow/airflow-course/venv/lib/python3.8/site-packages/airflow/example_dags/example_subdag_operator.py
[2021-12-27 20:43:31,736] {scheduler_job.py:633} INFO - Processing file /home/airflow/airflow-course/venv/lib/python3.8/site-packages/airflow/example_dags/example_subdag_operator.py for tasks to queue
[2021-12-27 20:43:31,737] {logging_mixin.py:104} INFO - [2021-12-27 20:43:31,737] {dagbag.py:487} INFO - Filling up the DagBag from /home/airflow/airflow-course/venv/lib/python3.8/site-packages/airflow/example_dags/example_subdag_operator.py
[2021-12-27 20:43:31,800] {scheduler_job.py:643} INFO - DAG(s) dict_keys(['example_subdag_operator.section-1', 'example_subdag_operator.section-2', 'example_subdag_operator']) retrieved from /home/airflow/airflow-course/venv/lib/python3.8/site-packages/airflow/example_dags/example_subdag_operator.py
[2021-12-27 20:43:31,837] {logging_mixin.py:104} INFO - [2021-12-27 20:43:31,837] {dag.py:1832} INFO - Sync 3 DAGs
[2021-12-27 20:43:31,865] {logging_mixin.py:104} INFO - [2021-12-27 20:43:31,865] {dag.py:2305} INFO - Setting next_dagrun for example_subdag_operator to 2021-12-25 00:00:00+00:00
[2021-12-27 20:43:32,002] {logging_mixin.py:104} INFO - [2021-12-27 20:43:32,002] {dag.py:2305} INFO - Setting next_dagrun for example_subdag_operator.section-1 to None
[2021-12-27 20:43:32,002] {logging_mixin.py:104} INFO - [2021-12-27 20:43:32,002] {dag.py:2305} INFO - Setting next_dagrun for example_subdag_operator.section-2 to None
[2021-12-27 20:43:32,023] {logging_mixin.py:104} INFO - [2021-12-27 20:43:32,023] {dag.py:1832} INFO - Sync 2 DAGs
[2021-12-27 20:43:32,054] {logging_mixin.py:104} INFO - [2021-12-27 20:43:32,054] {dag.py:2305} INFO - Setting next_dagrun for example_subdag_operator.section-1 to None
[2021-12-27 20:43:32,056] {logging_mixin.py:104} INFO - [2021-12-27 20:43:32,056] {dag.py:2305} INFO - Setting next_dagrun for example_subdag_operator.section-2 to None
[2021-12-27 20:43:32,074] {scheduler_job.py:190} INFO - Processing /home/airflow/airflow-course/venv/lib/python3.8/site-packages/airflow/example_dags/example_subdag_operator.py took 0.366 seconds
[2021-12-27 20:44:02,211] {scheduler_job.py:182} INFO - Started process (PID=4859) to work on /home/airflow/airflow-course/venv/lib/python3.8/site-packages/airflow/example_dags/example_subdag_operator.py
[2021-12-27 20:44:02,220] {scheduler_job.py:633} INFO - Processing file /home/airflow/airflow-course/venv/lib/python3.8/site-packages/airflow/example_dags/example_subdag_operator.py for tasks to queue
[2021-12-27 20:44:02,221] {logging_mixin.py:104} INFO - [2021-12-27 20:44:02,221] {dagbag.py:487} INFO - Filling up the DagBag from /home/airflow/airflow-course/venv/lib/python3.8/site-packages/airflow/example_dags/example_subdag_operator.py
[2021-12-27 20:44:02,309] {scheduler_job.py:643} INFO - DAG(s) dict_keys(['example_subdag_operator.section-1', 'example_subdag_operator.section-2', 'example_subdag_operator']) retrieved from /home/airflow/airflow-course/venv/lib/python3.8/site-packages/airflow/example_dags/example_subdag_operator.py
[2021-12-27 20:44:02,337] {logging_mixin.py:104} INFO - [2021-12-27 20:44:02,337] {dag.py:1832} INFO - Sync 3 DAGs
[2021-12-27 20:44:02,455] {logging_mixin.py:104} INFO - [2021-12-27 20:44:02,455] {dag.py:2305} INFO - Setting next_dagrun for example_subdag_operator to 2021-12-25 00:00:00+00:00
[2021-12-27 20:44:02,455] {logging_mixin.py:104} INFO - [2021-12-27 20:44:02,455] {dag.py:2305} INFO - Setting next_dagrun for example_subdag_operator.section-1 to None
[2021-12-27 20:44:02,456] {logging_mixin.py:104} INFO - [2021-12-27 20:44:02,456] {dag.py:2305} INFO - Setting next_dagrun for example_subdag_operator.section-2 to None
[2021-12-27 20:44:02,470] {logging_mixin.py:104} INFO - [2021-12-27 20:44:02,470] {dag.py:1832} INFO - Sync 2 DAGs
[2021-12-27 20:44:02,480] {logging_mixin.py:104} INFO - [2021-12-27 20:44:02,480] {dag.py:2305} INFO - Setting next_dagrun for example_subdag_operator.section-1 to None
[2021-12-27 20:44:02,482] {logging_mixin.py:104} INFO - [2021-12-27 20:44:02,482] {dag.py:2305} INFO - Setting next_dagrun for example_subdag_operator.section-2 to None
[2021-12-27 20:44:02,488] {scheduler_job.py:190} INFO - Processing /home/airflow/airflow-course/venv/lib/python3.8/site-packages/airflow/example_dags/example_subdag_operator.py took 0.280 seconds
[2021-12-27 20:44:32,712] {scheduler_job.py:182} INFO - Started process (PID=5058) to work on /home/airflow/airflow-course/venv/lib/python3.8/site-packages/airflow/example_dags/example_subdag_operator.py
[2021-12-27 20:44:32,721] {scheduler_job.py:633} INFO - Processing file /home/airflow/airflow-course/venv/lib/python3.8/site-packages/airflow/example_dags/example_subdag_operator.py for tasks to queue
[2021-12-27 20:44:32,726] {logging_mixin.py:104} INFO - [2021-12-27 20:44:32,725] {dagbag.py:487} INFO - Filling up the DagBag from /home/airflow/airflow-course/venv/lib/python3.8/site-packages/airflow/example_dags/example_subdag_operator.py
[2021-12-27 20:44:32,828] {scheduler_job.py:643} INFO - DAG(s) dict_keys(['example_subdag_operator.section-1', 'example_subdag_operator.section-2', 'example_subdag_operator']) retrieved from /home/airflow/airflow-course/venv/lib/python3.8/site-packages/airflow/example_dags/example_subdag_operator.py
[2021-12-27 20:44:32,862] {logging_mixin.py:104} INFO - [2021-12-27 20:44:32,862] {dag.py:1832} INFO - Sync 3 DAGs
[2021-12-27 20:44:33,036] {logging_mixin.py:104} INFO - [2021-12-27 20:44:33,036] {dag.py:2305} INFO - Setting next_dagrun for example_subdag_operator to 2021-12-25 00:00:00+00:00
[2021-12-27 20:44:33,039] {logging_mixin.py:104} INFO - [2021-12-27 20:44:33,038] {dag.py:2305} INFO - Setting next_dagrun for example_subdag_operator.section-1 to None
[2021-12-27 20:44:33,042] {logging_mixin.py:104} INFO - [2021-12-27 20:44:33,042] {dag.py:2305} INFO - Setting next_dagrun for example_subdag_operator.section-2 to None
[2021-12-27 20:44:33,060] {logging_mixin.py:104} INFO - [2021-12-27 20:44:33,060] {dag.py:1832} INFO - Sync 2 DAGs
[2021-12-27 20:44:33,085] {logging_mixin.py:104} INFO - [2021-12-27 20:44:33,085] {dag.py:2305} INFO - Setting next_dagrun for example_subdag_operator.section-1 to None
[2021-12-27 20:44:33,085] {logging_mixin.py:104} INFO - [2021-12-27 20:44:33,085] {dag.py:2305} INFO - Setting next_dagrun for example_subdag_operator.section-2 to None
[2021-12-27 20:44:33,116] {scheduler_job.py:190} INFO - Processing /home/airflow/airflow-course/venv/lib/python3.8/site-packages/airflow/example_dags/example_subdag_operator.py took 0.413 seconds
[2021-12-27 20:45:03,334] {scheduler_job.py:182} INFO - Started process (PID=5506) to work on /home/airflow/airflow-course/venv/lib/python3.8/site-packages/airflow/example_dags/example_subdag_operator.py
[2021-12-27 20:45:03,336] {scheduler_job.py:633} INFO - Processing file /home/airflow/airflow-course/venv/lib/python3.8/site-packages/airflow/example_dags/example_subdag_operator.py for tasks to queue
[2021-12-27 20:45:03,337] {logging_mixin.py:104} INFO - [2021-12-27 20:45:03,337] {dagbag.py:487} INFO - Filling up the DagBag from /home/airflow/airflow-course/venv/lib/python3.8/site-packages/airflow/example_dags/example_subdag_operator.py
[2021-12-27 20:45:03,395] {scheduler_job.py:643} INFO - DAG(s) dict_keys(['example_subdag_operator.section-1', 'example_subdag_operator.section-2', 'example_subdag_operator']) retrieved from /home/airflow/airflow-course/venv/lib/python3.8/site-packages/airflow/example_dags/example_subdag_operator.py
[2021-12-27 20:45:03,411] {logging_mixin.py:104} INFO - [2021-12-27 20:45:03,411] {dag.py:1832} INFO - Sync 3 DAGs
[2021-12-27 20:45:03,486] {logging_mixin.py:104} INFO - [2021-12-27 20:45:03,486] {dag.py:2305} INFO - Setting next_dagrun for example_subdag_operator to 2021-12-25 00:00:00+00:00
[2021-12-27 20:45:03,487] {logging_mixin.py:104} INFO - [2021-12-27 20:45:03,487] {dag.py:2305} INFO - Setting next_dagrun for example_subdag_operator.section-1 to None
[2021-12-27 20:45:03,487] {logging_mixin.py:104} INFO - [2021-12-27 20:45:03,487] {dag.py:2305} INFO - Setting next_dagrun for example_subdag_operator.section-2 to None
[2021-12-27 20:45:03,506] {logging_mixin.py:104} INFO - [2021-12-27 20:45:03,506] {dag.py:1832} INFO - Sync 2 DAGs
[2021-12-27 20:45:03,514] {logging_mixin.py:104} INFO - [2021-12-27 20:45:03,514] {dag.py:2305} INFO - Setting next_dagrun for example_subdag_operator.section-1 to None
[2021-12-27 20:45:03,515] {logging_mixin.py:104} INFO - [2021-12-27 20:45:03,515] {dag.py:2305} INFO - Setting next_dagrun for example_subdag_operator.section-2 to None
[2021-12-27 20:45:03,525] {scheduler_job.py:190} INFO - Processing /home/airflow/airflow-course/venv/lib/python3.8/site-packages/airflow/example_dags/example_subdag_operator.py took 0.198 seconds
[2021-12-27 20:45:35,102] {scheduler_job.py:182} INFO - Started process (PID=5704) to work on /home/airflow/airflow-course/venv/lib/python3.8/site-packages/airflow/example_dags/example_subdag_operator.py
[2021-12-27 20:45:35,111] {scheduler_job.py:633} INFO - Processing file /home/airflow/airflow-course/venv/lib/python3.8/site-packages/airflow/example_dags/example_subdag_operator.py for tasks to queue
[2021-12-27 20:45:35,115] {logging_mixin.py:104} INFO - [2021-12-27 20:45:35,115] {dagbag.py:487} INFO - Filling up the DagBag from /home/airflow/airflow-course/venv/lib/python3.8/site-packages/airflow/example_dags/example_subdag_operator.py
[2021-12-27 20:45:35,200] {scheduler_job.py:643} INFO - DAG(s) dict_keys(['example_subdag_operator.section-1', 'example_subdag_operator.section-2', 'example_subdag_operator']) retrieved from /home/airflow/airflow-course/venv/lib/python3.8/site-packages/airflow/example_dags/example_subdag_operator.py
[2021-12-27 20:45:35,227] {logging_mixin.py:104} INFO - [2021-12-27 20:45:35,227] {dag.py:1832} INFO - Sync 3 DAGs
[2021-12-27 20:45:35,389] {logging_mixin.py:104} INFO - [2021-12-27 20:45:35,389] {dag.py:2305} INFO - Setting next_dagrun for example_subdag_operator to 2021-12-25 00:00:00+00:00
[2021-12-27 20:45:35,390] {logging_mixin.py:104} INFO - [2021-12-27 20:45:35,390] {dag.py:2305} INFO - Setting next_dagrun for example_subdag_operator.section-1 to None
[2021-12-27 20:45:35,391] {logging_mixin.py:104} INFO - [2021-12-27 20:45:35,391] {dag.py:2305} INFO - Setting next_dagrun for example_subdag_operator.section-2 to None
[2021-12-27 20:45:35,422] {logging_mixin.py:104} INFO - [2021-12-27 20:45:35,422] {dag.py:1832} INFO - Sync 2 DAGs
[2021-12-27 20:45:35,433] {logging_mixin.py:104} INFO - [2021-12-27 20:45:35,433] {dag.py:2305} INFO - Setting next_dagrun for example_subdag_operator.section-1 to None
[2021-12-27 20:45:35,434] {logging_mixin.py:104} INFO - [2021-12-27 20:45:35,434] {dag.py:2305} INFO - Setting next_dagrun for example_subdag_operator.section-2 to None
[2021-12-27 20:45:35,449] {scheduler_job.py:190} INFO - Processing /home/airflow/airflow-course/venv/lib/python3.8/site-packages/airflow/example_dags/example_subdag_operator.py took 0.350 seconds
[2021-12-27 20:46:06,340] {scheduler_job.py:182} INFO - Started process (PID=5905) to work on /home/airflow/airflow-course/venv/lib/python3.8/site-packages/airflow/example_dags/example_subdag_operator.py
[2021-12-27 20:46:06,344] {scheduler_job.py:633} INFO - Processing file /home/airflow/airflow-course/venv/lib/python3.8/site-packages/airflow/example_dags/example_subdag_operator.py for tasks to queue
[2021-12-27 20:46:06,344] {logging_mixin.py:104} INFO - [2021-12-27 20:46:06,344] {dagbag.py:487} INFO - Filling up the DagBag from /home/airflow/airflow-course/venv/lib/python3.8/site-packages/airflow/example_dags/example_subdag_operator.py
[2021-12-27 20:46:06,395] {scheduler_job.py:643} INFO - DAG(s) dict_keys(['example_subdag_operator.section-1', 'example_subdag_operator.section-2', 'example_subdag_operator']) retrieved from /home/airflow/airflow-course/venv/lib/python3.8/site-packages/airflow/example_dags/example_subdag_operator.py
[2021-12-27 20:46:06,539] {logging_mixin.py:104} INFO - [2021-12-27 20:46:06,538] {dag.py:1832} INFO - Sync 3 DAGs
[2021-12-27 20:46:06,572] {logging_mixin.py:104} INFO - [2021-12-27 20:46:06,572] {dag.py:2305} INFO - Setting next_dagrun for example_subdag_operator to 2021-12-25 00:00:00+00:00
[2021-12-27 20:46:06,575] {logging_mixin.py:104} INFO - [2021-12-27 20:46:06,575] {dag.py:2305} INFO - Setting next_dagrun for example_subdag_operator.section-1 to None
[2021-12-27 20:46:06,576] {logging_mixin.py:104} INFO - [2021-12-27 20:46:06,576] {dag.py:2305} INFO - Setting next_dagrun for example_subdag_operator.section-2 to None
[2021-12-27 20:46:06,585] {logging_mixin.py:104} INFO - [2021-12-27 20:46:06,585] {dag.py:1832} INFO - Sync 2 DAGs
[2021-12-27 20:46:06,596] {logging_mixin.py:104} INFO - [2021-12-27 20:46:06,596] {dag.py:2305} INFO - Setting next_dagrun for example_subdag_operator.section-1 to None
[2021-12-27 20:46:06,596] {logging_mixin.py:104} INFO - [2021-12-27 20:46:06,596] {dag.py:2305} INFO - Setting next_dagrun for example_subdag_operator.section-2 to None
[2021-12-27 20:46:06,613] {scheduler_job.py:190} INFO - Processing /home/airflow/airflow-course/venv/lib/python3.8/site-packages/airflow/example_dags/example_subdag_operator.py took 0.277 seconds
[2021-12-27 20:46:37,577] {scheduler_job.py:182} INFO - Started process (PID=6105) to work on /home/airflow/airflow-course/venv/lib/python3.8/site-packages/airflow/example_dags/example_subdag_operator.py
[2021-12-27 20:46:37,578] {scheduler_job.py:633} INFO - Processing file /home/airflow/airflow-course/venv/lib/python3.8/site-packages/airflow/example_dags/example_subdag_operator.py for tasks to queue
[2021-12-27 20:46:37,579] {logging_mixin.py:104} INFO - [2021-12-27 20:46:37,578] {dagbag.py:487} INFO - Filling up the DagBag from /home/airflow/airflow-course/venv/lib/python3.8/site-packages/airflow/example_dags/example_subdag_operator.py
[2021-12-27 20:46:37,693] {scheduler_job.py:643} INFO - DAG(s) dict_keys(['example_subdag_operator.section-1', 'example_subdag_operator.section-2', 'example_subdag_operator']) retrieved from /home/airflow/airflow-course/venv/lib/python3.8/site-packages/airflow/example_dags/example_subdag_operator.py
[2021-12-27 20:46:37,872] {logging_mixin.py:104} INFO - [2021-12-27 20:46:37,872] {dag.py:1832} INFO - Sync 3 DAGs
[2021-12-27 20:46:37,896] {logging_mixin.py:104} INFO - [2021-12-27 20:46:37,895] {dag.py:2305} INFO - Setting next_dagrun for example_subdag_operator to 2021-12-25 00:00:00+00:00
[2021-12-27 20:46:37,897] {logging_mixin.py:104} INFO - [2021-12-27 20:46:37,896] {dag.py:2305} INFO - Setting next_dagrun for example_subdag_operator.section-1 to None
[2021-12-27 20:46:37,897] {logging_mixin.py:104} INFO - [2021-12-27 20:46:37,897] {dag.py:2305} INFO - Setting next_dagrun for example_subdag_operator.section-2 to None
[2021-12-27 20:46:37,918] {logging_mixin.py:104} INFO - [2021-12-27 20:46:37,918] {dag.py:1832} INFO - Sync 2 DAGs
[2021-12-27 20:46:37,932] {logging_mixin.py:104} INFO - [2021-12-27 20:46:37,931] {dag.py:2305} INFO - Setting next_dagrun for example_subdag_operator.section-1 to None
[2021-12-27 20:46:37,932] {logging_mixin.py:104} INFO - [2021-12-27 20:46:37,932] {dag.py:2305} INFO - Setting next_dagrun for example_subdag_operator.section-2 to None
[2021-12-27 20:46:37,951] {scheduler_job.py:190} INFO - Processing /home/airflow/airflow-course/venv/lib/python3.8/site-packages/airflow/example_dags/example_subdag_operator.py took 0.377 seconds
