[2021-12-27 20:39:54,216] {scheduler_job.py:182} INFO - Started process (PID=2967) to work on /home/airflow/airflow-course/venv/lib/python3.8/site-packages/airflow/example_dags/example_skip_dag.py
[2021-12-27 20:39:54,229] {scheduler_job.py:633} INFO - Processing file /home/airflow/airflow-course/venv/lib/python3.8/site-packages/airflow/example_dags/example_skip_dag.py for tasks to queue
[2021-12-27 20:39:54,229] {logging_mixin.py:104} INFO - [2021-12-27 20:39:54,229] {dagbag.py:487} INFO - Filling up the DagBag from /home/airflow/airflow-course/venv/lib/python3.8/site-packages/airflow/example_dags/example_skip_dag.py
[2021-12-27 20:39:54,252] {scheduler_job.py:643} INFO - DAG(s) dict_keys(['example_skip_dag']) retrieved from /home/airflow/airflow-course/venv/lib/python3.8/site-packages/airflow/example_dags/example_skip_dag.py
[2021-12-27 20:39:54,879] {logging_mixin.py:104} INFO - [2021-12-27 20:39:54,879] {dag.py:1832} INFO - Sync 1 DAGs
[2021-12-27 20:39:54,897] {logging_mixin.py:104} INFO - [2021-12-27 20:39:54,897] {dag.py:2305} INFO - Setting next_dagrun for example_skip_dag to 2021-12-25 00:00:00+00:00
[2021-12-27 20:39:54,924] {scheduler_job.py:190} INFO - Processing /home/airflow/airflow-course/venv/lib/python3.8/site-packages/airflow/example_dags/example_skip_dag.py took 0.711 seconds
[2021-12-27 20:40:24,991] {scheduler_job.py:182} INFO - Started process (PID=3302) to work on /home/airflow/airflow-course/venv/lib/python3.8/site-packages/airflow/example_dags/example_skip_dag.py
[2021-12-27 20:40:24,992] {scheduler_job.py:633} INFO - Processing file /home/airflow/airflow-course/venv/lib/python3.8/site-packages/airflow/example_dags/example_skip_dag.py for tasks to queue
[2021-12-27 20:40:24,993] {logging_mixin.py:104} INFO - [2021-12-27 20:40:24,993] {dagbag.py:487} INFO - Filling up the DagBag from /home/airflow/airflow-course/venv/lib/python3.8/site-packages/airflow/example_dags/example_skip_dag.py
[2021-12-27 20:40:25,005] {scheduler_job.py:643} INFO - DAG(s) dict_keys(['example_skip_dag']) retrieved from /home/airflow/airflow-course/venv/lib/python3.8/site-packages/airflow/example_dags/example_skip_dag.py
[2021-12-27 20:40:25,033] {logging_mixin.py:104} INFO - [2021-12-27 20:40:25,033] {dag.py:1832} INFO - Sync 1 DAGs
[2021-12-27 20:40:25,048] {logging_mixin.py:104} INFO - [2021-12-27 20:40:25,048] {dag.py:2305} INFO - Setting next_dagrun for example_skip_dag to 2021-12-25 00:00:00+00:00
[2021-12-27 20:40:25,078] {scheduler_job.py:190} INFO - Processing /home/airflow/airflow-course/venv/lib/python3.8/site-packages/airflow/example_dags/example_skip_dag.py took 0.093 seconds
[2021-12-27 20:40:55,933] {scheduler_job.py:182} INFO - Started process (PID=3636) to work on /home/airflow/airflow-course/venv/lib/python3.8/site-packages/airflow/example_dags/example_skip_dag.py
[2021-12-27 20:40:55,934] {scheduler_job.py:633} INFO - Processing file /home/airflow/airflow-course/venv/lib/python3.8/site-packages/airflow/example_dags/example_skip_dag.py for tasks to queue
[2021-12-27 20:40:55,935] {logging_mixin.py:104} INFO - [2021-12-27 20:40:55,935] {dagbag.py:487} INFO - Filling up the DagBag from /home/airflow/airflow-course/venv/lib/python3.8/site-packages/airflow/example_dags/example_skip_dag.py
[2021-12-27 20:40:55,949] {scheduler_job.py:643} INFO - DAG(s) dict_keys(['example_skip_dag']) retrieved from /home/airflow/airflow-course/venv/lib/python3.8/site-packages/airflow/example_dags/example_skip_dag.py
[2021-12-27 20:40:55,973] {logging_mixin.py:104} INFO - [2021-12-27 20:40:55,973] {dag.py:1832} INFO - Sync 1 DAGs
[2021-12-27 20:40:56,000] {logging_mixin.py:104} INFO - [2021-12-27 20:40:56,000] {dag.py:2305} INFO - Setting next_dagrun for example_skip_dag to 2021-12-25 00:00:00+00:00
[2021-12-27 20:40:56,021] {scheduler_job.py:190} INFO - Processing /home/airflow/airflow-course/venv/lib/python3.8/site-packages/airflow/example_dags/example_skip_dag.py took 0.091 seconds
[2021-12-27 20:41:26,911] {scheduler_job.py:182} INFO - Started process (PID=3837) to work on /home/airflow/airflow-course/venv/lib/python3.8/site-packages/airflow/example_dags/example_skip_dag.py
[2021-12-27 20:41:26,913] {scheduler_job.py:633} INFO - Processing file /home/airflow/airflow-course/venv/lib/python3.8/site-packages/airflow/example_dags/example_skip_dag.py for tasks to queue
[2021-12-27 20:41:26,914] {logging_mixin.py:104} INFO - [2021-12-27 20:41:26,914] {dagbag.py:487} INFO - Filling up the DagBag from /home/airflow/airflow-course/venv/lib/python3.8/site-packages/airflow/example_dags/example_skip_dag.py
[2021-12-27 20:41:26,927] {scheduler_job.py:643} INFO - DAG(s) dict_keys(['example_skip_dag']) retrieved from /home/airflow/airflow-course/venv/lib/python3.8/site-packages/airflow/example_dags/example_skip_dag.py
[2021-12-27 20:41:26,963] {logging_mixin.py:104} INFO - [2021-12-27 20:41:26,963] {dag.py:1832} INFO - Sync 1 DAGs
[2021-12-27 20:41:26,981] {logging_mixin.py:104} INFO - [2021-12-27 20:41:26,981] {dag.py:2305} INFO - Setting next_dagrun for example_skip_dag to 2021-12-25 00:00:00+00:00
[2021-12-27 20:41:27,003] {scheduler_job.py:190} INFO - Processing /home/airflow/airflow-course/venv/lib/python3.8/site-packages/airflow/example_dags/example_skip_dag.py took 0.098 seconds
[2021-12-27 20:41:57,355] {scheduler_job.py:182} INFO - Started process (PID=4034) to work on /home/airflow/airflow-course/venv/lib/python3.8/site-packages/airflow/example_dags/example_skip_dag.py
[2021-12-27 20:41:57,364] {scheduler_job.py:633} INFO - Processing file /home/airflow/airflow-course/venv/lib/python3.8/site-packages/airflow/example_dags/example_skip_dag.py for tasks to queue
[2021-12-27 20:41:57,365] {logging_mixin.py:104} INFO - [2021-12-27 20:41:57,365] {dagbag.py:487} INFO - Filling up the DagBag from /home/airflow/airflow-course/venv/lib/python3.8/site-packages/airflow/example_dags/example_skip_dag.py
[2021-12-27 20:41:57,387] {scheduler_job.py:643} INFO - DAG(s) dict_keys(['example_skip_dag']) retrieved from /home/airflow/airflow-course/venv/lib/python3.8/site-packages/airflow/example_dags/example_skip_dag.py
[2021-12-27 20:41:57,419] {logging_mixin.py:104} INFO - [2021-12-27 20:41:57,419] {dag.py:1832} INFO - Sync 1 DAGs
[2021-12-27 20:41:57,438] {logging_mixin.py:104} INFO - [2021-12-27 20:41:57,438] {dag.py:2305} INFO - Setting next_dagrun for example_skip_dag to 2021-12-25 00:00:00+00:00
[2021-12-27 20:41:57,458] {scheduler_job.py:190} INFO - Processing /home/airflow/airflow-course/venv/lib/python3.8/site-packages/airflow/example_dags/example_skip_dag.py took 0.106 seconds
[2021-12-27 20:42:28,050] {scheduler_job.py:182} INFO - Started process (PID=4234) to work on /home/airflow/airflow-course/venv/lib/python3.8/site-packages/airflow/example_dags/example_skip_dag.py
[2021-12-27 20:42:28,053] {scheduler_job.py:633} INFO - Processing file /home/airflow/airflow-course/venv/lib/python3.8/site-packages/airflow/example_dags/example_skip_dag.py for tasks to queue
[2021-12-27 20:42:28,057] {logging_mixin.py:104} INFO - [2021-12-27 20:42:28,056] {dagbag.py:487} INFO - Filling up the DagBag from /home/airflow/airflow-course/venv/lib/python3.8/site-packages/airflow/example_dags/example_skip_dag.py
[2021-12-27 20:42:28,092] {scheduler_job.py:643} INFO - DAG(s) dict_keys(['example_skip_dag']) retrieved from /home/airflow/airflow-course/venv/lib/python3.8/site-packages/airflow/example_dags/example_skip_dag.py
[2021-12-27 20:42:28,132] {logging_mixin.py:104} INFO - [2021-12-27 20:42:28,132] {dag.py:1832} INFO - Sync 1 DAGs
[2021-12-27 20:42:28,149] {logging_mixin.py:104} INFO - [2021-12-27 20:42:28,149] {dag.py:2305} INFO - Setting next_dagrun for example_skip_dag to 2021-12-25 00:00:00+00:00
[2021-12-27 20:42:28,173] {scheduler_job.py:190} INFO - Processing /home/airflow/airflow-course/venv/lib/python3.8/site-packages/airflow/example_dags/example_skip_dag.py took 0.128 seconds
[2021-12-27 20:42:58,499] {scheduler_job.py:182} INFO - Started process (PID=4434) to work on /home/airflow/airflow-course/venv/lib/python3.8/site-packages/airflow/example_dags/example_skip_dag.py
[2021-12-27 20:42:58,501] {scheduler_job.py:633} INFO - Processing file /home/airflow/airflow-course/venv/lib/python3.8/site-packages/airflow/example_dags/example_skip_dag.py for tasks to queue
[2021-12-27 20:42:58,501] {logging_mixin.py:104} INFO - [2021-12-27 20:42:58,501] {dagbag.py:487} INFO - Filling up the DagBag from /home/airflow/airflow-course/venv/lib/python3.8/site-packages/airflow/example_dags/example_skip_dag.py
[2021-12-27 20:42:58,527] {scheduler_job.py:643} INFO - DAG(s) dict_keys(['example_skip_dag']) retrieved from /home/airflow/airflow-course/venv/lib/python3.8/site-packages/airflow/example_dags/example_skip_dag.py
[2021-12-27 20:42:58,580] {logging_mixin.py:104} INFO - [2021-12-27 20:42:58,580] {dag.py:1832} INFO - Sync 1 DAGs
[2021-12-27 20:42:58,613] {logging_mixin.py:104} INFO - [2021-12-27 20:42:58,613] {dag.py:2305} INFO - Setting next_dagrun for example_skip_dag to 2021-12-25 00:00:00+00:00
[2021-12-27 20:42:58,645] {scheduler_job.py:190} INFO - Processing /home/airflow/airflow-course/venv/lib/python3.8/site-packages/airflow/example_dags/example_skip_dag.py took 0.149 seconds
[2021-12-27 20:43:29,036] {scheduler_job.py:182} INFO - Started process (PID=4633) to work on /home/airflow/airflow-course/venv/lib/python3.8/site-packages/airflow/example_dags/example_skip_dag.py
[2021-12-27 20:43:29,051] {scheduler_job.py:633} INFO - Processing file /home/airflow/airflow-course/venv/lib/python3.8/site-packages/airflow/example_dags/example_skip_dag.py for tasks to queue
[2021-12-27 20:43:29,052] {logging_mixin.py:104} INFO - [2021-12-27 20:43:29,052] {dagbag.py:487} INFO - Filling up the DagBag from /home/airflow/airflow-course/venv/lib/python3.8/site-packages/airflow/example_dags/example_skip_dag.py
[2021-12-27 20:43:29,062] {scheduler_job.py:643} INFO - DAG(s) dict_keys(['example_skip_dag']) retrieved from /home/airflow/airflow-course/venv/lib/python3.8/site-packages/airflow/example_dags/example_skip_dag.py
[2021-12-27 20:43:29,109] {logging_mixin.py:104} INFO - [2021-12-27 20:43:29,109] {dag.py:1832} INFO - Sync 1 DAGs
[2021-12-27 20:43:29,140] {logging_mixin.py:104} INFO - [2021-12-27 20:43:29,140] {dag.py:2305} INFO - Setting next_dagrun for example_skip_dag to 2021-12-25 00:00:00+00:00
[2021-12-27 20:43:29,170] {scheduler_job.py:190} INFO - Processing /home/airflow/airflow-course/venv/lib/python3.8/site-packages/airflow/example_dags/example_skip_dag.py took 0.138 seconds
[2021-12-27 20:43:59,554] {scheduler_job.py:182} INFO - Started process (PID=4826) to work on /home/airflow/airflow-course/venv/lib/python3.8/site-packages/airflow/example_dags/example_skip_dag.py
[2021-12-27 20:43:59,559] {scheduler_job.py:633} INFO - Processing file /home/airflow/airflow-course/venv/lib/python3.8/site-packages/airflow/example_dags/example_skip_dag.py for tasks to queue
[2021-12-27 20:43:59,568] {logging_mixin.py:104} INFO - [2021-12-27 20:43:59,568] {dagbag.py:487} INFO - Filling up the DagBag from /home/airflow/airflow-course/venv/lib/python3.8/site-packages/airflow/example_dags/example_skip_dag.py
[2021-12-27 20:43:59,596] {scheduler_job.py:643} INFO - DAG(s) dict_keys(['example_skip_dag']) retrieved from /home/airflow/airflow-course/venv/lib/python3.8/site-packages/airflow/example_dags/example_skip_dag.py
[2021-12-27 20:43:59,679] {logging_mixin.py:104} INFO - [2021-12-27 20:43:59,679] {dag.py:1832} INFO - Sync 1 DAGs
[2021-12-27 20:43:59,723] {logging_mixin.py:104} INFO - [2021-12-27 20:43:59,722] {dag.py:2305} INFO - Setting next_dagrun for example_skip_dag to 2021-12-25 00:00:00+00:00
[2021-12-27 20:43:59,795] {scheduler_job.py:190} INFO - Processing /home/airflow/airflow-course/venv/lib/python3.8/site-packages/airflow/example_dags/example_skip_dag.py took 0.245 seconds
[2021-12-27 20:44:30,849] {scheduler_job.py:182} INFO - Started process (PID=5031) to work on /home/airflow/airflow-course/venv/lib/python3.8/site-packages/airflow/example_dags/example_skip_dag.py
[2021-12-27 20:44:30,863] {scheduler_job.py:633} INFO - Processing file /home/airflow/airflow-course/venv/lib/python3.8/site-packages/airflow/example_dags/example_skip_dag.py for tasks to queue
[2021-12-27 20:44:30,864] {logging_mixin.py:104} INFO - [2021-12-27 20:44:30,864] {dagbag.py:487} INFO - Filling up the DagBag from /home/airflow/airflow-course/venv/lib/python3.8/site-packages/airflow/example_dags/example_skip_dag.py
[2021-12-27 20:44:30,885] {scheduler_job.py:643} INFO - DAG(s) dict_keys(['example_skip_dag']) retrieved from /home/airflow/airflow-course/venv/lib/python3.8/site-packages/airflow/example_dags/example_skip_dag.py
[2021-12-27 20:44:30,931] {logging_mixin.py:104} INFO - [2021-12-27 20:44:30,931] {dag.py:1832} INFO - Sync 1 DAGs
[2021-12-27 20:44:30,957] {logging_mixin.py:104} INFO - [2021-12-27 20:44:30,957] {dag.py:2305} INFO - Setting next_dagrun for example_skip_dag to 2021-12-25 00:00:00+00:00
[2021-12-27 20:44:31,121] {scheduler_job.py:190} INFO - Processing /home/airflow/airflow-course/venv/lib/python3.8/site-packages/airflow/example_dags/example_skip_dag.py took 0.276 seconds
[2021-12-27 20:45:02,204] {scheduler_job.py:182} INFO - Started process (PID=5474) to work on /home/airflow/airflow-course/venv/lib/python3.8/site-packages/airflow/example_dags/example_skip_dag.py
[2021-12-27 20:45:02,206] {scheduler_job.py:633} INFO - Processing file /home/airflow/airflow-course/venv/lib/python3.8/site-packages/airflow/example_dags/example_skip_dag.py for tasks to queue
[2021-12-27 20:45:02,206] {logging_mixin.py:104} INFO - [2021-12-27 20:45:02,206] {dagbag.py:487} INFO - Filling up the DagBag from /home/airflow/airflow-course/venv/lib/python3.8/site-packages/airflow/example_dags/example_skip_dag.py
[2021-12-27 20:45:02,231] {scheduler_job.py:643} INFO - DAG(s) dict_keys(['example_skip_dag']) retrieved from /home/airflow/airflow-course/venv/lib/python3.8/site-packages/airflow/example_dags/example_skip_dag.py
[2021-12-27 20:45:02,284] {logging_mixin.py:104} INFO - [2021-12-27 20:45:02,284] {dag.py:1832} INFO - Sync 1 DAGs
[2021-12-27 20:45:02,425] {logging_mixin.py:104} INFO - [2021-12-27 20:45:02,425] {dag.py:2305} INFO - Setting next_dagrun for example_skip_dag to 2021-12-25 00:00:00+00:00
[2021-12-27 20:45:02,456] {scheduler_job.py:190} INFO - Processing /home/airflow/airflow-course/venv/lib/python3.8/site-packages/airflow/example_dags/example_skip_dag.py took 0.256 seconds
[2021-12-27 20:45:34,063] {scheduler_job.py:182} INFO - Started process (PID=5674) to work on /home/airflow/airflow-course/venv/lib/python3.8/site-packages/airflow/example_dags/example_skip_dag.py
[2021-12-27 20:45:34,067] {scheduler_job.py:633} INFO - Processing file /home/airflow/airflow-course/venv/lib/python3.8/site-packages/airflow/example_dags/example_skip_dag.py for tasks to queue
[2021-12-27 20:45:34,078] {logging_mixin.py:104} INFO - [2021-12-27 20:45:34,078] {dagbag.py:487} INFO - Filling up the DagBag from /home/airflow/airflow-course/venv/lib/python3.8/site-packages/airflow/example_dags/example_skip_dag.py
[2021-12-27 20:45:34,101] {scheduler_job.py:643} INFO - DAG(s) dict_keys(['example_skip_dag']) retrieved from /home/airflow/airflow-course/venv/lib/python3.8/site-packages/airflow/example_dags/example_skip_dag.py
[2021-12-27 20:45:34,187] {logging_mixin.py:104} INFO - [2021-12-27 20:45:34,187] {dag.py:1832} INFO - Sync 1 DAGs
[2021-12-27 20:45:34,324] {logging_mixin.py:104} INFO - [2021-12-27 20:45:34,324] {dag.py:2305} INFO - Setting next_dagrun for example_skip_dag to 2021-12-25 00:00:00+00:00
[2021-12-27 20:45:34,345] {scheduler_job.py:190} INFO - Processing /home/airflow/airflow-course/venv/lib/python3.8/site-packages/airflow/example_dags/example_skip_dag.py took 0.286 seconds
[2021-12-27 20:46:04,923] {scheduler_job.py:182} INFO - Started process (PID=5868) to work on /home/airflow/airflow-course/venv/lib/python3.8/site-packages/airflow/example_dags/example_skip_dag.py
[2021-12-27 20:46:04,928] {scheduler_job.py:633} INFO - Processing file /home/airflow/airflow-course/venv/lib/python3.8/site-packages/airflow/example_dags/example_skip_dag.py for tasks to queue
[2021-12-27 20:46:04,928] {logging_mixin.py:104} INFO - [2021-12-27 20:46:04,928] {dagbag.py:487} INFO - Filling up the DagBag from /home/airflow/airflow-course/venv/lib/python3.8/site-packages/airflow/example_dags/example_skip_dag.py
[2021-12-27 20:46:04,950] {scheduler_job.py:643} INFO - DAG(s) dict_keys(['example_skip_dag']) retrieved from /home/airflow/airflow-course/venv/lib/python3.8/site-packages/airflow/example_dags/example_skip_dag.py
[2021-12-27 20:46:05,031] {logging_mixin.py:104} INFO - [2021-12-27 20:46:05,031] {dag.py:1832} INFO - Sync 1 DAGs
[2021-12-27 20:46:05,219] {logging_mixin.py:104} INFO - [2021-12-27 20:46:05,219] {dag.py:2305} INFO - Setting next_dagrun for example_skip_dag to 2021-12-25 00:00:00+00:00
[2021-12-27 20:46:05,247] {scheduler_job.py:190} INFO - Processing /home/airflow/airflow-course/venv/lib/python3.8/site-packages/airflow/example_dags/example_skip_dag.py took 0.327 seconds
[2021-12-27 20:46:36,144] {scheduler_job.py:182} INFO - Started process (PID=6068) to work on /home/airflow/airflow-course/venv/lib/python3.8/site-packages/airflow/example_dags/example_skip_dag.py
[2021-12-27 20:46:36,158] {scheduler_job.py:633} INFO - Processing file /home/airflow/airflow-course/venv/lib/python3.8/site-packages/airflow/example_dags/example_skip_dag.py for tasks to queue
[2021-12-27 20:46:36,159] {logging_mixin.py:104} INFO - [2021-12-27 20:46:36,159] {dagbag.py:487} INFO - Filling up the DagBag from /home/airflow/airflow-course/venv/lib/python3.8/site-packages/airflow/example_dags/example_skip_dag.py
[2021-12-27 20:46:36,196] {scheduler_job.py:643} INFO - DAG(s) dict_keys(['example_skip_dag']) retrieved from /home/airflow/airflow-course/venv/lib/python3.8/site-packages/airflow/example_dags/example_skip_dag.py
[2021-12-27 20:46:36,280] {logging_mixin.py:104} INFO - [2021-12-27 20:46:36,280] {dag.py:1832} INFO - Sync 1 DAGs
[2021-12-27 20:46:36,440] {logging_mixin.py:104} INFO - [2021-12-27 20:46:36,440] {dag.py:2305} INFO - Setting next_dagrun for example_skip_dag to 2021-12-25 00:00:00+00:00
[2021-12-27 20:46:36,473] {scheduler_job.py:190} INFO - Processing /home/airflow/airflow-course/venv/lib/python3.8/site-packages/airflow/example_dags/example_skip_dag.py took 0.333 seconds
