[2021-12-27 20:39:48,614] {scheduler_job.py:182} INFO - Started process (PID=2772) to work on /home/airflow/airflow-course/venv/lib/python3.8/site-packages/airflow/example_dags/example_latest_only.py
[2021-12-27 20:39:48,633] {scheduler_job.py:633} INFO - Processing file /home/airflow/airflow-course/venv/lib/python3.8/site-packages/airflow/example_dags/example_latest_only.py for tasks to queue
[2021-12-27 20:39:48,634] {logging_mixin.py:104} INFO - [2021-12-27 20:39:48,633] {dagbag.py:487} INFO - Filling up the DagBag from /home/airflow/airflow-course/venv/lib/python3.8/site-packages/airflow/example_dags/example_latest_only.py
[2021-12-27 20:39:48,671] {scheduler_job.py:643} INFO - DAG(s) dict_keys(['latest_only']) retrieved from /home/airflow/airflow-course/venv/lib/python3.8/site-packages/airflow/example_dags/example_latest_only.py
[2021-12-27 20:39:49,313] {logging_mixin.py:104} INFO - [2021-12-27 20:39:49,313] {dag.py:1832} INFO - Sync 1 DAGs
[2021-12-27 20:39:49,355] {logging_mixin.py:104} INFO - [2021-12-27 20:39:49,354] {dag.py:2305} INFO - Setting next_dagrun for latest_only to 2021-12-25 00:00:00+00:00
[2021-12-27 20:39:49,397] {scheduler_job.py:190} INFO - Processing /home/airflow/airflow-course/venv/lib/python3.8/site-packages/airflow/example_dags/example_latest_only.py took 0.788 seconds
[2021-12-27 20:40:19,443] {scheduler_job.py:182} INFO - Started process (PID=3230) to work on /home/airflow/airflow-course/venv/lib/python3.8/site-packages/airflow/example_dags/example_latest_only.py
[2021-12-27 20:40:19,444] {scheduler_job.py:633} INFO - Processing file /home/airflow/airflow-course/venv/lib/python3.8/site-packages/airflow/example_dags/example_latest_only.py for tasks to queue
[2021-12-27 20:40:19,444] {logging_mixin.py:104} INFO - [2021-12-27 20:40:19,444] {dagbag.py:487} INFO - Filling up the DagBag from /home/airflow/airflow-course/venv/lib/python3.8/site-packages/airflow/example_dags/example_latest_only.py
[2021-12-27 20:40:19,455] {scheduler_job.py:643} INFO - DAG(s) dict_keys(['latest_only']) retrieved from /home/airflow/airflow-course/venv/lib/python3.8/site-packages/airflow/example_dags/example_latest_only.py
[2021-12-27 20:40:19,487] {logging_mixin.py:104} INFO - [2021-12-27 20:40:19,487] {dag.py:1832} INFO - Sync 1 DAGs
[2021-12-27 20:40:19,508] {logging_mixin.py:104} INFO - [2021-12-27 20:40:19,508] {dag.py:2305} INFO - Setting next_dagrun for latest_only to 2021-12-25 00:00:00+00:00
[2021-12-27 20:40:19,525] {scheduler_job.py:190} INFO - Processing /home/airflow/airflow-course/venv/lib/python3.8/site-packages/airflow/example_dags/example_latest_only.py took 0.085 seconds
[2021-12-27 20:40:50,264] {scheduler_job.py:182} INFO - Started process (PID=3562) to work on /home/airflow/airflow-course/venv/lib/python3.8/site-packages/airflow/example_dags/example_latest_only.py
[2021-12-27 20:40:50,265] {scheduler_job.py:633} INFO - Processing file /home/airflow/airflow-course/venv/lib/python3.8/site-packages/airflow/example_dags/example_latest_only.py for tasks to queue
[2021-12-27 20:40:50,266] {logging_mixin.py:104} INFO - [2021-12-27 20:40:50,266] {dagbag.py:487} INFO - Filling up the DagBag from /home/airflow/airflow-course/venv/lib/python3.8/site-packages/airflow/example_dags/example_latest_only.py
[2021-12-27 20:40:50,280] {scheduler_job.py:643} INFO - DAG(s) dict_keys(['latest_only']) retrieved from /home/airflow/airflow-course/venv/lib/python3.8/site-packages/airflow/example_dags/example_latest_only.py
[2021-12-27 20:40:50,324] {logging_mixin.py:104} INFO - [2021-12-27 20:40:50,324] {dag.py:1832} INFO - Sync 1 DAGs
[2021-12-27 20:40:50,354] {logging_mixin.py:104} INFO - [2021-12-27 20:40:50,354] {dag.py:2305} INFO - Setting next_dagrun for latest_only to 2021-12-25 00:00:00+00:00
[2021-12-27 20:40:50,385] {scheduler_job.py:190} INFO - Processing /home/airflow/airflow-course/venv/lib/python3.8/site-packages/airflow/example_dags/example_latest_only.py took 0.141 seconds
[2021-12-27 20:41:21,156] {scheduler_job.py:182} INFO - Started process (PID=3763) to work on /home/airflow/airflow-course/venv/lib/python3.8/site-packages/airflow/example_dags/example_latest_only.py
[2021-12-27 20:41:21,172] {scheduler_job.py:633} INFO - Processing file /home/airflow/airflow-course/venv/lib/python3.8/site-packages/airflow/example_dags/example_latest_only.py for tasks to queue
[2021-12-27 20:41:21,173] {logging_mixin.py:104} INFO - [2021-12-27 20:41:21,173] {dagbag.py:487} INFO - Filling up the DagBag from /home/airflow/airflow-course/venv/lib/python3.8/site-packages/airflow/example_dags/example_latest_only.py
[2021-12-27 20:41:21,193] {scheduler_job.py:643} INFO - DAG(s) dict_keys(['latest_only']) retrieved from /home/airflow/airflow-course/venv/lib/python3.8/site-packages/airflow/example_dags/example_latest_only.py
[2021-12-27 20:41:21,259] {logging_mixin.py:104} INFO - [2021-12-27 20:41:21,259] {dag.py:1832} INFO - Sync 1 DAGs
[2021-12-27 20:41:21,293] {logging_mixin.py:104} INFO - [2021-12-27 20:41:21,293] {dag.py:2305} INFO - Setting next_dagrun for latest_only to 2021-12-25 00:00:00+00:00
[2021-12-27 20:41:21,327] {scheduler_job.py:190} INFO - Processing /home/airflow/airflow-course/venv/lib/python3.8/site-packages/airflow/example_dags/example_latest_only.py took 0.176 seconds
[2021-12-27 20:41:52,278] {scheduler_job.py:182} INFO - Started process (PID=3962) to work on /home/airflow/airflow-course/venv/lib/python3.8/site-packages/airflow/example_dags/example_latest_only.py
[2021-12-27 20:41:52,291] {scheduler_job.py:633} INFO - Processing file /home/airflow/airflow-course/venv/lib/python3.8/site-packages/airflow/example_dags/example_latest_only.py for tasks to queue
[2021-12-27 20:41:52,291] {logging_mixin.py:104} INFO - [2021-12-27 20:41:52,291] {dagbag.py:487} INFO - Filling up the DagBag from /home/airflow/airflow-course/venv/lib/python3.8/site-packages/airflow/example_dags/example_latest_only.py
[2021-12-27 20:41:52,309] {scheduler_job.py:643} INFO - DAG(s) dict_keys(['latest_only']) retrieved from /home/airflow/airflow-course/venv/lib/python3.8/site-packages/airflow/example_dags/example_latest_only.py
[2021-12-27 20:41:52,356] {logging_mixin.py:104} INFO - [2021-12-27 20:41:52,356] {dag.py:1832} INFO - Sync 1 DAGs
[2021-12-27 20:41:52,384] {logging_mixin.py:104} INFO - [2021-12-27 20:41:52,384] {dag.py:2305} INFO - Setting next_dagrun for latest_only to 2021-12-25 00:00:00+00:00
[2021-12-27 20:41:52,409] {scheduler_job.py:190} INFO - Processing /home/airflow/airflow-course/venv/lib/python3.8/site-packages/airflow/example_dags/example_latest_only.py took 0.135 seconds
[2021-12-27 20:42:22,715] {scheduler_job.py:182} INFO - Started process (PID=4159) to work on /home/airflow/airflow-course/venv/lib/python3.8/site-packages/airflow/example_dags/example_latest_only.py
[2021-12-27 20:42:22,721] {scheduler_job.py:633} INFO - Processing file /home/airflow/airflow-course/venv/lib/python3.8/site-packages/airflow/example_dags/example_latest_only.py for tasks to queue
[2021-12-27 20:42:22,723] {logging_mixin.py:104} INFO - [2021-12-27 20:42:22,723] {dagbag.py:487} INFO - Filling up the DagBag from /home/airflow/airflow-course/venv/lib/python3.8/site-packages/airflow/example_dags/example_latest_only.py
[2021-12-27 20:42:22,731] {scheduler_job.py:643} INFO - DAG(s) dict_keys(['latest_only']) retrieved from /home/airflow/airflow-course/venv/lib/python3.8/site-packages/airflow/example_dags/example_latest_only.py
[2021-12-27 20:42:22,784] {logging_mixin.py:104} INFO - [2021-12-27 20:42:22,784] {dag.py:1832} INFO - Sync 1 DAGs
[2021-12-27 20:42:22,816] {logging_mixin.py:104} INFO - [2021-12-27 20:42:22,816] {dag.py:2305} INFO - Setting next_dagrun for latest_only to 2021-12-25 00:00:00+00:00
[2021-12-27 20:42:22,847] {scheduler_job.py:190} INFO - Processing /home/airflow/airflow-course/venv/lib/python3.8/site-packages/airflow/example_dags/example_latest_only.py took 0.135 seconds
[2021-12-27 20:42:54,502] {scheduler_job.py:182} INFO - Started process (PID=4362) to work on /home/airflow/airflow-course/venv/lib/python3.8/site-packages/airflow/example_dags/example_latest_only.py
[2021-12-27 20:42:54,506] {scheduler_job.py:633} INFO - Processing file /home/airflow/airflow-course/venv/lib/python3.8/site-packages/airflow/example_dags/example_latest_only.py for tasks to queue
[2021-12-27 20:42:54,509] {logging_mixin.py:104} INFO - [2021-12-27 20:42:54,508] {dagbag.py:487} INFO - Filling up the DagBag from /home/airflow/airflow-course/venv/lib/python3.8/site-packages/airflow/example_dags/example_latest_only.py
[2021-12-27 20:42:54,528] {scheduler_job.py:643} INFO - DAG(s) dict_keys(['latest_only']) retrieved from /home/airflow/airflow-course/venv/lib/python3.8/site-packages/airflow/example_dags/example_latest_only.py
[2021-12-27 20:42:54,600] {logging_mixin.py:104} INFO - [2021-12-27 20:42:54,600] {dag.py:1832} INFO - Sync 1 DAGs
[2021-12-27 20:42:54,624] {logging_mixin.py:104} INFO - [2021-12-27 20:42:54,624] {dag.py:2305} INFO - Setting next_dagrun for latest_only to 2021-12-25 00:00:00+00:00
[2021-12-27 20:42:54,652] {scheduler_job.py:190} INFO - Processing /home/airflow/airflow-course/venv/lib/python3.8/site-packages/airflow/example_dags/example_latest_only.py took 0.158 seconds
[2021-12-27 20:43:26,305] {scheduler_job.py:182} INFO - Started process (PID=4562) to work on /home/airflow/airflow-course/venv/lib/python3.8/site-packages/airflow/example_dags/example_latest_only.py
[2021-12-27 20:43:26,313] {scheduler_job.py:633} INFO - Processing file /home/airflow/airflow-course/venv/lib/python3.8/site-packages/airflow/example_dags/example_latest_only.py for tasks to queue
[2021-12-27 20:43:26,314] {logging_mixin.py:104} INFO - [2021-12-27 20:43:26,314] {dagbag.py:487} INFO - Filling up the DagBag from /home/airflow/airflow-course/venv/lib/python3.8/site-packages/airflow/example_dags/example_latest_only.py
[2021-12-27 20:43:26,339] {scheduler_job.py:643} INFO - DAG(s) dict_keys(['latest_only']) retrieved from /home/airflow/airflow-course/venv/lib/python3.8/site-packages/airflow/example_dags/example_latest_only.py
[2021-12-27 20:43:26,439] {logging_mixin.py:104} INFO - [2021-12-27 20:43:26,439] {dag.py:1832} INFO - Sync 1 DAGs
[2021-12-27 20:43:26,467] {logging_mixin.py:104} INFO - [2021-12-27 20:43:26,467] {dag.py:2305} INFO - Setting next_dagrun for latest_only to 2021-12-25 00:00:00+00:00
[2021-12-27 20:43:26,488] {scheduler_job.py:190} INFO - Processing /home/airflow/airflow-course/venv/lib/python3.8/site-packages/airflow/example_dags/example_latest_only.py took 0.189 seconds
[2021-12-27 20:43:57,167] {scheduler_job.py:182} INFO - Started process (PID=4760) to work on /home/airflow/airflow-course/venv/lib/python3.8/site-packages/airflow/example_dags/example_latest_only.py
[2021-12-27 20:43:57,180] {scheduler_job.py:633} INFO - Processing file /home/airflow/airflow-course/venv/lib/python3.8/site-packages/airflow/example_dags/example_latest_only.py for tasks to queue
[2021-12-27 20:43:57,185] {logging_mixin.py:104} INFO - [2021-12-27 20:43:57,185] {dagbag.py:487} INFO - Filling up the DagBag from /home/airflow/airflow-course/venv/lib/python3.8/site-packages/airflow/example_dags/example_latest_only.py
[2021-12-27 20:43:57,211] {scheduler_job.py:643} INFO - DAG(s) dict_keys(['latest_only']) retrieved from /home/airflow/airflow-course/venv/lib/python3.8/site-packages/airflow/example_dags/example_latest_only.py
[2021-12-27 20:43:57,282] {logging_mixin.py:104} INFO - [2021-12-27 20:43:57,282] {dag.py:1832} INFO - Sync 1 DAGs
[2021-12-27 20:43:57,314] {logging_mixin.py:104} INFO - [2021-12-27 20:43:57,314] {dag.py:2305} INFO - Setting next_dagrun for latest_only to 2021-12-25 00:00:00+00:00
[2021-12-27 20:43:57,502] {scheduler_job.py:190} INFO - Processing /home/airflow/airflow-course/venv/lib/python3.8/site-packages/airflow/example_dags/example_latest_only.py took 0.343 seconds
[2021-12-27 20:44:28,405] {scheduler_job.py:182} INFO - Started process (PID=4961) to work on /home/airflow/airflow-course/venv/lib/python3.8/site-packages/airflow/example_dags/example_latest_only.py
[2021-12-27 20:44:28,417] {scheduler_job.py:633} INFO - Processing file /home/airflow/airflow-course/venv/lib/python3.8/site-packages/airflow/example_dags/example_latest_only.py for tasks to queue
[2021-12-27 20:44:28,418] {logging_mixin.py:104} INFO - [2021-12-27 20:44:28,418] {dagbag.py:487} INFO - Filling up the DagBag from /home/airflow/airflow-course/venv/lib/python3.8/site-packages/airflow/example_dags/example_latest_only.py
[2021-12-27 20:44:28,440] {scheduler_job.py:643} INFO - DAG(s) dict_keys(['latest_only']) retrieved from /home/airflow/airflow-course/venv/lib/python3.8/site-packages/airflow/example_dags/example_latest_only.py
[2021-12-27 20:44:28,488] {logging_mixin.py:104} INFO - [2021-12-27 20:44:28,488] {dag.py:1832} INFO - Sync 1 DAGs
[2021-12-27 20:44:28,547] {logging_mixin.py:104} INFO - [2021-12-27 20:44:28,546] {dag.py:2305} INFO - Setting next_dagrun for latest_only to 2021-12-25 00:00:00+00:00
[2021-12-27 20:44:28,725] {scheduler_job.py:190} INFO - Processing /home/airflow/airflow-course/venv/lib/python3.8/site-packages/airflow/example_dags/example_latest_only.py took 0.324 seconds
[2021-12-27 20:44:59,664] {scheduler_job.py:182} INFO - Started process (PID=5399) to work on /home/airflow/airflow-course/venv/lib/python3.8/site-packages/airflow/example_dags/example_latest_only.py
[2021-12-27 20:44:59,680] {scheduler_job.py:633} INFO - Processing file /home/airflow/airflow-course/venv/lib/python3.8/site-packages/airflow/example_dags/example_latest_only.py for tasks to queue
[2021-12-27 20:44:59,690] {logging_mixin.py:104} INFO - [2021-12-27 20:44:59,690] {dagbag.py:487} INFO - Filling up the DagBag from /home/airflow/airflow-course/venv/lib/python3.8/site-packages/airflow/example_dags/example_latest_only.py
[2021-12-27 20:44:59,719] {scheduler_job.py:643} INFO - DAG(s) dict_keys(['latest_only']) retrieved from /home/airflow/airflow-course/venv/lib/python3.8/site-packages/airflow/example_dags/example_latest_only.py
[2021-12-27 20:44:59,798] {logging_mixin.py:104} INFO - [2021-12-27 20:44:59,798] {dag.py:1832} INFO - Sync 1 DAGs
[2021-12-27 20:44:59,953] {logging_mixin.py:104} INFO - [2021-12-27 20:44:59,953] {dag.py:2305} INFO - Setting next_dagrun for latest_only to 2021-12-25 00:00:00+00:00
[2021-12-27 20:44:59,981] {scheduler_job.py:190} INFO - Processing /home/airflow/airflow-course/venv/lib/python3.8/site-packages/airflow/example_dags/example_latest_only.py took 0.321 seconds
[2021-12-27 20:45:31,542] {scheduler_job.py:182} INFO - Started process (PID=5602) to work on /home/airflow/airflow-course/venv/lib/python3.8/site-packages/airflow/example_dags/example_latest_only.py
[2021-12-27 20:45:31,546] {scheduler_job.py:633} INFO - Processing file /home/airflow/airflow-course/venv/lib/python3.8/site-packages/airflow/example_dags/example_latest_only.py for tasks to queue
[2021-12-27 20:45:31,550] {logging_mixin.py:104} INFO - [2021-12-27 20:45:31,550] {dagbag.py:487} INFO - Filling up the DagBag from /home/airflow/airflow-course/venv/lib/python3.8/site-packages/airflow/example_dags/example_latest_only.py
[2021-12-27 20:45:31,593] {scheduler_job.py:643} INFO - DAG(s) dict_keys(['latest_only']) retrieved from /home/airflow/airflow-course/venv/lib/python3.8/site-packages/airflow/example_dags/example_latest_only.py
[2021-12-27 20:45:31,678] {logging_mixin.py:104} INFO - [2021-12-27 20:45:31,678] {dag.py:1832} INFO - Sync 1 DAGs
[2021-12-27 20:45:31,862] {logging_mixin.py:104} INFO - [2021-12-27 20:45:31,862] {dag.py:2305} INFO - Setting next_dagrun for latest_only to 2021-12-25 00:00:00+00:00
[2021-12-27 20:45:31,905] {scheduler_job.py:190} INFO - Processing /home/airflow/airflow-course/venv/lib/python3.8/site-packages/airflow/example_dags/example_latest_only.py took 0.366 seconds
[2021-12-27 20:46:02,859] {scheduler_job.py:182} INFO - Started process (PID=5802) to work on /home/airflow/airflow-course/venv/lib/python3.8/site-packages/airflow/example_dags/example_latest_only.py
[2021-12-27 20:46:02,867] {scheduler_job.py:633} INFO - Processing file /home/airflow/airflow-course/venv/lib/python3.8/site-packages/airflow/example_dags/example_latest_only.py for tasks to queue
[2021-12-27 20:46:02,868] {logging_mixin.py:104} INFO - [2021-12-27 20:46:02,867] {dagbag.py:487} INFO - Filling up the DagBag from /home/airflow/airflow-course/venv/lib/python3.8/site-packages/airflow/example_dags/example_latest_only.py
[2021-12-27 20:46:02,893] {scheduler_job.py:643} INFO - DAG(s) dict_keys(['latest_only']) retrieved from /home/airflow/airflow-course/venv/lib/python3.8/site-packages/airflow/example_dags/example_latest_only.py
[2021-12-27 20:46:02,996] {logging_mixin.py:104} INFO - [2021-12-27 20:46:02,996] {dag.py:1832} INFO - Sync 1 DAGs
[2021-12-27 20:46:03,180] {logging_mixin.py:104} INFO - [2021-12-27 20:46:03,180] {dag.py:2305} INFO - Setting next_dagrun for latest_only to 2021-12-25 00:00:00+00:00
[2021-12-27 20:46:03,220] {scheduler_job.py:190} INFO - Processing /home/airflow/airflow-course/venv/lib/python3.8/site-packages/airflow/example_dags/example_latest_only.py took 0.371 seconds
[2021-12-27 20:46:34,092] {scheduler_job.py:182} INFO - Started process (PID=6002) to work on /home/airflow/airflow-course/venv/lib/python3.8/site-packages/airflow/example_dags/example_latest_only.py
[2021-12-27 20:46:34,107] {scheduler_job.py:633} INFO - Processing file /home/airflow/airflow-course/venv/lib/python3.8/site-packages/airflow/example_dags/example_latest_only.py for tasks to queue
[2021-12-27 20:46:34,108] {logging_mixin.py:104} INFO - [2021-12-27 20:46:34,107] {dagbag.py:487} INFO - Filling up the DagBag from /home/airflow/airflow-course/venv/lib/python3.8/site-packages/airflow/example_dags/example_latest_only.py
[2021-12-27 20:46:34,134] {scheduler_job.py:643} INFO - DAG(s) dict_keys(['latest_only']) retrieved from /home/airflow/airflow-course/venv/lib/python3.8/site-packages/airflow/example_dags/example_latest_only.py
[2021-12-27 20:46:34,218] {logging_mixin.py:104} INFO - [2021-12-27 20:46:34,218] {dag.py:1832} INFO - Sync 1 DAGs
[2021-12-27 20:46:34,387] {logging_mixin.py:104} INFO - [2021-12-27 20:46:34,386] {dag.py:2305} INFO - Setting next_dagrun for latest_only to 2021-12-25 00:00:00+00:00
[2021-12-27 20:46:34,418] {scheduler_job.py:190} INFO - Processing /home/airflow/airflow-course/venv/lib/python3.8/site-packages/airflow/example_dags/example_latest_only.py took 0.330 seconds
