[2021-12-27 20:39:51,519] {scheduler_job.py:182} INFO - Started process (PID=2874) to work on /home/airflow/airflow-course/venv/lib/python3.8/site-packages/airflow/example_dags/example_branch_day_of_week_operator.py
[2021-12-27 20:39:51,524] {scheduler_job.py:633} INFO - Processing file /home/airflow/airflow-course/venv/lib/python3.8/site-packages/airflow/example_dags/example_branch_day_of_week_operator.py for tasks to queue
[2021-12-27 20:39:51,531] {logging_mixin.py:104} INFO - [2021-12-27 20:39:51,531] {dagbag.py:487} INFO - Filling up the DagBag from /home/airflow/airflow-course/venv/lib/python3.8/site-packages/airflow/example_dags/example_branch_day_of_week_operator.py
[2021-12-27 20:39:51,568] {scheduler_job.py:643} INFO - DAG(s) dict_keys(['example_weekday_branch_operator']) retrieved from /home/airflow/airflow-course/venv/lib/python3.8/site-packages/airflow/example_dags/example_branch_day_of_week_operator.py
[2021-12-27 20:39:52,388] {logging_mixin.py:104} INFO - [2021-12-27 20:39:52,388] {dag.py:1832} INFO - Sync 1 DAGs
[2021-12-27 20:39:52,413] {logging_mixin.py:104} INFO - [2021-12-27 20:39:52,413] {dag.py:2305} INFO - Setting next_dagrun for example_weekday_branch_operator to 2021-12-25 00:00:00+00:00
[2021-12-27 20:39:52,452] {scheduler_job.py:190} INFO - Processing /home/airflow/airflow-course/venv/lib/python3.8/site-packages/airflow/example_dags/example_branch_day_of_week_operator.py took 0.936 seconds
[2021-12-27 20:40:23,134] {scheduler_job.py:182} INFO - Started process (PID=3266) to work on /home/airflow/airflow-course/venv/lib/python3.8/site-packages/airflow/example_dags/example_branch_day_of_week_operator.py
[2021-12-27 20:40:23,138] {scheduler_job.py:633} INFO - Processing file /home/airflow/airflow-course/venv/lib/python3.8/site-packages/airflow/example_dags/example_branch_day_of_week_operator.py for tasks to queue
[2021-12-27 20:40:23,139] {logging_mixin.py:104} INFO - [2021-12-27 20:40:23,139] {dagbag.py:487} INFO - Filling up the DagBag from /home/airflow/airflow-course/venv/lib/python3.8/site-packages/airflow/example_dags/example_branch_day_of_week_operator.py
[2021-12-27 20:40:23,163] {scheduler_job.py:643} INFO - DAG(s) dict_keys(['example_weekday_branch_operator']) retrieved from /home/airflow/airflow-course/venv/lib/python3.8/site-packages/airflow/example_dags/example_branch_day_of_week_operator.py
[2021-12-27 20:40:23,197] {logging_mixin.py:104} INFO - [2021-12-27 20:40:23,197] {dag.py:1832} INFO - Sync 1 DAGs
[2021-12-27 20:40:23,241] {logging_mixin.py:104} INFO - [2021-12-27 20:40:23,240] {dag.py:2305} INFO - Setting next_dagrun for example_weekday_branch_operator to 2021-12-25 00:00:00+00:00
[2021-12-27 20:40:23,279] {scheduler_job.py:190} INFO - Processing /home/airflow/airflow-course/venv/lib/python3.8/site-packages/airflow/example_dags/example_branch_day_of_week_operator.py took 0.149 seconds
[2021-12-27 20:40:53,352] {scheduler_job.py:182} INFO - Started process (PID=3600) to work on /home/airflow/airflow-course/venv/lib/python3.8/site-packages/airflow/example_dags/example_branch_day_of_week_operator.py
[2021-12-27 20:40:53,353] {scheduler_job.py:633} INFO - Processing file /home/airflow/airflow-course/venv/lib/python3.8/site-packages/airflow/example_dags/example_branch_day_of_week_operator.py for tasks to queue
[2021-12-27 20:40:53,353] {logging_mixin.py:104} INFO - [2021-12-27 20:40:53,353] {dagbag.py:487} INFO - Filling up the DagBag from /home/airflow/airflow-course/venv/lib/python3.8/site-packages/airflow/example_dags/example_branch_day_of_week_operator.py
[2021-12-27 20:40:53,364] {scheduler_job.py:643} INFO - DAG(s) dict_keys(['example_weekday_branch_operator']) retrieved from /home/airflow/airflow-course/venv/lib/python3.8/site-packages/airflow/example_dags/example_branch_day_of_week_operator.py
[2021-12-27 20:40:53,392] {logging_mixin.py:104} INFO - [2021-12-27 20:40:53,391] {dag.py:1832} INFO - Sync 1 DAGs
[2021-12-27 20:40:53,411] {logging_mixin.py:104} INFO - [2021-12-27 20:40:53,410] {dag.py:2305} INFO - Setting next_dagrun for example_weekday_branch_operator to 2021-12-25 00:00:00+00:00
[2021-12-27 20:40:53,432] {scheduler_job.py:190} INFO - Processing /home/airflow/airflow-course/venv/lib/python3.8/site-packages/airflow/example_dags/example_branch_day_of_week_operator.py took 0.084 seconds
[2021-12-27 20:41:24,030] {scheduler_job.py:182} INFO - Started process (PID=3799) to work on /home/airflow/airflow-course/venv/lib/python3.8/site-packages/airflow/example_dags/example_branch_day_of_week_operator.py
[2021-12-27 20:41:24,032] {scheduler_job.py:633} INFO - Processing file /home/airflow/airflow-course/venv/lib/python3.8/site-packages/airflow/example_dags/example_branch_day_of_week_operator.py for tasks to queue
[2021-12-27 20:41:24,033] {logging_mixin.py:104} INFO - [2021-12-27 20:41:24,033] {dagbag.py:487} INFO - Filling up the DagBag from /home/airflow/airflow-course/venv/lib/python3.8/site-packages/airflow/example_dags/example_branch_day_of_week_operator.py
[2021-12-27 20:41:24,062] {scheduler_job.py:643} INFO - DAG(s) dict_keys(['example_weekday_branch_operator']) retrieved from /home/airflow/airflow-course/venv/lib/python3.8/site-packages/airflow/example_dags/example_branch_day_of_week_operator.py
[2021-12-27 20:41:24,110] {logging_mixin.py:104} INFO - [2021-12-27 20:41:24,110] {dag.py:1832} INFO - Sync 1 DAGs
[2021-12-27 20:41:24,139] {logging_mixin.py:104} INFO - [2021-12-27 20:41:24,139] {dag.py:2305} INFO - Setting next_dagrun for example_weekday_branch_operator to 2021-12-25 00:00:00+00:00
[2021-12-27 20:41:24,184] {scheduler_job.py:190} INFO - Processing /home/airflow/airflow-course/venv/lib/python3.8/site-packages/airflow/example_dags/example_branch_day_of_week_operator.py took 0.171 seconds
[2021-12-27 20:41:55,083] {scheduler_job.py:182} INFO - Started process (PID=3995) to work on /home/airflow/airflow-course/venv/lib/python3.8/site-packages/airflow/example_dags/example_branch_day_of_week_operator.py
[2021-12-27 20:41:55,084] {scheduler_job.py:633} INFO - Processing file /home/airflow/airflow-course/venv/lib/python3.8/site-packages/airflow/example_dags/example_branch_day_of_week_operator.py for tasks to queue
[2021-12-27 20:41:55,085] {logging_mixin.py:104} INFO - [2021-12-27 20:41:55,085] {dagbag.py:487} INFO - Filling up the DagBag from /home/airflow/airflow-course/venv/lib/python3.8/site-packages/airflow/example_dags/example_branch_day_of_week_operator.py
[2021-12-27 20:41:55,123] {scheduler_job.py:643} INFO - DAG(s) dict_keys(['example_weekday_branch_operator']) retrieved from /home/airflow/airflow-course/venv/lib/python3.8/site-packages/airflow/example_dags/example_branch_day_of_week_operator.py
[2021-12-27 20:41:55,177] {logging_mixin.py:104} INFO - [2021-12-27 20:41:55,177] {dag.py:1832} INFO - Sync 1 DAGs
[2021-12-27 20:41:55,234] {logging_mixin.py:104} INFO - [2021-12-27 20:41:55,233] {dag.py:2305} INFO - Setting next_dagrun for example_weekday_branch_operator to 2021-12-25 00:00:00+00:00
[2021-12-27 20:41:55,252] {scheduler_job.py:190} INFO - Processing /home/airflow/airflow-course/venv/lib/python3.8/site-packages/airflow/example_dags/example_branch_day_of_week_operator.py took 0.174 seconds
[2021-12-27 20:42:25,758] {scheduler_job.py:182} INFO - Started process (PID=4195) to work on /home/airflow/airflow-course/venv/lib/python3.8/site-packages/airflow/example_dags/example_branch_day_of_week_operator.py
[2021-12-27 20:42:25,763] {scheduler_job.py:633} INFO - Processing file /home/airflow/airflow-course/venv/lib/python3.8/site-packages/airflow/example_dags/example_branch_day_of_week_operator.py for tasks to queue
[2021-12-27 20:42:25,764] {logging_mixin.py:104} INFO - [2021-12-27 20:42:25,764] {dagbag.py:487} INFO - Filling up the DagBag from /home/airflow/airflow-course/venv/lib/python3.8/site-packages/airflow/example_dags/example_branch_day_of_week_operator.py
[2021-12-27 20:42:25,792] {scheduler_job.py:643} INFO - DAG(s) dict_keys(['example_weekday_branch_operator']) retrieved from /home/airflow/airflow-course/venv/lib/python3.8/site-packages/airflow/example_dags/example_branch_day_of_week_operator.py
[2021-12-27 20:42:25,852] {logging_mixin.py:104} INFO - [2021-12-27 20:42:25,851] {dag.py:1832} INFO - Sync 1 DAGs
[2021-12-27 20:42:25,887] {logging_mixin.py:104} INFO - [2021-12-27 20:42:25,887] {dag.py:2305} INFO - Setting next_dagrun for example_weekday_branch_operator to 2021-12-25 00:00:00+00:00
[2021-12-27 20:42:25,916] {scheduler_job.py:190} INFO - Processing /home/airflow/airflow-course/venv/lib/python3.8/site-packages/airflow/example_dags/example_branch_day_of_week_operator.py took 0.175 seconds
[2021-12-27 20:42:56,159] {scheduler_job.py:182} INFO - Started process (PID=4394) to work on /home/airflow/airflow-course/venv/lib/python3.8/site-packages/airflow/example_dags/example_branch_day_of_week_operator.py
[2021-12-27 20:42:56,163] {scheduler_job.py:633} INFO - Processing file /home/airflow/airflow-course/venv/lib/python3.8/site-packages/airflow/example_dags/example_branch_day_of_week_operator.py for tasks to queue
[2021-12-27 20:42:56,167] {logging_mixin.py:104} INFO - [2021-12-27 20:42:56,167] {dagbag.py:487} INFO - Filling up the DagBag from /home/airflow/airflow-course/venv/lib/python3.8/site-packages/airflow/example_dags/example_branch_day_of_week_operator.py
[2021-12-27 20:42:56,189] {scheduler_job.py:643} INFO - DAG(s) dict_keys(['example_weekday_branch_operator']) retrieved from /home/airflow/airflow-course/venv/lib/python3.8/site-packages/airflow/example_dags/example_branch_day_of_week_operator.py
[2021-12-27 20:42:56,282] {logging_mixin.py:104} INFO - [2021-12-27 20:42:56,282] {dag.py:1832} INFO - Sync 1 DAGs
[2021-12-27 20:42:56,318] {logging_mixin.py:104} INFO - [2021-12-27 20:42:56,318] {dag.py:2305} INFO - Setting next_dagrun for example_weekday_branch_operator to 2021-12-25 00:00:00+00:00
[2021-12-27 20:42:56,347] {scheduler_job.py:190} INFO - Processing /home/airflow/airflow-course/venv/lib/python3.8/site-packages/airflow/example_dags/example_branch_day_of_week_operator.py took 0.199 seconds
[2021-12-27 20:43:26,869] {scheduler_job.py:182} INFO - Started process (PID=4590) to work on /home/airflow/airflow-course/venv/lib/python3.8/site-packages/airflow/example_dags/example_branch_day_of_week_operator.py
[2021-12-27 20:43:26,883] {scheduler_job.py:633} INFO - Processing file /home/airflow/airflow-course/venv/lib/python3.8/site-packages/airflow/example_dags/example_branch_day_of_week_operator.py for tasks to queue
[2021-12-27 20:43:26,884] {logging_mixin.py:104} INFO - [2021-12-27 20:43:26,884] {dagbag.py:487} INFO - Filling up the DagBag from /home/airflow/airflow-course/venv/lib/python3.8/site-packages/airflow/example_dags/example_branch_day_of_week_operator.py
[2021-12-27 20:43:26,919] {scheduler_job.py:643} INFO - DAG(s) dict_keys(['example_weekday_branch_operator']) retrieved from /home/airflow/airflow-course/venv/lib/python3.8/site-packages/airflow/example_dags/example_branch_day_of_week_operator.py
[2021-12-27 20:43:26,983] {logging_mixin.py:104} INFO - [2021-12-27 20:43:26,983] {dag.py:1832} INFO - Sync 1 DAGs
[2021-12-27 20:43:27,040] {logging_mixin.py:104} INFO - [2021-12-27 20:43:27,040] {dag.py:2305} INFO - Setting next_dagrun for example_weekday_branch_operator to 2021-12-25 00:00:00+00:00
[2021-12-27 20:43:27,197] {scheduler_job.py:190} INFO - Processing /home/airflow/airflow-course/venv/lib/python3.8/site-packages/airflow/example_dags/example_branch_day_of_week_operator.py took 0.332 seconds
[2021-12-27 20:43:58,059] {scheduler_job.py:182} INFO - Started process (PID=4789) to work on /home/airflow/airflow-course/venv/lib/python3.8/site-packages/airflow/example_dags/example_branch_day_of_week_operator.py
[2021-12-27 20:43:58,064] {scheduler_job.py:633} INFO - Processing file /home/airflow/airflow-course/venv/lib/python3.8/site-packages/airflow/example_dags/example_branch_day_of_week_operator.py for tasks to queue
[2021-12-27 20:43:58,067] {logging_mixin.py:104} INFO - [2021-12-27 20:43:58,067] {dagbag.py:487} INFO - Filling up the DagBag from /home/airflow/airflow-course/venv/lib/python3.8/site-packages/airflow/example_dags/example_branch_day_of_week_operator.py
[2021-12-27 20:43:58,119] {scheduler_job.py:643} INFO - DAG(s) dict_keys(['example_weekday_branch_operator']) retrieved from /home/airflow/airflow-course/venv/lib/python3.8/site-packages/airflow/example_dags/example_branch_day_of_week_operator.py
[2021-12-27 20:43:58,207] {logging_mixin.py:104} INFO - [2021-12-27 20:43:58,207] {dag.py:1832} INFO - Sync 1 DAGs
[2021-12-27 20:43:58,251] {logging_mixin.py:104} INFO - [2021-12-27 20:43:58,250] {dag.py:2305} INFO - Setting next_dagrun for example_weekday_branch_operator to 2021-12-25 00:00:00+00:00
[2021-12-27 20:43:58,448] {scheduler_job.py:190} INFO - Processing /home/airflow/airflow-course/venv/lib/python3.8/site-packages/airflow/example_dags/example_branch_day_of_week_operator.py took 0.400 seconds
[2021-12-27 20:44:29,193] {scheduler_job.py:182} INFO - Started process (PID=4989) to work on /home/airflow/airflow-course/venv/lib/python3.8/site-packages/airflow/example_dags/example_branch_day_of_week_operator.py
[2021-12-27 20:44:29,199] {scheduler_job.py:633} INFO - Processing file /home/airflow/airflow-course/venv/lib/python3.8/site-packages/airflow/example_dags/example_branch_day_of_week_operator.py for tasks to queue
[2021-12-27 20:44:29,201] {logging_mixin.py:104} INFO - [2021-12-27 20:44:29,201] {dagbag.py:487} INFO - Filling up the DagBag from /home/airflow/airflow-course/venv/lib/python3.8/site-packages/airflow/example_dags/example_branch_day_of_week_operator.py
[2021-12-27 20:44:29,228] {scheduler_job.py:643} INFO - DAG(s) dict_keys(['example_weekday_branch_operator']) retrieved from /home/airflow/airflow-course/venv/lib/python3.8/site-packages/airflow/example_dags/example_branch_day_of_week_operator.py
[2021-12-27 20:44:29,289] {logging_mixin.py:104} INFO - [2021-12-27 20:44:29,289] {dag.py:1832} INFO - Sync 1 DAGs
[2021-12-27 20:44:29,332] {logging_mixin.py:104} INFO - [2021-12-27 20:44:29,332] {dag.py:2305} INFO - Setting next_dagrun for example_weekday_branch_operator to 2021-12-25 00:00:00+00:00
[2021-12-27 20:44:29,508] {scheduler_job.py:190} INFO - Processing /home/airflow/airflow-course/venv/lib/python3.8/site-packages/airflow/example_dags/example_branch_day_of_week_operator.py took 0.318 seconds
[2021-12-27 20:45:00,463] {scheduler_job.py:182} INFO - Started process (PID=5427) to work on /home/airflow/airflow-course/venv/lib/python3.8/site-packages/airflow/example_dags/example_branch_day_of_week_operator.py
[2021-12-27 20:45:00,471] {scheduler_job.py:633} INFO - Processing file /home/airflow/airflow-course/venv/lib/python3.8/site-packages/airflow/example_dags/example_branch_day_of_week_operator.py for tasks to queue
[2021-12-27 20:45:00,472] {logging_mixin.py:104} INFO - [2021-12-27 20:45:00,472] {dagbag.py:487} INFO - Filling up the DagBag from /home/airflow/airflow-course/venv/lib/python3.8/site-packages/airflow/example_dags/example_branch_day_of_week_operator.py
[2021-12-27 20:45:00,501] {scheduler_job.py:643} INFO - DAG(s) dict_keys(['example_weekday_branch_operator']) retrieved from /home/airflow/airflow-course/venv/lib/python3.8/site-packages/airflow/example_dags/example_branch_day_of_week_operator.py
[2021-12-27 20:45:00,598] {logging_mixin.py:104} INFO - [2021-12-27 20:45:00,598] {dag.py:1832} INFO - Sync 1 DAGs
[2021-12-27 20:45:00,766] {logging_mixin.py:104} INFO - [2021-12-27 20:45:00,766] {dag.py:2305} INFO - Setting next_dagrun for example_weekday_branch_operator to 2021-12-25 00:00:00+00:00
[2021-12-27 20:45:00,795] {scheduler_job.py:190} INFO - Processing /home/airflow/airflow-course/venv/lib/python3.8/site-packages/airflow/example_dags/example_branch_day_of_week_operator.py took 0.341 seconds
[2021-12-27 20:45:32,877] {scheduler_job.py:182} INFO - Started process (PID=5638) to work on /home/airflow/airflow-course/venv/lib/python3.8/site-packages/airflow/example_dags/example_branch_day_of_week_operator.py
[2021-12-27 20:45:32,882] {scheduler_job.py:633} INFO - Processing file /home/airflow/airflow-course/venv/lib/python3.8/site-packages/airflow/example_dags/example_branch_day_of_week_operator.py for tasks to queue
[2021-12-27 20:45:32,883] {logging_mixin.py:104} INFO - [2021-12-27 20:45:32,883] {dagbag.py:487} INFO - Filling up the DagBag from /home/airflow/airflow-course/venv/lib/python3.8/site-packages/airflow/example_dags/example_branch_day_of_week_operator.py
[2021-12-27 20:45:32,908] {scheduler_job.py:643} INFO - DAG(s) dict_keys(['example_weekday_branch_operator']) retrieved from /home/airflow/airflow-course/venv/lib/python3.8/site-packages/airflow/example_dags/example_branch_day_of_week_operator.py
[2021-12-27 20:45:32,980] {logging_mixin.py:104} INFO - [2021-12-27 20:45:32,980] {dag.py:1832} INFO - Sync 1 DAGs
[2021-12-27 20:45:33,142] {logging_mixin.py:104} INFO - [2021-12-27 20:45:33,142] {dag.py:2305} INFO - Setting next_dagrun for example_weekday_branch_operator to 2021-12-25 00:00:00+00:00
[2021-12-27 20:45:33,162] {scheduler_job.py:190} INFO - Processing /home/airflow/airflow-course/venv/lib/python3.8/site-packages/airflow/example_dags/example_branch_day_of_week_operator.py took 0.289 seconds
[2021-12-27 20:46:03,972] {scheduler_job.py:182} INFO - Started process (PID=5838) to work on /home/airflow/airflow-course/venv/lib/python3.8/site-packages/airflow/example_dags/example_branch_day_of_week_operator.py
[2021-12-27 20:46:03,988] {scheduler_job.py:633} INFO - Processing file /home/airflow/airflow-course/venv/lib/python3.8/site-packages/airflow/example_dags/example_branch_day_of_week_operator.py for tasks to queue
[2021-12-27 20:46:03,988] {logging_mixin.py:104} INFO - [2021-12-27 20:46:03,988] {dagbag.py:487} INFO - Filling up the DagBag from /home/airflow/airflow-course/venv/lib/python3.8/site-packages/airflow/example_dags/example_branch_day_of_week_operator.py
[2021-12-27 20:46:04,019] {scheduler_job.py:643} INFO - DAG(s) dict_keys(['example_weekday_branch_operator']) retrieved from /home/airflow/airflow-course/venv/lib/python3.8/site-packages/airflow/example_dags/example_branch_day_of_week_operator.py
[2021-12-27 20:46:04,087] {logging_mixin.py:104} INFO - [2021-12-27 20:46:04,087] {dag.py:1832} INFO - Sync 1 DAGs
[2021-12-27 20:46:04,233] {logging_mixin.py:104} INFO - [2021-12-27 20:46:04,233] {dag.py:2305} INFO - Setting next_dagrun for example_weekday_branch_operator to 2021-12-25 00:00:00+00:00
[2021-12-27 20:46:04,256] {scheduler_job.py:190} INFO - Processing /home/airflow/airflow-course/venv/lib/python3.8/site-packages/airflow/example_dags/example_branch_day_of_week_operator.py took 0.288 seconds
[2021-12-27 20:46:35,221] {scheduler_job.py:182} INFO - Started process (PID=6039) to work on /home/airflow/airflow-course/venv/lib/python3.8/site-packages/airflow/example_dags/example_branch_day_of_week_operator.py
[2021-12-27 20:46:35,223] {scheduler_job.py:633} INFO - Processing file /home/airflow/airflow-course/venv/lib/python3.8/site-packages/airflow/example_dags/example_branch_day_of_week_operator.py for tasks to queue
[2021-12-27 20:46:35,232] {logging_mixin.py:104} INFO - [2021-12-27 20:46:35,231] {dagbag.py:487} INFO - Filling up the DagBag from /home/airflow/airflow-course/venv/lib/python3.8/site-packages/airflow/example_dags/example_branch_day_of_week_operator.py
[2021-12-27 20:46:35,246] {scheduler_job.py:643} INFO - DAG(s) dict_keys(['example_weekday_branch_operator']) retrieved from /home/airflow/airflow-course/venv/lib/python3.8/site-packages/airflow/example_dags/example_branch_day_of_week_operator.py
[2021-12-27 20:46:35,295] {logging_mixin.py:104} INFO - [2021-12-27 20:46:35,295] {dag.py:1832} INFO - Sync 1 DAGs
[2021-12-27 20:46:35,445] {logging_mixin.py:104} INFO - [2021-12-27 20:46:35,445] {dag.py:2305} INFO - Setting next_dagrun for example_weekday_branch_operator to 2021-12-25 00:00:00+00:00
[2021-12-27 20:46:35,483] {scheduler_job.py:190} INFO - Processing /home/airflow/airflow-course/venv/lib/python3.8/site-packages/airflow/example_dags/example_branch_day_of_week_operator.py took 0.278 seconds
