[2021-12-27 20:39:49,048] {scheduler_job.py:182} INFO - Started process (PID=2778) to work on /home/airflow/airflow-course/venv/lib/python3.8/site-packages/airflow/example_dags/example_latest_only_with_trigger.py
[2021-12-27 20:39:49,053] {scheduler_job.py:633} INFO - Processing file /home/airflow/airflow-course/venv/lib/python3.8/site-packages/airflow/example_dags/example_latest_only_with_trigger.py for tasks to queue
[2021-12-27 20:39:49,054] {logging_mixin.py:104} INFO - [2021-12-27 20:39:49,054] {dagbag.py:487} INFO - Filling up the DagBag from /home/airflow/airflow-course/venv/lib/python3.8/site-packages/airflow/example_dags/example_latest_only_with_trigger.py
[2021-12-27 20:39:49,086] {scheduler_job.py:643} INFO - DAG(s) dict_keys(['latest_only_with_trigger']) retrieved from /home/airflow/airflow-course/venv/lib/python3.8/site-packages/airflow/example_dags/example_latest_only_with_trigger.py
[2021-12-27 20:39:49,950] {logging_mixin.py:104} INFO - [2021-12-27 20:39:49,950] {dag.py:1832} INFO - Sync 1 DAGs
[2021-12-27 20:39:49,984] {logging_mixin.py:104} INFO - [2021-12-27 20:39:49,983] {dag.py:2305} INFO - Setting next_dagrun for latest_only_with_trigger to 2021-12-25 00:00:00+00:00
[2021-12-27 20:39:50,022] {scheduler_job.py:190} INFO - Processing /home/airflow/airflow-course/venv/lib/python3.8/site-packages/airflow/example_dags/example_latest_only_with_trigger.py took 0.977 seconds
[2021-12-27 20:40:20,459] {scheduler_job.py:182} INFO - Started process (PID=3236) to work on /home/airflow/airflow-course/venv/lib/python3.8/site-packages/airflow/example_dags/example_latest_only_with_trigger.py
[2021-12-27 20:40:20,461] {scheduler_job.py:633} INFO - Processing file /home/airflow/airflow-course/venv/lib/python3.8/site-packages/airflow/example_dags/example_latest_only_with_trigger.py for tasks to queue
[2021-12-27 20:40:20,462] {logging_mixin.py:104} INFO - [2021-12-27 20:40:20,462] {dagbag.py:487} INFO - Filling up the DagBag from /home/airflow/airflow-course/venv/lib/python3.8/site-packages/airflow/example_dags/example_latest_only_with_trigger.py
[2021-12-27 20:40:20,481] {scheduler_job.py:643} INFO - DAG(s) dict_keys(['latest_only_with_trigger']) retrieved from /home/airflow/airflow-course/venv/lib/python3.8/site-packages/airflow/example_dags/example_latest_only_with_trigger.py
[2021-12-27 20:40:20,517] {logging_mixin.py:104} INFO - [2021-12-27 20:40:20,517] {dag.py:1832} INFO - Sync 1 DAGs
[2021-12-27 20:40:20,536] {logging_mixin.py:104} INFO - [2021-12-27 20:40:20,536] {dag.py:2305} INFO - Setting next_dagrun for latest_only_with_trigger to 2021-12-25 00:00:00+00:00
[2021-12-27 20:40:20,572] {scheduler_job.py:190} INFO - Processing /home/airflow/airflow-course/venv/lib/python3.8/site-packages/airflow/example_dags/example_latest_only_with_trigger.py took 0.120 seconds
[2021-12-27 20:40:51,455] {scheduler_job.py:182} INFO - Started process (PID=3570) to work on /home/airflow/airflow-course/venv/lib/python3.8/site-packages/airflow/example_dags/example_latest_only_with_trigger.py
[2021-12-27 20:40:51,456] {scheduler_job.py:633} INFO - Processing file /home/airflow/airflow-course/venv/lib/python3.8/site-packages/airflow/example_dags/example_latest_only_with_trigger.py for tasks to queue
[2021-12-27 20:40:51,457] {logging_mixin.py:104} INFO - [2021-12-27 20:40:51,457] {dagbag.py:487} INFO - Filling up the DagBag from /home/airflow/airflow-course/venv/lib/python3.8/site-packages/airflow/example_dags/example_latest_only_with_trigger.py
[2021-12-27 20:40:51,491] {scheduler_job.py:643} INFO - DAG(s) dict_keys(['latest_only_with_trigger']) retrieved from /home/airflow/airflow-course/venv/lib/python3.8/site-packages/airflow/example_dags/example_latest_only_with_trigger.py
[2021-12-27 20:40:51,560] {logging_mixin.py:104} INFO - [2021-12-27 20:40:51,560] {dag.py:1832} INFO - Sync 1 DAGs
[2021-12-27 20:40:51,590] {logging_mixin.py:104} INFO - [2021-12-27 20:40:51,590] {dag.py:2305} INFO - Setting next_dagrun for latest_only_with_trigger to 2021-12-25 00:00:00+00:00
[2021-12-27 20:40:51,618] {scheduler_job.py:190} INFO - Processing /home/airflow/airflow-course/venv/lib/python3.8/site-packages/airflow/example_dags/example_latest_only_with_trigger.py took 0.184 seconds
[2021-12-27 20:41:22,360] {scheduler_job.py:182} INFO - Started process (PID=3771) to work on /home/airflow/airflow-course/venv/lib/python3.8/site-packages/airflow/example_dags/example_latest_only_with_trigger.py
[2021-12-27 20:41:22,362] {scheduler_job.py:633} INFO - Processing file /home/airflow/airflow-course/venv/lib/python3.8/site-packages/airflow/example_dags/example_latest_only_with_trigger.py for tasks to queue
[2021-12-27 20:41:22,374] {logging_mixin.py:104} INFO - [2021-12-27 20:41:22,373] {dagbag.py:487} INFO - Filling up the DagBag from /home/airflow/airflow-course/venv/lib/python3.8/site-packages/airflow/example_dags/example_latest_only_with_trigger.py
[2021-12-27 20:41:22,400] {scheduler_job.py:643} INFO - DAG(s) dict_keys(['latest_only_with_trigger']) retrieved from /home/airflow/airflow-course/venv/lib/python3.8/site-packages/airflow/example_dags/example_latest_only_with_trigger.py
[2021-12-27 20:41:22,452] {logging_mixin.py:104} INFO - [2021-12-27 20:41:22,452] {dag.py:1832} INFO - Sync 1 DAGs
[2021-12-27 20:41:22,492] {logging_mixin.py:104} INFO - [2021-12-27 20:41:22,492] {dag.py:2305} INFO - Setting next_dagrun for latest_only_with_trigger to 2021-12-25 00:00:00+00:00
[2021-12-27 20:41:22,527] {scheduler_job.py:190} INFO - Processing /home/airflow/airflow-course/venv/lib/python3.8/site-packages/airflow/example_dags/example_latest_only_with_trigger.py took 0.169 seconds
[2021-12-27 20:41:52,639] {scheduler_job.py:182} INFO - Started process (PID=3970) to work on /home/airflow/airflow-course/venv/lib/python3.8/site-packages/airflow/example_dags/example_latest_only_with_trigger.py
[2021-12-27 20:41:52,649] {scheduler_job.py:633} INFO - Processing file /home/airflow/airflow-course/venv/lib/python3.8/site-packages/airflow/example_dags/example_latest_only_with_trigger.py for tasks to queue
[2021-12-27 20:41:52,651] {logging_mixin.py:104} INFO - [2021-12-27 20:41:52,651] {dagbag.py:487} INFO - Filling up the DagBag from /home/airflow/airflow-course/venv/lib/python3.8/site-packages/airflow/example_dags/example_latest_only_with_trigger.py
[2021-12-27 20:41:52,678] {scheduler_job.py:643} INFO - DAG(s) dict_keys(['latest_only_with_trigger']) retrieved from /home/airflow/airflow-course/venv/lib/python3.8/site-packages/airflow/example_dags/example_latest_only_with_trigger.py
[2021-12-27 20:41:52,747] {logging_mixin.py:104} INFO - [2021-12-27 20:41:52,747] {dag.py:1832} INFO - Sync 1 DAGs
[2021-12-27 20:41:52,810] {logging_mixin.py:104} INFO - [2021-12-27 20:41:52,810] {dag.py:2305} INFO - Setting next_dagrun for latest_only_with_trigger to 2021-12-25 00:00:00+00:00
[2021-12-27 20:41:52,852] {scheduler_job.py:190} INFO - Processing /home/airflow/airflow-course/venv/lib/python3.8/site-packages/airflow/example_dags/example_latest_only_with_trigger.py took 0.217 seconds
[2021-12-27 20:42:22,889] {scheduler_job.py:182} INFO - Started process (PID=4168) to work on /home/airflow/airflow-course/venv/lib/python3.8/site-packages/airflow/example_dags/example_latest_only_with_trigger.py
[2021-12-27 20:42:22,890] {scheduler_job.py:633} INFO - Processing file /home/airflow/airflow-course/venv/lib/python3.8/site-packages/airflow/example_dags/example_latest_only_with_trigger.py for tasks to queue
[2021-12-27 20:42:22,891] {logging_mixin.py:104} INFO - [2021-12-27 20:42:22,891] {dagbag.py:487} INFO - Filling up the DagBag from /home/airflow/airflow-course/venv/lib/python3.8/site-packages/airflow/example_dags/example_latest_only_with_trigger.py
[2021-12-27 20:42:22,939] {scheduler_job.py:643} INFO - DAG(s) dict_keys(['latest_only_with_trigger']) retrieved from /home/airflow/airflow-course/venv/lib/python3.8/site-packages/airflow/example_dags/example_latest_only_with_trigger.py
[2021-12-27 20:42:23,003] {logging_mixin.py:104} INFO - [2021-12-27 20:42:23,003] {dag.py:1832} INFO - Sync 1 DAGs
[2021-12-27 20:42:23,052] {logging_mixin.py:104} INFO - [2021-12-27 20:42:23,052] {dag.py:2305} INFO - Setting next_dagrun for latest_only_with_trigger to 2021-12-25 00:00:00+00:00
[2021-12-27 20:42:23,070] {scheduler_job.py:190} INFO - Processing /home/airflow/airflow-course/venv/lib/python3.8/site-packages/airflow/example_dags/example_latest_only_with_trigger.py took 0.185 seconds
[2021-12-27 20:42:54,591] {scheduler_job.py:182} INFO - Started process (PID=4368) to work on /home/airflow/airflow-course/venv/lib/python3.8/site-packages/airflow/example_dags/example_latest_only_with_trigger.py
[2021-12-27 20:42:54,592] {scheduler_job.py:633} INFO - Processing file /home/airflow/airflow-course/venv/lib/python3.8/site-packages/airflow/example_dags/example_latest_only_with_trigger.py for tasks to queue
[2021-12-27 20:42:54,595] {logging_mixin.py:104} INFO - [2021-12-27 20:42:54,593] {dagbag.py:487} INFO - Filling up the DagBag from /home/airflow/airflow-course/venv/lib/python3.8/site-packages/airflow/example_dags/example_latest_only_with_trigger.py
[2021-12-27 20:42:54,613] {scheduler_job.py:643} INFO - DAG(s) dict_keys(['latest_only_with_trigger']) retrieved from /home/airflow/airflow-course/venv/lib/python3.8/site-packages/airflow/example_dags/example_latest_only_with_trigger.py
[2021-12-27 20:42:54,667] {logging_mixin.py:104} INFO - [2021-12-27 20:42:54,666] {dag.py:1832} INFO - Sync 1 DAGs
[2021-12-27 20:42:54,705] {logging_mixin.py:104} INFO - [2021-12-27 20:42:54,705] {dag.py:2305} INFO - Setting next_dagrun for latest_only_with_trigger to 2021-12-25 00:00:00+00:00
[2021-12-27 20:42:54,736] {scheduler_job.py:190} INFO - Processing /home/airflow/airflow-course/venv/lib/python3.8/site-packages/airflow/example_dags/example_latest_only_with_trigger.py took 0.167 seconds
[2021-12-27 20:43:26,315] {scheduler_job.py:182} INFO - Started process (PID=4565) to work on /home/airflow/airflow-course/venv/lib/python3.8/site-packages/airflow/example_dags/example_latest_only_with_trigger.py
[2021-12-27 20:43:26,322] {scheduler_job.py:633} INFO - Processing file /home/airflow/airflow-course/venv/lib/python3.8/site-packages/airflow/example_dags/example_latest_only_with_trigger.py for tasks to queue
[2021-12-27 20:43:26,323] {logging_mixin.py:104} INFO - [2021-12-27 20:43:26,323] {dagbag.py:487} INFO - Filling up the DagBag from /home/airflow/airflow-course/venv/lib/python3.8/site-packages/airflow/example_dags/example_latest_only_with_trigger.py
[2021-12-27 20:43:26,346] {scheduler_job.py:643} INFO - DAG(s) dict_keys(['latest_only_with_trigger']) retrieved from /home/airflow/airflow-course/venv/lib/python3.8/site-packages/airflow/example_dags/example_latest_only_with_trigger.py
[2021-12-27 20:43:26,451] {logging_mixin.py:104} INFO - [2021-12-27 20:43:26,451] {dag.py:1832} INFO - Sync 1 DAGs
[2021-12-27 20:43:26,473] {logging_mixin.py:104} INFO - [2021-12-27 20:43:26,473] {dag.py:2305} INFO - Setting next_dagrun for latest_only_with_trigger to 2021-12-25 00:00:00+00:00
[2021-12-27 20:43:26,493] {scheduler_job.py:190} INFO - Processing /home/airflow/airflow-course/venv/lib/python3.8/site-packages/airflow/example_dags/example_latest_only_with_trigger.py took 0.185 seconds
[2021-12-27 20:43:57,221] {scheduler_job.py:182} INFO - Started process (PID=4765) to work on /home/airflow/airflow-course/venv/lib/python3.8/site-packages/airflow/example_dags/example_latest_only_with_trigger.py
[2021-12-27 20:43:57,227] {scheduler_job.py:633} INFO - Processing file /home/airflow/airflow-course/venv/lib/python3.8/site-packages/airflow/example_dags/example_latest_only_with_trigger.py for tasks to queue
[2021-12-27 20:43:57,231] {logging_mixin.py:104} INFO - [2021-12-27 20:43:57,231] {dagbag.py:487} INFO - Filling up the DagBag from /home/airflow/airflow-course/venv/lib/python3.8/site-packages/airflow/example_dags/example_latest_only_with_trigger.py
[2021-12-27 20:43:57,272] {scheduler_job.py:643} INFO - DAG(s) dict_keys(['latest_only_with_trigger']) retrieved from /home/airflow/airflow-course/venv/lib/python3.8/site-packages/airflow/example_dags/example_latest_only_with_trigger.py
[2021-12-27 20:43:57,343] {logging_mixin.py:104} INFO - [2021-12-27 20:43:57,343] {dag.py:1832} INFO - Sync 1 DAGs
[2021-12-27 20:43:57,371] {logging_mixin.py:104} INFO - [2021-12-27 20:43:57,370] {dag.py:2305} INFO - Setting next_dagrun for latest_only_with_trigger to 2021-12-25 00:00:00+00:00
[2021-12-27 20:43:57,540] {scheduler_job.py:190} INFO - Processing /home/airflow/airflow-course/venv/lib/python3.8/site-packages/airflow/example_dags/example_latest_only_with_trigger.py took 0.323 seconds
[2021-12-27 20:44:28,415] {scheduler_job.py:182} INFO - Started process (PID=4962) to work on /home/airflow/airflow-course/venv/lib/python3.8/site-packages/airflow/example_dags/example_latest_only_with_trigger.py
[2021-12-27 20:44:28,431] {scheduler_job.py:633} INFO - Processing file /home/airflow/airflow-course/venv/lib/python3.8/site-packages/airflow/example_dags/example_latest_only_with_trigger.py for tasks to queue
[2021-12-27 20:44:28,432] {logging_mixin.py:104} INFO - [2021-12-27 20:44:28,432] {dagbag.py:487} INFO - Filling up the DagBag from /home/airflow/airflow-course/venv/lib/python3.8/site-packages/airflow/example_dags/example_latest_only_with_trigger.py
[2021-12-27 20:44:28,452] {scheduler_job.py:643} INFO - DAG(s) dict_keys(['latest_only_with_trigger']) retrieved from /home/airflow/airflow-course/venv/lib/python3.8/site-packages/airflow/example_dags/example_latest_only_with_trigger.py
[2021-12-27 20:44:28,525] {logging_mixin.py:104} INFO - [2021-12-27 20:44:28,523] {dag.py:1832} INFO - Sync 1 DAGs
[2021-12-27 20:44:28,578] {logging_mixin.py:104} INFO - [2021-12-27 20:44:28,578] {dag.py:2305} INFO - Setting next_dagrun for latest_only_with_trigger to 2021-12-25 00:00:00+00:00
[2021-12-27 20:44:28,754] {scheduler_job.py:190} INFO - Processing /home/airflow/airflow-course/venv/lib/python3.8/site-packages/airflow/example_dags/example_latest_only_with_trigger.py took 0.343 seconds
[2021-12-27 20:44:59,715] {scheduler_job.py:182} INFO - Started process (PID=5404) to work on /home/airflow/airflow-course/venv/lib/python3.8/site-packages/airflow/example_dags/example_latest_only_with_trigger.py
[2021-12-27 20:44:59,720] {scheduler_job.py:633} INFO - Processing file /home/airflow/airflow-course/venv/lib/python3.8/site-packages/airflow/example_dags/example_latest_only_with_trigger.py for tasks to queue
[2021-12-27 20:44:59,724] {logging_mixin.py:104} INFO - [2021-12-27 20:44:59,724] {dagbag.py:487} INFO - Filling up the DagBag from /home/airflow/airflow-course/venv/lib/python3.8/site-packages/airflow/example_dags/example_latest_only_with_trigger.py
[2021-12-27 20:44:59,744] {scheduler_job.py:643} INFO - DAG(s) dict_keys(['latest_only_with_trigger']) retrieved from /home/airflow/airflow-course/venv/lib/python3.8/site-packages/airflow/example_dags/example_latest_only_with_trigger.py
[2021-12-27 20:44:59,808] {logging_mixin.py:104} INFO - [2021-12-27 20:44:59,808] {dag.py:1832} INFO - Sync 1 DAGs
[2021-12-27 20:44:59,973] {logging_mixin.py:104} INFO - [2021-12-27 20:44:59,972] {dag.py:2305} INFO - Setting next_dagrun for latest_only_with_trigger to 2021-12-25 00:00:00+00:00
[2021-12-27 20:45:00,003] {scheduler_job.py:190} INFO - Processing /home/airflow/airflow-course/venv/lib/python3.8/site-packages/airflow/example_dags/example_latest_only_with_trigger.py took 0.293 seconds
[2021-12-27 20:45:31,636] {scheduler_job.py:182} INFO - Started process (PID=5608) to work on /home/airflow/airflow-course/venv/lib/python3.8/site-packages/airflow/example_dags/example_latest_only_with_trigger.py
[2021-12-27 20:45:31,651] {scheduler_job.py:633} INFO - Processing file /home/airflow/airflow-course/venv/lib/python3.8/site-packages/airflow/example_dags/example_latest_only_with_trigger.py for tasks to queue
[2021-12-27 20:45:31,654] {logging_mixin.py:104} INFO - [2021-12-27 20:45:31,654] {dagbag.py:487} INFO - Filling up the DagBag from /home/airflow/airflow-course/venv/lib/python3.8/site-packages/airflow/example_dags/example_latest_only_with_trigger.py
[2021-12-27 20:45:31,708] {scheduler_job.py:643} INFO - DAG(s) dict_keys(['latest_only_with_trigger']) retrieved from /home/airflow/airflow-course/venv/lib/python3.8/site-packages/airflow/example_dags/example_latest_only_with_trigger.py
[2021-12-27 20:45:31,782] {logging_mixin.py:104} INFO - [2021-12-27 20:45:31,782] {dag.py:1832} INFO - Sync 1 DAGs
[2021-12-27 20:45:32,038] {logging_mixin.py:104} INFO - [2021-12-27 20:45:32,038] {dag.py:2305} INFO - Setting next_dagrun for latest_only_with_trigger to 2021-12-25 00:00:00+00:00
[2021-12-27 20:45:32,058] {scheduler_job.py:190} INFO - Processing /home/airflow/airflow-course/venv/lib/python3.8/site-packages/airflow/example_dags/example_latest_only_with_trigger.py took 0.425 seconds
[2021-12-27 20:46:02,879] {scheduler_job.py:182} INFO - Started process (PID=5806) to work on /home/airflow/airflow-course/venv/lib/python3.8/site-packages/airflow/example_dags/example_latest_only_with_trigger.py
[2021-12-27 20:46:02,880] {scheduler_job.py:633} INFO - Processing file /home/airflow/airflow-course/venv/lib/python3.8/site-packages/airflow/example_dags/example_latest_only_with_trigger.py for tasks to queue
[2021-12-27 20:46:02,881] {logging_mixin.py:104} INFO - [2021-12-27 20:46:02,881] {dagbag.py:487} INFO - Filling up the DagBag from /home/airflow/airflow-course/venv/lib/python3.8/site-packages/airflow/example_dags/example_latest_only_with_trigger.py
[2021-12-27 20:46:02,947] {scheduler_job.py:643} INFO - DAG(s) dict_keys(['latest_only_with_trigger']) retrieved from /home/airflow/airflow-course/venv/lib/python3.8/site-packages/airflow/example_dags/example_latest_only_with_trigger.py
[2021-12-27 20:46:03,038] {logging_mixin.py:104} INFO - [2021-12-27 20:46:03,038] {dag.py:1832} INFO - Sync 1 DAGs
[2021-12-27 20:46:03,181] {logging_mixin.py:104} INFO - [2021-12-27 20:46:03,181] {dag.py:2305} INFO - Setting next_dagrun for latest_only_with_trigger to 2021-12-25 00:00:00+00:00
[2021-12-27 20:46:03,214] {scheduler_job.py:190} INFO - Processing /home/airflow/airflow-course/venv/lib/python3.8/site-packages/airflow/example_dags/example_latest_only_with_trigger.py took 0.351 seconds
[2021-12-27 20:46:34,142] {scheduler_job.py:182} INFO - Started process (PID=6007) to work on /home/airflow/airflow-course/venv/lib/python3.8/site-packages/airflow/example_dags/example_latest_only_with_trigger.py
[2021-12-27 20:46:34,153] {scheduler_job.py:633} INFO - Processing file /home/airflow/airflow-course/venv/lib/python3.8/site-packages/airflow/example_dags/example_latest_only_with_trigger.py for tasks to queue
[2021-12-27 20:46:34,154] {logging_mixin.py:104} INFO - [2021-12-27 20:46:34,154] {dagbag.py:487} INFO - Filling up the DagBag from /home/airflow/airflow-course/venv/lib/python3.8/site-packages/airflow/example_dags/example_latest_only_with_trigger.py
[2021-12-27 20:46:34,179] {scheduler_job.py:643} INFO - DAG(s) dict_keys(['latest_only_with_trigger']) retrieved from /home/airflow/airflow-course/venv/lib/python3.8/site-packages/airflow/example_dags/example_latest_only_with_trigger.py
[2021-12-27 20:46:34,251] {logging_mixin.py:104} INFO - [2021-12-27 20:46:34,251] {dag.py:1832} INFO - Sync 1 DAGs
[2021-12-27 20:46:34,455] {logging_mixin.py:104} INFO - [2021-12-27 20:46:34,454] {dag.py:2305} INFO - Setting next_dagrun for latest_only_with_trigger to 2021-12-25 00:00:00+00:00
[2021-12-27 20:46:34,477] {scheduler_job.py:190} INFO - Processing /home/airflow/airflow-course/venv/lib/python3.8/site-packages/airflow/example_dags/example_latest_only_with_trigger.py took 0.338 seconds
