[2021-12-27 20:39:59,330] {scheduler_job.py:182} INFO - Started process (PID=3045) to work on /home/airflow/airflow-course/venv/lib/python3.8/site-packages/airflow/example_dags/example_branch_python_dop_operator_3.py
[2021-12-27 20:39:59,332] {scheduler_job.py:633} INFO - Processing file /home/airflow/airflow-course/venv/lib/python3.8/site-packages/airflow/example_dags/example_branch_python_dop_operator_3.py for tasks to queue
[2021-12-27 20:39:59,338] {logging_mixin.py:104} INFO - [2021-12-27 20:39:59,338] {dagbag.py:487} INFO - Filling up the DagBag from /home/airflow/airflow-course/venv/lib/python3.8/site-packages/airflow/example_dags/example_branch_python_dop_operator_3.py
[2021-12-27 20:39:59,395] {scheduler_job.py:643} INFO - DAG(s) dict_keys(['example_branch_dop_operator_v3']) retrieved from /home/airflow/airflow-course/venv/lib/python3.8/site-packages/airflow/example_dags/example_branch_python_dop_operator_3.py
[2021-12-27 20:40:00,368] {logging_mixin.py:104} INFO - [2021-12-27 20:40:00,368] {dag.py:1832} INFO - Sync 1 DAGs
[2021-12-27 20:40:00,401] {logging_mixin.py:104} INFO - [2021-12-27 20:40:00,401] {dag.py:2305} INFO - Setting next_dagrun for example_branch_dop_operator_v3 to 2021-12-25 00:00:00+00:00
[2021-12-27 20:40:00,437] {scheduler_job.py:190} INFO - Processing /home/airflow/airflow-course/venv/lib/python3.8/site-packages/airflow/example_dags/example_branch_python_dop_operator_3.py took 1.118 seconds
[2021-12-27 20:40:30,638] {scheduler_job.py:182} INFO - Started process (PID=3375) to work on /home/airflow/airflow-course/venv/lib/python3.8/site-packages/airflow/example_dags/example_branch_python_dop_operator_3.py
[2021-12-27 20:40:30,639] {scheduler_job.py:633} INFO - Processing file /home/airflow/airflow-course/venv/lib/python3.8/site-packages/airflow/example_dags/example_branch_python_dop_operator_3.py for tasks to queue
[2021-12-27 20:40:30,641] {logging_mixin.py:104} INFO - [2021-12-27 20:40:30,641] {dagbag.py:487} INFO - Filling up the DagBag from /home/airflow/airflow-course/venv/lib/python3.8/site-packages/airflow/example_dags/example_branch_python_dop_operator_3.py
[2021-12-27 20:40:30,679] {scheduler_job.py:643} INFO - DAG(s) dict_keys(['example_branch_dop_operator_v3']) retrieved from /home/airflow/airflow-course/venv/lib/python3.8/site-packages/airflow/example_dags/example_branch_python_dop_operator_3.py
[2021-12-27 20:40:30,709] {logging_mixin.py:104} INFO - [2021-12-27 20:40:30,709] {dag.py:1832} INFO - Sync 1 DAGs
[2021-12-27 20:40:30,790] {logging_mixin.py:104} INFO - [2021-12-27 20:40:30,779] {dag.py:2305} INFO - Setting next_dagrun for example_branch_dop_operator_v3 to 2021-12-25 00:00:00+00:00
[2021-12-27 20:40:30,800] {scheduler_job.py:190} INFO - Processing /home/airflow/airflow-course/venv/lib/python3.8/site-packages/airflow/example_dags/example_branch_python_dop_operator_3.py took 0.174 seconds
[2021-12-27 20:41:01,168] {scheduler_job.py:182} INFO - Started process (PID=3711) to work on /home/airflow/airflow-course/venv/lib/python3.8/site-packages/airflow/example_dags/example_branch_python_dop_operator_3.py
[2021-12-27 20:41:01,172] {scheduler_job.py:633} INFO - Processing file /home/airflow/airflow-course/venv/lib/python3.8/site-packages/airflow/example_dags/example_branch_python_dop_operator_3.py for tasks to queue
[2021-12-27 20:41:01,179] {logging_mixin.py:104} INFO - [2021-12-27 20:41:01,179] {dagbag.py:487} INFO - Filling up the DagBag from /home/airflow/airflow-course/venv/lib/python3.8/site-packages/airflow/example_dags/example_branch_python_dop_operator_3.py
[2021-12-27 20:41:01,250] {scheduler_job.py:643} INFO - DAG(s) dict_keys(['example_branch_dop_operator_v3']) retrieved from /home/airflow/airflow-course/venv/lib/python3.8/site-packages/airflow/example_dags/example_branch_python_dop_operator_3.py
[2021-12-27 20:41:01,308] {logging_mixin.py:104} INFO - [2021-12-27 20:41:01,308] {dag.py:1832} INFO - Sync 1 DAGs
[2021-12-27 20:41:01,382] {logging_mixin.py:104} INFO - [2021-12-27 20:41:01,382] {dag.py:2305} INFO - Setting next_dagrun for example_branch_dop_operator_v3 to 2021-12-25 00:00:00+00:00
[2021-12-27 20:41:01,402] {scheduler_job.py:190} INFO - Processing /home/airflow/airflow-course/venv/lib/python3.8/site-packages/airflow/example_dags/example_branch_python_dop_operator_3.py took 0.238 seconds
[2021-12-27 20:41:31,822] {scheduler_job.py:182} INFO - Started process (PID=3910) to work on /home/airflow/airflow-course/venv/lib/python3.8/site-packages/airflow/example_dags/example_branch_python_dop_operator_3.py
[2021-12-27 20:41:31,839] {scheduler_job.py:633} INFO - Processing file /home/airflow/airflow-course/venv/lib/python3.8/site-packages/airflow/example_dags/example_branch_python_dop_operator_3.py for tasks to queue
[2021-12-27 20:41:31,841] {logging_mixin.py:104} INFO - [2021-12-27 20:41:31,841] {dagbag.py:487} INFO - Filling up the DagBag from /home/airflow/airflow-course/venv/lib/python3.8/site-packages/airflow/example_dags/example_branch_python_dop_operator_3.py
[2021-12-27 20:41:31,879] {scheduler_job.py:643} INFO - DAG(s) dict_keys(['example_branch_dop_operator_v3']) retrieved from /home/airflow/airflow-course/venv/lib/python3.8/site-packages/airflow/example_dags/example_branch_python_dop_operator_3.py
[2021-12-27 20:41:31,934] {logging_mixin.py:104} INFO - [2021-12-27 20:41:31,934] {dag.py:1832} INFO - Sync 1 DAGs
[2021-12-27 20:41:31,989] {logging_mixin.py:104} INFO - [2021-12-27 20:41:31,988] {dag.py:2305} INFO - Setting next_dagrun for example_branch_dop_operator_v3 to 2021-12-25 00:00:00+00:00
[2021-12-27 20:41:32,018] {scheduler_job.py:190} INFO - Processing /home/airflow/airflow-course/venv/lib/python3.8/site-packages/airflow/example_dags/example_branch_python_dop_operator_3.py took 0.200 seconds
[2021-12-27 20:42:02,127] {scheduler_job.py:182} INFO - Started process (PID=4103) to work on /home/airflow/airflow-course/venv/lib/python3.8/site-packages/airflow/example_dags/example_branch_python_dop_operator_3.py
[2021-12-27 20:42:02,128] {scheduler_job.py:633} INFO - Processing file /home/airflow/airflow-course/venv/lib/python3.8/site-packages/airflow/example_dags/example_branch_python_dop_operator_3.py for tasks to queue
[2021-12-27 20:42:02,131] {logging_mixin.py:104} INFO - [2021-12-27 20:42:02,131] {dagbag.py:487} INFO - Filling up the DagBag from /home/airflow/airflow-course/venv/lib/python3.8/site-packages/airflow/example_dags/example_branch_python_dop_operator_3.py
[2021-12-27 20:42:02,172] {scheduler_job.py:643} INFO - DAG(s) dict_keys(['example_branch_dop_operator_v3']) retrieved from /home/airflow/airflow-course/venv/lib/python3.8/site-packages/airflow/example_dags/example_branch_python_dop_operator_3.py
[2021-12-27 20:42:02,219] {logging_mixin.py:104} INFO - [2021-12-27 20:42:02,219] {dag.py:1832} INFO - Sync 1 DAGs
[2021-12-27 20:42:02,283] {logging_mixin.py:104} INFO - [2021-12-27 20:42:02,283] {dag.py:2305} INFO - Setting next_dagrun for example_branch_dop_operator_v3 to 2021-12-25 00:00:00+00:00
[2021-12-27 20:42:02,432] {scheduler_job.py:190} INFO - Processing /home/airflow/airflow-course/venv/lib/python3.8/site-packages/airflow/example_dags/example_branch_python_dop_operator_3.py took 0.310 seconds
[2021-12-27 20:42:32,783] {scheduler_job.py:182} INFO - Started process (PID=4302) to work on /home/airflow/airflow-course/venv/lib/python3.8/site-packages/airflow/example_dags/example_branch_python_dop_operator_3.py
[2021-12-27 20:42:32,791] {scheduler_job.py:633} INFO - Processing file /home/airflow/airflow-course/venv/lib/python3.8/site-packages/airflow/example_dags/example_branch_python_dop_operator_3.py for tasks to queue
[2021-12-27 20:42:32,793] {logging_mixin.py:104} INFO - [2021-12-27 20:42:32,793] {dagbag.py:487} INFO - Filling up the DagBag from /home/airflow/airflow-course/venv/lib/python3.8/site-packages/airflow/example_dags/example_branch_python_dop_operator_3.py
[2021-12-27 20:42:32,878] {scheduler_job.py:643} INFO - DAG(s) dict_keys(['example_branch_dop_operator_v3']) retrieved from /home/airflow/airflow-course/venv/lib/python3.8/site-packages/airflow/example_dags/example_branch_python_dop_operator_3.py
[2021-12-27 20:42:32,907] {logging_mixin.py:104} INFO - [2021-12-27 20:42:32,907] {dag.py:1832} INFO - Sync 1 DAGs
[2021-12-27 20:42:32,936] {logging_mixin.py:104} INFO - [2021-12-27 20:42:32,935] {dag.py:2305} INFO - Setting next_dagrun for example_branch_dop_operator_v3 to 2021-12-25 00:00:00+00:00
[2021-12-27 20:42:33,026] {scheduler_job.py:190} INFO - Processing /home/airflow/airflow-course/venv/lib/python3.8/site-packages/airflow/example_dags/example_branch_python_dop_operator_3.py took 0.248 seconds
[2021-12-27 20:43:03,547] {scheduler_job.py:182} INFO - Started process (PID=4503) to work on /home/airflow/airflow-course/venv/lib/python3.8/site-packages/airflow/example_dags/example_branch_python_dop_operator_3.py
[2021-12-27 20:43:03,549] {scheduler_job.py:633} INFO - Processing file /home/airflow/airflow-course/venv/lib/python3.8/site-packages/airflow/example_dags/example_branch_python_dop_operator_3.py for tasks to queue
[2021-12-27 20:43:03,550] {logging_mixin.py:104} INFO - [2021-12-27 20:43:03,549] {dagbag.py:487} INFO - Filling up the DagBag from /home/airflow/airflow-course/venv/lib/python3.8/site-packages/airflow/example_dags/example_branch_python_dop_operator_3.py
[2021-12-27 20:43:03,586] {scheduler_job.py:643} INFO - DAG(s) dict_keys(['example_branch_dop_operator_v3']) retrieved from /home/airflow/airflow-course/venv/lib/python3.8/site-packages/airflow/example_dags/example_branch_python_dop_operator_3.py
[2021-12-27 20:43:03,650] {logging_mixin.py:104} INFO - [2021-12-27 20:43:03,650] {dag.py:1832} INFO - Sync 1 DAGs
[2021-12-27 20:43:03,691] {logging_mixin.py:104} INFO - [2021-12-27 20:43:03,691] {dag.py:2305} INFO - Setting next_dagrun for example_branch_dop_operator_v3 to 2021-12-25 00:00:00+00:00
[2021-12-27 20:43:03,870] {scheduler_job.py:190} INFO - Processing /home/airflow/airflow-course/venv/lib/python3.8/site-packages/airflow/example_dags/example_branch_python_dop_operator_3.py took 0.348 seconds
[2021-12-27 20:43:34,123] {scheduler_job.py:182} INFO - Started process (PID=4708) to work on /home/airflow/airflow-course/venv/lib/python3.8/site-packages/airflow/example_dags/example_branch_python_dop_operator_3.py
[2021-12-27 20:43:34,124] {scheduler_job.py:633} INFO - Processing file /home/airflow/airflow-course/venv/lib/python3.8/site-packages/airflow/example_dags/example_branch_python_dop_operator_3.py for tasks to queue
[2021-12-27 20:43:34,126] {logging_mixin.py:104} INFO - [2021-12-27 20:43:34,126] {dagbag.py:487} INFO - Filling up the DagBag from /home/airflow/airflow-course/venv/lib/python3.8/site-packages/airflow/example_dags/example_branch_python_dop_operator_3.py
[2021-12-27 20:43:34,183] {scheduler_job.py:643} INFO - DAG(s) dict_keys(['example_branch_dop_operator_v3']) retrieved from /home/airflow/airflow-course/venv/lib/python3.8/site-packages/airflow/example_dags/example_branch_python_dop_operator_3.py
[2021-12-27 20:43:34,257] {logging_mixin.py:104} INFO - [2021-12-27 20:43:34,257] {dag.py:1832} INFO - Sync 1 DAGs
[2021-12-27 20:43:34,288] {logging_mixin.py:104} INFO - [2021-12-27 20:43:34,288] {dag.py:2305} INFO - Setting next_dagrun for example_branch_dop_operator_v3 to 2021-12-25 00:00:00+00:00
[2021-12-27 20:43:34,380] {scheduler_job.py:190} INFO - Processing /home/airflow/airflow-course/venv/lib/python3.8/site-packages/airflow/example_dags/example_branch_python_dop_operator_3.py took 0.270 seconds
[2021-12-27 20:44:04,526] {scheduler_job.py:182} INFO - Started process (PID=4910) to work on /home/airflow/airflow-course/venv/lib/python3.8/site-packages/airflow/example_dags/example_branch_python_dop_operator_3.py
[2021-12-27 20:44:04,540] {scheduler_job.py:633} INFO - Processing file /home/airflow/airflow-course/venv/lib/python3.8/site-packages/airflow/example_dags/example_branch_python_dop_operator_3.py for tasks to queue
[2021-12-27 20:44:04,541] {logging_mixin.py:104} INFO - [2021-12-27 20:44:04,541] {dagbag.py:487} INFO - Filling up the DagBag from /home/airflow/airflow-course/venv/lib/python3.8/site-packages/airflow/example_dags/example_branch_python_dop_operator_3.py
[2021-12-27 20:44:04,588] {scheduler_job.py:643} INFO - DAG(s) dict_keys(['example_branch_dop_operator_v3']) retrieved from /home/airflow/airflow-course/venv/lib/python3.8/site-packages/airflow/example_dags/example_branch_python_dop_operator_3.py
[2021-12-27 20:44:04,658] {logging_mixin.py:104} INFO - [2021-12-27 20:44:04,658] {dag.py:1832} INFO - Sync 1 DAGs
[2021-12-27 20:44:04,838] {logging_mixin.py:104} INFO - [2021-12-27 20:44:04,838] {dag.py:2305} INFO - Setting next_dagrun for example_branch_dop_operator_v3 to 2021-12-25 00:00:00+00:00
[2021-12-27 20:44:04,858] {scheduler_job.py:190} INFO - Processing /home/airflow/airflow-course/venv/lib/python3.8/site-packages/airflow/example_dags/example_branch_python_dop_operator_3.py took 0.336 seconds
[2021-12-27 20:44:35,138] {scheduler_job.py:182} INFO - Started process (PID=5107) to work on /home/airflow/airflow-course/venv/lib/python3.8/site-packages/airflow/example_dags/example_branch_python_dop_operator_3.py
[2021-12-27 20:44:35,159] {scheduler_job.py:633} INFO - Processing file /home/airflow/airflow-course/venv/lib/python3.8/site-packages/airflow/example_dags/example_branch_python_dop_operator_3.py for tasks to queue
[2021-12-27 20:44:35,160] {logging_mixin.py:104} INFO - [2021-12-27 20:44:35,160] {dagbag.py:487} INFO - Filling up the DagBag from /home/airflow/airflow-course/venv/lib/python3.8/site-packages/airflow/example_dags/example_branch_python_dop_operator_3.py
[2021-12-27 20:44:35,192] {scheduler_job.py:643} INFO - DAG(s) dict_keys(['example_branch_dop_operator_v3']) retrieved from /home/airflow/airflow-course/venv/lib/python3.8/site-packages/airflow/example_dags/example_branch_python_dop_operator_3.py
[2021-12-27 20:44:35,261] {logging_mixin.py:104} INFO - [2021-12-27 20:44:35,261] {dag.py:1832} INFO - Sync 1 DAGs
[2021-12-27 20:44:35,438] {logging_mixin.py:104} INFO - [2021-12-27 20:44:35,438] {dag.py:2305} INFO - Setting next_dagrun for example_branch_dop_operator_v3 to 2021-12-25 00:00:00+00:00
[2021-12-27 20:44:35,504] {scheduler_job.py:190} INFO - Processing /home/airflow/airflow-course/venv/lib/python3.8/site-packages/airflow/example_dags/example_branch_python_dop_operator_3.py took 0.369 seconds
[2021-12-27 20:45:05,619] {scheduler_job.py:182} INFO - Started process (PID=5550) to work on /home/airflow/airflow-course/venv/lib/python3.8/site-packages/airflow/example_dags/example_branch_python_dop_operator_3.py
[2021-12-27 20:45:05,628] {scheduler_job.py:633} INFO - Processing file /home/airflow/airflow-course/venv/lib/python3.8/site-packages/airflow/example_dags/example_branch_python_dop_operator_3.py for tasks to queue
[2021-12-27 20:45:05,630] {logging_mixin.py:104} INFO - [2021-12-27 20:45:05,630] {dagbag.py:487} INFO - Filling up the DagBag from /home/airflow/airflow-course/venv/lib/python3.8/site-packages/airflow/example_dags/example_branch_python_dop_operator_3.py
[2021-12-27 20:45:05,671] {scheduler_job.py:643} INFO - DAG(s) dict_keys(['example_branch_dop_operator_v3']) retrieved from /home/airflow/airflow-course/venv/lib/python3.8/site-packages/airflow/example_dags/example_branch_python_dop_operator_3.py
[2021-12-27 20:45:05,719] {logging_mixin.py:104} INFO - [2021-12-27 20:45:05,718] {dag.py:1832} INFO - Sync 1 DAGs
[2021-12-27 20:45:05,931] {logging_mixin.py:104} INFO - [2021-12-27 20:45:05,931] {dag.py:2305} INFO - Setting next_dagrun for example_branch_dop_operator_v3 to 2021-12-25 00:00:00+00:00
[2021-12-27 20:45:05,953] {scheduler_job.py:190} INFO - Processing /home/airflow/airflow-course/venv/lib/python3.8/site-packages/airflow/example_dags/example_branch_python_dop_operator_3.py took 0.338 seconds
[2021-12-27 20:45:36,551] {scheduler_job.py:182} INFO - Started process (PID=5753) to work on /home/airflow/airflow-course/venv/lib/python3.8/site-packages/airflow/example_dags/example_branch_python_dop_operator_3.py
[2021-12-27 20:45:36,552] {scheduler_job.py:633} INFO - Processing file /home/airflow/airflow-course/venv/lib/python3.8/site-packages/airflow/example_dags/example_branch_python_dop_operator_3.py for tasks to queue
[2021-12-27 20:45:36,553] {logging_mixin.py:104} INFO - [2021-12-27 20:45:36,553] {dagbag.py:487} INFO - Filling up the DagBag from /home/airflow/airflow-course/venv/lib/python3.8/site-packages/airflow/example_dags/example_branch_python_dop_operator_3.py
[2021-12-27 20:45:36,580] {scheduler_job.py:643} INFO - DAG(s) dict_keys(['example_branch_dop_operator_v3']) retrieved from /home/airflow/airflow-course/venv/lib/python3.8/site-packages/airflow/example_dags/example_branch_python_dop_operator_3.py
[2021-12-27 20:45:36,630] {logging_mixin.py:104} INFO - [2021-12-27 20:45:36,630] {dag.py:1832} INFO - Sync 1 DAGs
[2021-12-27 20:45:36,820] {logging_mixin.py:104} INFO - [2021-12-27 20:45:36,820] {dag.py:2305} INFO - Setting next_dagrun for example_branch_dop_operator_v3 to 2021-12-25 00:00:00+00:00
[2021-12-27 20:45:36,844] {scheduler_job.py:190} INFO - Processing /home/airflow/airflow-course/venv/lib/python3.8/site-packages/airflow/example_dags/example_branch_python_dop_operator_3.py took 0.306 seconds
[2021-12-27 20:46:07,610] {scheduler_job.py:182} INFO - Started process (PID=5953) to work on /home/airflow/airflow-course/venv/lib/python3.8/site-packages/airflow/example_dags/example_branch_python_dop_operator_3.py
[2021-12-27 20:46:07,612] {scheduler_job.py:633} INFO - Processing file /home/airflow/airflow-course/venv/lib/python3.8/site-packages/airflow/example_dags/example_branch_python_dop_operator_3.py for tasks to queue
[2021-12-27 20:46:07,612] {logging_mixin.py:104} INFO - [2021-12-27 20:46:07,612] {dagbag.py:487} INFO - Filling up the DagBag from /home/airflow/airflow-course/venv/lib/python3.8/site-packages/airflow/example_dags/example_branch_python_dop_operator_3.py
[2021-12-27 20:46:07,651] {scheduler_job.py:643} INFO - DAG(s) dict_keys(['example_branch_dop_operator_v3']) retrieved from /home/airflow/airflow-course/venv/lib/python3.8/site-packages/airflow/example_dags/example_branch_python_dop_operator_3.py
[2021-12-27 20:46:07,707] {logging_mixin.py:104} INFO - [2021-12-27 20:46:07,707] {dag.py:1832} INFO - Sync 1 DAGs
[2021-12-27 20:46:07,908] {logging_mixin.py:104} INFO - [2021-12-27 20:46:07,907] {dag.py:2305} INFO - Setting next_dagrun for example_branch_dop_operator_v3 to 2021-12-25 00:00:00+00:00
[2021-12-27 20:46:07,938] {scheduler_job.py:190} INFO - Processing /home/airflow/airflow-course/venv/lib/python3.8/site-packages/airflow/example_dags/example_branch_python_dop_operator_3.py took 0.343 seconds
[2021-12-27 20:46:38,954] {scheduler_job.py:182} INFO - Started process (PID=6153) to work on /home/airflow/airflow-course/venv/lib/python3.8/site-packages/airflow/example_dags/example_branch_python_dop_operator_3.py
[2021-12-27 20:46:38,955] {scheduler_job.py:633} INFO - Processing file /home/airflow/airflow-course/venv/lib/python3.8/site-packages/airflow/example_dags/example_branch_python_dop_operator_3.py for tasks to queue
[2021-12-27 20:46:38,956] {logging_mixin.py:104} INFO - [2021-12-27 20:46:38,956] {dagbag.py:487} INFO - Filling up the DagBag from /home/airflow/airflow-course/venv/lib/python3.8/site-packages/airflow/example_dags/example_branch_python_dop_operator_3.py
[2021-12-27 20:46:38,986] {scheduler_job.py:643} INFO - DAG(s) dict_keys(['example_branch_dop_operator_v3']) retrieved from /home/airflow/airflow-course/venv/lib/python3.8/site-packages/airflow/example_dags/example_branch_python_dop_operator_3.py
[2021-12-27 20:46:39,041] {logging_mixin.py:104} INFO - [2021-12-27 20:46:39,041] {dag.py:1832} INFO - Sync 1 DAGs
[2021-12-27 20:46:39,196] {logging_mixin.py:104} INFO - [2021-12-27 20:46:39,196] {dag.py:2305} INFO - Setting next_dagrun for example_branch_dop_operator_v3 to 2021-12-25 00:00:00+00:00
[2021-12-27 20:46:39,218] {scheduler_job.py:190} INFO - Processing /home/airflow/airflow-course/venv/lib/python3.8/site-packages/airflow/example_dags/example_branch_python_dop_operator_3.py took 0.268 seconds
