[2021-12-27 20:39:53,744] {scheduler_job.py:182} INFO - Started process (PID=2961) to work on /home/airflow/airflow-course/venv/lib/python3.8/site-packages/airflow/example_dags/example_task_group.py
[2021-12-27 20:39:53,745] {scheduler_job.py:633} INFO - Processing file /home/airflow/airflow-course/venv/lib/python3.8/site-packages/airflow/example_dags/example_task_group.py for tasks to queue
[2021-12-27 20:39:53,745] {logging_mixin.py:104} INFO - [2021-12-27 20:39:53,745] {dagbag.py:487} INFO - Filling up the DagBag from /home/airflow/airflow-course/venv/lib/python3.8/site-packages/airflow/example_dags/example_task_group.py
[2021-12-27 20:39:53,784] {scheduler_job.py:643} INFO - DAG(s) dict_keys(['example_task_group']) retrieved from /home/airflow/airflow-course/venv/lib/python3.8/site-packages/airflow/example_dags/example_task_group.py
[2021-12-27 20:39:54,446] {logging_mixin.py:104} INFO - [2021-12-27 20:39:54,446] {dag.py:1832} INFO - Sync 1 DAGs
[2021-12-27 20:39:54,462] {logging_mixin.py:104} INFO - [2021-12-27 20:39:54,462] {dag.py:2305} INFO - Setting next_dagrun for example_task_group to 2021-12-25 00:00:00+00:00
[2021-12-27 20:39:54,488] {scheduler_job.py:190} INFO - Processing /home/airflow/airflow-course/venv/lib/python3.8/site-packages/airflow/example_dags/example_task_group.py took 0.748 seconds
[2021-12-27 20:40:24,793] {scheduler_job.py:182} INFO - Started process (PID=3292) to work on /home/airflow/airflow-course/venv/lib/python3.8/site-packages/airflow/example_dags/example_task_group.py
[2021-12-27 20:40:24,795] {scheduler_job.py:633} INFO - Processing file /home/airflow/airflow-course/venv/lib/python3.8/site-packages/airflow/example_dags/example_task_group.py for tasks to queue
[2021-12-27 20:40:24,798] {logging_mixin.py:104} INFO - [2021-12-27 20:40:24,798] {dagbag.py:487} INFO - Filling up the DagBag from /home/airflow/airflow-course/venv/lib/python3.8/site-packages/airflow/example_dags/example_task_group.py
[2021-12-27 20:40:24,840] {scheduler_job.py:643} INFO - DAG(s) dict_keys(['example_task_group']) retrieved from /home/airflow/airflow-course/venv/lib/python3.8/site-packages/airflow/example_dags/example_task_group.py
[2021-12-27 20:40:24,918] {logging_mixin.py:104} INFO - [2021-12-27 20:40:24,918] {dag.py:1832} INFO - Sync 1 DAGs
[2021-12-27 20:40:24,951] {logging_mixin.py:104} INFO - [2021-12-27 20:40:24,950] {dag.py:2305} INFO - Setting next_dagrun for example_task_group to 2021-12-25 00:00:00+00:00
[2021-12-27 20:40:24,966] {scheduler_job.py:190} INFO - Processing /home/airflow/airflow-course/venv/lib/python3.8/site-packages/airflow/example_dags/example_task_group.py took 0.177 seconds
[2021-12-27 20:40:55,774] {scheduler_job.py:182} INFO - Started process (PID=3626) to work on /home/airflow/airflow-course/venv/lib/python3.8/site-packages/airflow/example_dags/example_task_group.py
[2021-12-27 20:40:55,778] {scheduler_job.py:633} INFO - Processing file /home/airflow/airflow-course/venv/lib/python3.8/site-packages/airflow/example_dags/example_task_group.py for tasks to queue
[2021-12-27 20:40:55,782] {logging_mixin.py:104} INFO - [2021-12-27 20:40:55,782] {dagbag.py:487} INFO - Filling up the DagBag from /home/airflow/airflow-course/venv/lib/python3.8/site-packages/airflow/example_dags/example_task_group.py
[2021-12-27 20:40:55,807] {scheduler_job.py:643} INFO - DAG(s) dict_keys(['example_task_group']) retrieved from /home/airflow/airflow-course/venv/lib/python3.8/site-packages/airflow/example_dags/example_task_group.py
[2021-12-27 20:40:55,859] {logging_mixin.py:104} INFO - [2021-12-27 20:40:55,858] {dag.py:1832} INFO - Sync 1 DAGs
[2021-12-27 20:40:55,883] {logging_mixin.py:104} INFO - [2021-12-27 20:40:55,883] {dag.py:2305} INFO - Setting next_dagrun for example_task_group to 2021-12-25 00:00:00+00:00
[2021-12-27 20:40:55,903] {scheduler_job.py:190} INFO - Processing /home/airflow/airflow-course/venv/lib/python3.8/site-packages/airflow/example_dags/example_task_group.py took 0.133 seconds
[2021-12-27 20:41:26,710] {scheduler_job.py:182} INFO - Started process (PID=3826) to work on /home/airflow/airflow-course/venv/lib/python3.8/site-packages/airflow/example_dags/example_task_group.py
[2021-12-27 20:41:26,713] {scheduler_job.py:633} INFO - Processing file /home/airflow/airflow-course/venv/lib/python3.8/site-packages/airflow/example_dags/example_task_group.py for tasks to queue
[2021-12-27 20:41:26,714] {logging_mixin.py:104} INFO - [2021-12-27 20:41:26,714] {dagbag.py:487} INFO - Filling up the DagBag from /home/airflow/airflow-course/venv/lib/python3.8/site-packages/airflow/example_dags/example_task_group.py
[2021-12-27 20:41:26,744] {scheduler_job.py:643} INFO - DAG(s) dict_keys(['example_task_group']) retrieved from /home/airflow/airflow-course/venv/lib/python3.8/site-packages/airflow/example_dags/example_task_group.py
[2021-12-27 20:41:26,818] {logging_mixin.py:104} INFO - [2021-12-27 20:41:26,818] {dag.py:1832} INFO - Sync 1 DAGs
[2021-12-27 20:41:26,853] {logging_mixin.py:104} INFO - [2021-12-27 20:41:26,853] {dag.py:2305} INFO - Setting next_dagrun for example_task_group to 2021-12-25 00:00:00+00:00
[2021-12-27 20:41:26,878] {scheduler_job.py:190} INFO - Processing /home/airflow/airflow-course/venv/lib/python3.8/site-packages/airflow/example_dags/example_task_group.py took 0.172 seconds
[2021-12-27 20:41:57,164] {scheduler_job.py:182} INFO - Started process (PID=4025) to work on /home/airflow/airflow-course/venv/lib/python3.8/site-packages/airflow/example_dags/example_task_group.py
[2021-12-27 20:41:57,170] {scheduler_job.py:633} INFO - Processing file /home/airflow/airflow-course/venv/lib/python3.8/site-packages/airflow/example_dags/example_task_group.py for tasks to queue
[2021-12-27 20:41:57,171] {logging_mixin.py:104} INFO - [2021-12-27 20:41:57,171] {dagbag.py:487} INFO - Filling up the DagBag from /home/airflow/airflow-course/venv/lib/python3.8/site-packages/airflow/example_dags/example_task_group.py
[2021-12-27 20:41:57,208] {scheduler_job.py:643} INFO - DAG(s) dict_keys(['example_task_group']) retrieved from /home/airflow/airflow-course/venv/lib/python3.8/site-packages/airflow/example_dags/example_task_group.py
[2021-12-27 20:41:57,282] {logging_mixin.py:104} INFO - [2021-12-27 20:41:57,282] {dag.py:1832} INFO - Sync 1 DAGs
[2021-12-27 20:41:57,315] {logging_mixin.py:104} INFO - [2021-12-27 20:41:57,315] {dag.py:2305} INFO - Setting next_dagrun for example_task_group to 2021-12-25 00:00:00+00:00
[2021-12-27 20:41:57,342] {scheduler_job.py:190} INFO - Processing /home/airflow/airflow-course/venv/lib/python3.8/site-packages/airflow/example_dags/example_task_group.py took 0.182 seconds
[2021-12-27 20:42:27,732] {scheduler_job.py:182} INFO - Started process (PID=4228) to work on /home/airflow/airflow-course/venv/lib/python3.8/site-packages/airflow/example_dags/example_task_group.py
[2021-12-27 20:42:27,733] {scheduler_job.py:633} INFO - Processing file /home/airflow/airflow-course/venv/lib/python3.8/site-packages/airflow/example_dags/example_task_group.py for tasks to queue
[2021-12-27 20:42:27,734] {logging_mixin.py:104} INFO - [2021-12-27 20:42:27,734] {dagbag.py:487} INFO - Filling up the DagBag from /home/airflow/airflow-course/venv/lib/python3.8/site-packages/airflow/example_dags/example_task_group.py
[2021-12-27 20:42:27,774] {scheduler_job.py:643} INFO - DAG(s) dict_keys(['example_task_group']) retrieved from /home/airflow/airflow-course/venv/lib/python3.8/site-packages/airflow/example_dags/example_task_group.py
[2021-12-27 20:42:27,814] {logging_mixin.py:104} INFO - [2021-12-27 20:42:27,814] {dag.py:1832} INFO - Sync 1 DAGs
[2021-12-27 20:42:27,840] {logging_mixin.py:104} INFO - [2021-12-27 20:42:27,840] {dag.py:2305} INFO - Setting next_dagrun for example_task_group to 2021-12-25 00:00:00+00:00
[2021-12-27 20:42:27,997] {scheduler_job.py:190} INFO - Processing /home/airflow/airflow-course/venv/lib/python3.8/site-packages/airflow/example_dags/example_task_group.py took 0.268 seconds
[2021-12-27 20:42:58,168] {scheduler_job.py:182} INFO - Started process (PID=4425) to work on /home/airflow/airflow-course/venv/lib/python3.8/site-packages/airflow/example_dags/example_task_group.py
[2021-12-27 20:42:58,175] {scheduler_job.py:633} INFO - Processing file /home/airflow/airflow-course/venv/lib/python3.8/site-packages/airflow/example_dags/example_task_group.py for tasks to queue
[2021-12-27 20:42:58,176] {logging_mixin.py:104} INFO - [2021-12-27 20:42:58,176] {dagbag.py:487} INFO - Filling up the DagBag from /home/airflow/airflow-course/venv/lib/python3.8/site-packages/airflow/example_dags/example_task_group.py
[2021-12-27 20:42:58,202] {scheduler_job.py:643} INFO - DAG(s) dict_keys(['example_task_group']) retrieved from /home/airflow/airflow-course/venv/lib/python3.8/site-packages/airflow/example_dags/example_task_group.py
[2021-12-27 20:42:58,263] {logging_mixin.py:104} INFO - [2021-12-27 20:42:58,263] {dag.py:1832} INFO - Sync 1 DAGs
[2021-12-27 20:42:58,302] {logging_mixin.py:104} INFO - [2021-12-27 20:42:58,302] {dag.py:2305} INFO - Setting next_dagrun for example_task_group to 2021-12-25 00:00:00+00:00
[2021-12-27 20:42:58,450] {scheduler_job.py:190} INFO - Processing /home/airflow/airflow-course/venv/lib/python3.8/site-packages/airflow/example_dags/example_task_group.py took 0.285 seconds
[2021-12-27 20:43:28,666] {scheduler_job.py:182} INFO - Started process (PID=4618) to work on /home/airflow/airflow-course/venv/lib/python3.8/site-packages/airflow/example_dags/example_task_group.py
[2021-12-27 20:43:28,683] {scheduler_job.py:633} INFO - Processing file /home/airflow/airflow-course/venv/lib/python3.8/site-packages/airflow/example_dags/example_task_group.py for tasks to queue
[2021-12-27 20:43:28,685] {logging_mixin.py:104} INFO - [2021-12-27 20:43:28,684] {dagbag.py:487} INFO - Filling up the DagBag from /home/airflow/airflow-course/venv/lib/python3.8/site-packages/airflow/example_dags/example_task_group.py
[2021-12-27 20:43:28,727] {scheduler_job.py:643} INFO - DAG(s) dict_keys(['example_task_group']) retrieved from /home/airflow/airflow-course/venv/lib/python3.8/site-packages/airflow/example_dags/example_task_group.py
[2021-12-27 20:43:28,796] {logging_mixin.py:104} INFO - [2021-12-27 20:43:28,796] {dag.py:1832} INFO - Sync 1 DAGs
[2021-12-27 20:43:28,829] {logging_mixin.py:104} INFO - [2021-12-27 20:43:28,829] {dag.py:2305} INFO - Setting next_dagrun for example_task_group to 2021-12-25 00:00:00+00:00
[2021-12-27 20:43:28,996] {scheduler_job.py:190} INFO - Processing /home/airflow/airflow-course/venv/lib/python3.8/site-packages/airflow/example_dags/example_task_group.py took 0.336 seconds
[2021-12-27 20:43:59,320] {scheduler_job.py:182} INFO - Started process (PID=4817) to work on /home/airflow/airflow-course/venv/lib/python3.8/site-packages/airflow/example_dags/example_task_group.py
[2021-12-27 20:43:59,322] {scheduler_job.py:633} INFO - Processing file /home/airflow/airflow-course/venv/lib/python3.8/site-packages/airflow/example_dags/example_task_group.py for tasks to queue
[2021-12-27 20:43:59,328] {logging_mixin.py:104} INFO - [2021-12-27 20:43:59,328] {dagbag.py:487} INFO - Filling up the DagBag from /home/airflow/airflow-course/venv/lib/python3.8/site-packages/airflow/example_dags/example_task_group.py
[2021-12-27 20:43:59,366] {scheduler_job.py:643} INFO - DAG(s) dict_keys(['example_task_group']) retrieved from /home/airflow/airflow-course/venv/lib/python3.8/site-packages/airflow/example_dags/example_task_group.py
[2021-12-27 20:43:59,414] {logging_mixin.py:104} INFO - [2021-12-27 20:43:59,413] {dag.py:1832} INFO - Sync 1 DAGs
[2021-12-27 20:43:59,599] {logging_mixin.py:104} INFO - [2021-12-27 20:43:59,597] {dag.py:2305} INFO - Setting next_dagrun for example_task_group to 2021-12-25 00:00:00+00:00
[2021-12-27 20:43:59,631] {scheduler_job.py:190} INFO - Processing /home/airflow/airflow-course/venv/lib/python3.8/site-packages/airflow/example_dags/example_task_group.py took 0.315 seconds
[2021-12-27 20:44:30,559] {scheduler_job.py:182} INFO - Started process (PID=5025) to work on /home/airflow/airflow-course/venv/lib/python3.8/site-packages/airflow/example_dags/example_task_group.py
[2021-12-27 20:44:30,575] {scheduler_job.py:633} INFO - Processing file /home/airflow/airflow-course/venv/lib/python3.8/site-packages/airflow/example_dags/example_task_group.py for tasks to queue
[2021-12-27 20:44:30,576] {logging_mixin.py:104} INFO - [2021-12-27 20:44:30,576] {dagbag.py:487} INFO - Filling up the DagBag from /home/airflow/airflow-course/venv/lib/python3.8/site-packages/airflow/example_dags/example_task_group.py
[2021-12-27 20:44:30,590] {scheduler_job.py:643} INFO - DAG(s) dict_keys(['example_task_group']) retrieved from /home/airflow/airflow-course/venv/lib/python3.8/site-packages/airflow/example_dags/example_task_group.py
[2021-12-27 20:44:30,650] {logging_mixin.py:104} INFO - [2021-12-27 20:44:30,650] {dag.py:1832} INFO - Sync 1 DAGs
[2021-12-27 20:44:30,798] {logging_mixin.py:104} INFO - [2021-12-27 20:44:30,798] {dag.py:2305} INFO - Setting next_dagrun for example_task_group to 2021-12-25 00:00:00+00:00
[2021-12-27 20:44:30,816] {scheduler_job.py:190} INFO - Processing /home/airflow/airflow-course/venv/lib/python3.8/site-packages/airflow/example_dags/example_task_group.py took 0.261 seconds
[2021-12-27 20:45:01,847] {scheduler_job.py:182} INFO - Started process (PID=5467) to work on /home/airflow/airflow-course/venv/lib/python3.8/site-packages/airflow/example_dags/example_task_group.py
[2021-12-27 20:45:01,849] {scheduler_job.py:633} INFO - Processing file /home/airflow/airflow-course/venv/lib/python3.8/site-packages/airflow/example_dags/example_task_group.py for tasks to queue
[2021-12-27 20:45:01,855] {logging_mixin.py:104} INFO - [2021-12-27 20:45:01,855] {dagbag.py:487} INFO - Filling up the DagBag from /home/airflow/airflow-course/venv/lib/python3.8/site-packages/airflow/example_dags/example_task_group.py
[2021-12-27 20:45:01,883] {scheduler_job.py:643} INFO - DAG(s) dict_keys(['example_task_group']) retrieved from /home/airflow/airflow-course/venv/lib/python3.8/site-packages/airflow/example_dags/example_task_group.py
[2021-12-27 20:45:01,956] {logging_mixin.py:104} INFO - [2021-12-27 20:45:01,956] {dag.py:1832} INFO - Sync 1 DAGs
[2021-12-27 20:45:02,150] {logging_mixin.py:104} INFO - [2021-12-27 20:45:02,150] {dag.py:2305} INFO - Setting next_dagrun for example_task_group to 2021-12-25 00:00:00+00:00
[2021-12-27 20:45:02,166] {scheduler_job.py:190} INFO - Processing /home/airflow/airflow-course/venv/lib/python3.8/site-packages/airflow/example_dags/example_task_group.py took 0.324 seconds
[2021-12-27 20:45:33,681] {scheduler_job.py:182} INFO - Started process (PID=5662) to work on /home/airflow/airflow-course/venv/lib/python3.8/site-packages/airflow/example_dags/example_task_group.py
[2021-12-27 20:45:33,695] {scheduler_job.py:633} INFO - Processing file /home/airflow/airflow-course/venv/lib/python3.8/site-packages/airflow/example_dags/example_task_group.py for tasks to queue
[2021-12-27 20:45:33,696] {logging_mixin.py:104} INFO - [2021-12-27 20:45:33,696] {dagbag.py:487} INFO - Filling up the DagBag from /home/airflow/airflow-course/venv/lib/python3.8/site-packages/airflow/example_dags/example_task_group.py
[2021-12-27 20:45:33,722] {scheduler_job.py:643} INFO - DAG(s) dict_keys(['example_task_group']) retrieved from /home/airflow/airflow-course/venv/lib/python3.8/site-packages/airflow/example_dags/example_task_group.py
[2021-12-27 20:45:33,805] {logging_mixin.py:104} INFO - [2021-12-27 20:45:33,804] {dag.py:1832} INFO - Sync 1 DAGs
[2021-12-27 20:45:33,998] {logging_mixin.py:104} INFO - [2021-12-27 20:45:33,997] {dag.py:2305} INFO - Setting next_dagrun for example_task_group to 2021-12-25 00:00:00+00:00
[2021-12-27 20:45:34,029] {scheduler_job.py:190} INFO - Processing /home/airflow/airflow-course/venv/lib/python3.8/site-packages/airflow/example_dags/example_task_group.py took 0.351 seconds
[2021-12-27 20:46:04,785] {scheduler_job.py:182} INFO - Started process (PID=5862) to work on /home/airflow/airflow-course/venv/lib/python3.8/site-packages/airflow/example_dags/example_task_group.py
[2021-12-27 20:46:04,790] {scheduler_job.py:633} INFO - Processing file /home/airflow/airflow-course/venv/lib/python3.8/site-packages/airflow/example_dags/example_task_group.py for tasks to queue
[2021-12-27 20:46:04,791] {logging_mixin.py:104} INFO - [2021-12-27 20:46:04,791] {dagbag.py:487} INFO - Filling up the DagBag from /home/airflow/airflow-course/venv/lib/python3.8/site-packages/airflow/example_dags/example_task_group.py
[2021-12-27 20:46:04,828] {scheduler_job.py:643} INFO - DAG(s) dict_keys(['example_task_group']) retrieved from /home/airflow/airflow-course/venv/lib/python3.8/site-packages/airflow/example_dags/example_task_group.py
[2021-12-27 20:46:04,885] {logging_mixin.py:104} INFO - [2021-12-27 20:46:04,885] {dag.py:1832} INFO - Sync 1 DAGs
[2021-12-27 20:46:05,028] {logging_mixin.py:104} INFO - [2021-12-27 20:46:05,028] {dag.py:2305} INFO - Setting next_dagrun for example_task_group to 2021-12-25 00:00:00+00:00
[2021-12-27 20:46:05,056] {scheduler_job.py:190} INFO - Processing /home/airflow/airflow-course/venv/lib/python3.8/site-packages/airflow/example_dags/example_task_group.py took 0.274 seconds
[2021-12-27 20:46:36,110] {scheduler_job.py:182} INFO - Started process (PID=6063) to work on /home/airflow/airflow-course/venv/lib/python3.8/site-packages/airflow/example_dags/example_task_group.py
[2021-12-27 20:46:36,119] {scheduler_job.py:633} INFO - Processing file /home/airflow/airflow-course/venv/lib/python3.8/site-packages/airflow/example_dags/example_task_group.py for tasks to queue
[2021-12-27 20:46:36,120] {logging_mixin.py:104} INFO - [2021-12-27 20:46:36,120] {dagbag.py:487} INFO - Filling up the DagBag from /home/airflow/airflow-course/venv/lib/python3.8/site-packages/airflow/example_dags/example_task_group.py
[2021-12-27 20:46:36,156] {scheduler_job.py:643} INFO - DAG(s) dict_keys(['example_task_group']) retrieved from /home/airflow/airflow-course/venv/lib/python3.8/site-packages/airflow/example_dags/example_task_group.py
[2021-12-27 20:46:36,225] {logging_mixin.py:104} INFO - [2021-12-27 20:46:36,222] {dag.py:1832} INFO - Sync 1 DAGs
[2021-12-27 20:46:36,390] {logging_mixin.py:104} INFO - [2021-12-27 20:46:36,389] {dag.py:2305} INFO - Setting next_dagrun for example_task_group to 2021-12-25 00:00:00+00:00
[2021-12-27 20:46:36,421] {scheduler_job.py:190} INFO - Processing /home/airflow/airflow-course/venv/lib/python3.8/site-packages/airflow/example_dags/example_task_group.py took 0.314 seconds
