[2021-12-27 20:39:54,523] {scheduler_job.py:182} INFO - Started process (PID=2973) to work on /home/airflow/airflow-course/venv/lib/python3.8/site-packages/airflow/example_dags/example_trigger_controller_dag.py
[2021-12-27 20:39:54,524] {scheduler_job.py:633} INFO - Processing file /home/airflow/airflow-course/venv/lib/python3.8/site-packages/airflow/example_dags/example_trigger_controller_dag.py for tasks to queue
[2021-12-27 20:39:54,526] {logging_mixin.py:104} INFO - [2021-12-27 20:39:54,526] {dagbag.py:487} INFO - Filling up the DagBag from /home/airflow/airflow-course/venv/lib/python3.8/site-packages/airflow/example_dags/example_trigger_controller_dag.py
[2021-12-27 20:39:54,580] {scheduler_job.py:643} INFO - DAG(s) dict_keys(['example_trigger_controller_dag']) retrieved from /home/airflow/airflow-course/venv/lib/python3.8/site-packages/airflow/example_dags/example_trigger_controller_dag.py
[2021-12-27 20:39:55,217] {logging_mixin.py:104} INFO - [2021-12-27 20:39:55,217] {dag.py:1832} INFO - Sync 1 DAGs
[2021-12-27 20:39:55,248] {logging_mixin.py:104} INFO - [2021-12-27 20:39:55,248] {dag.py:2305} INFO - Setting next_dagrun for example_trigger_controller_dag to 2021-12-25 00:00:00+00:00
[2021-12-27 20:39:55,282] {scheduler_job.py:190} INFO - Processing /home/airflow/airflow-course/venv/lib/python3.8/site-packages/airflow/example_dags/example_trigger_controller_dag.py took 0.763 seconds
[2021-12-27 20:40:26,015] {scheduler_job.py:182} INFO - Started process (PID=3308) to work on /home/airflow/airflow-course/venv/lib/python3.8/site-packages/airflow/example_dags/example_trigger_controller_dag.py
[2021-12-27 20:40:26,023] {scheduler_job.py:633} INFO - Processing file /home/airflow/airflow-course/venv/lib/python3.8/site-packages/airflow/example_dags/example_trigger_controller_dag.py for tasks to queue
[2021-12-27 20:40:26,028] {logging_mixin.py:104} INFO - [2021-12-27 20:40:26,028] {dagbag.py:487} INFO - Filling up the DagBag from /home/airflow/airflow-course/venv/lib/python3.8/site-packages/airflow/example_dags/example_trigger_controller_dag.py
[2021-12-27 20:40:26,064] {scheduler_job.py:643} INFO - DAG(s) dict_keys(['example_trigger_controller_dag']) retrieved from /home/airflow/airflow-course/venv/lib/python3.8/site-packages/airflow/example_dags/example_trigger_controller_dag.py
[2021-12-27 20:40:26,126] {logging_mixin.py:104} INFO - [2021-12-27 20:40:26,126] {dag.py:1832} INFO - Sync 1 DAGs
[2021-12-27 20:40:26,155] {logging_mixin.py:104} INFO - [2021-12-27 20:40:26,155] {dag.py:2305} INFO - Setting next_dagrun for example_trigger_controller_dag to 2021-12-25 00:00:00+00:00
[2021-12-27 20:40:26,193] {scheduler_job.py:190} INFO - Processing /home/airflow/airflow-course/venv/lib/python3.8/site-packages/airflow/example_dags/example_trigger_controller_dag.py took 0.185 seconds
[2021-12-27 20:40:56,974] {scheduler_job.py:182} INFO - Started process (PID=3644) to work on /home/airflow/airflow-course/venv/lib/python3.8/site-packages/airflow/example_dags/example_trigger_controller_dag.py
[2021-12-27 20:40:56,975] {scheduler_job.py:633} INFO - Processing file /home/airflow/airflow-course/venv/lib/python3.8/site-packages/airflow/example_dags/example_trigger_controller_dag.py for tasks to queue
[2021-12-27 20:40:56,976] {logging_mixin.py:104} INFO - [2021-12-27 20:40:56,976] {dagbag.py:487} INFO - Filling up the DagBag from /home/airflow/airflow-course/venv/lib/python3.8/site-packages/airflow/example_dags/example_trigger_controller_dag.py
[2021-12-27 20:40:57,005] {scheduler_job.py:643} INFO - DAG(s) dict_keys(['example_trigger_controller_dag']) retrieved from /home/airflow/airflow-course/venv/lib/python3.8/site-packages/airflow/example_dags/example_trigger_controller_dag.py
[2021-12-27 20:40:57,055] {logging_mixin.py:104} INFO - [2021-12-27 20:40:57,054] {dag.py:1832} INFO - Sync 1 DAGs
[2021-12-27 20:40:57,081] {logging_mixin.py:104} INFO - [2021-12-27 20:40:57,081] {dag.py:2305} INFO - Setting next_dagrun for example_trigger_controller_dag to 2021-12-25 00:00:00+00:00
[2021-12-27 20:40:57,130] {scheduler_job.py:190} INFO - Processing /home/airflow/airflow-course/venv/lib/python3.8/site-packages/airflow/example_dags/example_trigger_controller_dag.py took 0.168 seconds
[2021-12-27 20:41:27,963] {scheduler_job.py:182} INFO - Started process (PID=3843) to work on /home/airflow/airflow-course/venv/lib/python3.8/site-packages/airflow/example_dags/example_trigger_controller_dag.py
[2021-12-27 20:41:27,975] {scheduler_job.py:633} INFO - Processing file /home/airflow/airflow-course/venv/lib/python3.8/site-packages/airflow/example_dags/example_trigger_controller_dag.py for tasks to queue
[2021-12-27 20:41:27,979] {logging_mixin.py:104} INFO - [2021-12-27 20:41:27,979] {dagbag.py:487} INFO - Filling up the DagBag from /home/airflow/airflow-course/venv/lib/python3.8/site-packages/airflow/example_dags/example_trigger_controller_dag.py
[2021-12-27 20:41:27,990] {scheduler_job.py:643} INFO - DAG(s) dict_keys(['example_trigger_controller_dag']) retrieved from /home/airflow/airflow-course/venv/lib/python3.8/site-packages/airflow/example_dags/example_trigger_controller_dag.py
[2021-12-27 20:41:28,056] {logging_mixin.py:104} INFO - [2021-12-27 20:41:28,056] {dag.py:1832} INFO - Sync 1 DAGs
[2021-12-27 20:41:28,098] {logging_mixin.py:104} INFO - [2021-12-27 20:41:28,098] {dag.py:2305} INFO - Setting next_dagrun for example_trigger_controller_dag to 2021-12-25 00:00:00+00:00
[2021-12-27 20:41:28,122] {scheduler_job.py:190} INFO - Processing /home/airflow/airflow-course/venv/lib/python3.8/site-packages/airflow/example_dags/example_trigger_controller_dag.py took 0.164 seconds
[2021-12-27 20:41:58,427] {scheduler_job.py:182} INFO - Started process (PID=4042) to work on /home/airflow/airflow-course/venv/lib/python3.8/site-packages/airflow/example_dags/example_trigger_controller_dag.py
[2021-12-27 20:41:58,435] {scheduler_job.py:633} INFO - Processing file /home/airflow/airflow-course/venv/lib/python3.8/site-packages/airflow/example_dags/example_trigger_controller_dag.py for tasks to queue
[2021-12-27 20:41:58,440] {logging_mixin.py:104} INFO - [2021-12-27 20:41:58,439] {dagbag.py:487} INFO - Filling up the DagBag from /home/airflow/airflow-course/venv/lib/python3.8/site-packages/airflow/example_dags/example_trigger_controller_dag.py
[2021-12-27 20:41:58,472] {scheduler_job.py:643} INFO - DAG(s) dict_keys(['example_trigger_controller_dag']) retrieved from /home/airflow/airflow-course/venv/lib/python3.8/site-packages/airflow/example_dags/example_trigger_controller_dag.py
[2021-12-27 20:41:58,519] {logging_mixin.py:104} INFO - [2021-12-27 20:41:58,518] {dag.py:1832} INFO - Sync 1 DAGs
[2021-12-27 20:41:58,571] {logging_mixin.py:104} INFO - [2021-12-27 20:41:58,570] {dag.py:2305} INFO - Setting next_dagrun for example_trigger_controller_dag to 2021-12-25 00:00:00+00:00
[2021-12-27 20:41:58,592] {scheduler_job.py:190} INFO - Processing /home/airflow/airflow-course/venv/lib/python3.8/site-packages/airflow/example_dags/example_trigger_controller_dag.py took 0.182 seconds
[2021-12-27 20:42:29,125] {scheduler_job.py:182} INFO - Started process (PID=4242) to work on /home/airflow/airflow-course/venv/lib/python3.8/site-packages/airflow/example_dags/example_trigger_controller_dag.py
[2021-12-27 20:42:29,136] {scheduler_job.py:633} INFO - Processing file /home/airflow/airflow-course/venv/lib/python3.8/site-packages/airflow/example_dags/example_trigger_controller_dag.py for tasks to queue
[2021-12-27 20:42:29,137] {logging_mixin.py:104} INFO - [2021-12-27 20:42:29,137] {dagbag.py:487} INFO - Filling up the DagBag from /home/airflow/airflow-course/venv/lib/python3.8/site-packages/airflow/example_dags/example_trigger_controller_dag.py
[2021-12-27 20:42:29,161] {scheduler_job.py:643} INFO - DAG(s) dict_keys(['example_trigger_controller_dag']) retrieved from /home/airflow/airflow-course/venv/lib/python3.8/site-packages/airflow/example_dags/example_trigger_controller_dag.py
[2021-12-27 20:42:29,254] {logging_mixin.py:104} INFO - [2021-12-27 20:42:29,254] {dag.py:1832} INFO - Sync 1 DAGs
[2021-12-27 20:42:29,304] {logging_mixin.py:104} INFO - [2021-12-27 20:42:29,304] {dag.py:2305} INFO - Setting next_dagrun for example_trigger_controller_dag to 2021-12-25 00:00:00+00:00
[2021-12-27 20:42:29,324] {scheduler_job.py:190} INFO - Processing /home/airflow/airflow-course/venv/lib/python3.8/site-packages/airflow/example_dags/example_trigger_controller_dag.py took 0.202 seconds
[2021-12-27 20:42:59,717] {scheduler_job.py:182} INFO - Started process (PID=4442) to work on /home/airflow/airflow-course/venv/lib/python3.8/site-packages/airflow/example_dags/example_trigger_controller_dag.py
[2021-12-27 20:42:59,724] {scheduler_job.py:633} INFO - Processing file /home/airflow/airflow-course/venv/lib/python3.8/site-packages/airflow/example_dags/example_trigger_controller_dag.py for tasks to queue
[2021-12-27 20:42:59,724] {logging_mixin.py:104} INFO - [2021-12-27 20:42:59,724] {dagbag.py:487} INFO - Filling up the DagBag from /home/airflow/airflow-course/venv/lib/python3.8/site-packages/airflow/example_dags/example_trigger_controller_dag.py
[2021-12-27 20:42:59,750] {scheduler_job.py:643} INFO - DAG(s) dict_keys(['example_trigger_controller_dag']) retrieved from /home/airflow/airflow-course/venv/lib/python3.8/site-packages/airflow/example_dags/example_trigger_controller_dag.py
[2021-12-27 20:42:59,840] {logging_mixin.py:104} INFO - [2021-12-27 20:42:59,840] {dag.py:1832} INFO - Sync 1 DAGs
[2021-12-27 20:42:59,877] {logging_mixin.py:104} INFO - [2021-12-27 20:42:59,877] {dag.py:2305} INFO - Setting next_dagrun for example_trigger_controller_dag to 2021-12-25 00:00:00+00:00
[2021-12-27 20:42:59,917] {scheduler_job.py:190} INFO - Processing /home/airflow/airflow-course/venv/lib/python3.8/site-packages/airflow/example_dags/example_trigger_controller_dag.py took 0.209 seconds
[2021-12-27 20:43:30,238] {scheduler_job.py:182} INFO - Started process (PID=4641) to work on /home/airflow/airflow-course/venv/lib/python3.8/site-packages/airflow/example_dags/example_trigger_controller_dag.py
[2021-12-27 20:43:30,250] {scheduler_job.py:633} INFO - Processing file /home/airflow/airflow-course/venv/lib/python3.8/site-packages/airflow/example_dags/example_trigger_controller_dag.py for tasks to queue
[2021-12-27 20:43:30,252] {logging_mixin.py:104} INFO - [2021-12-27 20:43:30,251] {dagbag.py:487} INFO - Filling up the DagBag from /home/airflow/airflow-course/venv/lib/python3.8/site-packages/airflow/example_dags/example_trigger_controller_dag.py
[2021-12-27 20:43:30,289] {scheduler_job.py:643} INFO - DAG(s) dict_keys(['example_trigger_controller_dag']) retrieved from /home/airflow/airflow-course/venv/lib/python3.8/site-packages/airflow/example_dags/example_trigger_controller_dag.py
[2021-12-27 20:43:30,353] {logging_mixin.py:104} INFO - [2021-12-27 20:43:30,352] {dag.py:1832} INFO - Sync 1 DAGs
[2021-12-27 20:43:30,415] {logging_mixin.py:104} INFO - [2021-12-27 20:43:30,415] {dag.py:2305} INFO - Setting next_dagrun for example_trigger_controller_dag to 2021-12-25 00:00:00+00:00
[2021-12-27 20:43:30,441] {scheduler_job.py:190} INFO - Processing /home/airflow/airflow-course/venv/lib/python3.8/site-packages/airflow/example_dags/example_trigger_controller_dag.py took 0.208 seconds
[2021-12-27 20:44:00,884] {scheduler_job.py:182} INFO - Started process (PID=4840) to work on /home/airflow/airflow-course/venv/lib/python3.8/site-packages/airflow/example_dags/example_trigger_controller_dag.py
[2021-12-27 20:44:00,887] {scheduler_job.py:633} INFO - Processing file /home/airflow/airflow-course/venv/lib/python3.8/site-packages/airflow/example_dags/example_trigger_controller_dag.py for tasks to queue
[2021-12-27 20:44:00,888] {logging_mixin.py:104} INFO - [2021-12-27 20:44:00,887] {dagbag.py:487} INFO - Filling up the DagBag from /home/airflow/airflow-course/venv/lib/python3.8/site-packages/airflow/example_dags/example_trigger_controller_dag.py
[2021-12-27 20:44:00,916] {scheduler_job.py:643} INFO - DAG(s) dict_keys(['example_trigger_controller_dag']) retrieved from /home/airflow/airflow-course/venv/lib/python3.8/site-packages/airflow/example_dags/example_trigger_controller_dag.py
[2021-12-27 20:44:00,962] {logging_mixin.py:104} INFO - [2021-12-27 20:44:00,962] {dag.py:1832} INFO - Sync 1 DAGs
[2021-12-27 20:44:01,001] {logging_mixin.py:104} INFO - [2021-12-27 20:44:01,000] {dag.py:2305} INFO - Setting next_dagrun for example_trigger_controller_dag to 2021-12-25 00:00:00+00:00
[2021-12-27 20:44:01,024] {scheduler_job.py:190} INFO - Processing /home/airflow/airflow-course/venv/lib/python3.8/site-packages/airflow/example_dags/example_trigger_controller_dag.py took 0.169 seconds
[2021-12-27 20:44:31,085] {scheduler_job.py:182} INFO - Started process (PID=5037) to work on /home/airflow/airflow-course/venv/lib/python3.8/site-packages/airflow/example_dags/example_trigger_controller_dag.py
[2021-12-27 20:44:31,089] {scheduler_job.py:633} INFO - Processing file /home/airflow/airflow-course/venv/lib/python3.8/site-packages/airflow/example_dags/example_trigger_controller_dag.py for tasks to queue
[2021-12-27 20:44:31,090] {logging_mixin.py:104} INFO - [2021-12-27 20:44:31,090] {dagbag.py:487} INFO - Filling up the DagBag from /home/airflow/airflow-course/venv/lib/python3.8/site-packages/airflow/example_dags/example_trigger_controller_dag.py
[2021-12-27 20:44:31,116] {scheduler_job.py:643} INFO - DAG(s) dict_keys(['example_trigger_controller_dag']) retrieved from /home/airflow/airflow-course/venv/lib/python3.8/site-packages/airflow/example_dags/example_trigger_controller_dag.py
[2021-12-27 20:44:31,158] {logging_mixin.py:104} INFO - [2021-12-27 20:44:31,158] {dag.py:1832} INFO - Sync 1 DAGs
[2021-12-27 20:44:31,173] {logging_mixin.py:104} INFO - [2021-12-27 20:44:31,173] {dag.py:2305} INFO - Setting next_dagrun for example_trigger_controller_dag to 2021-12-25 00:00:00+00:00
[2021-12-27 20:44:31,251] {scheduler_job.py:190} INFO - Processing /home/airflow/airflow-course/venv/lib/python3.8/site-packages/airflow/example_dags/example_trigger_controller_dag.py took 0.169 seconds
[2021-12-27 20:45:02,493] {scheduler_job.py:182} INFO - Started process (PID=5480) to work on /home/airflow/airflow-course/venv/lib/python3.8/site-packages/airflow/example_dags/example_trigger_controller_dag.py
[2021-12-27 20:45:02,494] {scheduler_job.py:633} INFO - Processing file /home/airflow/airflow-course/venv/lib/python3.8/site-packages/airflow/example_dags/example_trigger_controller_dag.py for tasks to queue
[2021-12-27 20:45:02,494] {logging_mixin.py:104} INFO - [2021-12-27 20:45:02,494] {dagbag.py:487} INFO - Filling up the DagBag from /home/airflow/airflow-course/venv/lib/python3.8/site-packages/airflow/example_dags/example_trigger_controller_dag.py
[2021-12-27 20:45:02,531] {scheduler_job.py:643} INFO - DAG(s) dict_keys(['example_trigger_controller_dag']) retrieved from /home/airflow/airflow-course/venv/lib/python3.8/site-packages/airflow/example_dags/example_trigger_controller_dag.py
[2021-12-27 20:45:02,586] {logging_mixin.py:104} INFO - [2021-12-27 20:45:02,586] {dag.py:1832} INFO - Sync 1 DAGs
[2021-12-27 20:45:02,819] {logging_mixin.py:104} INFO - [2021-12-27 20:45:02,819] {dag.py:2305} INFO - Setting next_dagrun for example_trigger_controller_dag to 2021-12-25 00:00:00+00:00
[2021-12-27 20:45:02,850] {scheduler_job.py:190} INFO - Processing /home/airflow/airflow-course/venv/lib/python3.8/site-packages/airflow/example_dags/example_trigger_controller_dag.py took 0.361 seconds
[2021-12-27 20:45:34,381] {scheduler_job.py:182} INFO - Started process (PID=5681) to work on /home/airflow/airflow-course/venv/lib/python3.8/site-packages/airflow/example_dags/example_trigger_controller_dag.py
[2021-12-27 20:45:34,382] {scheduler_job.py:633} INFO - Processing file /home/airflow/airflow-course/venv/lib/python3.8/site-packages/airflow/example_dags/example_trigger_controller_dag.py for tasks to queue
[2021-12-27 20:45:34,382] {logging_mixin.py:104} INFO - [2021-12-27 20:45:34,382] {dagbag.py:487} INFO - Filling up the DagBag from /home/airflow/airflow-course/venv/lib/python3.8/site-packages/airflow/example_dags/example_trigger_controller_dag.py
[2021-12-27 20:45:34,405] {scheduler_job.py:643} INFO - DAG(s) dict_keys(['example_trigger_controller_dag']) retrieved from /home/airflow/airflow-course/venv/lib/python3.8/site-packages/airflow/example_dags/example_trigger_controller_dag.py
[2021-12-27 20:45:34,472] {logging_mixin.py:104} INFO - [2021-12-27 20:45:34,471] {dag.py:1832} INFO - Sync 1 DAGs
[2021-12-27 20:45:34,608] {logging_mixin.py:104} INFO - [2021-12-27 20:45:34,608] {dag.py:2305} INFO - Setting next_dagrun for example_trigger_controller_dag to 2021-12-25 00:00:00+00:00
[2021-12-27 20:45:34,640] {scheduler_job.py:190} INFO - Processing /home/airflow/airflow-course/venv/lib/python3.8/site-packages/airflow/example_dags/example_trigger_controller_dag.py took 0.262 seconds
[2021-12-27 20:46:05,289] {scheduler_job.py:182} INFO - Started process (PID=5880) to work on /home/airflow/airflow-course/venv/lib/python3.8/site-packages/airflow/example_dags/example_trigger_controller_dag.py
[2021-12-27 20:46:05,290] {scheduler_job.py:633} INFO - Processing file /home/airflow/airflow-course/venv/lib/python3.8/site-packages/airflow/example_dags/example_trigger_controller_dag.py for tasks to queue
[2021-12-27 20:46:05,290] {logging_mixin.py:104} INFO - [2021-12-27 20:46:05,290] {dagbag.py:487} INFO - Filling up the DagBag from /home/airflow/airflow-course/venv/lib/python3.8/site-packages/airflow/example_dags/example_trigger_controller_dag.py
[2021-12-27 20:46:05,312] {scheduler_job.py:643} INFO - DAG(s) dict_keys(['example_trigger_controller_dag']) retrieved from /home/airflow/airflow-course/venv/lib/python3.8/site-packages/airflow/example_dags/example_trigger_controller_dag.py
[2021-12-27 20:46:05,387] {logging_mixin.py:104} INFO - [2021-12-27 20:46:05,387] {dag.py:1832} INFO - Sync 1 DAGs
[2021-12-27 20:46:05,540] {logging_mixin.py:104} INFO - [2021-12-27 20:46:05,540] {dag.py:2305} INFO - Setting next_dagrun for example_trigger_controller_dag to 2021-12-25 00:00:00+00:00
[2021-12-27 20:46:05,569] {scheduler_job.py:190} INFO - Processing /home/airflow/airflow-course/venv/lib/python3.8/site-packages/airflow/example_dags/example_trigger_controller_dag.py took 0.294 seconds
[2021-12-27 20:46:36,465] {scheduler_job.py:182} INFO - Started process (PID=6075) to work on /home/airflow/airflow-course/venv/lib/python3.8/site-packages/airflow/example_dags/example_trigger_controller_dag.py
[2021-12-27 20:46:36,477] {scheduler_job.py:633} INFO - Processing file /home/airflow/airflow-course/venv/lib/python3.8/site-packages/airflow/example_dags/example_trigger_controller_dag.py for tasks to queue
[2021-12-27 20:46:36,478] {logging_mixin.py:104} INFO - [2021-12-27 20:46:36,478] {dagbag.py:487} INFO - Filling up the DagBag from /home/airflow/airflow-course/venv/lib/python3.8/site-packages/airflow/example_dags/example_trigger_controller_dag.py
[2021-12-27 20:46:36,539] {scheduler_job.py:643} INFO - DAG(s) dict_keys(['example_trigger_controller_dag']) retrieved from /home/airflow/airflow-course/venv/lib/python3.8/site-packages/airflow/example_dags/example_trigger_controller_dag.py
[2021-12-27 20:46:36,668] {logging_mixin.py:104} INFO - [2021-12-27 20:46:36,668] {dag.py:1832} INFO - Sync 1 DAGs
[2021-12-27 20:46:36,841] {logging_mixin.py:104} INFO - [2021-12-27 20:46:36,841] {dag.py:2305} INFO - Setting next_dagrun for example_trigger_controller_dag to 2021-12-25 00:00:00+00:00
[2021-12-27 20:46:36,873] {scheduler_job.py:190} INFO - Processing /home/airflow/airflow-course/venv/lib/python3.8/site-packages/airflow/example_dags/example_trigger_controller_dag.py took 0.412 seconds
