[2021-12-27 20:39:47,663] {scheduler_job.py:182} INFO - Started process (PID=2760) to work on /home/airflow/airflow-course/venv/lib/python3.8/site-packages/airflow/example_dags/example_short_circuit_operator.py
[2021-12-27 20:39:47,665] {scheduler_job.py:633} INFO - Processing file /home/airflow/airflow-course/venv/lib/python3.8/site-packages/airflow/example_dags/example_short_circuit_operator.py for tasks to queue
[2021-12-27 20:39:47,665] {logging_mixin.py:104} INFO - [2021-12-27 20:39:47,665] {dagbag.py:487} INFO - Filling up the DagBag from /home/airflow/airflow-course/venv/lib/python3.8/site-packages/airflow/example_dags/example_short_circuit_operator.py
[2021-12-27 20:39:47,704] {scheduler_job.py:643} INFO - DAG(s) dict_keys(['example_short_circuit_operator']) retrieved from /home/airflow/airflow-course/venv/lib/python3.8/site-packages/airflow/example_dags/example_short_circuit_operator.py
[2021-12-27 20:39:48,429] {logging_mixin.py:104} INFO - [2021-12-27 20:39:48,429] {dag.py:1832} INFO - Sync 1 DAGs
[2021-12-27 20:39:48,473] {logging_mixin.py:104} INFO - [2021-12-27 20:39:48,473] {dag.py:2305} INFO - Setting next_dagrun for example_short_circuit_operator to 2021-12-25 00:00:00+00:00
[2021-12-27 20:39:48,524] {scheduler_job.py:190} INFO - Processing /home/airflow/airflow-course/venv/lib/python3.8/site-packages/airflow/example_dags/example_short_circuit_operator.py took 0.863 seconds
[2021-12-27 20:40:19,261] {scheduler_job.py:182} INFO - Started process (PID=3216) to work on /home/airflow/airflow-course/venv/lib/python3.8/site-packages/airflow/example_dags/example_short_circuit_operator.py
[2021-12-27 20:40:19,266] {scheduler_job.py:633} INFO - Processing file /home/airflow/airflow-course/venv/lib/python3.8/site-packages/airflow/example_dags/example_short_circuit_operator.py for tasks to queue
[2021-12-27 20:40:19,267] {logging_mixin.py:104} INFO - [2021-12-27 20:40:19,267] {dagbag.py:487} INFO - Filling up the DagBag from /home/airflow/airflow-course/venv/lib/python3.8/site-packages/airflow/example_dags/example_short_circuit_operator.py
[2021-12-27 20:40:19,297] {scheduler_job.py:643} INFO - DAG(s) dict_keys(['example_short_circuit_operator']) retrieved from /home/airflow/airflow-course/venv/lib/python3.8/site-packages/airflow/example_dags/example_short_circuit_operator.py
[2021-12-27 20:40:19,347] {logging_mixin.py:104} INFO - [2021-12-27 20:40:19,347] {dag.py:1832} INFO - Sync 1 DAGs
[2021-12-27 20:40:19,370] {logging_mixin.py:104} INFO - [2021-12-27 20:40:19,370] {dag.py:2305} INFO - Setting next_dagrun for example_short_circuit_operator to 2021-12-25 00:00:00+00:00
[2021-12-27 20:40:19,396] {scheduler_job.py:190} INFO - Processing /home/airflow/airflow-course/venv/lib/python3.8/site-packages/airflow/example_dags/example_short_circuit_operator.py took 0.138 seconds
[2021-12-27 20:40:49,822] {scheduler_job.py:182} INFO - Started process (PID=3550) to work on /home/airflow/airflow-course/venv/lib/python3.8/site-packages/airflow/example_dags/example_short_circuit_operator.py
[2021-12-27 20:40:49,823] {scheduler_job.py:633} INFO - Processing file /home/airflow/airflow-course/venv/lib/python3.8/site-packages/airflow/example_dags/example_short_circuit_operator.py for tasks to queue
[2021-12-27 20:40:49,825] {logging_mixin.py:104} INFO - [2021-12-27 20:40:49,825] {dagbag.py:487} INFO - Filling up the DagBag from /home/airflow/airflow-course/venv/lib/python3.8/site-packages/airflow/example_dags/example_short_circuit_operator.py
[2021-12-27 20:40:49,855] {scheduler_job.py:643} INFO - DAG(s) dict_keys(['example_short_circuit_operator']) retrieved from /home/airflow/airflow-course/venv/lib/python3.8/site-packages/airflow/example_dags/example_short_circuit_operator.py
[2021-12-27 20:40:49,925] {logging_mixin.py:104} INFO - [2021-12-27 20:40:49,925] {dag.py:1832} INFO - Sync 1 DAGs
[2021-12-27 20:40:49,988] {logging_mixin.py:104} INFO - [2021-12-27 20:40:49,988] {dag.py:2305} INFO - Setting next_dagrun for example_short_circuit_operator to 2021-12-25 00:00:00+00:00
[2021-12-27 20:40:50,016] {scheduler_job.py:190} INFO - Processing /home/airflow/airflow-course/venv/lib/python3.8/site-packages/airflow/example_dags/example_short_circuit_operator.py took 0.197 seconds
[2021-12-27 20:41:20,273] {scheduler_job.py:182} INFO - Started process (PID=3743) to work on /home/airflow/airflow-course/venv/lib/python3.8/site-packages/airflow/example_dags/example_short_circuit_operator.py
[2021-12-27 20:41:20,281] {scheduler_job.py:633} INFO - Processing file /home/airflow/airflow-course/venv/lib/python3.8/site-packages/airflow/example_dags/example_short_circuit_operator.py for tasks to queue
[2021-12-27 20:41:20,282] {logging_mixin.py:104} INFO - [2021-12-27 20:41:20,282] {dagbag.py:487} INFO - Filling up the DagBag from /home/airflow/airflow-course/venv/lib/python3.8/site-packages/airflow/example_dags/example_short_circuit_operator.py
[2021-12-27 20:41:20,324] {scheduler_job.py:643} INFO - DAG(s) dict_keys(['example_short_circuit_operator']) retrieved from /home/airflow/airflow-course/venv/lib/python3.8/site-packages/airflow/example_dags/example_short_circuit_operator.py
[2021-12-27 20:41:20,388] {logging_mixin.py:104} INFO - [2021-12-27 20:41:20,388] {dag.py:1832} INFO - Sync 1 DAGs
[2021-12-27 20:41:20,434] {logging_mixin.py:104} INFO - [2021-12-27 20:41:20,434] {dag.py:2305} INFO - Setting next_dagrun for example_short_circuit_operator to 2021-12-25 00:00:00+00:00
[2021-12-27 20:41:20,477] {scheduler_job.py:190} INFO - Processing /home/airflow/airflow-course/venv/lib/python3.8/site-packages/airflow/example_dags/example_short_circuit_operator.py took 0.213 seconds
[2021-12-27 20:41:50,855] {scheduler_job.py:182} INFO - Started process (PID=3940) to work on /home/airflow/airflow-course/venv/lib/python3.8/site-packages/airflow/example_dags/example_short_circuit_operator.py
[2021-12-27 20:41:50,867] {scheduler_job.py:633} INFO - Processing file /home/airflow/airflow-course/venv/lib/python3.8/site-packages/airflow/example_dags/example_short_circuit_operator.py for tasks to queue
[2021-12-27 20:41:50,869] {logging_mixin.py:104} INFO - [2021-12-27 20:41:50,869] {dagbag.py:487} INFO - Filling up the DagBag from /home/airflow/airflow-course/venv/lib/python3.8/site-packages/airflow/example_dags/example_short_circuit_operator.py
[2021-12-27 20:41:50,904] {scheduler_job.py:643} INFO - DAG(s) dict_keys(['example_short_circuit_operator']) retrieved from /home/airflow/airflow-course/venv/lib/python3.8/site-packages/airflow/example_dags/example_short_circuit_operator.py
[2021-12-27 20:41:50,966] {logging_mixin.py:104} INFO - [2021-12-27 20:41:50,966] {dag.py:1832} INFO - Sync 1 DAGs
[2021-12-27 20:41:51,002] {logging_mixin.py:104} INFO - [2021-12-27 20:41:51,002] {dag.py:2305} INFO - Setting next_dagrun for example_short_circuit_operator to 2021-12-25 00:00:00+00:00
[2021-12-27 20:41:51,027] {scheduler_job.py:190} INFO - Processing /home/airflow/airflow-course/venv/lib/python3.8/site-packages/airflow/example_dags/example_short_circuit_operator.py took 0.176 seconds
[2021-12-27 20:42:21,131] {scheduler_job.py:182} INFO - Started process (PID=4140) to work on /home/airflow/airflow-course/venv/lib/python3.8/site-packages/airflow/example_dags/example_short_circuit_operator.py
[2021-12-27 20:42:21,142] {scheduler_job.py:633} INFO - Processing file /home/airflow/airflow-course/venv/lib/python3.8/site-packages/airflow/example_dags/example_short_circuit_operator.py for tasks to queue
[2021-12-27 20:42:21,143] {logging_mixin.py:104} INFO - [2021-12-27 20:42:21,143] {dagbag.py:487} INFO - Filling up the DagBag from /home/airflow/airflow-course/venv/lib/python3.8/site-packages/airflow/example_dags/example_short_circuit_operator.py
[2021-12-27 20:42:21,169] {scheduler_job.py:643} INFO - DAG(s) dict_keys(['example_short_circuit_operator']) retrieved from /home/airflow/airflow-course/venv/lib/python3.8/site-packages/airflow/example_dags/example_short_circuit_operator.py
[2021-12-27 20:42:21,215] {logging_mixin.py:104} INFO - [2021-12-27 20:42:21,214] {dag.py:1832} INFO - Sync 1 DAGs
[2021-12-27 20:42:21,262] {logging_mixin.py:104} INFO - [2021-12-27 20:42:21,261] {dag.py:2305} INFO - Setting next_dagrun for example_short_circuit_operator to 2021-12-25 00:00:00+00:00
[2021-12-27 20:42:21,346] {scheduler_job.py:190} INFO - Processing /home/airflow/airflow-course/venv/lib/python3.8/site-packages/airflow/example_dags/example_short_circuit_operator.py took 0.220 seconds
[2021-12-27 20:42:51,415] {scheduler_job.py:182} INFO - Started process (PID=4340) to work on /home/airflow/airflow-course/venv/lib/python3.8/site-packages/airflow/example_dags/example_short_circuit_operator.py
[2021-12-27 20:42:51,417] {scheduler_job.py:633} INFO - Processing file /home/airflow/airflow-course/venv/lib/python3.8/site-packages/airflow/example_dags/example_short_circuit_operator.py for tasks to queue
[2021-12-27 20:42:51,421] {logging_mixin.py:104} INFO - [2021-12-27 20:42:51,421] {dagbag.py:487} INFO - Filling up the DagBag from /home/airflow/airflow-course/venv/lib/python3.8/site-packages/airflow/example_dags/example_short_circuit_operator.py
[2021-12-27 20:42:51,468] {scheduler_job.py:643} INFO - DAG(s) dict_keys(['example_short_circuit_operator']) retrieved from /home/airflow/airflow-course/venv/lib/python3.8/site-packages/airflow/example_dags/example_short_circuit_operator.py
[2021-12-27 20:42:51,526] {logging_mixin.py:104} INFO - [2021-12-27 20:42:51,526] {dag.py:1832} INFO - Sync 1 DAGs
[2021-12-27 20:42:51,556] {logging_mixin.py:104} INFO - [2021-12-27 20:42:51,556] {dag.py:2305} INFO - Setting next_dagrun for example_short_circuit_operator to 2021-12-25 00:00:00+00:00
[2021-12-27 20:42:51,657] {scheduler_job.py:190} INFO - Processing /home/airflow/airflow-course/venv/lib/python3.8/site-packages/airflow/example_dags/example_short_circuit_operator.py took 0.247 seconds
[2021-12-27 20:43:22,113] {scheduler_job.py:182} INFO - Started process (PID=4539) to work on /home/airflow/airflow-course/venv/lib/python3.8/site-packages/airflow/example_dags/example_short_circuit_operator.py
[2021-12-27 20:43:22,114] {scheduler_job.py:633} INFO - Processing file /home/airflow/airflow-course/venv/lib/python3.8/site-packages/airflow/example_dags/example_short_circuit_operator.py for tasks to queue
[2021-12-27 20:43:22,115] {logging_mixin.py:104} INFO - [2021-12-27 20:43:22,115] {dagbag.py:487} INFO - Filling up the DagBag from /home/airflow/airflow-course/venv/lib/python3.8/site-packages/airflow/example_dags/example_short_circuit_operator.py
[2021-12-27 20:43:22,142] {scheduler_job.py:643} INFO - DAG(s) dict_keys(['example_short_circuit_operator']) retrieved from /home/airflow/airflow-course/venv/lib/python3.8/site-packages/airflow/example_dags/example_short_circuit_operator.py
[2021-12-27 20:43:22,216] {logging_mixin.py:104} INFO - [2021-12-27 20:43:22,216] {dag.py:1832} INFO - Sync 1 DAGs
[2021-12-27 20:43:22,251] {logging_mixin.py:104} INFO - [2021-12-27 20:43:22,251] {dag.py:2305} INFO - Setting next_dagrun for example_short_circuit_operator to 2021-12-25 00:00:00+00:00
[2021-12-27 20:43:22,357] {scheduler_job.py:190} INFO - Processing /home/airflow/airflow-course/venv/lib/python3.8/site-packages/airflow/example_dags/example_short_circuit_operator.py took 0.260 seconds
[2021-12-27 20:43:53,017] {scheduler_job.py:182} INFO - Started process (PID=4738) to work on /home/airflow/airflow-course/venv/lib/python3.8/site-packages/airflow/example_dags/example_short_circuit_operator.py
[2021-12-27 20:43:53,023] {scheduler_job.py:633} INFO - Processing file /home/airflow/airflow-course/venv/lib/python3.8/site-packages/airflow/example_dags/example_short_circuit_operator.py for tasks to queue
[2021-12-27 20:43:53,024] {logging_mixin.py:104} INFO - [2021-12-27 20:43:53,024] {dagbag.py:487} INFO - Filling up the DagBag from /home/airflow/airflow-course/venv/lib/python3.8/site-packages/airflow/example_dags/example_short_circuit_operator.py
[2021-12-27 20:43:53,059] {scheduler_job.py:643} INFO - DAG(s) dict_keys(['example_short_circuit_operator']) retrieved from /home/airflow/airflow-course/venv/lib/python3.8/site-packages/airflow/example_dags/example_short_circuit_operator.py
[2021-12-27 20:43:53,103] {logging_mixin.py:104} INFO - [2021-12-27 20:43:53,103] {dag.py:1832} INFO - Sync 1 DAGs
[2021-12-27 20:43:53,255] {logging_mixin.py:104} INFO - [2021-12-27 20:43:53,255] {dag.py:2305} INFO - Setting next_dagrun for example_short_circuit_operator to 2021-12-25 00:00:00+00:00
[2021-12-27 20:43:53,272] {scheduler_job.py:190} INFO - Processing /home/airflow/airflow-course/venv/lib/python3.8/site-packages/airflow/example_dags/example_short_circuit_operator.py took 0.277 seconds
[2021-12-27 20:44:23,482] {scheduler_job.py:182} INFO - Started process (PID=4943) to work on /home/airflow/airflow-course/venv/lib/python3.8/site-packages/airflow/example_dags/example_short_circuit_operator.py
[2021-12-27 20:44:23,483] {scheduler_job.py:633} INFO - Processing file /home/airflow/airflow-course/venv/lib/python3.8/site-packages/airflow/example_dags/example_short_circuit_operator.py for tasks to queue
[2021-12-27 20:44:23,484] {logging_mixin.py:104} INFO - [2021-12-27 20:44:23,484] {dagbag.py:487} INFO - Filling up the DagBag from /home/airflow/airflow-course/venv/lib/python3.8/site-packages/airflow/example_dags/example_short_circuit_operator.py
[2021-12-27 20:44:23,500] {scheduler_job.py:643} INFO - DAG(s) dict_keys(['example_short_circuit_operator']) retrieved from /home/airflow/airflow-course/venv/lib/python3.8/site-packages/airflow/example_dags/example_short_circuit_operator.py
[2021-12-27 20:44:23,532] {logging_mixin.py:104} INFO - [2021-12-27 20:44:23,531] {dag.py:1832} INFO - Sync 1 DAGs
[2021-12-27 20:44:23,617] {logging_mixin.py:104} INFO - [2021-12-27 20:44:23,617] {dag.py:2305} INFO - Setting next_dagrun for example_short_circuit_operator to 2021-12-25 00:00:00+00:00
[2021-12-27 20:44:23,640] {scheduler_job.py:190} INFO - Processing /home/airflow/airflow-course/venv/lib/python3.8/site-packages/airflow/example_dags/example_short_circuit_operator.py took 0.162 seconds
[2021-12-27 20:44:54,363] {scheduler_job.py:182} INFO - Started process (PID=5377) to work on /home/airflow/airflow-course/venv/lib/python3.8/site-packages/airflow/example_dags/example_short_circuit_operator.py
[2021-12-27 20:44:54,373] {scheduler_job.py:633} INFO - Processing file /home/airflow/airflow-course/venv/lib/python3.8/site-packages/airflow/example_dags/example_short_circuit_operator.py for tasks to queue
[2021-12-27 20:44:54,374] {logging_mixin.py:104} INFO - [2021-12-27 20:44:54,374] {dagbag.py:487} INFO - Filling up the DagBag from /home/airflow/airflow-course/venv/lib/python3.8/site-packages/airflow/example_dags/example_short_circuit_operator.py
[2021-12-27 20:44:54,417] {scheduler_job.py:643} INFO - DAG(s) dict_keys(['example_short_circuit_operator']) retrieved from /home/airflow/airflow-course/venv/lib/python3.8/site-packages/airflow/example_dags/example_short_circuit_operator.py
[2021-12-27 20:44:54,511] {logging_mixin.py:104} INFO - [2021-12-27 20:44:54,511] {dag.py:1832} INFO - Sync 1 DAGs
[2021-12-27 20:44:54,694] {logging_mixin.py:104} INFO - [2021-12-27 20:44:54,694] {dag.py:2305} INFO - Setting next_dagrun for example_short_circuit_operator to 2021-12-25 00:00:00+00:00
[2021-12-27 20:44:54,708] {scheduler_job.py:190} INFO - Processing /home/airflow/airflow-course/venv/lib/python3.8/site-packages/airflow/example_dags/example_short_circuit_operator.py took 0.365 seconds
[2021-12-27 20:45:25,260] {scheduler_job.py:182} INFO - Started process (PID=5580) to work on /home/airflow/airflow-course/venv/lib/python3.8/site-packages/airflow/example_dags/example_short_circuit_operator.py
[2021-12-27 20:45:25,268] {scheduler_job.py:633} INFO - Processing file /home/airflow/airflow-course/venv/lib/python3.8/site-packages/airflow/example_dags/example_short_circuit_operator.py for tasks to queue
[2021-12-27 20:45:25,269] {logging_mixin.py:104} INFO - [2021-12-27 20:45:25,269] {dagbag.py:487} INFO - Filling up the DagBag from /home/airflow/airflow-course/venv/lib/python3.8/site-packages/airflow/example_dags/example_short_circuit_operator.py
[2021-12-27 20:45:25,301] {scheduler_job.py:643} INFO - DAG(s) dict_keys(['example_short_circuit_operator']) retrieved from /home/airflow/airflow-course/venv/lib/python3.8/site-packages/airflow/example_dags/example_short_circuit_operator.py
[2021-12-27 20:45:25,382] {logging_mixin.py:104} INFO - [2021-12-27 20:45:25,382] {dag.py:1832} INFO - Sync 1 DAGs
[2021-12-27 20:45:25,547] {logging_mixin.py:104} INFO - [2021-12-27 20:45:25,547] {dag.py:2305} INFO - Setting next_dagrun for example_short_circuit_operator to 2021-12-25 00:00:00+00:00
[2021-12-27 20:45:25,585] {scheduler_job.py:190} INFO - Processing /home/airflow/airflow-course/venv/lib/python3.8/site-packages/airflow/example_dags/example_short_circuit_operator.py took 0.346 seconds
[2021-12-27 20:45:55,651] {scheduler_job.py:182} INFO - Started process (PID=5780) to work on /home/airflow/airflow-course/venv/lib/python3.8/site-packages/airflow/example_dags/example_short_circuit_operator.py
[2021-12-27 20:45:55,666] {scheduler_job.py:633} INFO - Processing file /home/airflow/airflow-course/venv/lib/python3.8/site-packages/airflow/example_dags/example_short_circuit_operator.py for tasks to queue
[2021-12-27 20:45:55,669] {logging_mixin.py:104} INFO - [2021-12-27 20:45:55,669] {dagbag.py:487} INFO - Filling up the DagBag from /home/airflow/airflow-course/venv/lib/python3.8/site-packages/airflow/example_dags/example_short_circuit_operator.py
[2021-12-27 20:45:55,713] {scheduler_job.py:643} INFO - DAG(s) dict_keys(['example_short_circuit_operator']) retrieved from /home/airflow/airflow-course/venv/lib/python3.8/site-packages/airflow/example_dags/example_short_circuit_operator.py
[2021-12-27 20:45:55,790] {logging_mixin.py:104} INFO - [2021-12-27 20:45:55,789] {dag.py:1832} INFO - Sync 1 DAGs
[2021-12-27 20:45:55,962] {logging_mixin.py:104} INFO - [2021-12-27 20:45:55,962] {dag.py:2305} INFO - Setting next_dagrun for example_short_circuit_operator to 2021-12-25 00:00:00+00:00
[2021-12-27 20:45:55,998] {scheduler_job.py:190} INFO - Processing /home/airflow/airflow-course/venv/lib/python3.8/site-packages/airflow/example_dags/example_short_circuit_operator.py took 0.353 seconds
[2021-12-27 20:46:26,745] {scheduler_job.py:182} INFO - Started process (PID=5980) to work on /home/airflow/airflow-course/venv/lib/python3.8/site-packages/airflow/example_dags/example_short_circuit_operator.py
[2021-12-27 20:46:26,752] {scheduler_job.py:633} INFO - Processing file /home/airflow/airflow-course/venv/lib/python3.8/site-packages/airflow/example_dags/example_short_circuit_operator.py for tasks to queue
[2021-12-27 20:46:26,754] {logging_mixin.py:104} INFO - [2021-12-27 20:46:26,754] {dagbag.py:487} INFO - Filling up the DagBag from /home/airflow/airflow-course/venv/lib/python3.8/site-packages/airflow/example_dags/example_short_circuit_operator.py
[2021-12-27 20:46:26,799] {scheduler_job.py:643} INFO - DAG(s) dict_keys(['example_short_circuit_operator']) retrieved from /home/airflow/airflow-course/venv/lib/python3.8/site-packages/airflow/example_dags/example_short_circuit_operator.py
[2021-12-27 20:46:26,899] {logging_mixin.py:104} INFO - [2021-12-27 20:46:26,899] {dag.py:1832} INFO - Sync 1 DAGs
[2021-12-27 20:46:27,069] {logging_mixin.py:104} INFO - [2021-12-27 20:46:27,069] {dag.py:2305} INFO - Setting next_dagrun for example_short_circuit_operator to 2021-12-25 00:00:00+00:00
[2021-12-27 20:46:27,102] {scheduler_job.py:190} INFO - Processing /home/airflow/airflow-course/venv/lib/python3.8/site-packages/airflow/example_dags/example_short_circuit_operator.py took 0.380 seconds
