[2021-12-27 20:39:46,210] {scheduler_job.py:182} INFO - Started process (PID=2713) to work on /home/airflow/airflow-course/venv/lib/python3.8/site-packages/airflow/example_dags/example_external_task_marker_dag.py
[2021-12-27 20:39:46,220] {scheduler_job.py:633} INFO - Processing file /home/airflow/airflow-course/venv/lib/python3.8/site-packages/airflow/example_dags/example_external_task_marker_dag.py for tasks to queue
[2021-12-27 20:39:46,231] {logging_mixin.py:104} INFO - [2021-12-27 20:39:46,231] {dagbag.py:487} INFO - Filling up the DagBag from /home/airflow/airflow-course/venv/lib/python3.8/site-packages/airflow/example_dags/example_external_task_marker_dag.py
[2021-12-27 20:39:46,495] {scheduler_job.py:643} INFO - DAG(s) dict_keys(['example_external_task_marker_parent', 'example_external_task_marker_child']) retrieved from /home/airflow/airflow-course/venv/lib/python3.8/site-packages/airflow/example_dags/example_external_task_marker_dag.py
[2021-12-27 20:39:47,529] {logging_mixin.py:104} INFO - [2021-12-27 20:39:47,529] {dag.py:1832} INFO - Sync 2 DAGs
[2021-12-27 20:39:47,570] {logging_mixin.py:104} INFO - [2021-12-27 20:39:47,570] {dag.py:2305} INFO - Setting next_dagrun for example_external_task_marker_child to None
[2021-12-27 20:39:47,571] {logging_mixin.py:104} INFO - [2021-12-27 20:39:47,571] {dag.py:2305} INFO - Setting next_dagrun for example_external_task_marker_parent to None
[2021-12-27 20:39:47,615] {scheduler_job.py:190} INFO - Processing /home/airflow/airflow-course/venv/lib/python3.8/site-packages/airflow/example_dags/example_external_task_marker_dag.py took 1.459 seconds
[2021-12-27 20:40:18,291] {scheduler_job.py:182} INFO - Started process (PID=3206) to work on /home/airflow/airflow-course/venv/lib/python3.8/site-packages/airflow/example_dags/example_external_task_marker_dag.py
[2021-12-27 20:40:18,305] {scheduler_job.py:633} INFO - Processing file /home/airflow/airflow-course/venv/lib/python3.8/site-packages/airflow/example_dags/example_external_task_marker_dag.py for tasks to queue
[2021-12-27 20:40:18,307] {logging_mixin.py:104} INFO - [2021-12-27 20:40:18,307] {dagbag.py:487} INFO - Filling up the DagBag from /home/airflow/airflow-course/venv/lib/python3.8/site-packages/airflow/example_dags/example_external_task_marker_dag.py
[2021-12-27 20:40:18,330] {scheduler_job.py:643} INFO - DAG(s) dict_keys(['example_external_task_marker_parent', 'example_external_task_marker_child']) retrieved from /home/airflow/airflow-course/venv/lib/python3.8/site-packages/airflow/example_dags/example_external_task_marker_dag.py
[2021-12-27 20:40:19,167] {logging_mixin.py:104} INFO - [2021-12-27 20:40:19,166] {dag.py:1832} INFO - Sync 2 DAGs
[2021-12-27 20:40:19,194] {logging_mixin.py:104} INFO - [2021-12-27 20:40:19,194] {dag.py:2305} INFO - Setting next_dagrun for example_external_task_marker_child to None
[2021-12-27 20:40:19,202] {logging_mixin.py:104} INFO - [2021-12-27 20:40:19,202] {dag.py:2305} INFO - Setting next_dagrun for example_external_task_marker_parent to None
[2021-12-27 20:40:19,230] {scheduler_job.py:190} INFO - Processing /home/airflow/airflow-course/venv/lib/python3.8/site-packages/airflow/example_dags/example_external_task_marker_dag.py took 0.944 seconds
[2021-12-27 20:40:49,589] {scheduler_job.py:182} INFO - Started process (PID=3540) to work on /home/airflow/airflow-course/venv/lib/python3.8/site-packages/airflow/example_dags/example_external_task_marker_dag.py
[2021-12-27 20:40:49,598] {scheduler_job.py:633} INFO - Processing file /home/airflow/airflow-course/venv/lib/python3.8/site-packages/airflow/example_dags/example_external_task_marker_dag.py for tasks to queue
[2021-12-27 20:40:49,598] {logging_mixin.py:104} INFO - [2021-12-27 20:40:49,598] {dagbag.py:487} INFO - Filling up the DagBag from /home/airflow/airflow-course/venv/lib/python3.8/site-packages/airflow/example_dags/example_external_task_marker_dag.py
[2021-12-27 20:40:49,612] {scheduler_job.py:643} INFO - DAG(s) dict_keys(['example_external_task_marker_parent', 'example_external_task_marker_child']) retrieved from /home/airflow/airflow-course/venv/lib/python3.8/site-packages/airflow/example_dags/example_external_task_marker_dag.py
[2021-12-27 20:40:49,689] {logging_mixin.py:104} INFO - [2021-12-27 20:40:49,689] {dag.py:1832} INFO - Sync 2 DAGs
[2021-12-27 20:40:49,731] {logging_mixin.py:104} INFO - [2021-12-27 20:40:49,730] {dag.py:2305} INFO - Setting next_dagrun for example_external_task_marker_child to None
[2021-12-27 20:40:49,736] {logging_mixin.py:104} INFO - [2021-12-27 20:40:49,736] {dag.py:2305} INFO - Setting next_dagrun for example_external_task_marker_parent to None
[2021-12-27 20:40:49,778] {scheduler_job.py:190} INFO - Processing /home/airflow/airflow-course/venv/lib/python3.8/site-packages/airflow/example_dags/example_external_task_marker_dag.py took 0.193 seconds
[2021-12-27 20:41:20,276] {scheduler_job.py:182} INFO - Started process (PID=3741) to work on /home/airflow/airflow-course/venv/lib/python3.8/site-packages/airflow/example_dags/example_external_task_marker_dag.py
[2021-12-27 20:41:20,279] {scheduler_job.py:633} INFO - Processing file /home/airflow/airflow-course/venv/lib/python3.8/site-packages/airflow/example_dags/example_external_task_marker_dag.py for tasks to queue
[2021-12-27 20:41:20,283] {logging_mixin.py:104} INFO - [2021-12-27 20:41:20,282] {dagbag.py:487} INFO - Filling up the DagBag from /home/airflow/airflow-course/venv/lib/python3.8/site-packages/airflow/example_dags/example_external_task_marker_dag.py
[2021-12-27 20:41:20,312] {scheduler_job.py:643} INFO - DAG(s) dict_keys(['example_external_task_marker_parent', 'example_external_task_marker_child']) retrieved from /home/airflow/airflow-course/venv/lib/python3.8/site-packages/airflow/example_dags/example_external_task_marker_dag.py
[2021-12-27 20:41:21,057] {logging_mixin.py:104} INFO - [2021-12-27 20:41:21,057] {dag.py:1832} INFO - Sync 2 DAGs
[2021-12-27 20:41:21,076] {logging_mixin.py:104} INFO - [2021-12-27 20:41:21,076] {dag.py:2305} INFO - Setting next_dagrun for example_external_task_marker_child to None
[2021-12-27 20:41:21,076] {logging_mixin.py:104} INFO - [2021-12-27 20:41:21,076] {dag.py:2305} INFO - Setting next_dagrun for example_external_task_marker_parent to None
[2021-12-27 20:41:21,117] {scheduler_job.py:190} INFO - Processing /home/airflow/airflow-course/venv/lib/python3.8/site-packages/airflow/example_dags/example_external_task_marker_dag.py took 0.868 seconds
[2021-12-27 20:41:52,073] {scheduler_job.py:182} INFO - Started process (PID=3952) to work on /home/airflow/airflow-course/venv/lib/python3.8/site-packages/airflow/example_dags/example_external_task_marker_dag.py
[2021-12-27 20:41:52,076] {scheduler_job.py:633} INFO - Processing file /home/airflow/airflow-course/venv/lib/python3.8/site-packages/airflow/example_dags/example_external_task_marker_dag.py for tasks to queue
[2021-12-27 20:41:52,089] {logging_mixin.py:104} INFO - [2021-12-27 20:41:52,076] {dagbag.py:487} INFO - Filling up the DagBag from /home/airflow/airflow-course/venv/lib/python3.8/site-packages/airflow/example_dags/example_external_task_marker_dag.py
[2021-12-27 20:41:52,105] {scheduler_job.py:643} INFO - DAG(s) dict_keys(['example_external_task_marker_parent', 'example_external_task_marker_child']) retrieved from /home/airflow/airflow-course/venv/lib/python3.8/site-packages/airflow/example_dags/example_external_task_marker_dag.py
[2021-12-27 20:41:52,174] {logging_mixin.py:104} INFO - [2021-12-27 20:41:52,174] {dag.py:1832} INFO - Sync 2 DAGs
[2021-12-27 20:41:52,219] {logging_mixin.py:104} INFO - [2021-12-27 20:41:52,219] {dag.py:2305} INFO - Setting next_dagrun for example_external_task_marker_child to None
[2021-12-27 20:41:52,220] {logging_mixin.py:104} INFO - [2021-12-27 20:41:52,220] {dag.py:2305} INFO - Setting next_dagrun for example_external_task_marker_parent to None
[2021-12-27 20:41:52,240] {scheduler_job.py:190} INFO - Processing /home/airflow/airflow-course/venv/lib/python3.8/site-packages/airflow/example_dags/example_external_task_marker_dag.py took 0.171 seconds
[2021-12-27 20:42:22,321] {scheduler_job.py:182} INFO - Started process (PID=4152) to work on /home/airflow/airflow-course/venv/lib/python3.8/site-packages/airflow/example_dags/example_external_task_marker_dag.py
[2021-12-27 20:42:22,330] {scheduler_job.py:633} INFO - Processing file /home/airflow/airflow-course/venv/lib/python3.8/site-packages/airflow/example_dags/example_external_task_marker_dag.py for tasks to queue
[2021-12-27 20:42:22,330] {logging_mixin.py:104} INFO - [2021-12-27 20:42:22,330] {dagbag.py:487} INFO - Filling up the DagBag from /home/airflow/airflow-course/venv/lib/python3.8/site-packages/airflow/example_dags/example_external_task_marker_dag.py
[2021-12-27 20:42:22,345] {scheduler_job.py:643} INFO - DAG(s) dict_keys(['example_external_task_marker_parent', 'example_external_task_marker_child']) retrieved from /home/airflow/airflow-course/venv/lib/python3.8/site-packages/airflow/example_dags/example_external_task_marker_dag.py
[2021-12-27 20:42:22,660] {logging_mixin.py:104} INFO - [2021-12-27 20:42:22,658] {dag.py:1832} INFO - Sync 2 DAGs
[2021-12-27 20:42:22,668] {logging_mixin.py:104} INFO - [2021-12-27 20:42:22,668] {dag.py:2305} INFO - Setting next_dagrun for example_external_task_marker_child to None
[2021-12-27 20:42:22,670] {logging_mixin.py:104} INFO - [2021-12-27 20:42:22,669] {dag.py:2305} INFO - Setting next_dagrun for example_external_task_marker_parent to None
[2021-12-27 20:42:22,692] {scheduler_job.py:190} INFO - Processing /home/airflow/airflow-course/venv/lib/python3.8/site-packages/airflow/example_dags/example_external_task_marker_dag.py took 0.375 seconds
[2021-12-27 20:42:53,657] {scheduler_job.py:182} INFO - Started process (PID=4352) to work on /home/airflow/airflow-course/venv/lib/python3.8/site-packages/airflow/example_dags/example_external_task_marker_dag.py
[2021-12-27 20:42:53,664] {scheduler_job.py:633} INFO - Processing file /home/airflow/airflow-course/venv/lib/python3.8/site-packages/airflow/example_dags/example_external_task_marker_dag.py for tasks to queue
[2021-12-27 20:42:53,674] {logging_mixin.py:104} INFO - [2021-12-27 20:42:53,674] {dagbag.py:487} INFO - Filling up the DagBag from /home/airflow/airflow-course/venv/lib/python3.8/site-packages/airflow/example_dags/example_external_task_marker_dag.py
[2021-12-27 20:42:53,733] {scheduler_job.py:643} INFO - DAG(s) dict_keys(['example_external_task_marker_parent', 'example_external_task_marker_child']) retrieved from /home/airflow/airflow-course/venv/lib/python3.8/site-packages/airflow/example_dags/example_external_task_marker_dag.py
[2021-12-27 20:42:54,377] {logging_mixin.py:104} INFO - [2021-12-27 20:42:54,376] {dag.py:1832} INFO - Sync 2 DAGs
[2021-12-27 20:42:54,413] {logging_mixin.py:104} INFO - [2021-12-27 20:42:54,413] {dag.py:2305} INFO - Setting next_dagrun for example_external_task_marker_child to None
[2021-12-27 20:42:54,418] {logging_mixin.py:104} INFO - [2021-12-27 20:42:54,418] {dag.py:2305} INFO - Setting next_dagrun for example_external_task_marker_parent to None
[2021-12-27 20:42:54,450] {scheduler_job.py:190} INFO - Processing /home/airflow/airflow-course/venv/lib/python3.8/site-packages/airflow/example_dags/example_external_task_marker_dag.py took 0.797 seconds
[2021-12-27 20:43:25,297] {scheduler_job.py:182} INFO - Started process (PID=4551) to work on /home/airflow/airflow-course/venv/lib/python3.8/site-packages/airflow/example_dags/example_external_task_marker_dag.py
[2021-12-27 20:43:25,311] {scheduler_job.py:633} INFO - Processing file /home/airflow/airflow-course/venv/lib/python3.8/site-packages/airflow/example_dags/example_external_task_marker_dag.py for tasks to queue
[2021-12-27 20:43:25,312] {logging_mixin.py:104} INFO - [2021-12-27 20:43:25,312] {dagbag.py:487} INFO - Filling up the DagBag from /home/airflow/airflow-course/venv/lib/python3.8/site-packages/airflow/example_dags/example_external_task_marker_dag.py
[2021-12-27 20:43:25,391] {scheduler_job.py:643} INFO - DAG(s) dict_keys(['example_external_task_marker_parent', 'example_external_task_marker_child']) retrieved from /home/airflow/airflow-course/venv/lib/python3.8/site-packages/airflow/example_dags/example_external_task_marker_dag.py
[2021-12-27 20:43:26,208] {logging_mixin.py:104} INFO - [2021-12-27 20:43:26,208] {dag.py:1832} INFO - Sync 2 DAGs
[2021-12-27 20:43:26,231] {logging_mixin.py:104} INFO - [2021-12-27 20:43:26,231] {dag.py:2305} INFO - Setting next_dagrun for example_external_task_marker_child to None
[2021-12-27 20:43:26,232] {logging_mixin.py:104} INFO - [2021-12-27 20:43:26,232] {dag.py:2305} INFO - Setting next_dagrun for example_external_task_marker_parent to None
[2021-12-27 20:43:26,256] {scheduler_job.py:190} INFO - Processing /home/airflow/airflow-course/venv/lib/python3.8/site-packages/airflow/example_dags/example_external_task_marker_dag.py took 0.963 seconds
[2021-12-27 20:43:56,338] {scheduler_job.py:182} INFO - Started process (PID=4750) to work on /home/airflow/airflow-course/venv/lib/python3.8/site-packages/airflow/example_dags/example_external_task_marker_dag.py
[2021-12-27 20:43:56,340] {scheduler_job.py:633} INFO - Processing file /home/airflow/airflow-course/venv/lib/python3.8/site-packages/airflow/example_dags/example_external_task_marker_dag.py for tasks to queue
[2021-12-27 20:43:56,348] {logging_mixin.py:104} INFO - [2021-12-27 20:43:56,348] {dagbag.py:487} INFO - Filling up the DagBag from /home/airflow/airflow-course/venv/lib/python3.8/site-packages/airflow/example_dags/example_external_task_marker_dag.py
[2021-12-27 20:43:56,376] {scheduler_job.py:643} INFO - DAG(s) dict_keys(['example_external_task_marker_parent', 'example_external_task_marker_child']) retrieved from /home/airflow/airflow-course/venv/lib/python3.8/site-packages/airflow/example_dags/example_external_task_marker_dag.py
[2021-12-27 20:43:57,054] {logging_mixin.py:104} INFO - [2021-12-27 20:43:57,053] {dag.py:1832} INFO - Sync 2 DAGs
[2021-12-27 20:43:57,081] {logging_mixin.py:104} INFO - [2021-12-27 20:43:57,081] {dag.py:2305} INFO - Setting next_dagrun for example_external_task_marker_child to None
[2021-12-27 20:43:57,082] {logging_mixin.py:104} INFO - [2021-12-27 20:43:57,082] {dag.py:2305} INFO - Setting next_dagrun for example_external_task_marker_parent to None
[2021-12-27 20:43:57,117] {scheduler_job.py:190} INFO - Processing /home/airflow/airflow-course/venv/lib/python3.8/site-packages/airflow/example_dags/example_external_task_marker_dag.py took 0.795 seconds
[2021-12-27 20:44:27,528] {scheduler_job.py:182} INFO - Started process (PID=4949) to work on /home/airflow/airflow-course/venv/lib/python3.8/site-packages/airflow/example_dags/example_external_task_marker_dag.py
[2021-12-27 20:44:27,536] {scheduler_job.py:633} INFO - Processing file /home/airflow/airflow-course/venv/lib/python3.8/site-packages/airflow/example_dags/example_external_task_marker_dag.py for tasks to queue
[2021-12-27 20:44:27,538] {logging_mixin.py:104} INFO - [2021-12-27 20:44:27,538] {dagbag.py:487} INFO - Filling up the DagBag from /home/airflow/airflow-course/venv/lib/python3.8/site-packages/airflow/example_dags/example_external_task_marker_dag.py
[2021-12-27 20:44:27,575] {scheduler_job.py:643} INFO - DAG(s) dict_keys(['example_external_task_marker_parent', 'example_external_task_marker_child']) retrieved from /home/airflow/airflow-course/venv/lib/python3.8/site-packages/airflow/example_dags/example_external_task_marker_dag.py
[2021-12-27 20:44:28,296] {logging_mixin.py:104} INFO - [2021-12-27 20:44:28,295] {dag.py:1832} INFO - Sync 2 DAGs
[2021-12-27 20:44:28,319] {logging_mixin.py:104} INFO - [2021-12-27 20:44:28,319] {dag.py:2305} INFO - Setting next_dagrun for example_external_task_marker_child to None
[2021-12-27 20:44:28,325] {logging_mixin.py:104} INFO - [2021-12-27 20:44:28,325] {dag.py:2305} INFO - Setting next_dagrun for example_external_task_marker_parent to None
[2021-12-27 20:44:28,355] {scheduler_job.py:190} INFO - Processing /home/airflow/airflow-course/venv/lib/python3.8/site-packages/airflow/example_dags/example_external_task_marker_dag.py took 0.831 seconds
[2021-12-27 20:44:58,823] {scheduler_job.py:182} INFO - Started process (PID=5389) to work on /home/airflow/airflow-course/venv/lib/python3.8/site-packages/airflow/example_dags/example_external_task_marker_dag.py
[2021-12-27 20:44:58,831] {scheduler_job.py:633} INFO - Processing file /home/airflow/airflow-course/venv/lib/python3.8/site-packages/airflow/example_dags/example_external_task_marker_dag.py for tasks to queue
[2021-12-27 20:44:58,832] {logging_mixin.py:104} INFO - [2021-12-27 20:44:58,832] {dagbag.py:487} INFO - Filling up the DagBag from /home/airflow/airflow-course/venv/lib/python3.8/site-packages/airflow/example_dags/example_external_task_marker_dag.py
[2021-12-27 20:44:58,857] {scheduler_job.py:643} INFO - DAG(s) dict_keys(['example_external_task_marker_parent', 'example_external_task_marker_child']) retrieved from /home/airflow/airflow-course/venv/lib/python3.8/site-packages/airflow/example_dags/example_external_task_marker_dag.py
[2021-12-27 20:44:59,560] {logging_mixin.py:104} INFO - [2021-12-27 20:44:59,560] {dag.py:1832} INFO - Sync 2 DAGs
[2021-12-27 20:44:59,582] {logging_mixin.py:104} INFO - [2021-12-27 20:44:59,582] {dag.py:2305} INFO - Setting next_dagrun for example_external_task_marker_child to None
[2021-12-27 20:44:59,583] {logging_mixin.py:104} INFO - [2021-12-27 20:44:59,583] {dag.py:2305} INFO - Setting next_dagrun for example_external_task_marker_parent to None
[2021-12-27 20:44:59,619] {scheduler_job.py:190} INFO - Processing /home/airflow/airflow-course/venv/lib/python3.8/site-packages/airflow/example_dags/example_external_task_marker_dag.py took 0.817 seconds
[2021-12-27 20:45:30,709] {scheduler_job.py:182} INFO - Started process (PID=5592) to work on /home/airflow/airflow-course/venv/lib/python3.8/site-packages/airflow/example_dags/example_external_task_marker_dag.py
[2021-12-27 20:45:30,714] {scheduler_job.py:633} INFO - Processing file /home/airflow/airflow-course/venv/lib/python3.8/site-packages/airflow/example_dags/example_external_task_marker_dag.py for tasks to queue
[2021-12-27 20:45:30,718] {logging_mixin.py:104} INFO - [2021-12-27 20:45:30,718] {dagbag.py:487} INFO - Filling up the DagBag from /home/airflow/airflow-course/venv/lib/python3.8/site-packages/airflow/example_dags/example_external_task_marker_dag.py
[2021-12-27 20:45:30,759] {scheduler_job.py:643} INFO - DAG(s) dict_keys(['example_external_task_marker_parent', 'example_external_task_marker_child']) retrieved from /home/airflow/airflow-course/venv/lib/python3.8/site-packages/airflow/example_dags/example_external_task_marker_dag.py
[2021-12-27 20:45:31,447] {logging_mixin.py:104} INFO - [2021-12-27 20:45:31,447] {dag.py:1832} INFO - Sync 2 DAGs
[2021-12-27 20:45:31,472] {logging_mixin.py:104} INFO - [2021-12-27 20:45:31,472] {dag.py:2305} INFO - Setting next_dagrun for example_external_task_marker_child to None
[2021-12-27 20:45:31,473] {logging_mixin.py:104} INFO - [2021-12-27 20:45:31,473] {dag.py:2305} INFO - Setting next_dagrun for example_external_task_marker_parent to None
[2021-12-27 20:45:31,496] {scheduler_job.py:190} INFO - Processing /home/airflow/airflow-course/venv/lib/python3.8/site-packages/airflow/example_dags/example_external_task_marker_dag.py took 0.818 seconds
[2021-12-27 20:46:02,087] {scheduler_job.py:182} INFO - Started process (PID=5792) to work on /home/airflow/airflow-course/venv/lib/python3.8/site-packages/airflow/example_dags/example_external_task_marker_dag.py
[2021-12-27 20:46:02,092] {scheduler_job.py:633} INFO - Processing file /home/airflow/airflow-course/venv/lib/python3.8/site-packages/airflow/example_dags/example_external_task_marker_dag.py for tasks to queue
[2021-12-27 20:46:02,096] {logging_mixin.py:104} INFO - [2021-12-27 20:46:02,096] {dagbag.py:487} INFO - Filling up the DagBag from /home/airflow/airflow-course/venv/lib/python3.8/site-packages/airflow/example_dags/example_external_task_marker_dag.py
[2021-12-27 20:46:02,149] {scheduler_job.py:643} INFO - DAG(s) dict_keys(['example_external_task_marker_parent', 'example_external_task_marker_child']) retrieved from /home/airflow/airflow-course/venv/lib/python3.8/site-packages/airflow/example_dags/example_external_task_marker_dag.py
[2021-12-27 20:46:02,765] {logging_mixin.py:104} INFO - [2021-12-27 20:46:02,764] {dag.py:1832} INFO - Sync 2 DAGs
[2021-12-27 20:46:02,791] {logging_mixin.py:104} INFO - [2021-12-27 20:46:02,791] {dag.py:2305} INFO - Setting next_dagrun for example_external_task_marker_child to None
[2021-12-27 20:46:02,793] {logging_mixin.py:104} INFO - [2021-12-27 20:46:02,793] {dag.py:2305} INFO - Setting next_dagrun for example_external_task_marker_parent to None
[2021-12-27 20:46:02,827] {scheduler_job.py:190} INFO - Processing /home/airflow/airflow-course/venv/lib/python3.8/site-packages/airflow/example_dags/example_external_task_marker_dag.py took 0.752 seconds
[2021-12-27 20:46:33,237] {scheduler_job.py:182} INFO - Started process (PID=5992) to work on /home/airflow/airflow-course/venv/lib/python3.8/site-packages/airflow/example_dags/example_external_task_marker_dag.py
[2021-12-27 20:46:33,257] {scheduler_job.py:633} INFO - Processing file /home/airflow/airflow-course/venv/lib/python3.8/site-packages/airflow/example_dags/example_external_task_marker_dag.py for tasks to queue
[2021-12-27 20:46:33,263] {logging_mixin.py:104} INFO - [2021-12-27 20:46:33,263] {dagbag.py:487} INFO - Filling up the DagBag from /home/airflow/airflow-course/venv/lib/python3.8/site-packages/airflow/example_dags/example_external_task_marker_dag.py
[2021-12-27 20:46:33,325] {scheduler_job.py:643} INFO - DAG(s) dict_keys(['example_external_task_marker_parent', 'example_external_task_marker_child']) retrieved from /home/airflow/airflow-course/venv/lib/python3.8/site-packages/airflow/example_dags/example_external_task_marker_dag.py
[2021-12-27 20:46:33,994] {logging_mixin.py:104} INFO - [2021-12-27 20:46:33,994] {dag.py:1832} INFO - Sync 2 DAGs
[2021-12-27 20:46:34,025] {logging_mixin.py:104} INFO - [2021-12-27 20:46:34,025] {dag.py:2305} INFO - Setting next_dagrun for example_external_task_marker_child to None
[2021-12-27 20:46:34,026] {logging_mixin.py:104} INFO - [2021-12-27 20:46:34,026] {dag.py:2305} INFO - Setting next_dagrun for example_external_task_marker_parent to None
[2021-12-27 20:46:34,054] {scheduler_job.py:190} INFO - Processing /home/airflow/airflow-course/venv/lib/python3.8/site-packages/airflow/example_dags/example_external_task_marker_dag.py took 0.822 seconds
