[2021-12-27 20:39:51,999] {scheduler_job.py:182} INFO - Started process (PID=2912) to work on /home/airflow/airflow-course/venv/lib/python3.8/site-packages/airflow/example_dags/tutorial_taskflow_api_etl_virtualenv.py
[2021-12-27 20:39:52,023] {scheduler_job.py:633} INFO - Processing file /home/airflow/airflow-course/venv/lib/python3.8/site-packages/airflow/example_dags/tutorial_taskflow_api_etl_virtualenv.py for tasks to queue
[2021-12-27 20:39:52,026] {logging_mixin.py:104} INFO - [2021-12-27 20:39:52,026] {dagbag.py:487} INFO - Filling up the DagBag from /home/airflow/airflow-course/venv/lib/python3.8/site-packages/airflow/example_dags/tutorial_taskflow_api_etl_virtualenv.py
[2021-12-27 20:39:52,071] {scheduler_job.py:643} INFO - DAG(s) dict_keys(['tutorial_taskflow_api_etl_virtualenv']) retrieved from /home/airflow/airflow-course/venv/lib/python3.8/site-packages/airflow/example_dags/tutorial_taskflow_api_etl_virtualenv.py
[2021-12-27 20:39:52,870] {logging_mixin.py:104} INFO - [2021-12-27 20:39:52,870] {dag.py:1832} INFO - Sync 1 DAGs
[2021-12-27 20:39:52,893] {logging_mixin.py:104} INFO - [2021-12-27 20:39:52,893] {dag.py:2305} INFO - Setting next_dagrun for tutorial_taskflow_api_etl_virtualenv to None
[2021-12-27 20:39:52,928] {scheduler_job.py:190} INFO - Processing /home/airflow/airflow-course/venv/lib/python3.8/site-packages/airflow/example_dags/tutorial_taskflow_api_etl_virtualenv.py took 0.932 seconds
[2021-12-27 20:40:23,136] {scheduler_job.py:182} INFO - Started process (PID=3267) to work on /home/airflow/airflow-course/venv/lib/python3.8/site-packages/airflow/example_dags/tutorial_taskflow_api_etl_virtualenv.py
[2021-12-27 20:40:23,140] {scheduler_job.py:633} INFO - Processing file /home/airflow/airflow-course/venv/lib/python3.8/site-packages/airflow/example_dags/tutorial_taskflow_api_etl_virtualenv.py for tasks to queue
[2021-12-27 20:40:23,150] {logging_mixin.py:104} INFO - [2021-12-27 20:40:23,150] {dagbag.py:487} INFO - Filling up the DagBag from /home/airflow/airflow-course/venv/lib/python3.8/site-packages/airflow/example_dags/tutorial_taskflow_api_etl_virtualenv.py
[2021-12-27 20:40:23,177] {scheduler_job.py:643} INFO - DAG(s) dict_keys(['tutorial_taskflow_api_etl_virtualenv']) retrieved from /home/airflow/airflow-course/venv/lib/python3.8/site-packages/airflow/example_dags/tutorial_taskflow_api_etl_virtualenv.py
[2021-12-27 20:40:23,576] {logging_mixin.py:104} INFO - [2021-12-27 20:40:23,576] {dag.py:1832} INFO - Sync 1 DAGs
[2021-12-27 20:40:23,588] {logging_mixin.py:104} INFO - [2021-12-27 20:40:23,588] {dag.py:2305} INFO - Setting next_dagrun for tutorial_taskflow_api_etl_virtualenv to None
[2021-12-27 20:40:23,597] {scheduler_job.py:190} INFO - Processing /home/airflow/airflow-course/venv/lib/python3.8/site-packages/airflow/example_dags/tutorial_taskflow_api_etl_virtualenv.py took 0.472 seconds
[2021-12-27 20:40:54,365] {scheduler_job.py:182} INFO - Started process (PID=3606) to work on /home/airflow/airflow-course/venv/lib/python3.8/site-packages/airflow/example_dags/tutorial_taskflow_api_etl_virtualenv.py
[2021-12-27 20:40:54,373] {scheduler_job.py:633} INFO - Processing file /home/airflow/airflow-course/venv/lib/python3.8/site-packages/airflow/example_dags/tutorial_taskflow_api_etl_virtualenv.py for tasks to queue
[2021-12-27 20:40:54,374] {logging_mixin.py:104} INFO - [2021-12-27 20:40:54,374] {dagbag.py:487} INFO - Filling up the DagBag from /home/airflow/airflow-course/venv/lib/python3.8/site-packages/airflow/example_dags/tutorial_taskflow_api_etl_virtualenv.py
[2021-12-27 20:40:54,414] {scheduler_job.py:643} INFO - DAG(s) dict_keys(['tutorial_taskflow_api_etl_virtualenv']) retrieved from /home/airflow/airflow-course/venv/lib/python3.8/site-packages/airflow/example_dags/tutorial_taskflow_api_etl_virtualenv.py
[2021-12-27 20:40:54,880] {logging_mixin.py:104} INFO - [2021-12-27 20:40:54,880] {dag.py:1832} INFO - Sync 1 DAGs
[2021-12-27 20:40:54,895] {logging_mixin.py:104} INFO - [2021-12-27 20:40:54,895] {dag.py:2305} INFO - Setting next_dagrun for tutorial_taskflow_api_etl_virtualenv to None
[2021-12-27 20:40:54,915] {scheduler_job.py:190} INFO - Processing /home/airflow/airflow-course/venv/lib/python3.8/site-packages/airflow/example_dags/tutorial_taskflow_api_etl_virtualenv.py took 0.555 seconds
[2021-12-27 20:41:25,234] {scheduler_job.py:182} INFO - Started process (PID=3807) to work on /home/airflow/airflow-course/venv/lib/python3.8/site-packages/airflow/example_dags/tutorial_taskflow_api_etl_virtualenv.py
[2021-12-27 20:41:25,242] {scheduler_job.py:633} INFO - Processing file /home/airflow/airflow-course/venv/lib/python3.8/site-packages/airflow/example_dags/tutorial_taskflow_api_etl_virtualenv.py for tasks to queue
[2021-12-27 20:41:25,254] {logging_mixin.py:104} INFO - [2021-12-27 20:41:25,253] {dagbag.py:487} INFO - Filling up the DagBag from /home/airflow/airflow-course/venv/lib/python3.8/site-packages/airflow/example_dags/tutorial_taskflow_api_etl_virtualenv.py
[2021-12-27 20:41:25,300] {scheduler_job.py:643} INFO - DAG(s) dict_keys(['tutorial_taskflow_api_etl_virtualenv']) retrieved from /home/airflow/airflow-course/venv/lib/python3.8/site-packages/airflow/example_dags/tutorial_taskflow_api_etl_virtualenv.py
[2021-12-27 20:41:25,838] {logging_mixin.py:104} INFO - [2021-12-27 20:41:25,838] {dag.py:1832} INFO - Sync 1 DAGs
[2021-12-27 20:41:25,847] {logging_mixin.py:104} INFO - [2021-12-27 20:41:25,847] {dag.py:2305} INFO - Setting next_dagrun for tutorial_taskflow_api_etl_virtualenv to None
[2021-12-27 20:41:25,864] {scheduler_job.py:190} INFO - Processing /home/airflow/airflow-course/venv/lib/python3.8/site-packages/airflow/example_dags/tutorial_taskflow_api_etl_virtualenv.py took 0.635 seconds
[2021-12-27 20:41:56,734] {scheduler_job.py:182} INFO - Started process (PID=4018) to work on /home/airflow/airflow-course/venv/lib/python3.8/site-packages/airflow/example_dags/tutorial_taskflow_api_etl_virtualenv.py
[2021-12-27 20:41:56,736] {scheduler_job.py:633} INFO - Processing file /home/airflow/airflow-course/venv/lib/python3.8/site-packages/airflow/example_dags/tutorial_taskflow_api_etl_virtualenv.py for tasks to queue
[2021-12-27 20:41:56,737] {logging_mixin.py:104} INFO - [2021-12-27 20:41:56,736] {dagbag.py:487} INFO - Filling up the DagBag from /home/airflow/airflow-course/venv/lib/python3.8/site-packages/airflow/example_dags/tutorial_taskflow_api_etl_virtualenv.py
[2021-12-27 20:41:56,765] {scheduler_job.py:643} INFO - DAG(s) dict_keys(['tutorial_taskflow_api_etl_virtualenv']) retrieved from /home/airflow/airflow-course/venv/lib/python3.8/site-packages/airflow/example_dags/tutorial_taskflow_api_etl_virtualenv.py
[2021-12-27 20:41:57,100] {logging_mixin.py:104} INFO - [2021-12-27 20:41:57,100] {dag.py:1832} INFO - Sync 1 DAGs
[2021-12-27 20:41:57,109] {logging_mixin.py:104} INFO - [2021-12-27 20:41:57,109] {dag.py:2305} INFO - Setting next_dagrun for tutorial_taskflow_api_etl_virtualenv to None
[2021-12-27 20:41:57,129] {scheduler_job.py:190} INFO - Processing /home/airflow/airflow-course/venv/lib/python3.8/site-packages/airflow/example_dags/tutorial_taskflow_api_etl_virtualenv.py took 0.403 seconds
[2021-12-27 20:42:27,357] {scheduler_job.py:182} INFO - Started process (PID=4218) to work on /home/airflow/airflow-course/venv/lib/python3.8/site-packages/airflow/example_dags/tutorial_taskflow_api_etl_virtualenv.py
[2021-12-27 20:42:27,358] {scheduler_job.py:633} INFO - Processing file /home/airflow/airflow-course/venv/lib/python3.8/site-packages/airflow/example_dags/tutorial_taskflow_api_etl_virtualenv.py for tasks to queue
[2021-12-27 20:42:27,359] {logging_mixin.py:104} INFO - [2021-12-27 20:42:27,359] {dagbag.py:487} INFO - Filling up the DagBag from /home/airflow/airflow-course/venv/lib/python3.8/site-packages/airflow/example_dags/tutorial_taskflow_api_etl_virtualenv.py
[2021-12-27 20:42:27,381] {scheduler_job.py:643} INFO - DAG(s) dict_keys(['tutorial_taskflow_api_etl_virtualenv']) retrieved from /home/airflow/airflow-course/venv/lib/python3.8/site-packages/airflow/example_dags/tutorial_taskflow_api_etl_virtualenv.py
[2021-12-27 20:42:27,994] {logging_mixin.py:104} INFO - [2021-12-27 20:42:27,994] {dag.py:1832} INFO - Sync 1 DAGs
[2021-12-27 20:42:28,070] {logging_mixin.py:104} INFO - [2021-12-27 20:42:28,070] {dag.py:2305} INFO - Setting next_dagrun for tutorial_taskflow_api_etl_virtualenv to None
[2021-12-27 20:42:28,087] {scheduler_job.py:190} INFO - Processing /home/airflow/airflow-course/venv/lib/python3.8/site-packages/airflow/example_dags/tutorial_taskflow_api_etl_virtualenv.py took 0.737 seconds
[2021-12-27 20:42:58,160] {scheduler_job.py:182} INFO - Started process (PID=4424) to work on /home/airflow/airflow-course/venv/lib/python3.8/site-packages/airflow/example_dags/tutorial_taskflow_api_etl_virtualenv.py
[2021-12-27 20:42:58,170] {scheduler_job.py:633} INFO - Processing file /home/airflow/airflow-course/venv/lib/python3.8/site-packages/airflow/example_dags/tutorial_taskflow_api_etl_virtualenv.py for tasks to queue
[2021-12-27 20:42:58,171] {logging_mixin.py:104} INFO - [2021-12-27 20:42:58,170] {dagbag.py:487} INFO - Filling up the DagBag from /home/airflow/airflow-course/venv/lib/python3.8/site-packages/airflow/example_dags/tutorial_taskflow_api_etl_virtualenv.py
[2021-12-27 20:42:58,210] {scheduler_job.py:643} INFO - DAG(s) dict_keys(['tutorial_taskflow_api_etl_virtualenv']) retrieved from /home/airflow/airflow-course/venv/lib/python3.8/site-packages/airflow/example_dags/tutorial_taskflow_api_etl_virtualenv.py
[2021-12-27 20:42:58,804] {logging_mixin.py:104} INFO - [2021-12-27 20:42:58,804] {dag.py:1832} INFO - Sync 1 DAGs
[2021-12-27 20:42:58,826] {logging_mixin.py:104} INFO - [2021-12-27 20:42:58,826] {dag.py:2305} INFO - Setting next_dagrun for tutorial_taskflow_api_etl_virtualenv to None
[2021-12-27 20:42:58,851] {scheduler_job.py:190} INFO - Processing /home/airflow/airflow-course/venv/lib/python3.8/site-packages/airflow/example_dags/tutorial_taskflow_api_etl_virtualenv.py took 0.695 seconds
[2021-12-27 20:43:28,888] {scheduler_job.py:182} INFO - Started process (PID=4627) to work on /home/airflow/airflow-course/venv/lib/python3.8/site-packages/airflow/example_dags/tutorial_taskflow_api_etl_virtualenv.py
[2021-12-27 20:43:28,890] {scheduler_job.py:633} INFO - Processing file /home/airflow/airflow-course/venv/lib/python3.8/site-packages/airflow/example_dags/tutorial_taskflow_api_etl_virtualenv.py for tasks to queue
[2021-12-27 20:43:28,902] {logging_mixin.py:104} INFO - [2021-12-27 20:43:28,902] {dagbag.py:487} INFO - Filling up the DagBag from /home/airflow/airflow-course/venv/lib/python3.8/site-packages/airflow/example_dags/tutorial_taskflow_api_etl_virtualenv.py
[2021-12-27 20:43:28,946] {scheduler_job.py:643} INFO - DAG(s) dict_keys(['tutorial_taskflow_api_etl_virtualenv']) retrieved from /home/airflow/airflow-course/venv/lib/python3.8/site-packages/airflow/example_dags/tutorial_taskflow_api_etl_virtualenv.py
[2021-12-27 20:43:29,437] {logging_mixin.py:104} INFO - [2021-12-27 20:43:29,437] {dag.py:1832} INFO - Sync 1 DAGs
[2021-12-27 20:43:29,446] {logging_mixin.py:104} INFO - [2021-12-27 20:43:29,446] {dag.py:2305} INFO - Setting next_dagrun for tutorial_taskflow_api_etl_virtualenv to None
[2021-12-27 20:43:29,469] {scheduler_job.py:190} INFO - Processing /home/airflow/airflow-course/venv/lib/python3.8/site-packages/airflow/example_dags/tutorial_taskflow_api_etl_virtualenv.py took 0.586 seconds
[2021-12-27 20:43:59,669] {scheduler_job.py:182} INFO - Started process (PID=4832) to work on /home/airflow/airflow-course/venv/lib/python3.8/site-packages/airflow/example_dags/tutorial_taskflow_api_etl_virtualenv.py
[2021-12-27 20:43:59,673] {scheduler_job.py:633} INFO - Processing file /home/airflow/airflow-course/venv/lib/python3.8/site-packages/airflow/example_dags/tutorial_taskflow_api_etl_virtualenv.py for tasks to queue
[2021-12-27 20:43:59,678] {logging_mixin.py:104} INFO - [2021-12-27 20:43:59,678] {dagbag.py:487} INFO - Filling up the DagBag from /home/airflow/airflow-course/venv/lib/python3.8/site-packages/airflow/example_dags/tutorial_taskflow_api_etl_virtualenv.py
[2021-12-27 20:43:59,719] {scheduler_job.py:643} INFO - DAG(s) dict_keys(['tutorial_taskflow_api_etl_virtualenv']) retrieved from /home/airflow/airflow-course/venv/lib/python3.8/site-packages/airflow/example_dags/tutorial_taskflow_api_etl_virtualenv.py
[2021-12-27 20:44:00,097] {logging_mixin.py:104} INFO - [2021-12-27 20:44:00,097] {dag.py:1832} INFO - Sync 1 DAGs
[2021-12-27 20:44:00,105] {logging_mixin.py:104} INFO - [2021-12-27 20:44:00,105] {dag.py:2305} INFO - Setting next_dagrun for tutorial_taskflow_api_etl_virtualenv to None
[2021-12-27 20:44:00,123] {scheduler_job.py:190} INFO - Processing /home/airflow/airflow-course/venv/lib/python3.8/site-packages/airflow/example_dags/tutorial_taskflow_api_etl_virtualenv.py took 0.457 seconds
[2021-12-27 20:44:30,231] {scheduler_job.py:182} INFO - Started process (PID=5013) to work on /home/airflow/airflow-course/venv/lib/python3.8/site-packages/airflow/example_dags/tutorial_taskflow_api_etl_virtualenv.py
[2021-12-27 20:44:30,244] {scheduler_job.py:633} INFO - Processing file /home/airflow/airflow-course/venv/lib/python3.8/site-packages/airflow/example_dags/tutorial_taskflow_api_etl_virtualenv.py for tasks to queue
[2021-12-27 20:44:30,249] {logging_mixin.py:104} INFO - [2021-12-27 20:44:30,249] {dagbag.py:487} INFO - Filling up the DagBag from /home/airflow/airflow-course/venv/lib/python3.8/site-packages/airflow/example_dags/tutorial_taskflow_api_etl_virtualenv.py
[2021-12-27 20:44:30,287] {scheduler_job.py:643} INFO - DAG(s) dict_keys(['tutorial_taskflow_api_etl_virtualenv']) retrieved from /home/airflow/airflow-course/venv/lib/python3.8/site-packages/airflow/example_dags/tutorial_taskflow_api_etl_virtualenv.py
[2021-12-27 20:44:30,985] {logging_mixin.py:104} INFO - [2021-12-27 20:44:30,985] {dag.py:1832} INFO - Sync 1 DAGs
[2021-12-27 20:44:31,004] {logging_mixin.py:104} INFO - [2021-12-27 20:44:31,004] {dag.py:2305} INFO - Setting next_dagrun for tutorial_taskflow_api_etl_virtualenv to None
[2021-12-27 20:44:31,033] {scheduler_job.py:190} INFO - Processing /home/airflow/airflow-course/venv/lib/python3.8/site-packages/airflow/example_dags/tutorial_taskflow_api_etl_virtualenv.py took 0.807 seconds
[2021-12-27 20:45:01,789] {scheduler_job.py:182} INFO - Started process (PID=5462) to work on /home/airflow/airflow-course/venv/lib/python3.8/site-packages/airflow/example_dags/tutorial_taskflow_api_etl_virtualenv.py
[2021-12-27 20:45:01,796] {scheduler_job.py:633} INFO - Processing file /home/airflow/airflow-course/venv/lib/python3.8/site-packages/airflow/example_dags/tutorial_taskflow_api_etl_virtualenv.py for tasks to queue
[2021-12-27 20:45:01,801] {logging_mixin.py:104} INFO - [2021-12-27 20:45:01,800] {dagbag.py:487} INFO - Filling up the DagBag from /home/airflow/airflow-course/venv/lib/python3.8/site-packages/airflow/example_dags/tutorial_taskflow_api_etl_virtualenv.py
[2021-12-27 20:45:01,854] {scheduler_job.py:643} INFO - DAG(s) dict_keys(['tutorial_taskflow_api_etl_virtualenv']) retrieved from /home/airflow/airflow-course/venv/lib/python3.8/site-packages/airflow/example_dags/tutorial_taskflow_api_etl_virtualenv.py
[2021-12-27 20:45:02,577] {logging_mixin.py:104} INFO - [2021-12-27 20:45:02,577] {dag.py:1832} INFO - Sync 1 DAGs
[2021-12-27 20:45:02,628] {logging_mixin.py:104} INFO - [2021-12-27 20:45:02,628] {dag.py:2305} INFO - Setting next_dagrun for tutorial_taskflow_api_etl_virtualenv to None
[2021-12-27 20:45:02,674] {scheduler_job.py:190} INFO - Processing /home/airflow/airflow-course/venv/lib/python3.8/site-packages/airflow/example_dags/tutorial_taskflow_api_etl_virtualenv.py took 0.894 seconds
[2021-12-27 20:45:33,872] {scheduler_job.py:182} INFO - Started process (PID=5668) to work on /home/airflow/airflow-course/venv/lib/python3.8/site-packages/airflow/example_dags/tutorial_taskflow_api_etl_virtualenv.py
[2021-12-27 20:45:33,890] {scheduler_job.py:633} INFO - Processing file /home/airflow/airflow-course/venv/lib/python3.8/site-packages/airflow/example_dags/tutorial_taskflow_api_etl_virtualenv.py for tasks to queue
[2021-12-27 20:45:33,894] {logging_mixin.py:104} INFO - [2021-12-27 20:45:33,894] {dagbag.py:487} INFO - Filling up the DagBag from /home/airflow/airflow-course/venv/lib/python3.8/site-packages/airflow/example_dags/tutorial_taskflow_api_etl_virtualenv.py
[2021-12-27 20:45:33,932] {scheduler_job.py:643} INFO - DAG(s) dict_keys(['tutorial_taskflow_api_etl_virtualenv']) retrieved from /home/airflow/airflow-course/venv/lib/python3.8/site-packages/airflow/example_dags/tutorial_taskflow_api_etl_virtualenv.py
[2021-12-27 20:45:34,631] {logging_mixin.py:104} INFO - [2021-12-27 20:45:34,631] {dag.py:1832} INFO - Sync 1 DAGs
[2021-12-27 20:45:34,672] {logging_mixin.py:104} INFO - [2021-12-27 20:45:34,671] {dag.py:2305} INFO - Setting next_dagrun for tutorial_taskflow_api_etl_virtualenv to None
[2021-12-27 20:45:34,696] {scheduler_job.py:190} INFO - Processing /home/airflow/airflow-course/venv/lib/python3.8/site-packages/airflow/example_dags/tutorial_taskflow_api_etl_virtualenv.py took 0.827 seconds
[2021-12-27 20:46:05,108] {scheduler_job.py:182} INFO - Started process (PID=5874) to work on /home/airflow/airflow-course/venv/lib/python3.8/site-packages/airflow/example_dags/tutorial_taskflow_api_etl_virtualenv.py
[2021-12-27 20:46:05,109] {scheduler_job.py:633} INFO - Processing file /home/airflow/airflow-course/venv/lib/python3.8/site-packages/airflow/example_dags/tutorial_taskflow_api_etl_virtualenv.py for tasks to queue
[2021-12-27 20:46:05,110] {logging_mixin.py:104} INFO - [2021-12-27 20:46:05,110] {dagbag.py:487} INFO - Filling up the DagBag from /home/airflow/airflow-course/venv/lib/python3.8/site-packages/airflow/example_dags/tutorial_taskflow_api_etl_virtualenv.py
[2021-12-27 20:46:05,175] {scheduler_job.py:643} INFO - DAG(s) dict_keys(['tutorial_taskflow_api_etl_virtualenv']) retrieved from /home/airflow/airflow-course/venv/lib/python3.8/site-packages/airflow/example_dags/tutorial_taskflow_api_etl_virtualenv.py
[2021-12-27 20:46:05,954] {logging_mixin.py:104} INFO - [2021-12-27 20:46:05,954] {dag.py:1832} INFO - Sync 1 DAGs
[2021-12-27 20:46:05,989] {logging_mixin.py:104} INFO - [2021-12-27 20:46:05,989] {dag.py:2305} INFO - Setting next_dagrun for tutorial_taskflow_api_etl_virtualenv to None
[2021-12-27 20:46:06,013] {scheduler_job.py:190} INFO - Processing /home/airflow/airflow-course/venv/lib/python3.8/site-packages/airflow/example_dags/tutorial_taskflow_api_etl_virtualenv.py took 0.922 seconds
[2021-12-27 20:46:36,588] {scheduler_job.py:182} INFO - Started process (PID=6080) to work on /home/airflow/airflow-course/venv/lib/python3.8/site-packages/airflow/example_dags/tutorial_taskflow_api_etl_virtualenv.py
[2021-12-27 20:46:36,595] {scheduler_job.py:633} INFO - Processing file /home/airflow/airflow-course/venv/lib/python3.8/site-packages/airflow/example_dags/tutorial_taskflow_api_etl_virtualenv.py for tasks to queue
[2021-12-27 20:46:36,596] {logging_mixin.py:104} INFO - [2021-12-27 20:46:36,596] {dagbag.py:487} INFO - Filling up the DagBag from /home/airflow/airflow-course/venv/lib/python3.8/site-packages/airflow/example_dags/tutorial_taskflow_api_etl_virtualenv.py
[2021-12-27 20:46:36,667] {scheduler_job.py:643} INFO - DAG(s) dict_keys(['tutorial_taskflow_api_etl_virtualenv']) retrieved from /home/airflow/airflow-course/venv/lib/python3.8/site-packages/airflow/example_dags/tutorial_taskflow_api_etl_virtualenv.py
[2021-12-27 20:46:37,354] {logging_mixin.py:104} INFO - [2021-12-27 20:46:37,354] {dag.py:1832} INFO - Sync 1 DAGs
[2021-12-27 20:46:37,377] {logging_mixin.py:104} INFO - [2021-12-27 20:46:37,377] {dag.py:2305} INFO - Setting next_dagrun for tutorial_taskflow_api_etl_virtualenv to None
[2021-12-27 20:46:37,397] {scheduler_job.py:190} INFO - Processing /home/airflow/airflow-course/venv/lib/python3.8/site-packages/airflow/example_dags/tutorial_taskflow_api_etl_virtualenv.py took 0.840 seconds
