[2021-12-27 20:39:52,971] {scheduler_job.py:182} INFO - Started process (PID=2949) to work on /home/airflow/airflow-course/venv/lib/python3.8/site-packages/airflow/example_dags/tutorial_etl_dag.py
[2021-12-27 20:39:52,974] {scheduler_job.py:633} INFO - Processing file /home/airflow/airflow-course/venv/lib/python3.8/site-packages/airflow/example_dags/tutorial_etl_dag.py for tasks to queue
[2021-12-27 20:39:52,983] {logging_mixin.py:104} INFO - [2021-12-27 20:39:52,983] {dagbag.py:487} INFO - Filling up the DagBag from /home/airflow/airflow-course/venv/lib/python3.8/site-packages/airflow/example_dags/tutorial_etl_dag.py
[2021-12-27 20:39:53,008] {scheduler_job.py:643} INFO - DAG(s) dict_keys(['tutorial_etl_dag']) retrieved from /home/airflow/airflow-course/venv/lib/python3.8/site-packages/airflow/example_dags/tutorial_etl_dag.py
[2021-12-27 20:39:53,637] {logging_mixin.py:104} INFO - [2021-12-27 20:39:53,637] {dag.py:1832} INFO - Sync 1 DAGs
[2021-12-27 20:39:53,659] {logging_mixin.py:104} INFO - [2021-12-27 20:39:53,659] {dag.py:2305} INFO - Setting next_dagrun for tutorial_etl_dag to None
[2021-12-27 20:39:53,687] {scheduler_job.py:190} INFO - Processing /home/airflow/airflow-course/venv/lib/python3.8/site-packages/airflow/example_dags/tutorial_etl_dag.py took 0.720 seconds
[2021-12-27 20:40:23,747] {scheduler_job.py:182} INFO - Started process (PID=3284) to work on /home/airflow/airflow-course/venv/lib/python3.8/site-packages/airflow/example_dags/tutorial_etl_dag.py
[2021-12-27 20:40:23,748] {scheduler_job.py:633} INFO - Processing file /home/airflow/airflow-course/venv/lib/python3.8/site-packages/airflow/example_dags/tutorial_etl_dag.py for tasks to queue
[2021-12-27 20:40:23,749] {logging_mixin.py:104} INFO - [2021-12-27 20:40:23,749] {dagbag.py:487} INFO - Filling up the DagBag from /home/airflow/airflow-course/venv/lib/python3.8/site-packages/airflow/example_dags/tutorial_etl_dag.py
[2021-12-27 20:40:23,767] {scheduler_job.py:643} INFO - DAG(s) dict_keys(['tutorial_etl_dag']) retrieved from /home/airflow/airflow-course/venv/lib/python3.8/site-packages/airflow/example_dags/tutorial_etl_dag.py
[2021-12-27 20:40:23,795] {logging_mixin.py:104} INFO - [2021-12-27 20:40:23,794] {dag.py:1832} INFO - Sync 1 DAGs
[2021-12-27 20:40:23,814] {logging_mixin.py:104} INFO - [2021-12-27 20:40:23,814] {dag.py:2305} INFO - Setting next_dagrun for tutorial_etl_dag to None
[2021-12-27 20:40:23,838] {scheduler_job.py:190} INFO - Processing /home/airflow/airflow-course/venv/lib/python3.8/site-packages/airflow/example_dags/tutorial_etl_dag.py took 0.095 seconds
[2021-12-27 20:40:54,552] {scheduler_job.py:182} INFO - Started process (PID=3616) to work on /home/airflow/airflow-course/venv/lib/python3.8/site-packages/airflow/example_dags/tutorial_etl_dag.py
[2021-12-27 20:40:54,554] {scheduler_job.py:633} INFO - Processing file /home/airflow/airflow-course/venv/lib/python3.8/site-packages/airflow/example_dags/tutorial_etl_dag.py for tasks to queue
[2021-12-27 20:40:54,554] {logging_mixin.py:104} INFO - [2021-12-27 20:40:54,554] {dagbag.py:487} INFO - Filling up the DagBag from /home/airflow/airflow-course/venv/lib/python3.8/site-packages/airflow/example_dags/tutorial_etl_dag.py
[2021-12-27 20:40:54,586] {scheduler_job.py:643} INFO - DAG(s) dict_keys(['tutorial_etl_dag']) retrieved from /home/airflow/airflow-course/venv/lib/python3.8/site-packages/airflow/example_dags/tutorial_etl_dag.py
[2021-12-27 20:40:54,656] {logging_mixin.py:104} INFO - [2021-12-27 20:40:54,656] {dag.py:1832} INFO - Sync 1 DAGs
[2021-12-27 20:40:54,686] {logging_mixin.py:104} INFO - [2021-12-27 20:40:54,686] {dag.py:2305} INFO - Setting next_dagrun for tutorial_etl_dag to None
[2021-12-27 20:40:54,716] {scheduler_job.py:190} INFO - Processing /home/airflow/airflow-course/venv/lib/python3.8/site-packages/airflow/example_dags/tutorial_etl_dag.py took 0.167 seconds
[2021-12-27 20:41:25,450] {scheduler_job.py:182} INFO - Started process (PID=3817) to work on /home/airflow/airflow-course/venv/lib/python3.8/site-packages/airflow/example_dags/tutorial_etl_dag.py
[2021-12-27 20:41:25,452] {scheduler_job.py:633} INFO - Processing file /home/airflow/airflow-course/venv/lib/python3.8/site-packages/airflow/example_dags/tutorial_etl_dag.py for tasks to queue
[2021-12-27 20:41:25,453] {logging_mixin.py:104} INFO - [2021-12-27 20:41:25,453] {dagbag.py:487} INFO - Filling up the DagBag from /home/airflow/airflow-course/venv/lib/python3.8/site-packages/airflow/example_dags/tutorial_etl_dag.py
[2021-12-27 20:41:25,467] {scheduler_job.py:643} INFO - DAG(s) dict_keys(['tutorial_etl_dag']) retrieved from /home/airflow/airflow-course/venv/lib/python3.8/site-packages/airflow/example_dags/tutorial_etl_dag.py
[2021-12-27 20:41:25,576] {logging_mixin.py:104} INFO - [2021-12-27 20:41:25,576] {dag.py:1832} INFO - Sync 1 DAGs
[2021-12-27 20:41:25,609] {logging_mixin.py:104} INFO - [2021-12-27 20:41:25,609] {dag.py:2305} INFO - Setting next_dagrun for tutorial_etl_dag to None
[2021-12-27 20:41:25,646] {scheduler_job.py:190} INFO - Processing /home/airflow/airflow-course/venv/lib/python3.8/site-packages/airflow/example_dags/tutorial_etl_dag.py took 0.214 seconds
[2021-12-27 20:41:55,713] {scheduler_job.py:182} INFO - Started process (PID=4012) to work on /home/airflow/airflow-course/venv/lib/python3.8/site-packages/airflow/example_dags/tutorial_etl_dag.py
[2021-12-27 20:41:55,714] {scheduler_job.py:633} INFO - Processing file /home/airflow/airflow-course/venv/lib/python3.8/site-packages/airflow/example_dags/tutorial_etl_dag.py for tasks to queue
[2021-12-27 20:41:55,715] {logging_mixin.py:104} INFO - [2021-12-27 20:41:55,715] {dagbag.py:487} INFO - Filling up the DagBag from /home/airflow/airflow-course/venv/lib/python3.8/site-packages/airflow/example_dags/tutorial_etl_dag.py
[2021-12-27 20:41:55,734] {scheduler_job.py:643} INFO - DAG(s) dict_keys(['tutorial_etl_dag']) retrieved from /home/airflow/airflow-course/venv/lib/python3.8/site-packages/airflow/example_dags/tutorial_etl_dag.py
[2021-12-27 20:41:55,764] {logging_mixin.py:104} INFO - [2021-12-27 20:41:55,764] {dag.py:1832} INFO - Sync 1 DAGs
[2021-12-27 20:41:55,776] {logging_mixin.py:104} INFO - [2021-12-27 20:41:55,776] {dag.py:2305} INFO - Setting next_dagrun for tutorial_etl_dag to None
[2021-12-27 20:41:55,795] {scheduler_job.py:190} INFO - Processing /home/airflow/airflow-course/venv/lib/python3.8/site-packages/airflow/example_dags/tutorial_etl_dag.py took 0.087 seconds
[2021-12-27 20:42:26,147] {scheduler_job.py:182} INFO - Started process (PID=4210) to work on /home/airflow/airflow-course/venv/lib/python3.8/site-packages/airflow/example_dags/tutorial_etl_dag.py
[2021-12-27 20:42:26,154] {scheduler_job.py:633} INFO - Processing file /home/airflow/airflow-course/venv/lib/python3.8/site-packages/airflow/example_dags/tutorial_etl_dag.py for tasks to queue
[2021-12-27 20:42:26,155] {logging_mixin.py:104} INFO - [2021-12-27 20:42:26,155] {dagbag.py:487} INFO - Filling up the DagBag from /home/airflow/airflow-course/venv/lib/python3.8/site-packages/airflow/example_dags/tutorial_etl_dag.py
[2021-12-27 20:42:26,180] {scheduler_job.py:643} INFO - DAG(s) dict_keys(['tutorial_etl_dag']) retrieved from /home/airflow/airflow-course/venv/lib/python3.8/site-packages/airflow/example_dags/tutorial_etl_dag.py
[2021-12-27 20:42:26,240] {logging_mixin.py:104} INFO - [2021-12-27 20:42:26,240] {dag.py:1832} INFO - Sync 1 DAGs
[2021-12-27 20:42:26,280] {logging_mixin.py:104} INFO - [2021-12-27 20:42:26,280] {dag.py:2305} INFO - Setting next_dagrun for tutorial_etl_dag to None
[2021-12-27 20:42:26,311] {scheduler_job.py:190} INFO - Processing /home/airflow/airflow-course/venv/lib/python3.8/site-packages/airflow/example_dags/tutorial_etl_dag.py took 0.167 seconds
[2021-12-27 20:42:56,391] {scheduler_job.py:182} INFO - Started process (PID=4404) to work on /home/airflow/airflow-course/venv/lib/python3.8/site-packages/airflow/example_dags/tutorial_etl_dag.py
[2021-12-27 20:42:56,398] {scheduler_job.py:633} INFO - Processing file /home/airflow/airflow-course/venv/lib/python3.8/site-packages/airflow/example_dags/tutorial_etl_dag.py for tasks to queue
[2021-12-27 20:42:56,399] {logging_mixin.py:104} INFO - [2021-12-27 20:42:56,399] {dagbag.py:487} INFO - Filling up the DagBag from /home/airflow/airflow-course/venv/lib/python3.8/site-packages/airflow/example_dags/tutorial_etl_dag.py
[2021-12-27 20:42:56,426] {scheduler_job.py:643} INFO - DAG(s) dict_keys(['tutorial_etl_dag']) retrieved from /home/airflow/airflow-course/venv/lib/python3.8/site-packages/airflow/example_dags/tutorial_etl_dag.py
[2021-12-27 20:42:56,468] {logging_mixin.py:104} INFO - [2021-12-27 20:42:56,468] {dag.py:1832} INFO - Sync 1 DAGs
[2021-12-27 20:42:56,488] {logging_mixin.py:104} INFO - [2021-12-27 20:42:56,488] {dag.py:2305} INFO - Setting next_dagrun for tutorial_etl_dag to None
[2021-12-27 20:42:56,508] {scheduler_job.py:190} INFO - Processing /home/airflow/airflow-course/venv/lib/python3.8/site-packages/airflow/example_dags/tutorial_etl_dag.py took 0.122 seconds
[2021-12-27 20:43:27,252] {scheduler_job.py:182} INFO - Started process (PID=4602) to work on /home/airflow/airflow-course/venv/lib/python3.8/site-packages/airflow/example_dags/tutorial_etl_dag.py
[2021-12-27 20:43:27,266] {scheduler_job.py:633} INFO - Processing file /home/airflow/airflow-course/venv/lib/python3.8/site-packages/airflow/example_dags/tutorial_etl_dag.py for tasks to queue
[2021-12-27 20:43:27,267] {logging_mixin.py:104} INFO - [2021-12-27 20:43:27,267] {dagbag.py:487} INFO - Filling up the DagBag from /home/airflow/airflow-course/venv/lib/python3.8/site-packages/airflow/example_dags/tutorial_etl_dag.py
[2021-12-27 20:43:27,301] {scheduler_job.py:643} INFO - DAG(s) dict_keys(['tutorial_etl_dag']) retrieved from /home/airflow/airflow-course/venv/lib/python3.8/site-packages/airflow/example_dags/tutorial_etl_dag.py
[2021-12-27 20:43:27,352] {logging_mixin.py:104} INFO - [2021-12-27 20:43:27,352] {dag.py:1832} INFO - Sync 1 DAGs
[2021-12-27 20:43:27,386] {logging_mixin.py:104} INFO - [2021-12-27 20:43:27,385] {dag.py:2305} INFO - Setting next_dagrun for tutorial_etl_dag to None
[2021-12-27 20:43:27,615] {scheduler_job.py:190} INFO - Processing /home/airflow/airflow-course/venv/lib/python3.8/site-packages/airflow/example_dags/tutorial_etl_dag.py took 0.368 seconds
[2021-12-27 20:43:58,507] {scheduler_job.py:182} INFO - Started process (PID=4802) to work on /home/airflow/airflow-course/venv/lib/python3.8/site-packages/airflow/example_dags/tutorial_etl_dag.py
[2021-12-27 20:43:58,515] {scheduler_job.py:633} INFO - Processing file /home/airflow/airflow-course/venv/lib/python3.8/site-packages/airflow/example_dags/tutorial_etl_dag.py for tasks to queue
[2021-12-27 20:43:58,516] {logging_mixin.py:104} INFO - [2021-12-27 20:43:58,516] {dagbag.py:487} INFO - Filling up the DagBag from /home/airflow/airflow-course/venv/lib/python3.8/site-packages/airflow/example_dags/tutorial_etl_dag.py
[2021-12-27 20:43:58,558] {scheduler_job.py:643} INFO - DAG(s) dict_keys(['tutorial_etl_dag']) retrieved from /home/airflow/airflow-course/venv/lib/python3.8/site-packages/airflow/example_dags/tutorial_etl_dag.py
[2021-12-27 20:43:58,615] {logging_mixin.py:104} INFO - [2021-12-27 20:43:58,615] {dag.py:1832} INFO - Sync 1 DAGs
[2021-12-27 20:43:58,648] {logging_mixin.py:104} INFO - [2021-12-27 20:43:58,648] {dag.py:2305} INFO - Setting next_dagrun for tutorial_etl_dag to None
[2021-12-27 20:43:58,834] {scheduler_job.py:190} INFO - Processing /home/airflow/airflow-course/venv/lib/python3.8/site-packages/airflow/example_dags/tutorial_etl_dag.py took 0.331 seconds
[2021-12-27 20:44:29,920] {scheduler_job.py:182} INFO - Started process (PID=5007) to work on /home/airflow/airflow-course/venv/lib/python3.8/site-packages/airflow/example_dags/tutorial_etl_dag.py
[2021-12-27 20:44:29,922] {scheduler_job.py:633} INFO - Processing file /home/airflow/airflow-course/venv/lib/python3.8/site-packages/airflow/example_dags/tutorial_etl_dag.py for tasks to queue
[2021-12-27 20:44:29,923] {logging_mixin.py:104} INFO - [2021-12-27 20:44:29,922] {dagbag.py:487} INFO - Filling up the DagBag from /home/airflow/airflow-course/venv/lib/python3.8/site-packages/airflow/example_dags/tutorial_etl_dag.py
[2021-12-27 20:44:29,947] {scheduler_job.py:643} INFO - DAG(s) dict_keys(['tutorial_etl_dag']) retrieved from /home/airflow/airflow-course/venv/lib/python3.8/site-packages/airflow/example_dags/tutorial_etl_dag.py
[2021-12-27 20:44:30,015] {logging_mixin.py:104} INFO - [2021-12-27 20:44:30,015] {dag.py:1832} INFO - Sync 1 DAGs
[2021-12-27 20:44:30,178] {logging_mixin.py:104} INFO - [2021-12-27 20:44:30,178] {dag.py:2305} INFO - Setting next_dagrun for tutorial_etl_dag to None
[2021-12-27 20:44:30,196] {scheduler_job.py:190} INFO - Processing /home/airflow/airflow-course/venv/lib/python3.8/site-packages/airflow/example_dags/tutorial_etl_dag.py took 0.280 seconds
[2021-12-27 20:45:01,203] {scheduler_job.py:182} INFO - Started process (PID=5450) to work on /home/airflow/airflow-course/venv/lib/python3.8/site-packages/airflow/example_dags/tutorial_etl_dag.py
[2021-12-27 20:45:01,205] {scheduler_job.py:633} INFO - Processing file /home/airflow/airflow-course/venv/lib/python3.8/site-packages/airflow/example_dags/tutorial_etl_dag.py for tasks to queue
[2021-12-27 20:45:01,206] {logging_mixin.py:104} INFO - [2021-12-27 20:45:01,206] {dagbag.py:487} INFO - Filling up the DagBag from /home/airflow/airflow-course/venv/lib/python3.8/site-packages/airflow/example_dags/tutorial_etl_dag.py
[2021-12-27 20:45:01,230] {scheduler_job.py:643} INFO - DAG(s) dict_keys(['tutorial_etl_dag']) retrieved from /home/airflow/airflow-course/venv/lib/python3.8/site-packages/airflow/example_dags/tutorial_etl_dag.py
[2021-12-27 20:45:01,289] {logging_mixin.py:104} INFO - [2021-12-27 20:45:01,289] {dag.py:1832} INFO - Sync 1 DAGs
[2021-12-27 20:45:01,455] {logging_mixin.py:104} INFO - [2021-12-27 20:45:01,455] {dag.py:2305} INFO - Setting next_dagrun for tutorial_etl_dag to None
[2021-12-27 20:45:01,494] {scheduler_job.py:190} INFO - Processing /home/airflow/airflow-course/venv/lib/python3.8/site-packages/airflow/example_dags/tutorial_etl_dag.py took 0.294 seconds
[2021-12-27 20:45:33,348] {scheduler_job.py:182} INFO - Started process (PID=5650) to work on /home/airflow/airflow-course/venv/lib/python3.8/site-packages/airflow/example_dags/tutorial_etl_dag.py
[2021-12-27 20:45:33,350] {scheduler_job.py:633} INFO - Processing file /home/airflow/airflow-course/venv/lib/python3.8/site-packages/airflow/example_dags/tutorial_etl_dag.py for tasks to queue
[2021-12-27 20:45:33,351] {logging_mixin.py:104} INFO - [2021-12-27 20:45:33,351] {dagbag.py:487} INFO - Filling up the DagBag from /home/airflow/airflow-course/venv/lib/python3.8/site-packages/airflow/example_dags/tutorial_etl_dag.py
[2021-12-27 20:45:33,379] {scheduler_job.py:643} INFO - DAG(s) dict_keys(['tutorial_etl_dag']) retrieved from /home/airflow/airflow-course/venv/lib/python3.8/site-packages/airflow/example_dags/tutorial_etl_dag.py
[2021-12-27 20:45:33,433] {logging_mixin.py:104} INFO - [2021-12-27 20:45:33,432] {dag.py:1832} INFO - Sync 1 DAGs
[2021-12-27 20:45:33,619] {logging_mixin.py:104} INFO - [2021-12-27 20:45:33,607] {dag.py:2305} INFO - Setting next_dagrun for tutorial_etl_dag to None
[2021-12-27 20:45:33,644] {scheduler_job.py:190} INFO - Processing /home/airflow/airflow-course/venv/lib/python3.8/site-packages/airflow/example_dags/tutorial_etl_dag.py took 0.299 seconds
[2021-12-27 20:46:04,469] {scheduler_job.py:182} INFO - Started process (PID=5850) to work on /home/airflow/airflow-course/venv/lib/python3.8/site-packages/airflow/example_dags/tutorial_etl_dag.py
[2021-12-27 20:46:04,470] {scheduler_job.py:633} INFO - Processing file /home/airflow/airflow-course/venv/lib/python3.8/site-packages/airflow/example_dags/tutorial_etl_dag.py for tasks to queue
[2021-12-27 20:46:04,471] {logging_mixin.py:104} INFO - [2021-12-27 20:46:04,471] {dagbag.py:487} INFO - Filling up the DagBag from /home/airflow/airflow-course/venv/lib/python3.8/site-packages/airflow/example_dags/tutorial_etl_dag.py
[2021-12-27 20:46:04,510] {scheduler_job.py:643} INFO - DAG(s) dict_keys(['tutorial_etl_dag']) retrieved from /home/airflow/airflow-course/venv/lib/python3.8/site-packages/airflow/example_dags/tutorial_etl_dag.py
[2021-12-27 20:46:04,572] {logging_mixin.py:104} INFO - [2021-12-27 20:46:04,572] {dag.py:1832} INFO - Sync 1 DAGs
[2021-12-27 20:46:04,741] {logging_mixin.py:104} INFO - [2021-12-27 20:46:04,741] {dag.py:2305} INFO - Setting next_dagrun for tutorial_etl_dag to None
[2021-12-27 20:46:04,756] {scheduler_job.py:190} INFO - Processing /home/airflow/airflow-course/venv/lib/python3.8/site-packages/airflow/example_dags/tutorial_etl_dag.py took 0.291 seconds
[2021-12-27 20:46:35,747] {scheduler_job.py:182} INFO - Started process (PID=6051) to work on /home/airflow/airflow-course/venv/lib/python3.8/site-packages/airflow/example_dags/tutorial_etl_dag.py
[2021-12-27 20:46:35,756] {scheduler_job.py:633} INFO - Processing file /home/airflow/airflow-course/venv/lib/python3.8/site-packages/airflow/example_dags/tutorial_etl_dag.py for tasks to queue
[2021-12-27 20:46:35,757] {logging_mixin.py:104} INFO - [2021-12-27 20:46:35,757] {dagbag.py:487} INFO - Filling up the DagBag from /home/airflow/airflow-course/venv/lib/python3.8/site-packages/airflow/example_dags/tutorial_etl_dag.py
[2021-12-27 20:46:35,802] {scheduler_job.py:643} INFO - DAG(s) dict_keys(['tutorial_etl_dag']) retrieved from /home/airflow/airflow-course/venv/lib/python3.8/site-packages/airflow/example_dags/tutorial_etl_dag.py
[2021-12-27 20:46:35,867] {logging_mixin.py:104} INFO - [2021-12-27 20:46:35,867] {dag.py:1832} INFO - Sync 1 DAGs
[2021-12-27 20:46:36,037] {logging_mixin.py:104} INFO - [2021-12-27 20:46:36,036] {dag.py:2305} INFO - Setting next_dagrun for tutorial_etl_dag to None
[2021-12-27 20:46:36,068] {scheduler_job.py:190} INFO - Processing /home/airflow/airflow-course/venv/lib/python3.8/site-packages/airflow/example_dags/tutorial_etl_dag.py took 0.330 seconds
