[2021-12-27 20:39:56,706] {scheduler_job.py:182} INFO - Started process (PID=3003) to work on /home/airflow/airflow-course/venv/lib/python3.8/site-packages/airflow/example_dags/tutorial_taskflow_api_etl.py
[2021-12-27 20:39:56,717] {scheduler_job.py:633} INFO - Processing file /home/airflow/airflow-course/venv/lib/python3.8/site-packages/airflow/example_dags/tutorial_taskflow_api_etl.py for tasks to queue
[2021-12-27 20:39:56,718] {logging_mixin.py:104} INFO - [2021-12-27 20:39:56,718] {dagbag.py:487} INFO - Filling up the DagBag from /home/airflow/airflow-course/venv/lib/python3.8/site-packages/airflow/example_dags/tutorial_taskflow_api_etl.py
[2021-12-27 20:39:56,762] {scheduler_job.py:643} INFO - DAG(s) dict_keys(['tutorial_taskflow_api_etl']) retrieved from /home/airflow/airflow-course/venv/lib/python3.8/site-packages/airflow/example_dags/tutorial_taskflow_api_etl.py
[2021-12-27 20:39:57,571] {logging_mixin.py:104} INFO - [2021-12-27 20:39:57,571] {dag.py:1832} INFO - Sync 1 DAGs
[2021-12-27 20:39:57,589] {logging_mixin.py:104} INFO - [2021-12-27 20:39:57,589] {dag.py:2305} INFO - Setting next_dagrun for tutorial_taskflow_api_etl to None
[2021-12-27 20:39:57,606] {scheduler_job.py:190} INFO - Processing /home/airflow/airflow-course/venv/lib/python3.8/site-packages/airflow/example_dags/tutorial_taskflow_api_etl.py took 0.904 seconds
[2021-12-27 20:40:27,674] {scheduler_job.py:182} INFO - Started process (PID=3338) to work on /home/airflow/airflow-course/venv/lib/python3.8/site-packages/airflow/example_dags/tutorial_taskflow_api_etl.py
[2021-12-27 20:40:27,675] {scheduler_job.py:633} INFO - Processing file /home/airflow/airflow-course/venv/lib/python3.8/site-packages/airflow/example_dags/tutorial_taskflow_api_etl.py for tasks to queue
[2021-12-27 20:40:27,676] {logging_mixin.py:104} INFO - [2021-12-27 20:40:27,676] {dagbag.py:487} INFO - Filling up the DagBag from /home/airflow/airflow-course/venv/lib/python3.8/site-packages/airflow/example_dags/tutorial_taskflow_api_etl.py
[2021-12-27 20:40:27,699] {scheduler_job.py:643} INFO - DAG(s) dict_keys(['tutorial_taskflow_api_etl']) retrieved from /home/airflow/airflow-course/venv/lib/python3.8/site-packages/airflow/example_dags/tutorial_taskflow_api_etl.py
[2021-12-27 20:40:28,013] {logging_mixin.py:104} INFO - [2021-12-27 20:40:28,013] {dag.py:1832} INFO - Sync 1 DAGs
[2021-12-27 20:40:28,026] {logging_mixin.py:104} INFO - [2021-12-27 20:40:28,026] {dag.py:2305} INFO - Setting next_dagrun for tutorial_taskflow_api_etl to None
[2021-12-27 20:40:28,048] {scheduler_job.py:190} INFO - Processing /home/airflow/airflow-course/venv/lib/python3.8/site-packages/airflow/example_dags/tutorial_taskflow_api_etl.py took 0.380 seconds
[2021-12-27 20:40:58,453] {scheduler_job.py:182} INFO - Started process (PID=3672) to work on /home/airflow/airflow-course/venv/lib/python3.8/site-packages/airflow/example_dags/tutorial_taskflow_api_etl.py
[2021-12-27 20:40:58,459] {scheduler_job.py:633} INFO - Processing file /home/airflow/airflow-course/venv/lib/python3.8/site-packages/airflow/example_dags/tutorial_taskflow_api_etl.py for tasks to queue
[2021-12-27 20:40:58,470] {logging_mixin.py:104} INFO - [2021-12-27 20:40:58,470] {dagbag.py:487} INFO - Filling up the DagBag from /home/airflow/airflow-course/venv/lib/python3.8/site-packages/airflow/example_dags/tutorial_taskflow_api_etl.py
[2021-12-27 20:40:58,504] {scheduler_job.py:643} INFO - DAG(s) dict_keys(['tutorial_taskflow_api_etl']) retrieved from /home/airflow/airflow-course/venv/lib/python3.8/site-packages/airflow/example_dags/tutorial_taskflow_api_etl.py
[2021-12-27 20:40:58,949] {logging_mixin.py:104} INFO - [2021-12-27 20:40:58,949] {dag.py:1832} INFO - Sync 1 DAGs
[2021-12-27 20:40:58,957] {logging_mixin.py:104} INFO - [2021-12-27 20:40:58,957] {dag.py:2305} INFO - Setting next_dagrun for tutorial_taskflow_api_etl to None
[2021-12-27 20:40:58,976] {scheduler_job.py:190} INFO - Processing /home/airflow/airflow-course/venv/lib/python3.8/site-packages/airflow/example_dags/tutorial_taskflow_api_etl.py took 0.526 seconds
[2021-12-27 20:41:29,498] {scheduler_job.py:182} INFO - Started process (PID=3871) to work on /home/airflow/airflow-course/venv/lib/python3.8/site-packages/airflow/example_dags/tutorial_taskflow_api_etl.py
[2021-12-27 20:41:29,513] {scheduler_job.py:633} INFO - Processing file /home/airflow/airflow-course/venv/lib/python3.8/site-packages/airflow/example_dags/tutorial_taskflow_api_etl.py for tasks to queue
[2021-12-27 20:41:29,514] {logging_mixin.py:104} INFO - [2021-12-27 20:41:29,513] {dagbag.py:487} INFO - Filling up the DagBag from /home/airflow/airflow-course/venv/lib/python3.8/site-packages/airflow/example_dags/tutorial_taskflow_api_etl.py
[2021-12-27 20:41:29,544] {scheduler_job.py:643} INFO - DAG(s) dict_keys(['tutorial_taskflow_api_etl']) retrieved from /home/airflow/airflow-course/venv/lib/python3.8/site-packages/airflow/example_dags/tutorial_taskflow_api_etl.py
[2021-12-27 20:41:30,067] {logging_mixin.py:104} INFO - [2021-12-27 20:41:30,067] {dag.py:1832} INFO - Sync 1 DAGs
[2021-12-27 20:41:30,077] {logging_mixin.py:104} INFO - [2021-12-27 20:41:30,077] {dag.py:2305} INFO - Setting next_dagrun for tutorial_taskflow_api_etl to None
[2021-12-27 20:41:30,095] {scheduler_job.py:190} INFO - Processing /home/airflow/airflow-course/venv/lib/python3.8/site-packages/airflow/example_dags/tutorial_taskflow_api_etl.py took 0.601 seconds
[2021-12-27 20:42:00,222] {scheduler_job.py:182} INFO - Started process (PID=4070) to work on /home/airflow/airflow-course/venv/lib/python3.8/site-packages/airflow/example_dags/tutorial_taskflow_api_etl.py
[2021-12-27 20:42:00,227] {scheduler_job.py:633} INFO - Processing file /home/airflow/airflow-course/venv/lib/python3.8/site-packages/airflow/example_dags/tutorial_taskflow_api_etl.py for tasks to queue
[2021-12-27 20:42:00,233] {logging_mixin.py:104} INFO - [2021-12-27 20:42:00,233] {dagbag.py:487} INFO - Filling up the DagBag from /home/airflow/airflow-course/venv/lib/python3.8/site-packages/airflow/example_dags/tutorial_taskflow_api_etl.py
[2021-12-27 20:42:00,278] {scheduler_job.py:643} INFO - DAG(s) dict_keys(['tutorial_taskflow_api_etl']) retrieved from /home/airflow/airflow-course/venv/lib/python3.8/site-packages/airflow/example_dags/tutorial_taskflow_api_etl.py
[2021-12-27 20:42:01,003] {logging_mixin.py:104} INFO - [2021-12-27 20:42:01,003] {dag.py:1832} INFO - Sync 1 DAGs
[2021-12-27 20:42:01,024] {logging_mixin.py:104} INFO - [2021-12-27 20:42:01,024] {dag.py:2305} INFO - Setting next_dagrun for tutorial_taskflow_api_etl to None
[2021-12-27 20:42:01,055] {scheduler_job.py:190} INFO - Processing /home/airflow/airflow-course/venv/lib/python3.8/site-packages/airflow/example_dags/tutorial_taskflow_api_etl.py took 0.844 seconds
[2021-12-27 20:42:31,310] {scheduler_job.py:182} INFO - Started process (PID=4282) to work on /home/airflow/airflow-course/venv/lib/python3.8/site-packages/airflow/example_dags/tutorial_taskflow_api_etl.py
[2021-12-27 20:42:31,320] {scheduler_job.py:633} INFO - Processing file /home/airflow/airflow-course/venv/lib/python3.8/site-packages/airflow/example_dags/tutorial_taskflow_api_etl.py for tasks to queue
[2021-12-27 20:42:31,321] {logging_mixin.py:104} INFO - [2021-12-27 20:42:31,321] {dagbag.py:487} INFO - Filling up the DagBag from /home/airflow/airflow-course/venv/lib/python3.8/site-packages/airflow/example_dags/tutorial_taskflow_api_etl.py
[2021-12-27 20:42:31,364] {scheduler_job.py:643} INFO - DAG(s) dict_keys(['tutorial_taskflow_api_etl']) retrieved from /home/airflow/airflow-course/venv/lib/python3.8/site-packages/airflow/example_dags/tutorial_taskflow_api_etl.py
[2021-12-27 20:42:31,894] {logging_mixin.py:104} INFO - [2021-12-27 20:42:31,894] {dag.py:1832} INFO - Sync 1 DAGs
[2021-12-27 20:42:31,905] {logging_mixin.py:104} INFO - [2021-12-27 20:42:31,905] {dag.py:2305} INFO - Setting next_dagrun for tutorial_taskflow_api_etl to None
[2021-12-27 20:42:31,921] {scheduler_job.py:190} INFO - Processing /home/airflow/airflow-course/venv/lib/python3.8/site-packages/airflow/example_dags/tutorial_taskflow_api_etl.py took 0.615 seconds
[2021-12-27 20:43:02,037] {scheduler_job.py:182} INFO - Started process (PID=4482) to work on /home/airflow/airflow-course/venv/lib/python3.8/site-packages/airflow/example_dags/tutorial_taskflow_api_etl.py
[2021-12-27 20:43:02,039] {scheduler_job.py:633} INFO - Processing file /home/airflow/airflow-course/venv/lib/python3.8/site-packages/airflow/example_dags/tutorial_taskflow_api_etl.py for tasks to queue
[2021-12-27 20:43:02,040] {logging_mixin.py:104} INFO - [2021-12-27 20:43:02,040] {dagbag.py:487} INFO - Filling up the DagBag from /home/airflow/airflow-course/venv/lib/python3.8/site-packages/airflow/example_dags/tutorial_taskflow_api_etl.py
[2021-12-27 20:43:02,085] {scheduler_job.py:643} INFO - DAG(s) dict_keys(['tutorial_taskflow_api_etl']) retrieved from /home/airflow/airflow-course/venv/lib/python3.8/site-packages/airflow/example_dags/tutorial_taskflow_api_etl.py
[2021-12-27 20:43:02,616] {logging_mixin.py:104} INFO - [2021-12-27 20:43:02,616] {dag.py:1832} INFO - Sync 1 DAGs
[2021-12-27 20:43:02,623] {logging_mixin.py:104} INFO - [2021-12-27 20:43:02,622] {dag.py:2305} INFO - Setting next_dagrun for tutorial_taskflow_api_etl to None
[2021-12-27 20:43:02,640] {scheduler_job.py:190} INFO - Processing /home/airflow/airflow-course/venv/lib/python3.8/site-packages/airflow/example_dags/tutorial_taskflow_api_etl.py took 0.606 seconds
[2021-12-27 20:43:32,708] {scheduler_job.py:182} INFO - Started process (PID=4693) to work on /home/airflow/airflow-course/venv/lib/python3.8/site-packages/airflow/example_dags/tutorial_taskflow_api_etl.py
[2021-12-27 20:43:32,709] {scheduler_job.py:633} INFO - Processing file /home/airflow/airflow-course/venv/lib/python3.8/site-packages/airflow/example_dags/tutorial_taskflow_api_etl.py for tasks to queue
[2021-12-27 20:43:32,710] {logging_mixin.py:104} INFO - [2021-12-27 20:43:32,710] {dagbag.py:487} INFO - Filling up the DagBag from /home/airflow/airflow-course/venv/lib/python3.8/site-packages/airflow/example_dags/tutorial_taskflow_api_etl.py
[2021-12-27 20:43:32,756] {scheduler_job.py:643} INFO - DAG(s) dict_keys(['tutorial_taskflow_api_etl']) retrieved from /home/airflow/airflow-course/venv/lib/python3.8/site-packages/airflow/example_dags/tutorial_taskflow_api_etl.py
[2021-12-27 20:43:33,137] {logging_mixin.py:104} INFO - [2021-12-27 20:43:33,136] {dag.py:1832} INFO - Sync 1 DAGs
[2021-12-27 20:43:33,150] {logging_mixin.py:104} INFO - [2021-12-27 20:43:33,150] {dag.py:2305} INFO - Setting next_dagrun for tutorial_taskflow_api_etl to None
[2021-12-27 20:43:33,169] {scheduler_job.py:190} INFO - Processing /home/airflow/airflow-course/venv/lib/python3.8/site-packages/airflow/example_dags/tutorial_taskflow_api_etl.py took 0.465 seconds
[2021-12-27 20:44:03,932] {scheduler_job.py:182} INFO - Started process (PID=4894) to work on /home/airflow/airflow-course/venv/lib/python3.8/site-packages/airflow/example_dags/tutorial_taskflow_api_etl.py
[2021-12-27 20:44:03,935] {scheduler_job.py:633} INFO - Processing file /home/airflow/airflow-course/venv/lib/python3.8/site-packages/airflow/example_dags/tutorial_taskflow_api_etl.py for tasks to queue
[2021-12-27 20:44:03,940] {logging_mixin.py:104} INFO - [2021-12-27 20:44:03,940] {dagbag.py:487} INFO - Filling up the DagBag from /home/airflow/airflow-course/venv/lib/python3.8/site-packages/airflow/example_dags/tutorial_taskflow_api_etl.py
[2021-12-27 20:44:03,987] {scheduler_job.py:643} INFO - DAG(s) dict_keys(['tutorial_taskflow_api_etl']) retrieved from /home/airflow/airflow-course/venv/lib/python3.8/site-packages/airflow/example_dags/tutorial_taskflow_api_etl.py
[2021-12-27 20:44:04,341] {logging_mixin.py:104} INFO - [2021-12-27 20:44:04,341] {dag.py:1832} INFO - Sync 1 DAGs
[2021-12-27 20:44:04,350] {logging_mixin.py:104} INFO - [2021-12-27 20:44:04,350] {dag.py:2305} INFO - Setting next_dagrun for tutorial_taskflow_api_etl to None
[2021-12-27 20:44:04,368] {scheduler_job.py:190} INFO - Processing /home/airflow/airflow-course/venv/lib/python3.8/site-packages/airflow/example_dags/tutorial_taskflow_api_etl.py took 0.449 seconds
[2021-12-27 20:44:34,658] {scheduler_job.py:182} INFO - Started process (PID=5094) to work on /home/airflow/airflow-course/venv/lib/python3.8/site-packages/airflow/example_dags/tutorial_taskflow_api_etl.py
[2021-12-27 20:44:34,668] {scheduler_job.py:633} INFO - Processing file /home/airflow/airflow-course/venv/lib/python3.8/site-packages/airflow/example_dags/tutorial_taskflow_api_etl.py for tasks to queue
[2021-12-27 20:44:34,669] {logging_mixin.py:104} INFO - [2021-12-27 20:44:34,669] {dagbag.py:487} INFO - Filling up the DagBag from /home/airflow/airflow-course/venv/lib/python3.8/site-packages/airflow/example_dags/tutorial_taskflow_api_etl.py
[2021-12-27 20:44:34,711] {scheduler_job.py:643} INFO - DAG(s) dict_keys(['tutorial_taskflow_api_etl']) retrieved from /home/airflow/airflow-course/venv/lib/python3.8/site-packages/airflow/example_dags/tutorial_taskflow_api_etl.py
[2021-12-27 20:44:35,081] {logging_mixin.py:104} INFO - [2021-12-27 20:44:35,081] {dag.py:1832} INFO - Sync 1 DAGs
[2021-12-27 20:44:35,091] {logging_mixin.py:104} INFO - [2021-12-27 20:44:35,091] {dag.py:2305} INFO - Setting next_dagrun for tutorial_taskflow_api_etl to None
[2021-12-27 20:44:35,110] {scheduler_job.py:190} INFO - Processing /home/airflow/airflow-course/venv/lib/python3.8/site-packages/airflow/example_dags/tutorial_taskflow_api_etl.py took 0.456 seconds
[2021-12-27 20:45:05,223] {scheduler_job.py:182} INFO - Started process (PID=5541) to work on /home/airflow/airflow-course/venv/lib/python3.8/site-packages/airflow/example_dags/tutorial_taskflow_api_etl.py
[2021-12-27 20:45:05,229] {scheduler_job.py:633} INFO - Processing file /home/airflow/airflow-course/venv/lib/python3.8/site-packages/airflow/example_dags/tutorial_taskflow_api_etl.py for tasks to queue
[2021-12-27 20:45:05,237] {logging_mixin.py:104} INFO - [2021-12-27 20:45:05,237] {dagbag.py:487} INFO - Filling up the DagBag from /home/airflow/airflow-course/venv/lib/python3.8/site-packages/airflow/example_dags/tutorial_taskflow_api_etl.py
[2021-12-27 20:45:05,257] {scheduler_job.py:643} INFO - DAG(s) dict_keys(['tutorial_taskflow_api_etl']) retrieved from /home/airflow/airflow-course/venv/lib/python3.8/site-packages/airflow/example_dags/tutorial_taskflow_api_etl.py
[2021-12-27 20:45:05,557] {logging_mixin.py:104} INFO - [2021-12-27 20:45:05,557] {dag.py:1832} INFO - Sync 1 DAGs
[2021-12-27 20:45:05,569] {logging_mixin.py:104} INFO - [2021-12-27 20:45:05,569] {dag.py:2305} INFO - Setting next_dagrun for tutorial_taskflow_api_etl to None
[2021-12-27 20:45:05,589] {scheduler_job.py:190} INFO - Processing /home/airflow/airflow-course/venv/lib/python3.8/site-packages/airflow/example_dags/tutorial_taskflow_api_etl.py took 0.369 seconds
[2021-12-27 20:45:36,147] {scheduler_job.py:182} INFO - Started process (PID=5742) to work on /home/airflow/airflow-course/venv/lib/python3.8/site-packages/airflow/example_dags/tutorial_taskflow_api_etl.py
[2021-12-27 20:45:36,148] {scheduler_job.py:633} INFO - Processing file /home/airflow/airflow-course/venv/lib/python3.8/site-packages/airflow/example_dags/tutorial_taskflow_api_etl.py for tasks to queue
[2021-12-27 20:45:36,150] {logging_mixin.py:104} INFO - [2021-12-27 20:45:36,150] {dagbag.py:487} INFO - Filling up the DagBag from /home/airflow/airflow-course/venv/lib/python3.8/site-packages/airflow/example_dags/tutorial_taskflow_api_etl.py
[2021-12-27 20:45:36,196] {scheduler_job.py:643} INFO - DAG(s) dict_keys(['tutorial_taskflow_api_etl']) retrieved from /home/airflow/airflow-course/venv/lib/python3.8/site-packages/airflow/example_dags/tutorial_taskflow_api_etl.py
[2021-12-27 20:45:36,957] {logging_mixin.py:104} INFO - [2021-12-27 20:45:36,957] {dag.py:1832} INFO - Sync 1 DAGs
[2021-12-27 20:45:36,985] {logging_mixin.py:104} INFO - [2021-12-27 20:45:36,984] {dag.py:2305} INFO - Setting next_dagrun for tutorial_taskflow_api_etl to None
[2021-12-27 20:45:37,008] {scheduler_job.py:190} INFO - Processing /home/airflow/airflow-course/venv/lib/python3.8/site-packages/airflow/example_dags/tutorial_taskflow_api_etl.py took 0.887 seconds
[2021-12-27 20:46:07,308] {scheduler_job.py:182} INFO - Started process (PID=5946) to work on /home/airflow/airflow-course/venv/lib/python3.8/site-packages/airflow/example_dags/tutorial_taskflow_api_etl.py
[2021-12-27 20:46:07,309] {scheduler_job.py:633} INFO - Processing file /home/airflow/airflow-course/venv/lib/python3.8/site-packages/airflow/example_dags/tutorial_taskflow_api_etl.py for tasks to queue
[2021-12-27 20:46:07,309] {logging_mixin.py:104} INFO - [2021-12-27 20:46:07,309] {dagbag.py:487} INFO - Filling up the DagBag from /home/airflow/airflow-course/venv/lib/python3.8/site-packages/airflow/example_dags/tutorial_taskflow_api_etl.py
[2021-12-27 20:46:07,343] {scheduler_job.py:643} INFO - DAG(s) dict_keys(['tutorial_taskflow_api_etl']) retrieved from /home/airflow/airflow-course/venv/lib/python3.8/site-packages/airflow/example_dags/tutorial_taskflow_api_etl.py
[2021-12-27 20:46:08,108] {logging_mixin.py:104} INFO - [2021-12-27 20:46:08,108] {dag.py:1832} INFO - Sync 1 DAGs
[2021-12-27 20:46:08,132] {logging_mixin.py:104} INFO - [2021-12-27 20:46:08,132] {dag.py:2305} INFO - Setting next_dagrun for tutorial_taskflow_api_etl to None
[2021-12-27 20:46:08,170] {scheduler_job.py:190} INFO - Processing /home/airflow/airflow-course/venv/lib/python3.8/site-packages/airflow/example_dags/tutorial_taskflow_api_etl.py took 0.865 seconds
[2021-12-27 20:46:38,470] {scheduler_job.py:182} INFO - Started process (PID=6141) to work on /home/airflow/airflow-course/venv/lib/python3.8/site-packages/airflow/example_dags/tutorial_taskflow_api_etl.py
[2021-12-27 20:46:38,478] {scheduler_job.py:633} INFO - Processing file /home/airflow/airflow-course/venv/lib/python3.8/site-packages/airflow/example_dags/tutorial_taskflow_api_etl.py for tasks to queue
[2021-12-27 20:46:38,480] {logging_mixin.py:104} INFO - [2021-12-27 20:46:38,480] {dagbag.py:487} INFO - Filling up the DagBag from /home/airflow/airflow-course/venv/lib/python3.8/site-packages/airflow/example_dags/tutorial_taskflow_api_etl.py
[2021-12-27 20:46:38,517] {scheduler_job.py:643} INFO - DAG(s) dict_keys(['tutorial_taskflow_api_etl']) retrieved from /home/airflow/airflow-course/venv/lib/python3.8/site-packages/airflow/example_dags/tutorial_taskflow_api_etl.py
[2021-12-27 20:46:39,236] {logging_mixin.py:104} INFO - [2021-12-27 20:46:39,236] {dag.py:1832} INFO - Sync 1 DAGs
[2021-12-27 20:46:39,264] {logging_mixin.py:104} INFO - [2021-12-27 20:46:39,263] {dag.py:2305} INFO - Setting next_dagrun for tutorial_taskflow_api_etl to None
[2021-12-27 20:46:39,288] {scheduler_job.py:190} INFO - Processing /home/airflow/airflow-course/venv/lib/python3.8/site-packages/airflow/example_dags/tutorial_taskflow_api_etl.py took 0.821 seconds
