[2021-12-27 20:39:52,491] {scheduler_job.py:182} INFO - Started process (PID=2943) to work on /home/airflow/airflow-course/venv/lib/python3.8/site-packages/airflow/example_dags/tutorial.py
[2021-12-27 20:39:52,505] {scheduler_job.py:633} INFO - Processing file /home/airflow/airflow-course/venv/lib/python3.8/site-packages/airflow/example_dags/tutorial.py for tasks to queue
[2021-12-27 20:39:52,505] {logging_mixin.py:104} INFO - [2021-12-27 20:39:52,505] {dagbag.py:487} INFO - Filling up the DagBag from /home/airflow/airflow-course/venv/lib/python3.8/site-packages/airflow/example_dags/tutorial.py
[2021-12-27 20:39:52,604] {scheduler_job.py:643} INFO - DAG(s) dict_keys(['tutorial']) retrieved from /home/airflow/airflow-course/venv/lib/python3.8/site-packages/airflow/example_dags/tutorial.py
[2021-12-27 20:39:53,360] {logging_mixin.py:104} INFO - [2021-12-27 20:39:53,360] {dag.py:1832} INFO - Sync 1 DAGs
[2021-12-27 20:39:53,382] {logging_mixin.py:104} INFO - [2021-12-27 20:39:53,382] {dag.py:2305} INFO - Setting next_dagrun for tutorial to 2021-12-25 00:00:00+00:00
[2021-12-27 20:39:53,413] {scheduler_job.py:190} INFO - Processing /home/airflow/airflow-course/venv/lib/python3.8/site-packages/airflow/example_dags/tutorial.py took 0.925 seconds
[2021-12-27 20:40:23,625] {scheduler_job.py:182} INFO - Started process (PID=3278) to work on /home/airflow/airflow-course/venv/lib/python3.8/site-packages/airflow/example_dags/tutorial.py
[2021-12-27 20:40:23,628] {scheduler_job.py:633} INFO - Processing file /home/airflow/airflow-course/venv/lib/python3.8/site-packages/airflow/example_dags/tutorial.py for tasks to queue
[2021-12-27 20:40:23,629] {logging_mixin.py:104} INFO - [2021-12-27 20:40:23,629] {dagbag.py:487} INFO - Filling up the DagBag from /home/airflow/airflow-course/venv/lib/python3.8/site-packages/airflow/example_dags/tutorial.py
[2021-12-27 20:40:23,653] {scheduler_job.py:643} INFO - DAG(s) dict_keys(['tutorial']) retrieved from /home/airflow/airflow-course/venv/lib/python3.8/site-packages/airflow/example_dags/tutorial.py
[2021-12-27 20:40:23,684] {logging_mixin.py:104} INFO - [2021-12-27 20:40:23,684] {dag.py:1832} INFO - Sync 1 DAGs
[2021-12-27 20:40:23,699] {logging_mixin.py:104} INFO - [2021-12-27 20:40:23,699] {dag.py:2305} INFO - Setting next_dagrun for tutorial to 2021-12-25 00:00:00+00:00
[2021-12-27 20:40:23,722] {scheduler_job.py:190} INFO - Processing /home/airflow/airflow-course/venv/lib/python3.8/site-packages/airflow/example_dags/tutorial.py took 0.102 seconds
[2021-12-27 20:40:54,372] {scheduler_job.py:182} INFO - Started process (PID=3607) to work on /home/airflow/airflow-course/venv/lib/python3.8/site-packages/airflow/example_dags/tutorial.py
[2021-12-27 20:40:54,373] {scheduler_job.py:633} INFO - Processing file /home/airflow/airflow-course/venv/lib/python3.8/site-packages/airflow/example_dags/tutorial.py for tasks to queue
[2021-12-27 20:40:54,382] {logging_mixin.py:104} INFO - [2021-12-27 20:40:54,382] {dagbag.py:487} INFO - Filling up the DagBag from /home/airflow/airflow-course/venv/lib/python3.8/site-packages/airflow/example_dags/tutorial.py
[2021-12-27 20:40:54,403] {scheduler_job.py:643} INFO - DAG(s) dict_keys(['tutorial']) retrieved from /home/airflow/airflow-course/venv/lib/python3.8/site-packages/airflow/example_dags/tutorial.py
[2021-12-27 20:40:54,446] {logging_mixin.py:104} INFO - [2021-12-27 20:40:54,445] {dag.py:1832} INFO - Sync 1 DAGs
[2021-12-27 20:40:54,474] {logging_mixin.py:104} INFO - [2021-12-27 20:40:54,474] {dag.py:2305} INFO - Setting next_dagrun for tutorial to 2021-12-25 00:00:00+00:00
[2021-12-27 20:40:54,501] {scheduler_job.py:190} INFO - Processing /home/airflow/airflow-course/venv/lib/python3.8/site-packages/airflow/example_dags/tutorial.py took 0.132 seconds
[2021-12-27 20:41:25,252] {scheduler_job.py:182} INFO - Started process (PID=3809) to work on /home/airflow/airflow-course/venv/lib/python3.8/site-packages/airflow/example_dags/tutorial.py
[2021-12-27 20:41:25,272] {scheduler_job.py:633} INFO - Processing file /home/airflow/airflow-course/venv/lib/python3.8/site-packages/airflow/example_dags/tutorial.py for tasks to queue
[2021-12-27 20:41:25,273] {logging_mixin.py:104} INFO - [2021-12-27 20:41:25,273] {dagbag.py:487} INFO - Filling up the DagBag from /home/airflow/airflow-course/venv/lib/python3.8/site-packages/airflow/example_dags/tutorial.py
[2021-12-27 20:41:25,298] {scheduler_job.py:643} INFO - DAG(s) dict_keys(['tutorial']) retrieved from /home/airflow/airflow-course/venv/lib/python3.8/site-packages/airflow/example_dags/tutorial.py
[2021-12-27 20:41:25,346] {logging_mixin.py:104} INFO - [2021-12-27 20:41:25,346] {dag.py:1832} INFO - Sync 1 DAGs
[2021-12-27 20:41:25,372] {logging_mixin.py:104} INFO - [2021-12-27 20:41:25,372] {dag.py:2305} INFO - Setting next_dagrun for tutorial to 2021-12-25 00:00:00+00:00
[2021-12-27 20:41:25,401] {scheduler_job.py:190} INFO - Processing /home/airflow/airflow-course/venv/lib/python3.8/site-packages/airflow/example_dags/tutorial.py took 0.154 seconds
[2021-12-27 20:41:55,600] {scheduler_job.py:182} INFO - Started process (PID=4006) to work on /home/airflow/airflow-course/venv/lib/python3.8/site-packages/airflow/example_dags/tutorial.py
[2021-12-27 20:41:55,601] {scheduler_job.py:633} INFO - Processing file /home/airflow/airflow-course/venv/lib/python3.8/site-packages/airflow/example_dags/tutorial.py for tasks to queue
[2021-12-27 20:41:55,601] {logging_mixin.py:104} INFO - [2021-12-27 20:41:55,601] {dagbag.py:487} INFO - Filling up the DagBag from /home/airflow/airflow-course/venv/lib/python3.8/site-packages/airflow/example_dags/tutorial.py
[2021-12-27 20:41:55,615] {scheduler_job.py:643} INFO - DAG(s) dict_keys(['tutorial']) retrieved from /home/airflow/airflow-course/venv/lib/python3.8/site-packages/airflow/example_dags/tutorial.py
[2021-12-27 20:41:55,646] {logging_mixin.py:104} INFO - [2021-12-27 20:41:55,646] {dag.py:1832} INFO - Sync 1 DAGs
[2021-12-27 20:41:55,665] {logging_mixin.py:104} INFO - [2021-12-27 20:41:55,665] {dag.py:2305} INFO - Setting next_dagrun for tutorial to 2021-12-25 00:00:00+00:00
[2021-12-27 20:41:55,686] {scheduler_job.py:190} INFO - Processing /home/airflow/airflow-course/venv/lib/python3.8/site-packages/airflow/example_dags/tutorial.py took 0.088 seconds
[2021-12-27 20:42:25,949] {scheduler_job.py:182} INFO - Started process (PID=4204) to work on /home/airflow/airflow-course/venv/lib/python3.8/site-packages/airflow/example_dags/tutorial.py
[2021-12-27 20:42:25,982] {scheduler_job.py:633} INFO - Processing file /home/airflow/airflow-course/venv/lib/python3.8/site-packages/airflow/example_dags/tutorial.py for tasks to queue
[2021-12-27 20:42:25,985] {logging_mixin.py:104} INFO - [2021-12-27 20:42:25,985] {dagbag.py:487} INFO - Filling up the DagBag from /home/airflow/airflow-course/venv/lib/python3.8/site-packages/airflow/example_dags/tutorial.py
[2021-12-27 20:42:26,000] {scheduler_job.py:643} INFO - DAG(s) dict_keys(['tutorial']) retrieved from /home/airflow/airflow-course/venv/lib/python3.8/site-packages/airflow/example_dags/tutorial.py
[2021-12-27 20:42:26,061] {logging_mixin.py:104} INFO - [2021-12-27 20:42:26,061] {dag.py:1832} INFO - Sync 1 DAGs
[2021-12-27 20:42:26,088] {logging_mixin.py:104} INFO - [2021-12-27 20:42:26,088] {dag.py:2305} INFO - Setting next_dagrun for tutorial to 2021-12-25 00:00:00+00:00
[2021-12-27 20:42:26,119] {scheduler_job.py:190} INFO - Processing /home/airflow/airflow-course/venv/lib/python3.8/site-packages/airflow/example_dags/tutorial.py took 0.174 seconds
[2021-12-27 20:42:56,272] {scheduler_job.py:182} INFO - Started process (PID=4398) to work on /home/airflow/airflow-course/venv/lib/python3.8/site-packages/airflow/example_dags/tutorial.py
[2021-12-27 20:42:56,274] {scheduler_job.py:633} INFO - Processing file /home/airflow/airflow-course/venv/lib/python3.8/site-packages/airflow/example_dags/tutorial.py for tasks to queue
[2021-12-27 20:42:56,277] {logging_mixin.py:104} INFO - [2021-12-27 20:42:56,277] {dagbag.py:487} INFO - Filling up the DagBag from /home/airflow/airflow-course/venv/lib/python3.8/site-packages/airflow/example_dags/tutorial.py
[2021-12-27 20:42:56,321] {scheduler_job.py:643} INFO - DAG(s) dict_keys(['tutorial']) retrieved from /home/airflow/airflow-course/venv/lib/python3.8/site-packages/airflow/example_dags/tutorial.py
[2021-12-27 20:42:56,371] {logging_mixin.py:104} INFO - [2021-12-27 20:42:56,371] {dag.py:1832} INFO - Sync 1 DAGs
[2021-12-27 20:42:56,414] {logging_mixin.py:104} INFO - [2021-12-27 20:42:56,414] {dag.py:2305} INFO - Setting next_dagrun for tutorial to 2021-12-25 00:00:00+00:00
[2021-12-27 20:42:56,432] {scheduler_job.py:190} INFO - Processing /home/airflow/airflow-course/venv/lib/python3.8/site-packages/airflow/example_dags/tutorial.py took 0.175 seconds
[2021-12-27 20:43:27,215] {scheduler_job.py:182} INFO - Started process (PID=4597) to work on /home/airflow/airflow-course/venv/lib/python3.8/site-packages/airflow/example_dags/tutorial.py
[2021-12-27 20:43:27,228] {scheduler_job.py:633} INFO - Processing file /home/airflow/airflow-course/venv/lib/python3.8/site-packages/airflow/example_dags/tutorial.py for tasks to queue
[2021-12-27 20:43:27,235] {logging_mixin.py:104} INFO - [2021-12-27 20:43:27,235] {dagbag.py:487} INFO - Filling up the DagBag from /home/airflow/airflow-course/venv/lib/python3.8/site-packages/airflow/example_dags/tutorial.py
[2021-12-27 20:43:27,287] {scheduler_job.py:643} INFO - DAG(s) dict_keys(['tutorial']) retrieved from /home/airflow/airflow-course/venv/lib/python3.8/site-packages/airflow/example_dags/tutorial.py
[2021-12-27 20:43:27,330] {logging_mixin.py:104} INFO - [2021-12-27 20:43:27,330] {dag.py:1832} INFO - Sync 1 DAGs
[2021-12-27 20:43:27,366] {logging_mixin.py:104} INFO - [2021-12-27 20:43:27,366] {dag.py:2305} INFO - Setting next_dagrun for tutorial to 2021-12-25 00:00:00+00:00
[2021-12-27 20:43:27,403] {scheduler_job.py:190} INFO - Processing /home/airflow/airflow-course/venv/lib/python3.8/site-packages/airflow/example_dags/tutorial.py took 0.192 seconds
[2021-12-27 20:43:58,397] {scheduler_job.py:182} INFO - Started process (PID=4796) to work on /home/airflow/airflow-course/venv/lib/python3.8/site-packages/airflow/example_dags/tutorial.py
[2021-12-27 20:43:58,415] {scheduler_job.py:633} INFO - Processing file /home/airflow/airflow-course/venv/lib/python3.8/site-packages/airflow/example_dags/tutorial.py for tasks to queue
[2021-12-27 20:43:58,416] {logging_mixin.py:104} INFO - [2021-12-27 20:43:58,416] {dagbag.py:487} INFO - Filling up the DagBag from /home/airflow/airflow-course/venv/lib/python3.8/site-packages/airflow/example_dags/tutorial.py
[2021-12-27 20:43:58,442] {scheduler_job.py:643} INFO - DAG(s) dict_keys(['tutorial']) retrieved from /home/airflow/airflow-course/venv/lib/python3.8/site-packages/airflow/example_dags/tutorial.py
[2021-12-27 20:43:58,532] {logging_mixin.py:104} INFO - [2021-12-27 20:43:58,531] {dag.py:1832} INFO - Sync 1 DAGs
[2021-12-27 20:43:58,570] {logging_mixin.py:104} INFO - [2021-12-27 20:43:58,570] {dag.py:2305} INFO - Setting next_dagrun for tutorial to 2021-12-25 00:00:00+00:00
[2021-12-27 20:43:58,748] {scheduler_job.py:190} INFO - Processing /home/airflow/airflow-course/venv/lib/python3.8/site-packages/airflow/example_dags/tutorial.py took 0.356 seconds
[2021-12-27 20:44:29,567] {scheduler_job.py:182} INFO - Started process (PID=5001) to work on /home/airflow/airflow-course/venv/lib/python3.8/site-packages/airflow/example_dags/tutorial.py
[2021-12-27 20:44:29,574] {scheduler_job.py:633} INFO - Processing file /home/airflow/airflow-course/venv/lib/python3.8/site-packages/airflow/example_dags/tutorial.py for tasks to queue
[2021-12-27 20:44:29,575] {logging_mixin.py:104} INFO - [2021-12-27 20:44:29,575] {dagbag.py:487} INFO - Filling up the DagBag from /home/airflow/airflow-course/venv/lib/python3.8/site-packages/airflow/example_dags/tutorial.py
[2021-12-27 20:44:29,603] {scheduler_job.py:643} INFO - DAG(s) dict_keys(['tutorial']) retrieved from /home/airflow/airflow-course/venv/lib/python3.8/site-packages/airflow/example_dags/tutorial.py
[2021-12-27 20:44:29,698] {logging_mixin.py:104} INFO - [2021-12-27 20:44:29,698] {dag.py:1832} INFO - Sync 1 DAGs
[2021-12-27 20:44:29,729] {logging_mixin.py:104} INFO - [2021-12-27 20:44:29,729] {dag.py:2305} INFO - Setting next_dagrun for tutorial to 2021-12-25 00:00:00+00:00
[2021-12-27 20:44:29,873] {scheduler_job.py:190} INFO - Processing /home/airflow/airflow-course/venv/lib/python3.8/site-packages/airflow/example_dags/tutorial.py took 0.310 seconds
[2021-12-27 20:45:00,825] {scheduler_job.py:182} INFO - Started process (PID=5435) to work on /home/airflow/airflow-course/venv/lib/python3.8/site-packages/airflow/example_dags/tutorial.py
[2021-12-27 20:45:00,827] {scheduler_job.py:633} INFO - Processing file /home/airflow/airflow-course/venv/lib/python3.8/site-packages/airflow/example_dags/tutorial.py for tasks to queue
[2021-12-27 20:45:00,829] {logging_mixin.py:104} INFO - [2021-12-27 20:45:00,829] {dagbag.py:487} INFO - Filling up the DagBag from /home/airflow/airflow-course/venv/lib/python3.8/site-packages/airflow/example_dags/tutorial.py
[2021-12-27 20:45:00,870] {scheduler_job.py:643} INFO - DAG(s) dict_keys(['tutorial']) retrieved from /home/airflow/airflow-course/venv/lib/python3.8/site-packages/airflow/example_dags/tutorial.py
[2021-12-27 20:45:00,931] {logging_mixin.py:104} INFO - [2021-12-27 20:45:00,931] {dag.py:1832} INFO - Sync 1 DAGs
[2021-12-27 20:45:01,137] {logging_mixin.py:104} INFO - [2021-12-27 20:45:01,136] {dag.py:2305} INFO - Setting next_dagrun for tutorial to 2021-12-25 00:00:00+00:00
[2021-12-27 20:45:01,161] {scheduler_job.py:190} INFO - Processing /home/airflow/airflow-course/venv/lib/python3.8/site-packages/airflow/example_dags/tutorial.py took 0.354 seconds
[2021-12-27 20:45:33,198] {scheduler_job.py:182} INFO - Started process (PID=5644) to work on /home/airflow/airflow-course/venv/lib/python3.8/site-packages/airflow/example_dags/tutorial.py
[2021-12-27 20:45:33,200] {scheduler_job.py:633} INFO - Processing file /home/airflow/airflow-course/venv/lib/python3.8/site-packages/airflow/example_dags/tutorial.py for tasks to queue
[2021-12-27 20:45:33,200] {logging_mixin.py:104} INFO - [2021-12-27 20:45:33,200] {dagbag.py:487} INFO - Filling up the DagBag from /home/airflow/airflow-course/venv/lib/python3.8/site-packages/airflow/example_dags/tutorial.py
[2021-12-27 20:45:33,235] {scheduler_job.py:643} INFO - DAG(s) dict_keys(['tutorial']) retrieved from /home/airflow/airflow-course/venv/lib/python3.8/site-packages/airflow/example_dags/tutorial.py
[2021-12-27 20:45:33,291] {logging_mixin.py:104} INFO - [2021-12-27 20:45:33,291] {dag.py:1832} INFO - Sync 1 DAGs
[2021-12-27 20:45:33,477] {logging_mixin.py:104} INFO - [2021-12-27 20:45:33,477] {dag.py:2305} INFO - Setting next_dagrun for tutorial to 2021-12-25 00:00:00+00:00
[2021-12-27 20:45:33,505] {scheduler_job.py:190} INFO - Processing /home/airflow/airflow-course/venv/lib/python3.8/site-packages/airflow/example_dags/tutorial.py took 0.310 seconds
[2021-12-27 20:46:04,290] {scheduler_job.py:182} INFO - Started process (PID=5844) to work on /home/airflow/airflow-course/venv/lib/python3.8/site-packages/airflow/example_dags/tutorial.py
[2021-12-27 20:46:04,294] {scheduler_job.py:633} INFO - Processing file /home/airflow/airflow-course/venv/lib/python3.8/site-packages/airflow/example_dags/tutorial.py for tasks to queue
[2021-12-27 20:46:04,295] {logging_mixin.py:104} INFO - [2021-12-27 20:46:04,295] {dagbag.py:487} INFO - Filling up the DagBag from /home/airflow/airflow-course/venv/lib/python3.8/site-packages/airflow/example_dags/tutorial.py
[2021-12-27 20:46:04,320] {scheduler_job.py:643} INFO - DAG(s) dict_keys(['tutorial']) retrieved from /home/airflow/airflow-course/venv/lib/python3.8/site-packages/airflow/example_dags/tutorial.py
[2021-12-27 20:46:04,396] {logging_mixin.py:104} INFO - [2021-12-27 20:46:04,396] {dag.py:1832} INFO - Sync 1 DAGs
[2021-12-27 20:46:04,558] {logging_mixin.py:104} INFO - [2021-12-27 20:46:04,558] {dag.py:2305} INFO - Setting next_dagrun for tutorial to 2021-12-25 00:00:00+00:00
[2021-12-27 20:46:04,592] {scheduler_job.py:190} INFO - Processing /home/airflow/airflow-course/venv/lib/python3.8/site-packages/airflow/example_dags/tutorial.py took 0.306 seconds
[2021-12-27 20:46:35,512] {scheduler_job.py:182} INFO - Started process (PID=6045) to work on /home/airflow/airflow-course/venv/lib/python3.8/site-packages/airflow/example_dags/tutorial.py
[2021-12-27 20:46:35,518] {scheduler_job.py:633} INFO - Processing file /home/airflow/airflow-course/venv/lib/python3.8/site-packages/airflow/example_dags/tutorial.py for tasks to queue
[2021-12-27 20:46:35,519] {logging_mixin.py:104} INFO - [2021-12-27 20:46:35,519] {dagbag.py:487} INFO - Filling up the DagBag from /home/airflow/airflow-course/venv/lib/python3.8/site-packages/airflow/example_dags/tutorial.py
[2021-12-27 20:46:35,544] {scheduler_job.py:643} INFO - DAG(s) dict_keys(['tutorial']) retrieved from /home/airflow/airflow-course/venv/lib/python3.8/site-packages/airflow/example_dags/tutorial.py
[2021-12-27 20:46:35,604] {logging_mixin.py:104} INFO - [2021-12-27 20:46:35,604] {dag.py:1832} INFO - Sync 1 DAGs
[2021-12-27 20:46:35,748] {logging_mixin.py:104} INFO - [2021-12-27 20:46:35,748] {dag.py:2305} INFO - Setting next_dagrun for tutorial to 2021-12-25 00:00:00+00:00
[2021-12-27 20:46:35,775] {scheduler_job.py:190} INFO - Processing /home/airflow/airflow-course/venv/lib/python3.8/site-packages/airflow/example_dags/tutorial.py took 0.267 seconds
