[2021-12-29 20:28:53,459] {taskinstance.py:876} INFO - Dependencies all met for <TaskInstance: elasticsearch_dag.print_es_info 2021-12-28T00:00:00+00:00 [queued]>
[2021-12-29 20:28:53,477] {taskinstance.py:876} INFO - Dependencies all met for <TaskInstance: elasticsearch_dag.print_es_info 2021-12-28T00:00:00+00:00 [queued]>
[2021-12-29 20:28:53,477] {taskinstance.py:1067} INFO - 
--------------------------------------------------------------------------------
[2021-12-29 20:28:53,477] {taskinstance.py:1068} INFO - Starting attempt 1 of 1
[2021-12-29 20:28:53,478] {taskinstance.py:1069} INFO - 
--------------------------------------------------------------------------------
[2021-12-29 20:28:53,486] {taskinstance.py:1087} INFO - Executing <Task(PythonOperator): print_es_info> on 2021-12-28T00:00:00+00:00
[2021-12-29 20:28:53,491] {standard_task_runner.py:52} INFO - Started process 62646 to run task
[2021-12-29 20:28:53,496] {standard_task_runner.py:76} INFO - Running: ['airflow', 'tasks', 'run', 'elasticsearch_dag', 'print_es_info', '2021-12-28T00:00:00+00:00', '--job-id', '53', '--pool', 'default_pool', '--raw', '--subdir', 'DAGS_FOLDER/elasticsearch_dag.py', '--cfg-path', '/tmp/tmpokudei81', '--error-file', '/tmp/tmpn4dzyl9d']
[2021-12-29 20:28:53,498] {standard_task_runner.py:77} INFO - Job 53: Subtask print_es_info
[2021-12-29 20:28:53,579] {logging_mixin.py:104} INFO - Running <TaskInstance: elasticsearch_dag.print_es_info 2021-12-28T00:00:00+00:00 [running]> on host airflowvm
[2021-12-29 20:28:53,745] {taskinstance.py:1280} INFO - Exporting the following env vars:
AIRFLOW_CTX_DAG_OWNER=airflow
AIRFLOW_CTX_DAG_ID=elasticsearch_dag
AIRFLOW_CTX_TASK_ID=print_es_info
AIRFLOW_CTX_EXECUTION_DATE=2021-12-28T00:00:00+00:00
AIRFLOW_CTX_DAG_RUN_ID=scheduled__2021-12-28T00:00:00+00:00
[2021-12-29 20:28:53,765] {base.py:69} INFO - Using connection to: id: elasticsearch_default. Host: localhost, Port: 9200, Schema: http, Login: None, Password: None, extra: {}
[2021-12-29 20:28:53,783] {logging_mixin.py:104} WARNING - /home/airflow/airflow-course/venv/lib/python3.8/site-packages/elasticsearch/connection/base.py:193 ElasticsearchDeprecationWarning: Elasticsearch built-in security features are not enabled. Without authentication, your cluster could be accessible to anyone. See https://www.elastic.co/guide/en/elasticsearch/reference/7.16/security-minimal-setup.html to enable security.
[2021-12-29 20:28:53,792] {base.py:255} INFO - GET http://localhost:9200/ [status:200 request:0.012s]
[2021-12-29 20:28:53,793] {logging_mixin.py:104} INFO - {'name': 'airflowvm', 'cluster_name': 'elasticsearch', 'cluster_uuid': 'xfu6Zc1EQ0OtgPUCrv2HPg', 'version': {'number': '7.16.2', 'build_flavor': 'default', 'build_type': 'deb', 'build_hash': '2b937c44140b6559905130a8650c64dbd0879cfb', 'build_date': '2021-12-18T19:42:46.604893745Z', 'build_snapshot': False, 'lucene_version': '8.10.1', 'minimum_wire_compatibility_version': '6.8.0', 'minimum_index_compatibility_version': '6.0.0-beta1'}, 'tagline': 'You Know, for Search'}
[2021-12-29 20:28:53,793] {python.py:151} INFO - Done. Returned value was: None
[2021-12-29 20:28:53,809] {taskinstance.py:1184} INFO - Marking task as SUCCESS. dag_id=elasticsearch_dag, task_id=print_es_info, execution_date=20211228T000000, start_date=20211229T202853, end_date=20211229T202853
[2021-12-29 20:28:53,839] {taskinstance.py:1245} INFO - 1 downstream tasks scheduled from follow-on schedule check
[2021-12-29 20:28:53,868] {local_task_job.py:151} INFO - Task exited with return code 0
