[2021-12-28 18:49:05,566] {taskinstance.py:876} INFO - Dependencies all met for <TaskInstance: xcom_dag.processing_tasks.training_model_b 2021-12-28T18:48:26.022580+00:00 [queued]>
[2021-12-28 18:49:05,591] {taskinstance.py:876} INFO - Dependencies all met for <TaskInstance: xcom_dag.processing_tasks.training_model_b 2021-12-28T18:48:26.022580+00:00 [queued]>
[2021-12-28 18:49:05,591] {taskinstance.py:1067} INFO - 
--------------------------------------------------------------------------------
[2021-12-28 18:49:05,591] {taskinstance.py:1068} INFO - Starting attempt 1 of 1
[2021-12-28 18:49:05,591] {taskinstance.py:1069} INFO - 
--------------------------------------------------------------------------------
[2021-12-28 18:49:05,635] {taskinstance.py:1087} INFO - Executing <Task(PythonOperator): processing_tasks.training_model_b> on 2021-12-28T18:48:26.022580+00:00
[2021-12-28 18:49:05,637] {standard_task_runner.py:52} INFO - Started process 13112 to run task
[2021-12-28 18:49:05,662] {standard_task_runner.py:76} INFO - Running: ['airflow', 'tasks', 'run', 'xcom_dag', 'processing_tasks.training_model_b', '2021-12-28T18:48:26.022580+00:00', '--job-id', '30', '--pool', 'default_pool', '--raw', '--subdir', 'DAGS_FOLDER/xcom_dag.py', '--cfg-path', '/tmp/tmp6dmhegy3', '--error-file', '/tmp/tmp1vjf22x5']
[2021-12-28 18:49:05,665] {standard_task_runner.py:77} INFO - Job 30: Subtask processing_tasks.training_model_b
[2021-12-28 18:49:05,810] {logging_mixin.py:104} INFO - Running <TaskInstance: xcom_dag.processing_tasks.training_model_b 2021-12-28T18:48:26.022580+00:00 [running]> on host airflowvm
[2021-12-28 18:49:06,015] {taskinstance.py:1280} INFO - Exporting the following env vars:
AIRFLOW_CTX_DAG_OWNER=airflow
AIRFLOW_CTX_DAG_ID=xcom_dag
AIRFLOW_CTX_TASK_ID=processing_tasks.training_model_b
AIRFLOW_CTX_EXECUTION_DATE=2021-12-28T18:48:26.022580+00:00
AIRFLOW_CTX_DAG_RUN_ID=manual__2021-12-28T18:48:26.022580+00:00
[2021-12-28 18:49:06,015] {logging_mixin.py:104} INFO - model's accuracy: 6.653266784233141
[2021-12-28 18:49:06,076] {python.py:151} INFO - Done. Returned value was: None
[2021-12-28 18:49:06,135] {taskinstance.py:1184} INFO - Marking task as SUCCESS. dag_id=xcom_dag, task_id=processing_tasks.training_model_b, execution_date=20211228T184826, start_date=20211228T184905, end_date=20211228T184906
[2021-12-28 18:49:06,205] {taskinstance.py:1245} INFO - 0 downstream tasks scheduled from follow-on schedule check
[2021-12-28 18:49:06,235] {local_task_job.py:151} INFO - Task exited with return code 0
