[2021-12-30 00:00:01,293] {scheduler_job.py:182} INFO - Started process (PID=89959) to work on /home/airflow/airflow/dags/subdags/subdag_parallel_dag.py
[2021-12-30 00:00:01,294] {scheduler_job.py:633} INFO - Processing file /home/airflow/airflow/dags/subdags/subdag_parallel_dag.py for tasks to queue
[2021-12-30 00:00:01,296] {logging_mixin.py:104} INFO - [2021-12-30 00:00:01,296] {dagbag.py:487} INFO - Filling up the DagBag from /home/airflow/airflow/dags/subdags/subdag_parallel_dag.py
[2021-12-30 00:00:01,299] {scheduler_job.py:645} WARNING - No viable dags retrieved from /home/airflow/airflow/dags/subdags/subdag_parallel_dag.py
[2021-12-30 00:00:01,318] {scheduler_job.py:190} INFO - Processing /home/airflow/airflow/dags/subdags/subdag_parallel_dag.py took 0.027 seconds
[2021-12-30 00:00:31,452] {scheduler_job.py:182} INFO - Started process (PID=90263) to work on /home/airflow/airflow/dags/subdags/subdag_parallel_dag.py
[2021-12-30 00:00:31,457] {scheduler_job.py:633} INFO - Processing file /home/airflow/airflow/dags/subdags/subdag_parallel_dag.py for tasks to queue
[2021-12-30 00:00:31,457] {logging_mixin.py:104} INFO - [2021-12-30 00:00:31,457] {dagbag.py:487} INFO - Filling up the DagBag from /home/airflow/airflow/dags/subdags/subdag_parallel_dag.py
[2021-12-30 00:00:31,461] {scheduler_job.py:645} WARNING - No viable dags retrieved from /home/airflow/airflow/dags/subdags/subdag_parallel_dag.py
[2021-12-30 00:00:31,484] {scheduler_job.py:190} INFO - Processing /home/airflow/airflow/dags/subdags/subdag_parallel_dag.py took 0.034 seconds
[2021-12-30 00:01:01,624] {scheduler_job.py:182} INFO - Started process (PID=90336) to work on /home/airflow/airflow/dags/subdags/subdag_parallel_dag.py
[2021-12-30 00:01:01,625] {scheduler_job.py:633} INFO - Processing file /home/airflow/airflow/dags/subdags/subdag_parallel_dag.py for tasks to queue
[2021-12-30 00:01:01,626] {logging_mixin.py:104} INFO - [2021-12-30 00:01:01,626] {dagbag.py:487} INFO - Filling up the DagBag from /home/airflow/airflow/dags/subdags/subdag_parallel_dag.py
[2021-12-30 00:01:01,646] {scheduler_job.py:645} WARNING - No viable dags retrieved from /home/airflow/airflow/dags/subdags/subdag_parallel_dag.py
[2021-12-30 00:01:01,671] {scheduler_job.py:190} INFO - Processing /home/airflow/airflow/dags/subdags/subdag_parallel_dag.py took 0.051 seconds
[2021-12-30 00:01:31,816] {scheduler_job.py:182} INFO - Started process (PID=90387) to work on /home/airflow/airflow/dags/subdags/subdag_parallel_dag.py
[2021-12-30 00:01:31,818] {scheduler_job.py:633} INFO - Processing file /home/airflow/airflow/dags/subdags/subdag_parallel_dag.py for tasks to queue
[2021-12-30 00:01:31,819] {logging_mixin.py:104} INFO - [2021-12-30 00:01:31,819] {dagbag.py:487} INFO - Filling up the DagBag from /home/airflow/airflow/dags/subdags/subdag_parallel_dag.py
[2021-12-30 00:01:31,826] {scheduler_job.py:645} WARNING - No viable dags retrieved from /home/airflow/airflow/dags/subdags/subdag_parallel_dag.py
[2021-12-30 00:01:31,850] {scheduler_job.py:190} INFO - Processing /home/airflow/airflow/dags/subdags/subdag_parallel_dag.py took 0.036 seconds
[2021-12-30 00:02:02,327] {scheduler_job.py:182} INFO - Started process (PID=90418) to work on /home/airflow/airflow/dags/subdags/subdag_parallel_dag.py
[2021-12-30 00:02:02,336] {scheduler_job.py:633} INFO - Processing file /home/airflow/airflow/dags/subdags/subdag_parallel_dag.py for tasks to queue
[2021-12-30 00:02:02,337] {logging_mixin.py:104} INFO - [2021-12-30 00:02:02,337] {dagbag.py:487} INFO - Filling up the DagBag from /home/airflow/airflow/dags/subdags/subdag_parallel_dag.py
[2021-12-30 00:02:02,341] {scheduler_job.py:645} WARNING - No viable dags retrieved from /home/airflow/airflow/dags/subdags/subdag_parallel_dag.py
[2021-12-30 00:02:02,360] {scheduler_job.py:190} INFO - Processing /home/airflow/airflow/dags/subdags/subdag_parallel_dag.py took 0.036 seconds
[2021-12-30 00:02:33,370] {scheduler_job.py:182} INFO - Started process (PID=90455) to work on /home/airflow/airflow/dags/subdags/subdag_parallel_dag.py
[2021-12-30 00:02:33,371] {scheduler_job.py:633} INFO - Processing file /home/airflow/airflow/dags/subdags/subdag_parallel_dag.py for tasks to queue
[2021-12-30 00:02:33,378] {logging_mixin.py:104} INFO - [2021-12-30 00:02:33,378] {dagbag.py:487} INFO - Filling up the DagBag from /home/airflow/airflow/dags/subdags/subdag_parallel_dag.py
[2021-12-30 00:02:33,382] {scheduler_job.py:645} WARNING - No viable dags retrieved from /home/airflow/airflow/dags/subdags/subdag_parallel_dag.py
[2021-12-30 00:02:33,404] {scheduler_job.py:190} INFO - Processing /home/airflow/airflow/dags/subdags/subdag_parallel_dag.py took 0.038 seconds
[2021-12-30 00:03:03,473] {scheduler_job.py:182} INFO - Started process (PID=90489) to work on /home/airflow/airflow/dags/subdags/subdag_parallel_dag.py
[2021-12-30 00:03:03,476] {scheduler_job.py:633} INFO - Processing file /home/airflow/airflow/dags/subdags/subdag_parallel_dag.py for tasks to queue
[2021-12-30 00:03:03,477] {logging_mixin.py:104} INFO - [2021-12-30 00:03:03,477] {dagbag.py:487} INFO - Filling up the DagBag from /home/airflow/airflow/dags/subdags/subdag_parallel_dag.py
[2021-12-30 00:03:03,480] {scheduler_job.py:645} WARNING - No viable dags retrieved from /home/airflow/airflow/dags/subdags/subdag_parallel_dag.py
[2021-12-30 00:03:03,500] {scheduler_job.py:190} INFO - Processing /home/airflow/airflow/dags/subdags/subdag_parallel_dag.py took 0.032 seconds
[2021-12-30 00:03:33,546] {scheduler_job.py:182} INFO - Started process (PID=90998) to work on /home/airflow/airflow/dags/subdags/subdag_parallel_dag.py
[2021-12-30 00:03:33,560] {scheduler_job.py:633} INFO - Processing file /home/airflow/airflow/dags/subdags/subdag_parallel_dag.py for tasks to queue
[2021-12-30 00:03:33,561] {logging_mixin.py:104} INFO - [2021-12-30 00:03:33,561] {dagbag.py:487} INFO - Filling up the DagBag from /home/airflow/airflow/dags/subdags/subdag_parallel_dag.py
[2021-12-30 00:03:33,571] {scheduler_job.py:645} WARNING - No viable dags retrieved from /home/airflow/airflow/dags/subdags/subdag_parallel_dag.py
[2021-12-30 00:03:33,603] {scheduler_job.py:190} INFO - Processing /home/airflow/airflow/dags/subdags/subdag_parallel_dag.py took 0.060 seconds
[2021-12-30 00:04:03,791] {scheduler_job.py:182} INFO - Started process (PID=91163) to work on /home/airflow/airflow/dags/subdags/subdag_parallel_dag.py
[2021-12-30 00:04:03,791] {scheduler_job.py:633} INFO - Processing file /home/airflow/airflow/dags/subdags/subdag_parallel_dag.py for tasks to queue
[2021-12-30 00:04:03,793] {logging_mixin.py:104} INFO - [2021-12-30 00:04:03,793] {dagbag.py:487} INFO - Filling up the DagBag from /home/airflow/airflow/dags/subdags/subdag_parallel_dag.py
[2021-12-30 00:04:03,809] {scheduler_job.py:645} WARNING - No viable dags retrieved from /home/airflow/airflow/dags/subdags/subdag_parallel_dag.py
[2021-12-30 00:04:03,831] {scheduler_job.py:190} INFO - Processing /home/airflow/airflow/dags/subdags/subdag_parallel_dag.py took 0.043 seconds
[2021-12-30 00:04:34,019] {scheduler_job.py:182} INFO - Started process (PID=91328) to work on /home/airflow/airflow/dags/subdags/subdag_parallel_dag.py
[2021-12-30 00:04:34,026] {scheduler_job.py:633} INFO - Processing file /home/airflow/airflow/dags/subdags/subdag_parallel_dag.py for tasks to queue
[2021-12-30 00:04:34,026] {logging_mixin.py:104} INFO - [2021-12-30 00:04:34,026] {dagbag.py:487} INFO - Filling up the DagBag from /home/airflow/airflow/dags/subdags/subdag_parallel_dag.py
[2021-12-30 00:04:34,030] {scheduler_job.py:645} WARNING - No viable dags retrieved from /home/airflow/airflow/dags/subdags/subdag_parallel_dag.py
[2021-12-30 00:04:34,057] {scheduler_job.py:190} INFO - Processing /home/airflow/airflow/dags/subdags/subdag_parallel_dag.py took 0.040 seconds
[2021-12-30 00:05:04,313] {scheduler_job.py:182} INFO - Started process (PID=91496) to work on /home/airflow/airflow/dags/subdags/subdag_parallel_dag.py
[2021-12-30 00:05:04,315] {scheduler_job.py:633} INFO - Processing file /home/airflow/airflow/dags/subdags/subdag_parallel_dag.py for tasks to queue
[2021-12-30 00:05:04,315] {logging_mixin.py:104} INFO - [2021-12-30 00:05:04,315] {dagbag.py:487} INFO - Filling up the DagBag from /home/airflow/airflow/dags/subdags/subdag_parallel_dag.py
[2021-12-30 00:05:04,319] {scheduler_job.py:645} WARNING - No viable dags retrieved from /home/airflow/airflow/dags/subdags/subdag_parallel_dag.py
[2021-12-30 00:05:04,340] {scheduler_job.py:190} INFO - Processing /home/airflow/airflow/dags/subdags/subdag_parallel_dag.py took 0.041 seconds
[2021-12-30 00:05:34,530] {scheduler_job.py:182} INFO - Started process (PID=91901) to work on /home/airflow/airflow/dags/subdags/subdag_parallel_dag.py
[2021-12-30 00:05:34,533] {scheduler_job.py:633} INFO - Processing file /home/airflow/airflow/dags/subdags/subdag_parallel_dag.py for tasks to queue
[2021-12-30 00:05:34,534] {logging_mixin.py:104} INFO - [2021-12-30 00:05:34,534] {dagbag.py:487} INFO - Filling up the DagBag from /home/airflow/airflow/dags/subdags/subdag_parallel_dag.py
[2021-12-30 00:05:34,547] {scheduler_job.py:645} WARNING - No viable dags retrieved from /home/airflow/airflow/dags/subdags/subdag_parallel_dag.py
[2021-12-30 00:05:34,572] {scheduler_job.py:190} INFO - Processing /home/airflow/airflow/dags/subdags/subdag_parallel_dag.py took 0.045 seconds
[2021-12-30 00:06:04,751] {scheduler_job.py:182} INFO - Started process (PID=92072) to work on /home/airflow/airflow/dags/subdags/subdag_parallel_dag.py
[2021-12-30 00:06:04,758] {scheduler_job.py:633} INFO - Processing file /home/airflow/airflow/dags/subdags/subdag_parallel_dag.py for tasks to queue
[2021-12-30 00:06:04,759] {logging_mixin.py:104} INFO - [2021-12-30 00:06:04,759] {dagbag.py:487} INFO - Filling up the DagBag from /home/airflow/airflow/dags/subdags/subdag_parallel_dag.py
[2021-12-30 00:06:04,763] {scheduler_job.py:645} WARNING - No viable dags retrieved from /home/airflow/airflow/dags/subdags/subdag_parallel_dag.py
[2021-12-30 00:06:04,790] {scheduler_job.py:190} INFO - Processing /home/airflow/airflow/dags/subdags/subdag_parallel_dag.py took 0.042 seconds
