[2021-12-21 20:37:57,822] {taskinstance.py:876} INFO - Dependencies all met for <TaskInstance: parallel_dag.task1 2021-12-20T00:00:00+00:00 [queued]>
[2021-12-21 20:37:57,849] {taskinstance.py:876} INFO - Dependencies all met for <TaskInstance: parallel_dag.task1 2021-12-20T00:00:00+00:00 [queued]>
[2021-12-21 20:37:57,849] {taskinstance.py:1067} INFO - 
--------------------------------------------------------------------------------
[2021-12-21 20:37:57,849] {taskinstance.py:1068} INFO - Starting attempt 2 of 2
[2021-12-21 20:37:57,850] {taskinstance.py:1069} INFO - 
--------------------------------------------------------------------------------
[2021-12-21 20:37:57,868] {taskinstance.py:1087} INFO - Executing <Task(BashOperator): task1> on 2021-12-20T00:00:00+00:00
[2021-12-21 20:37:57,870] {standard_task_runner.py:52} INFO - Started process 72655 to run task
[2021-12-21 20:37:57,878] {standard_task_runner.py:76} INFO - Running: ['airflow', 'tasks', 'run', 'parallel_dag', 'task1', '2021-12-20T00:00:00+00:00', '--job-id', '9', '--pool', 'default_pool', '--raw', '--subdir', 'DAGS_FOLDER/parallel_dag.py', '--cfg-path', '/tmp/tmp0ohp5c8k', '--error-file', '/tmp/tmpjj0_jben']
[2021-12-21 20:37:57,878] {standard_task_runner.py:77} INFO - Job 9: Subtask task1
[2021-12-21 20:37:57,965] {logging_mixin.py:104} INFO - Running <TaskInstance: parallel_dag.task1 2021-12-20T00:00:00+00:00 [running]> on host airflowvm
[2021-12-21 20:37:58,093] {taskinstance.py:1280} INFO - Exporting the following env vars:
AIRFLOW_CTX_DAG_OWNER=airflow
AIRFLOW_CTX_DAG_ID=parallel_dag
AIRFLOW_CTX_TASK_ID=task1
AIRFLOW_CTX_EXECUTION_DATE=2021-12-20T00:00:00+00:00
AIRFLOW_CTX_DAG_RUN_ID=scheduled__2021-12-20T00:00:00+00:00
[2021-12-21 20:37:58,094] {subprocess.py:52} INFO - Tmp dir root location: 
 /tmp
[2021-12-21 20:37:58,094] {subprocess.py:63} INFO - Running command: ['bash', '-c', 'sleep 3']
[2021-12-21 20:37:58,102] {subprocess.py:75} INFO - Output:
[2021-12-21 20:38:01,109] {subprocess.py:83} INFO - Command exited with return code 0
[2021-12-21 20:38:01,204] {taskinstance.py:1184} INFO - Marking task as SUCCESS. dag_id=parallel_dag, task_id=task1, execution_date=20211220T000000, start_date=20211221T203757, end_date=20211221T203801
[2021-12-21 20:38:01,246] {taskinstance.py:1245} INFO - 2 downstream tasks scheduled from follow-on schedule check
[2021-12-21 20:38:01,261] {local_task_job.py:151} INFO - Task exited with return code 0
