[2021-12-13 20:22:11,065] {scheduler_job.py:182} INFO - Started process (PID=2642) to work on /home/airflow/airflow-course/venv/lib/python3.8/site-packages/airflow/example_dags/example_subdag_operator.py
[2021-12-13 20:22:11,066] {scheduler_job.py:633} INFO - Processing file /home/airflow/airflow-course/venv/lib/python3.8/site-packages/airflow/example_dags/example_subdag_operator.py for tasks to queue
[2021-12-13 20:22:11,067] {logging_mixin.py:104} INFO - [2021-12-13 20:22:11,067] {dagbag.py:487} INFO - Filling up the DagBag from /home/airflow/airflow-course/venv/lib/python3.8/site-packages/airflow/example_dags/example_subdag_operator.py
[2021-12-13 20:22:11,087] {scheduler_job.py:643} INFO - DAG(s) dict_keys(['example_subdag_operator.section-1', 'example_subdag_operator.section-2', 'example_subdag_operator']) retrieved from /home/airflow/airflow-course/venv/lib/python3.8/site-packages/airflow/example_dags/example_subdag_operator.py
[2021-12-13 20:22:11,098] {logging_mixin.py:104} INFO - [2021-12-13 20:22:11,098] {dag.py:1832} INFO - Sync 3 DAGs
[2021-12-13 20:22:11,109] {logging_mixin.py:104} INFO - [2021-12-13 20:22:11,109] {dag.py:2305} INFO - Setting next_dagrun for example_subdag_operator to 2021-12-11 00:00:00+00:00
[2021-12-13 20:22:11,112] {logging_mixin.py:104} INFO - [2021-12-13 20:22:11,111] {dag.py:2305} INFO - Setting next_dagrun for example_subdag_operator.section-1 to None
[2021-12-13 20:22:11,112] {logging_mixin.py:104} INFO - [2021-12-13 20:22:11,112] {dag.py:2305} INFO - Setting next_dagrun for example_subdag_operator.section-2 to None
[2021-12-13 20:22:11,132] {logging_mixin.py:104} INFO - [2021-12-13 20:22:11,132] {dag.py:1832} INFO - Sync 2 DAGs
[2021-12-13 20:22:11,136] {logging_mixin.py:104} INFO - [2021-12-13 20:22:11,136] {dag.py:2305} INFO - Setting next_dagrun for example_subdag_operator.section-1 to None
[2021-12-13 20:22:11,136] {logging_mixin.py:104} INFO - [2021-12-13 20:22:11,136] {dag.py:2305} INFO - Setting next_dagrun for example_subdag_operator.section-2 to None
[2021-12-13 20:22:11,149] {scheduler_job.py:190} INFO - Processing /home/airflow/airflow-course/venv/lib/python3.8/site-packages/airflow/example_dags/example_subdag_operator.py took 0.087 seconds
[2021-12-13 20:22:44,167] {scheduler_job.py:182} INFO - Started process (PID=2734) to work on /home/airflow/airflow-course/venv/lib/python3.8/site-packages/airflow/example_dags/example_subdag_operator.py
[2021-12-13 20:22:44,168] {scheduler_job.py:633} INFO - Processing file /home/airflow/airflow-course/venv/lib/python3.8/site-packages/airflow/example_dags/example_subdag_operator.py for tasks to queue
[2021-12-13 20:22:44,169] {logging_mixin.py:104} INFO - [2021-12-13 20:22:44,169] {dagbag.py:487} INFO - Filling up the DagBag from /home/airflow/airflow-course/venv/lib/python3.8/site-packages/airflow/example_dags/example_subdag_operator.py
[2021-12-13 20:22:44,192] {scheduler_job.py:643} INFO - DAG(s) dict_keys(['example_subdag_operator.section-1', 'example_subdag_operator.section-2', 'example_subdag_operator']) retrieved from /home/airflow/airflow-course/venv/lib/python3.8/site-packages/airflow/example_dags/example_subdag_operator.py
[2021-12-13 20:22:44,199] {logging_mixin.py:104} INFO - [2021-12-13 20:22:44,199] {dag.py:1832} INFO - Sync 3 DAGs
[2021-12-13 20:22:44,207] {logging_mixin.py:104} INFO - [2021-12-13 20:22:44,206] {dag.py:2305} INFO - Setting next_dagrun for example_subdag_operator to 2021-12-11 00:00:00+00:00
[2021-12-13 20:22:44,210] {logging_mixin.py:104} INFO - [2021-12-13 20:22:44,210] {dag.py:2305} INFO - Setting next_dagrun for example_subdag_operator.section-1 to None
[2021-12-13 20:22:44,210] {logging_mixin.py:104} INFO - [2021-12-13 20:22:44,210] {dag.py:2305} INFO - Setting next_dagrun for example_subdag_operator.section-2 to None
[2021-12-13 20:22:44,225] {logging_mixin.py:104} INFO - [2021-12-13 20:22:44,225] {dag.py:1832} INFO - Sync 2 DAGs
[2021-12-13 20:22:44,233] {logging_mixin.py:104} INFO - [2021-12-13 20:22:44,233] {dag.py:2305} INFO - Setting next_dagrun for example_subdag_operator.section-1 to None
[2021-12-13 20:22:44,233] {logging_mixin.py:104} INFO - [2021-12-13 20:22:44,233] {dag.py:2305} INFO - Setting next_dagrun for example_subdag_operator.section-2 to None
[2021-12-13 20:22:44,243] {scheduler_job.py:190} INFO - Processing /home/airflow/airflow-course/venv/lib/python3.8/site-packages/airflow/example_dags/example_subdag_operator.py took 0.079 seconds
[2021-12-13 20:23:17,442] {scheduler_job.py:182} INFO - Started process (PID=2766) to work on /home/airflow/airflow-course/venv/lib/python3.8/site-packages/airflow/example_dags/example_subdag_operator.py
[2021-12-13 20:23:17,444] {scheduler_job.py:633} INFO - Processing file /home/airflow/airflow-course/venv/lib/python3.8/site-packages/airflow/example_dags/example_subdag_operator.py for tasks to queue
[2021-12-13 20:23:17,445] {logging_mixin.py:104} INFO - [2021-12-13 20:23:17,445] {dagbag.py:487} INFO - Filling up the DagBag from /home/airflow/airflow-course/venv/lib/python3.8/site-packages/airflow/example_dags/example_subdag_operator.py
[2021-12-13 20:23:17,473] {scheduler_job.py:643} INFO - DAG(s) dict_keys(['example_subdag_operator.section-1', 'example_subdag_operator.section-2', 'example_subdag_operator']) retrieved from /home/airflow/airflow-course/venv/lib/python3.8/site-packages/airflow/example_dags/example_subdag_operator.py
[2021-12-13 20:23:17,482] {logging_mixin.py:104} INFO - [2021-12-13 20:23:17,482] {dag.py:1832} INFO - Sync 3 DAGs
[2021-12-13 20:23:17,490] {logging_mixin.py:104} INFO - [2021-12-13 20:23:17,490] {dag.py:2305} INFO - Setting next_dagrun for example_subdag_operator to 2021-12-11 00:00:00+00:00
[2021-12-13 20:23:17,491] {logging_mixin.py:104} INFO - [2021-12-13 20:23:17,491] {dag.py:2305} INFO - Setting next_dagrun for example_subdag_operator.section-1 to None
[2021-12-13 20:23:17,491] {logging_mixin.py:104} INFO - [2021-12-13 20:23:17,491] {dag.py:2305} INFO - Setting next_dagrun for example_subdag_operator.section-2 to None
[2021-12-13 20:23:17,509] {logging_mixin.py:104} INFO - [2021-12-13 20:23:17,509] {dag.py:1832} INFO - Sync 2 DAGs
[2021-12-13 20:23:17,512] {logging_mixin.py:104} INFO - [2021-12-13 20:23:17,512] {dag.py:2305} INFO - Setting next_dagrun for example_subdag_operator.section-1 to None
[2021-12-13 20:23:17,512] {logging_mixin.py:104} INFO - [2021-12-13 20:23:17,512] {dag.py:2305} INFO - Setting next_dagrun for example_subdag_operator.section-2 to None
[2021-12-13 20:23:17,521] {scheduler_job.py:190} INFO - Processing /home/airflow/airflow-course/venv/lib/python3.8/site-packages/airflow/example_dags/example_subdag_operator.py took 0.085 seconds
[2021-12-13 20:23:49,586] {scheduler_job.py:182} INFO - Started process (PID=2798) to work on /home/airflow/airflow-course/venv/lib/python3.8/site-packages/airflow/example_dags/example_subdag_operator.py
[2021-12-13 20:23:49,587] {scheduler_job.py:633} INFO - Processing file /home/airflow/airflow-course/venv/lib/python3.8/site-packages/airflow/example_dags/example_subdag_operator.py for tasks to queue
[2021-12-13 20:23:49,588] {logging_mixin.py:104} INFO - [2021-12-13 20:23:49,588] {dagbag.py:487} INFO - Filling up the DagBag from /home/airflow/airflow-course/venv/lib/python3.8/site-packages/airflow/example_dags/example_subdag_operator.py
[2021-12-13 20:23:49,612] {scheduler_job.py:643} INFO - DAG(s) dict_keys(['example_subdag_operator.section-1', 'example_subdag_operator.section-2', 'example_subdag_operator']) retrieved from /home/airflow/airflow-course/venv/lib/python3.8/site-packages/airflow/example_dags/example_subdag_operator.py
[2021-12-13 20:23:49,620] {logging_mixin.py:104} INFO - [2021-12-13 20:23:49,620] {dag.py:1832} INFO - Sync 3 DAGs
[2021-12-13 20:23:49,628] {logging_mixin.py:104} INFO - [2021-12-13 20:23:49,628] {dag.py:2305} INFO - Setting next_dagrun for example_subdag_operator to 2021-12-11 00:00:00+00:00
[2021-12-13 20:23:49,628] {logging_mixin.py:104} INFO - [2021-12-13 20:23:49,628] {dag.py:2305} INFO - Setting next_dagrun for example_subdag_operator.section-1 to None
[2021-12-13 20:23:49,629] {logging_mixin.py:104} INFO - [2021-12-13 20:23:49,629] {dag.py:2305} INFO - Setting next_dagrun for example_subdag_operator.section-2 to None
[2021-12-13 20:23:49,645] {logging_mixin.py:104} INFO - [2021-12-13 20:23:49,645] {dag.py:1832} INFO - Sync 2 DAGs
[2021-12-13 20:23:49,650] {logging_mixin.py:104} INFO - [2021-12-13 20:23:49,650] {dag.py:2305} INFO - Setting next_dagrun for example_subdag_operator.section-1 to None
[2021-12-13 20:23:49,650] {logging_mixin.py:104} INFO - [2021-12-13 20:23:49,650] {dag.py:2305} INFO - Setting next_dagrun for example_subdag_operator.section-2 to None
[2021-12-13 20:23:49,659] {scheduler_job.py:190} INFO - Processing /home/airflow/airflow-course/venv/lib/python3.8/site-packages/airflow/example_dags/example_subdag_operator.py took 0.078 seconds
[2021-12-13 20:24:22,723] {scheduler_job.py:182} INFO - Started process (PID=2830) to work on /home/airflow/airflow-course/venv/lib/python3.8/site-packages/airflow/example_dags/example_subdag_operator.py
[2021-12-13 20:24:22,757] {scheduler_job.py:633} INFO - Processing file /home/airflow/airflow-course/venv/lib/python3.8/site-packages/airflow/example_dags/example_subdag_operator.py for tasks to queue
[2021-12-13 20:24:22,757] {logging_mixin.py:104} INFO - [2021-12-13 20:24:22,757] {dagbag.py:487} INFO - Filling up the DagBag from /home/airflow/airflow-course/venv/lib/python3.8/site-packages/airflow/example_dags/example_subdag_operator.py
[2021-12-13 20:24:22,825] {scheduler_job.py:643} INFO - DAG(s) dict_keys(['example_subdag_operator.section-1', 'example_subdag_operator.section-2', 'example_subdag_operator']) retrieved from /home/airflow/airflow-course/venv/lib/python3.8/site-packages/airflow/example_dags/example_subdag_operator.py
[2021-12-13 20:24:22,869] {logging_mixin.py:104} INFO - [2021-12-13 20:24:22,869] {dag.py:1832} INFO - Sync 3 DAGs
[2021-12-13 20:24:22,891] {logging_mixin.py:104} INFO - [2021-12-13 20:24:22,891] {dag.py:2305} INFO - Setting next_dagrun for example_subdag_operator to 2021-12-11 00:00:00+00:00
[2021-12-13 20:24:22,910] {logging_mixin.py:104} INFO - [2021-12-13 20:24:22,910] {dag.py:2305} INFO - Setting next_dagrun for example_subdag_operator.section-1 to None
[2021-12-13 20:24:22,910] {logging_mixin.py:104} INFO - [2021-12-13 20:24:22,910] {dag.py:2305} INFO - Setting next_dagrun for example_subdag_operator.section-2 to None
[2021-12-13 20:24:22,947] {logging_mixin.py:104} INFO - [2021-12-13 20:24:22,947] {dag.py:1832} INFO - Sync 2 DAGs
[2021-12-13 20:24:22,953] {logging_mixin.py:104} INFO - [2021-12-13 20:24:22,953] {dag.py:2305} INFO - Setting next_dagrun for example_subdag_operator.section-1 to None
[2021-12-13 20:24:22,971] {logging_mixin.py:104} INFO - [2021-12-13 20:24:22,971] {dag.py:2305} INFO - Setting next_dagrun for example_subdag_operator.section-2 to None
[2021-12-13 20:24:22,982] {scheduler_job.py:190} INFO - Processing /home/airflow/airflow-course/venv/lib/python3.8/site-packages/airflow/example_dags/example_subdag_operator.py took 0.262 seconds
[2021-12-13 20:24:57,722] {scheduler_job.py:182} INFO - Started process (PID=2924) to work on /home/airflow/airflow-course/venv/lib/python3.8/site-packages/airflow/example_dags/example_subdag_operator.py
[2021-12-13 20:24:57,723] {scheduler_job.py:633} INFO - Processing file /home/airflow/airflow-course/venv/lib/python3.8/site-packages/airflow/example_dags/example_subdag_operator.py for tasks to queue
[2021-12-13 20:24:57,724] {logging_mixin.py:104} INFO - [2021-12-13 20:24:57,724] {dagbag.py:487} INFO - Filling up the DagBag from /home/airflow/airflow-course/venv/lib/python3.8/site-packages/airflow/example_dags/example_subdag_operator.py
[2021-12-13 20:24:57,745] {scheduler_job.py:643} INFO - DAG(s) dict_keys(['example_subdag_operator.section-1', 'example_subdag_operator.section-2', 'example_subdag_operator']) retrieved from /home/airflow/airflow-course/venv/lib/python3.8/site-packages/airflow/example_dags/example_subdag_operator.py
[2021-12-13 20:24:57,754] {logging_mixin.py:104} INFO - [2021-12-13 20:24:57,754] {dag.py:1832} INFO - Sync 3 DAGs
[2021-12-13 20:24:57,762] {logging_mixin.py:104} INFO - [2021-12-13 20:24:57,762] {dag.py:2305} INFO - Setting next_dagrun for example_subdag_operator to 2021-12-11 00:00:00+00:00
[2021-12-13 20:24:57,763] {logging_mixin.py:104} INFO - [2021-12-13 20:24:57,763] {dag.py:2305} INFO - Setting next_dagrun for example_subdag_operator.section-1 to None
[2021-12-13 20:24:57,763] {logging_mixin.py:104} INFO - [2021-12-13 20:24:57,763] {dag.py:2305} INFO - Setting next_dagrun for example_subdag_operator.section-2 to None
[2021-12-13 20:24:57,780] {logging_mixin.py:104} INFO - [2021-12-13 20:24:57,780] {dag.py:1832} INFO - Sync 2 DAGs
[2021-12-13 20:24:57,784] {logging_mixin.py:104} INFO - [2021-12-13 20:24:57,784] {dag.py:2305} INFO - Setting next_dagrun for example_subdag_operator.section-1 to None
[2021-12-13 20:24:57,784] {logging_mixin.py:104} INFO - [2021-12-13 20:24:57,784] {dag.py:2305} INFO - Setting next_dagrun for example_subdag_operator.section-2 to None
[2021-12-13 20:24:57,793] {scheduler_job.py:190} INFO - Processing /home/airflow/airflow-course/venv/lib/python3.8/site-packages/airflow/example_dags/example_subdag_operator.py took 0.074 seconds
[2021-12-13 20:25:31,876] {scheduler_job.py:182} INFO - Started process (PID=2959) to work on /home/airflow/airflow-course/venv/lib/python3.8/site-packages/airflow/example_dags/example_subdag_operator.py
[2021-12-13 20:25:31,878] {scheduler_job.py:633} INFO - Processing file /home/airflow/airflow-course/venv/lib/python3.8/site-packages/airflow/example_dags/example_subdag_operator.py for tasks to queue
[2021-12-13 20:25:31,879] {logging_mixin.py:104} INFO - [2021-12-13 20:25:31,879] {dagbag.py:487} INFO - Filling up the DagBag from /home/airflow/airflow-course/venv/lib/python3.8/site-packages/airflow/example_dags/example_subdag_operator.py
[2021-12-13 20:25:31,902] {scheduler_job.py:643} INFO - DAG(s) dict_keys(['example_subdag_operator.section-1', 'example_subdag_operator.section-2', 'example_subdag_operator']) retrieved from /home/airflow/airflow-course/venv/lib/python3.8/site-packages/airflow/example_dags/example_subdag_operator.py
[2021-12-13 20:25:31,909] {logging_mixin.py:104} INFO - [2021-12-13 20:25:31,909] {dag.py:1832} INFO - Sync 3 DAGs
[2021-12-13 20:25:31,919] {logging_mixin.py:104} INFO - [2021-12-13 20:25:31,919] {dag.py:2305} INFO - Setting next_dagrun for example_subdag_operator to 2021-12-11 00:00:00+00:00
[2021-12-13 20:25:31,920] {logging_mixin.py:104} INFO - [2021-12-13 20:25:31,920] {dag.py:2305} INFO - Setting next_dagrun for example_subdag_operator.section-1 to None
[2021-12-13 20:25:31,920] {logging_mixin.py:104} INFO - [2021-12-13 20:25:31,920] {dag.py:2305} INFO - Setting next_dagrun for example_subdag_operator.section-2 to None
[2021-12-13 20:25:31,938] {logging_mixin.py:104} INFO - [2021-12-13 20:25:31,937] {dag.py:1832} INFO - Sync 2 DAGs
[2021-12-13 20:25:31,941] {logging_mixin.py:104} INFO - [2021-12-13 20:25:31,941] {dag.py:2305} INFO - Setting next_dagrun for example_subdag_operator.section-1 to None
[2021-12-13 20:25:31,941] {logging_mixin.py:104} INFO - [2021-12-13 20:25:31,941] {dag.py:2305} INFO - Setting next_dagrun for example_subdag_operator.section-2 to None
[2021-12-13 20:25:31,949] {scheduler_job.py:190} INFO - Processing /home/airflow/airflow-course/venv/lib/python3.8/site-packages/airflow/example_dags/example_subdag_operator.py took 0.077 seconds
[2021-12-13 20:26:06,040] {scheduler_job.py:182} INFO - Started process (PID=2993) to work on /home/airflow/airflow-course/venv/lib/python3.8/site-packages/airflow/example_dags/example_subdag_operator.py
[2021-12-13 20:26:06,041] {scheduler_job.py:633} INFO - Processing file /home/airflow/airflow-course/venv/lib/python3.8/site-packages/airflow/example_dags/example_subdag_operator.py for tasks to queue
[2021-12-13 20:26:06,042] {logging_mixin.py:104} INFO - [2021-12-13 20:26:06,042] {dagbag.py:487} INFO - Filling up the DagBag from /home/airflow/airflow-course/venv/lib/python3.8/site-packages/airflow/example_dags/example_subdag_operator.py
[2021-12-13 20:26:06,070] {scheduler_job.py:643} INFO - DAG(s) dict_keys(['example_subdag_operator.section-1', 'example_subdag_operator.section-2', 'example_subdag_operator']) retrieved from /home/airflow/airflow-course/venv/lib/python3.8/site-packages/airflow/example_dags/example_subdag_operator.py
[2021-12-13 20:26:06,079] {logging_mixin.py:104} INFO - [2021-12-13 20:26:06,079] {dag.py:1832} INFO - Sync 3 DAGs
[2021-12-13 20:26:06,087] {logging_mixin.py:104} INFO - [2021-12-13 20:26:06,087] {dag.py:2305} INFO - Setting next_dagrun for example_subdag_operator to 2021-12-11 00:00:00+00:00
[2021-12-13 20:26:06,088] {logging_mixin.py:104} INFO - [2021-12-13 20:26:06,088] {dag.py:2305} INFO - Setting next_dagrun for example_subdag_operator.section-1 to None
[2021-12-13 20:26:06,088] {logging_mixin.py:104} INFO - [2021-12-13 20:26:06,088] {dag.py:2305} INFO - Setting next_dagrun for example_subdag_operator.section-2 to None
[2021-12-13 20:26:06,105] {logging_mixin.py:104} INFO - [2021-12-13 20:26:06,105] {dag.py:1832} INFO - Sync 2 DAGs
[2021-12-13 20:26:06,109] {logging_mixin.py:104} INFO - [2021-12-13 20:26:06,109] {dag.py:2305} INFO - Setting next_dagrun for example_subdag_operator.section-1 to None
[2021-12-13 20:26:06,109] {logging_mixin.py:104} INFO - [2021-12-13 20:26:06,109] {dag.py:2305} INFO - Setting next_dagrun for example_subdag_operator.section-2 to None
[2021-12-13 20:26:06,118] {scheduler_job.py:190} INFO - Processing /home/airflow/airflow-course/venv/lib/python3.8/site-packages/airflow/example_dags/example_subdag_operator.py took 0.083 seconds
[2021-12-13 20:26:38,179] {scheduler_job.py:182} INFO - Started process (PID=3025) to work on /home/airflow/airflow-course/venv/lib/python3.8/site-packages/airflow/example_dags/example_subdag_operator.py
[2021-12-13 20:26:38,180] {scheduler_job.py:633} INFO - Processing file /home/airflow/airflow-course/venv/lib/python3.8/site-packages/airflow/example_dags/example_subdag_operator.py for tasks to queue
[2021-12-13 20:26:38,181] {logging_mixin.py:104} INFO - [2021-12-13 20:26:38,181] {dagbag.py:487} INFO - Filling up the DagBag from /home/airflow/airflow-course/venv/lib/python3.8/site-packages/airflow/example_dags/example_subdag_operator.py
[2021-12-13 20:26:38,203] {scheduler_job.py:643} INFO - DAG(s) dict_keys(['example_subdag_operator.section-1', 'example_subdag_operator.section-2', 'example_subdag_operator']) retrieved from /home/airflow/airflow-course/venv/lib/python3.8/site-packages/airflow/example_dags/example_subdag_operator.py
[2021-12-13 20:26:38,209] {logging_mixin.py:104} INFO - [2021-12-13 20:26:38,209] {dag.py:1832} INFO - Sync 3 DAGs
[2021-12-13 20:26:38,219] {logging_mixin.py:104} INFO - [2021-12-13 20:26:38,218] {dag.py:2305} INFO - Setting next_dagrun for example_subdag_operator to 2021-12-11 00:00:00+00:00
[2021-12-13 20:26:38,219] {logging_mixin.py:104} INFO - [2021-12-13 20:26:38,219] {dag.py:2305} INFO - Setting next_dagrun for example_subdag_operator.section-1 to None
[2021-12-13 20:26:38,219] {logging_mixin.py:104} INFO - [2021-12-13 20:26:38,219] {dag.py:2305} INFO - Setting next_dagrun for example_subdag_operator.section-2 to None
[2021-12-13 20:26:38,235] {logging_mixin.py:104} INFO - [2021-12-13 20:26:38,235] {dag.py:1832} INFO - Sync 2 DAGs
[2021-12-13 20:26:38,239] {logging_mixin.py:104} INFO - [2021-12-13 20:26:38,239] {dag.py:2305} INFO - Setting next_dagrun for example_subdag_operator.section-1 to None
[2021-12-13 20:26:38,240] {logging_mixin.py:104} INFO - [2021-12-13 20:26:38,240] {dag.py:2305} INFO - Setting next_dagrun for example_subdag_operator.section-2 to None
[2021-12-13 20:26:38,251] {scheduler_job.py:190} INFO - Processing /home/airflow/airflow-course/venv/lib/python3.8/site-packages/airflow/example_dags/example_subdag_operator.py took 0.074 seconds
[2021-12-13 20:27:10,545] {scheduler_job.py:182} INFO - Started process (PID=3101) to work on /home/airflow/airflow-course/venv/lib/python3.8/site-packages/airflow/example_dags/example_subdag_operator.py
[2021-12-13 20:27:10,547] {scheduler_job.py:633} INFO - Processing file /home/airflow/airflow-course/venv/lib/python3.8/site-packages/airflow/example_dags/example_subdag_operator.py for tasks to queue
[2021-12-13 20:27:10,548] {logging_mixin.py:104} INFO - [2021-12-13 20:27:10,548] {dagbag.py:487} INFO - Filling up the DagBag from /home/airflow/airflow-course/venv/lib/python3.8/site-packages/airflow/example_dags/example_subdag_operator.py
[2021-12-13 20:27:10,573] {scheduler_job.py:643} INFO - DAG(s) dict_keys(['example_subdag_operator.section-1', 'example_subdag_operator.section-2', 'example_subdag_operator']) retrieved from /home/airflow/airflow-course/venv/lib/python3.8/site-packages/airflow/example_dags/example_subdag_operator.py
[2021-12-13 20:27:10,581] {logging_mixin.py:104} INFO - [2021-12-13 20:27:10,581] {dag.py:1832} INFO - Sync 3 DAGs
[2021-12-13 20:27:10,590] {logging_mixin.py:104} INFO - [2021-12-13 20:27:10,590] {dag.py:2305} INFO - Setting next_dagrun for example_subdag_operator to 2021-12-11 00:00:00+00:00
[2021-12-13 20:27:10,590] {logging_mixin.py:104} INFO - [2021-12-13 20:27:10,590] {dag.py:2305} INFO - Setting next_dagrun for example_subdag_operator.section-1 to None
[2021-12-13 20:27:10,591] {logging_mixin.py:104} INFO - [2021-12-13 20:27:10,591] {dag.py:2305} INFO - Setting next_dagrun for example_subdag_operator.section-2 to None
[2021-12-13 20:27:10,604] {logging_mixin.py:104} INFO - [2021-12-13 20:27:10,604] {dag.py:1832} INFO - Sync 2 DAGs
[2021-12-13 20:27:10,608] {logging_mixin.py:104} INFO - [2021-12-13 20:27:10,608] {dag.py:2305} INFO - Setting next_dagrun for example_subdag_operator.section-1 to None
[2021-12-13 20:27:10,608] {logging_mixin.py:104} INFO - [2021-12-13 20:27:10,608] {dag.py:2305} INFO - Setting next_dagrun for example_subdag_operator.section-2 to None
[2021-12-13 20:27:10,618] {scheduler_job.py:190} INFO - Processing /home/airflow/airflow-course/venv/lib/python3.8/site-packages/airflow/example_dags/example_subdag_operator.py took 0.080 seconds
