[2021-12-13 20:22:08,796] {scheduler_job.py:182} INFO - Started process (PID=2640) to work on /home/airflow/airflow-course/venv/lib/python3.8/site-packages/airflow/example_dags/example_python_operator.py
[2021-12-13 20:22:08,797] {scheduler_job.py:633} INFO - Processing file /home/airflow/airflow-course/venv/lib/python3.8/site-packages/airflow/example_dags/example_python_operator.py for tasks to queue
[2021-12-13 20:22:08,797] {logging_mixin.py:104} INFO - [2021-12-13 20:22:08,797] {dagbag.py:487} INFO - Filling up the DagBag from /home/airflow/airflow-course/venv/lib/python3.8/site-packages/airflow/example_dags/example_python_operator.py
[2021-12-13 20:22:08,808] {scheduler_job.py:643} INFO - DAG(s) dict_keys(['example_python_operator']) retrieved from /home/airflow/airflow-course/venv/lib/python3.8/site-packages/airflow/example_dags/example_python_operator.py
[2021-12-13 20:22:08,829] {logging_mixin.py:104} INFO - [2021-12-13 20:22:08,829] {dag.py:1832} INFO - Sync 1 DAGs
[2021-12-13 20:22:08,839] {logging_mixin.py:104} INFO - [2021-12-13 20:22:08,839] {dag.py:2305} INFO - Setting next_dagrun for example_python_operator to None
[2021-12-13 20:22:08,855] {scheduler_job.py:190} INFO - Processing /home/airflow/airflow-course/venv/lib/python3.8/site-packages/airflow/example_dags/example_python_operator.py took 0.062 seconds
[2021-12-13 20:22:42,453] {scheduler_job.py:182} INFO - Started process (PID=2732) to work on /home/airflow/airflow-course/venv/lib/python3.8/site-packages/airflow/example_dags/example_python_operator.py
[2021-12-13 20:22:42,454] {scheduler_job.py:633} INFO - Processing file /home/airflow/airflow-course/venv/lib/python3.8/site-packages/airflow/example_dags/example_python_operator.py for tasks to queue
[2021-12-13 20:22:42,456] {logging_mixin.py:104} INFO - [2021-12-13 20:22:42,456] {dagbag.py:487} INFO - Filling up the DagBag from /home/airflow/airflow-course/venv/lib/python3.8/site-packages/airflow/example_dags/example_python_operator.py
[2021-12-13 20:22:42,469] {scheduler_job.py:643} INFO - DAG(s) dict_keys(['example_python_operator']) retrieved from /home/airflow/airflow-course/venv/lib/python3.8/site-packages/airflow/example_dags/example_python_operator.py
[2021-12-13 20:22:42,482] {logging_mixin.py:104} INFO - [2021-12-13 20:22:42,482] {dag.py:1832} INFO - Sync 1 DAGs
[2021-12-13 20:22:42,491] {logging_mixin.py:104} INFO - [2021-12-13 20:22:42,491] {dag.py:2305} INFO - Setting next_dagrun for example_python_operator to None
[2021-12-13 20:22:42,510] {scheduler_job.py:190} INFO - Processing /home/airflow/airflow-course/venv/lib/python3.8/site-packages/airflow/example_dags/example_python_operator.py took 0.062 seconds
[2021-12-13 20:23:15,115] {scheduler_job.py:182} INFO - Started process (PID=2764) to work on /home/airflow/airflow-course/venv/lib/python3.8/site-packages/airflow/example_dags/example_python_operator.py
[2021-12-13 20:23:15,117] {scheduler_job.py:633} INFO - Processing file /home/airflow/airflow-course/venv/lib/python3.8/site-packages/airflow/example_dags/example_python_operator.py for tasks to queue
[2021-12-13 20:23:15,118] {logging_mixin.py:104} INFO - [2021-12-13 20:23:15,118] {dagbag.py:487} INFO - Filling up the DagBag from /home/airflow/airflow-course/venv/lib/python3.8/site-packages/airflow/example_dags/example_python_operator.py
[2021-12-13 20:23:15,130] {scheduler_job.py:643} INFO - DAG(s) dict_keys(['example_python_operator']) retrieved from /home/airflow/airflow-course/venv/lib/python3.8/site-packages/airflow/example_dags/example_python_operator.py
[2021-12-13 20:23:15,146] {logging_mixin.py:104} INFO - [2021-12-13 20:23:15,146] {dag.py:1832} INFO - Sync 1 DAGs
[2021-12-13 20:23:15,153] {logging_mixin.py:104} INFO - [2021-12-13 20:23:15,153] {dag.py:2305} INFO - Setting next_dagrun for example_python_operator to None
[2021-12-13 20:23:15,172] {scheduler_job.py:190} INFO - Processing /home/airflow/airflow-course/venv/lib/python3.8/site-packages/airflow/example_dags/example_python_operator.py took 0.061 seconds
[2021-12-13 20:23:47,460] {scheduler_job.py:182} INFO - Started process (PID=2796) to work on /home/airflow/airflow-course/venv/lib/python3.8/site-packages/airflow/example_dags/example_python_operator.py
[2021-12-13 20:23:47,461] {scheduler_job.py:633} INFO - Processing file /home/airflow/airflow-course/venv/lib/python3.8/site-packages/airflow/example_dags/example_python_operator.py for tasks to queue
[2021-12-13 20:23:47,462] {logging_mixin.py:104} INFO - [2021-12-13 20:23:47,462] {dagbag.py:487} INFO - Filling up the DagBag from /home/airflow/airflow-course/venv/lib/python3.8/site-packages/airflow/example_dags/example_python_operator.py
[2021-12-13 20:23:47,479] {scheduler_job.py:643} INFO - DAG(s) dict_keys(['example_python_operator']) retrieved from /home/airflow/airflow-course/venv/lib/python3.8/site-packages/airflow/example_dags/example_python_operator.py
[2021-12-13 20:23:47,493] {logging_mixin.py:104} INFO - [2021-12-13 20:23:47,493] {dag.py:1832} INFO - Sync 1 DAGs
[2021-12-13 20:23:47,511] {logging_mixin.py:104} INFO - [2021-12-13 20:23:47,511] {dag.py:2305} INFO - Setting next_dagrun for example_python_operator to None
[2021-12-13 20:23:47,529] {scheduler_job.py:190} INFO - Processing /home/airflow/airflow-course/venv/lib/python3.8/site-packages/airflow/example_dags/example_python_operator.py took 0.074 seconds
[2021-12-13 20:24:20,989] {scheduler_job.py:182} INFO - Started process (PID=2828) to work on /home/airflow/airflow-course/venv/lib/python3.8/site-packages/airflow/example_dags/example_python_operator.py
[2021-12-13 20:24:20,990] {scheduler_job.py:633} INFO - Processing file /home/airflow/airflow-course/venv/lib/python3.8/site-packages/airflow/example_dags/example_python_operator.py for tasks to queue
[2021-12-13 20:24:20,991] {logging_mixin.py:104} INFO - [2021-12-13 20:24:20,991] {dagbag.py:487} INFO - Filling up the DagBag from /home/airflow/airflow-course/venv/lib/python3.8/site-packages/airflow/example_dags/example_python_operator.py
[2021-12-13 20:24:21,007] {scheduler_job.py:643} INFO - DAG(s) dict_keys(['example_python_operator']) retrieved from /home/airflow/airflow-course/venv/lib/python3.8/site-packages/airflow/example_dags/example_python_operator.py
[2021-12-13 20:24:21,020] {logging_mixin.py:104} INFO - [2021-12-13 20:24:21,019] {dag.py:1832} INFO - Sync 1 DAGs
[2021-12-13 20:24:21,029] {logging_mixin.py:104} INFO - [2021-12-13 20:24:21,028] {dag.py:2305} INFO - Setting next_dagrun for example_python_operator to None
[2021-12-13 20:24:21,049] {scheduler_job.py:190} INFO - Processing /home/airflow/airflow-course/venv/lib/python3.8/site-packages/airflow/example_dags/example_python_operator.py took 0.065 seconds
[2021-12-13 20:24:55,460] {scheduler_job.py:182} INFO - Started process (PID=2922) to work on /home/airflow/airflow-course/venv/lib/python3.8/site-packages/airflow/example_dags/example_python_operator.py
[2021-12-13 20:24:55,462] {scheduler_job.py:633} INFO - Processing file /home/airflow/airflow-course/venv/lib/python3.8/site-packages/airflow/example_dags/example_python_operator.py for tasks to queue
[2021-12-13 20:24:55,462] {logging_mixin.py:104} INFO - [2021-12-13 20:24:55,462] {dagbag.py:487} INFO - Filling up the DagBag from /home/airflow/airflow-course/venv/lib/python3.8/site-packages/airflow/example_dags/example_python_operator.py
[2021-12-13 20:24:55,476] {scheduler_job.py:643} INFO - DAG(s) dict_keys(['example_python_operator']) retrieved from /home/airflow/airflow-course/venv/lib/python3.8/site-packages/airflow/example_dags/example_python_operator.py
[2021-12-13 20:24:55,490] {logging_mixin.py:104} INFO - [2021-12-13 20:24:55,490] {dag.py:1832} INFO - Sync 1 DAGs
[2021-12-13 20:24:55,497] {logging_mixin.py:104} INFO - [2021-12-13 20:24:55,497] {dag.py:2305} INFO - Setting next_dagrun for example_python_operator to None
[2021-12-13 20:24:55,517] {scheduler_job.py:190} INFO - Processing /home/airflow/airflow-course/venv/lib/python3.8/site-packages/airflow/example_dags/example_python_operator.py took 0.063 seconds
[2021-12-13 20:25:28,984] {scheduler_job.py:182} INFO - Started process (PID=2956) to work on /home/airflow/airflow-course/venv/lib/python3.8/site-packages/airflow/example_dags/example_python_operator.py
[2021-12-13 20:25:28,986] {scheduler_job.py:633} INFO - Processing file /home/airflow/airflow-course/venv/lib/python3.8/site-packages/airflow/example_dags/example_python_operator.py for tasks to queue
[2021-12-13 20:25:28,987] {logging_mixin.py:104} INFO - [2021-12-13 20:25:28,987] {dagbag.py:487} INFO - Filling up the DagBag from /home/airflow/airflow-course/venv/lib/python3.8/site-packages/airflow/example_dags/example_python_operator.py
[2021-12-13 20:25:29,000] {scheduler_job.py:643} INFO - DAG(s) dict_keys(['example_python_operator']) retrieved from /home/airflow/airflow-course/venv/lib/python3.8/site-packages/airflow/example_dags/example_python_operator.py
[2021-12-13 20:25:29,015] {logging_mixin.py:104} INFO - [2021-12-13 20:25:29,015] {dag.py:1832} INFO - Sync 1 DAGs
[2021-12-13 20:25:29,022] {logging_mixin.py:104} INFO - [2021-12-13 20:25:29,022] {dag.py:2305} INFO - Setting next_dagrun for example_python_operator to None
[2021-12-13 20:25:29,044] {scheduler_job.py:190} INFO - Processing /home/airflow/airflow-course/venv/lib/python3.8/site-packages/airflow/example_dags/example_python_operator.py took 0.064 seconds
[2021-12-13 20:26:03,028] {scheduler_job.py:182} INFO - Started process (PID=2990) to work on /home/airflow/airflow-course/venv/lib/python3.8/site-packages/airflow/example_dags/example_python_operator.py
[2021-12-13 20:26:03,030] {scheduler_job.py:633} INFO - Processing file /home/airflow/airflow-course/venv/lib/python3.8/site-packages/airflow/example_dags/example_python_operator.py for tasks to queue
[2021-12-13 20:26:03,031] {logging_mixin.py:104} INFO - [2021-12-13 20:26:03,030] {dagbag.py:487} INFO - Filling up the DagBag from /home/airflow/airflow-course/venv/lib/python3.8/site-packages/airflow/example_dags/example_python_operator.py
[2021-12-13 20:26:03,044] {scheduler_job.py:643} INFO - DAG(s) dict_keys(['example_python_operator']) retrieved from /home/airflow/airflow-course/venv/lib/python3.8/site-packages/airflow/example_dags/example_python_operator.py
[2021-12-13 20:26:03,056] {logging_mixin.py:104} INFO - [2021-12-13 20:26:03,056] {dag.py:1832} INFO - Sync 1 DAGs
[2021-12-13 20:26:03,066] {logging_mixin.py:104} INFO - [2021-12-13 20:26:03,066] {dag.py:2305} INFO - Setting next_dagrun for example_python_operator to None
[2021-12-13 20:26:03,083] {scheduler_job.py:190} INFO - Processing /home/airflow/airflow-course/venv/lib/python3.8/site-packages/airflow/example_dags/example_python_operator.py took 0.060 seconds
[2021-12-13 20:26:36,531] {scheduler_job.py:182} INFO - Started process (PID=3023) to work on /home/airflow/airflow-course/venv/lib/python3.8/site-packages/airflow/example_dags/example_python_operator.py
[2021-12-13 20:26:36,533] {scheduler_job.py:633} INFO - Processing file /home/airflow/airflow-course/venv/lib/python3.8/site-packages/airflow/example_dags/example_python_operator.py for tasks to queue
[2021-12-13 20:26:36,533] {logging_mixin.py:104} INFO - [2021-12-13 20:26:36,533] {dagbag.py:487} INFO - Filling up the DagBag from /home/airflow/airflow-course/venv/lib/python3.8/site-packages/airflow/example_dags/example_python_operator.py
[2021-12-13 20:26:36,547] {scheduler_job.py:643} INFO - DAG(s) dict_keys(['example_python_operator']) retrieved from /home/airflow/airflow-course/venv/lib/python3.8/site-packages/airflow/example_dags/example_python_operator.py
[2021-12-13 20:26:36,561] {logging_mixin.py:104} INFO - [2021-12-13 20:26:36,561] {dag.py:1832} INFO - Sync 1 DAGs
[2021-12-13 20:26:36,570] {logging_mixin.py:104} INFO - [2021-12-13 20:26:36,570] {dag.py:2305} INFO - Setting next_dagrun for example_python_operator to None
[2021-12-13 20:26:36,590] {scheduler_job.py:190} INFO - Processing /home/airflow/airflow-course/venv/lib/python3.8/site-packages/airflow/example_dags/example_python_operator.py took 0.063 seconds
[2021-12-13 20:27:09,103] {scheduler_job.py:182} INFO - Started process (PID=3099) to work on /home/airflow/airflow-course/venv/lib/python3.8/site-packages/airflow/example_dags/example_python_operator.py
[2021-12-13 20:27:09,104] {scheduler_job.py:633} INFO - Processing file /home/airflow/airflow-course/venv/lib/python3.8/site-packages/airflow/example_dags/example_python_operator.py for tasks to queue
[2021-12-13 20:27:09,105] {logging_mixin.py:104} INFO - [2021-12-13 20:27:09,105] {dagbag.py:487} INFO - Filling up the DagBag from /home/airflow/airflow-course/venv/lib/python3.8/site-packages/airflow/example_dags/example_python_operator.py
[2021-12-13 20:27:09,116] {scheduler_job.py:643} INFO - DAG(s) dict_keys(['example_python_operator']) retrieved from /home/airflow/airflow-course/venv/lib/python3.8/site-packages/airflow/example_dags/example_python_operator.py
[2021-12-13 20:27:09,127] {logging_mixin.py:104} INFO - [2021-12-13 20:27:09,127] {dag.py:1832} INFO - Sync 1 DAGs
[2021-12-13 20:27:09,136] {logging_mixin.py:104} INFO - [2021-12-13 20:27:09,136] {dag.py:2305} INFO - Setting next_dagrun for example_python_operator to None
[2021-12-13 20:27:09,156] {scheduler_job.py:190} INFO - Processing /home/airflow/airflow-course/venv/lib/python3.8/site-packages/airflow/example_dags/example_python_operator.py took 0.056 seconds
