[2021-12-13 20:21:55,462] {scheduler_job.py:182} INFO - Started process (PID=2566) to work on /home/airflow/airflow-course/venv/lib/python3.8/site-packages/airflow/example_dags/example_branch_datetime_operator.py
[2021-12-13 20:21:55,463] {scheduler_job.py:633} INFO - Processing file /home/airflow/airflow-course/venv/lib/python3.8/site-packages/airflow/example_dags/example_branch_datetime_operator.py for tasks to queue
[2021-12-13 20:21:55,464] {logging_mixin.py:104} INFO - [2021-12-13 20:21:55,464] {dagbag.py:487} INFO - Filling up the DagBag from /home/airflow/airflow-course/venv/lib/python3.8/site-packages/airflow/example_dags/example_branch_datetime_operator.py
[2021-12-13 20:21:55,477] {scheduler_job.py:643} INFO - DAG(s) dict_keys(['example_branch_datetime_operator_2']) retrieved from /home/airflow/airflow-course/venv/lib/python3.8/site-packages/airflow/example_dags/example_branch_datetime_operator.py
[2021-12-13 20:21:55,491] {logging_mixin.py:104} INFO - [2021-12-13 20:21:55,491] {dag.py:1832} INFO - Sync 1 DAGs
[2021-12-13 20:21:55,500] {logging_mixin.py:104} INFO - [2021-12-13 20:21:55,500] {dag.py:2305} INFO - Setting next_dagrun for example_branch_datetime_operator_2 to 2021-12-11 00:00:00+00:00
[2021-12-13 20:21:55,519] {scheduler_job.py:190} INFO - Processing /home/airflow/airflow-course/venv/lib/python3.8/site-packages/airflow/example_dags/example_branch_datetime_operator.py took 0.064 seconds
[2021-12-13 20:22:28,486] {scheduler_job.py:182} INFO - Started process (PID=2719) to work on /home/airflow/airflow-course/venv/lib/python3.8/site-packages/airflow/example_dags/example_branch_datetime_operator.py
[2021-12-13 20:22:28,487] {scheduler_job.py:633} INFO - Processing file /home/airflow/airflow-course/venv/lib/python3.8/site-packages/airflow/example_dags/example_branch_datetime_operator.py for tasks to queue
[2021-12-13 20:22:28,488] {logging_mixin.py:104} INFO - [2021-12-13 20:22:28,488] {dagbag.py:487} INFO - Filling up the DagBag from /home/airflow/airflow-course/venv/lib/python3.8/site-packages/airflow/example_dags/example_branch_datetime_operator.py
[2021-12-13 20:22:28,501] {scheduler_job.py:643} INFO - DAG(s) dict_keys(['example_branch_datetime_operator_2']) retrieved from /home/airflow/airflow-course/venv/lib/python3.8/site-packages/airflow/example_dags/example_branch_datetime_operator.py
[2021-12-13 20:22:28,512] {logging_mixin.py:104} INFO - [2021-12-13 20:22:28,512] {dag.py:1832} INFO - Sync 1 DAGs
[2021-12-13 20:22:28,521] {logging_mixin.py:104} INFO - [2021-12-13 20:22:28,521] {dag.py:2305} INFO - Setting next_dagrun for example_branch_datetime_operator_2 to 2021-12-11 00:00:00+00:00
[2021-12-13 20:22:28,539] {scheduler_job.py:190} INFO - Processing /home/airflow/airflow-course/venv/lib/python3.8/site-packages/airflow/example_dags/example_branch_datetime_operator.py took 0.056 seconds
[2021-12-13 20:23:01,953] {scheduler_job.py:182} INFO - Started process (PID=2751) to work on /home/airflow/airflow-course/venv/lib/python3.8/site-packages/airflow/example_dags/example_branch_datetime_operator.py
[2021-12-13 20:23:01,954] {scheduler_job.py:633} INFO - Processing file /home/airflow/airflow-course/venv/lib/python3.8/site-packages/airflow/example_dags/example_branch_datetime_operator.py for tasks to queue
[2021-12-13 20:23:01,955] {logging_mixin.py:104} INFO - [2021-12-13 20:23:01,955] {dagbag.py:487} INFO - Filling up the DagBag from /home/airflow/airflow-course/venv/lib/python3.8/site-packages/airflow/example_dags/example_branch_datetime_operator.py
[2021-12-13 20:23:01,970] {scheduler_job.py:643} INFO - DAG(s) dict_keys(['example_branch_datetime_operator_2']) retrieved from /home/airflow/airflow-course/venv/lib/python3.8/site-packages/airflow/example_dags/example_branch_datetime_operator.py
[2021-12-13 20:23:01,982] {logging_mixin.py:104} INFO - [2021-12-13 20:23:01,982] {dag.py:1832} INFO - Sync 1 DAGs
[2021-12-13 20:23:01,992] {logging_mixin.py:104} INFO - [2021-12-13 20:23:01,992] {dag.py:2305} INFO - Setting next_dagrun for example_branch_datetime_operator_2 to 2021-12-11 00:00:00+00:00
[2021-12-13 20:23:02,011] {scheduler_job.py:190} INFO - Processing /home/airflow/airflow-course/venv/lib/python3.8/site-packages/airflow/example_dags/example_branch_datetime_operator.py took 0.063 seconds
[2021-12-13 20:23:34,448] {scheduler_job.py:182} INFO - Started process (PID=2783) to work on /home/airflow/airflow-course/venv/lib/python3.8/site-packages/airflow/example_dags/example_branch_datetime_operator.py
[2021-12-13 20:23:34,450] {scheduler_job.py:633} INFO - Processing file /home/airflow/airflow-course/venv/lib/python3.8/site-packages/airflow/example_dags/example_branch_datetime_operator.py for tasks to queue
[2021-12-13 20:23:34,451] {logging_mixin.py:104} INFO - [2021-12-13 20:23:34,451] {dagbag.py:487} INFO - Filling up the DagBag from /home/airflow/airflow-course/venv/lib/python3.8/site-packages/airflow/example_dags/example_branch_datetime_operator.py
[2021-12-13 20:23:34,466] {scheduler_job.py:643} INFO - DAG(s) dict_keys(['example_branch_datetime_operator_2']) retrieved from /home/airflow/airflow-course/venv/lib/python3.8/site-packages/airflow/example_dags/example_branch_datetime_operator.py
[2021-12-13 20:23:34,478] {logging_mixin.py:104} INFO - [2021-12-13 20:23:34,478] {dag.py:1832} INFO - Sync 1 DAGs
[2021-12-13 20:23:34,487] {logging_mixin.py:104} INFO - [2021-12-13 20:23:34,487] {dag.py:2305} INFO - Setting next_dagrun for example_branch_datetime_operator_2 to 2021-12-11 00:00:00+00:00
[2021-12-13 20:23:34,499] {scheduler_job.py:190} INFO - Processing /home/airflow/airflow-course/venv/lib/python3.8/site-packages/airflow/example_dags/example_branch_datetime_operator.py took 0.056 seconds
[2021-12-13 20:24:07,042] {scheduler_job.py:182} INFO - Started process (PID=2815) to work on /home/airflow/airflow-course/venv/lib/python3.8/site-packages/airflow/example_dags/example_branch_datetime_operator.py
[2021-12-13 20:24:07,045] {scheduler_job.py:633} INFO - Processing file /home/airflow/airflow-course/venv/lib/python3.8/site-packages/airflow/example_dags/example_branch_datetime_operator.py for tasks to queue
[2021-12-13 20:24:07,045] {logging_mixin.py:104} INFO - [2021-12-13 20:24:07,045] {dagbag.py:487} INFO - Filling up the DagBag from /home/airflow/airflow-course/venv/lib/python3.8/site-packages/airflow/example_dags/example_branch_datetime_operator.py
[2021-12-13 20:24:07,055] {scheduler_job.py:643} INFO - DAG(s) dict_keys(['example_branch_datetime_operator_2']) retrieved from /home/airflow/airflow-course/venv/lib/python3.8/site-packages/airflow/example_dags/example_branch_datetime_operator.py
[2021-12-13 20:24:07,067] {logging_mixin.py:104} INFO - [2021-12-13 20:24:07,067] {dag.py:1832} INFO - Sync 1 DAGs
[2021-12-13 20:24:07,077] {logging_mixin.py:104} INFO - [2021-12-13 20:24:07,077] {dag.py:2305} INFO - Setting next_dagrun for example_branch_datetime_operator_2 to 2021-12-11 00:00:00+00:00
[2021-12-13 20:24:07,095] {scheduler_job.py:190} INFO - Processing /home/airflow/airflow-course/venv/lib/python3.8/site-packages/airflow/example_dags/example_branch_datetime_operator.py took 0.059 seconds
[2021-12-13 20:24:42,289] {scheduler_job.py:182} INFO - Started process (PID=2909) to work on /home/airflow/airflow-course/venv/lib/python3.8/site-packages/airflow/example_dags/example_branch_datetime_operator.py
[2021-12-13 20:24:42,290] {scheduler_job.py:633} INFO - Processing file /home/airflow/airflow-course/venv/lib/python3.8/site-packages/airflow/example_dags/example_branch_datetime_operator.py for tasks to queue
[2021-12-13 20:24:42,291] {logging_mixin.py:104} INFO - [2021-12-13 20:24:42,291] {dagbag.py:487} INFO - Filling up the DagBag from /home/airflow/airflow-course/venv/lib/python3.8/site-packages/airflow/example_dags/example_branch_datetime_operator.py
[2021-12-13 20:24:42,307] {scheduler_job.py:643} INFO - DAG(s) dict_keys(['example_branch_datetime_operator_2']) retrieved from /home/airflow/airflow-course/venv/lib/python3.8/site-packages/airflow/example_dags/example_branch_datetime_operator.py
[2021-12-13 20:24:42,319] {logging_mixin.py:104} INFO - [2021-12-13 20:24:42,319] {dag.py:1832} INFO - Sync 1 DAGs
[2021-12-13 20:24:42,329] {logging_mixin.py:104} INFO - [2021-12-13 20:24:42,329] {dag.py:2305} INFO - Setting next_dagrun for example_branch_datetime_operator_2 to 2021-12-11 00:00:00+00:00
[2021-12-13 20:24:42,347] {scheduler_job.py:190} INFO - Processing /home/airflow/airflow-course/venv/lib/python3.8/site-packages/airflow/example_dags/example_branch_datetime_operator.py took 0.063 seconds
[2021-12-13 20:25:15,155] {scheduler_job.py:182} INFO - Started process (PID=2943) to work on /home/airflow/airflow-course/venv/lib/python3.8/site-packages/airflow/example_dags/example_branch_datetime_operator.py
[2021-12-13 20:25:15,157] {scheduler_job.py:633} INFO - Processing file /home/airflow/airflow-course/venv/lib/python3.8/site-packages/airflow/example_dags/example_branch_datetime_operator.py for tasks to queue
[2021-12-13 20:25:15,158] {logging_mixin.py:104} INFO - [2021-12-13 20:25:15,158] {dagbag.py:487} INFO - Filling up the DagBag from /home/airflow/airflow-course/venv/lib/python3.8/site-packages/airflow/example_dags/example_branch_datetime_operator.py
[2021-12-13 20:25:15,172] {scheduler_job.py:643} INFO - DAG(s) dict_keys(['example_branch_datetime_operator_2']) retrieved from /home/airflow/airflow-course/venv/lib/python3.8/site-packages/airflow/example_dags/example_branch_datetime_operator.py
[2021-12-13 20:25:15,186] {logging_mixin.py:104} INFO - [2021-12-13 20:25:15,186] {dag.py:1832} INFO - Sync 1 DAGs
[2021-12-13 20:25:15,195] {logging_mixin.py:104} INFO - [2021-12-13 20:25:15,195] {dag.py:2305} INFO - Setting next_dagrun for example_branch_datetime_operator_2 to 2021-12-11 00:00:00+00:00
[2021-12-13 20:25:15,215] {scheduler_job.py:190} INFO - Processing /home/airflow/airflow-course/venv/lib/python3.8/site-packages/airflow/example_dags/example_branch_datetime_operator.py took 0.065 seconds
[2021-12-13 20:25:48,714] {scheduler_job.py:182} INFO - Started process (PID=2976) to work on /home/airflow/airflow-course/venv/lib/python3.8/site-packages/airflow/example_dags/example_branch_datetime_operator.py
[2021-12-13 20:25:48,718] {scheduler_job.py:633} INFO - Processing file /home/airflow/airflow-course/venv/lib/python3.8/site-packages/airflow/example_dags/example_branch_datetime_operator.py for tasks to queue
[2021-12-13 20:25:48,719] {logging_mixin.py:104} INFO - [2021-12-13 20:25:48,719] {dagbag.py:487} INFO - Filling up the DagBag from /home/airflow/airflow-course/venv/lib/python3.8/site-packages/airflow/example_dags/example_branch_datetime_operator.py
[2021-12-13 20:25:48,734] {scheduler_job.py:643} INFO - DAG(s) dict_keys(['example_branch_datetime_operator_2']) retrieved from /home/airflow/airflow-course/venv/lib/python3.8/site-packages/airflow/example_dags/example_branch_datetime_operator.py
[2021-12-13 20:25:48,748] {logging_mixin.py:104} INFO - [2021-12-13 20:25:48,748] {dag.py:1832} INFO - Sync 1 DAGs
[2021-12-13 20:25:48,758] {logging_mixin.py:104} INFO - [2021-12-13 20:25:48,758] {dag.py:2305} INFO - Setting next_dagrun for example_branch_datetime_operator_2 to 2021-12-11 00:00:00+00:00
[2021-12-13 20:25:48,780] {scheduler_job.py:190} INFO - Processing /home/airflow/airflow-course/venv/lib/python3.8/site-packages/airflow/example_dags/example_branch_datetime_operator.py took 0.070 seconds
[2021-12-13 20:26:21,174] {scheduler_job.py:182} INFO - Started process (PID=3008) to work on /home/airflow/airflow-course/venv/lib/python3.8/site-packages/airflow/example_dags/example_branch_datetime_operator.py
[2021-12-13 20:26:21,176] {scheduler_job.py:633} INFO - Processing file /home/airflow/airflow-course/venv/lib/python3.8/site-packages/airflow/example_dags/example_branch_datetime_operator.py for tasks to queue
[2021-12-13 20:26:21,177] {logging_mixin.py:104} INFO - [2021-12-13 20:26:21,177] {dagbag.py:487} INFO - Filling up the DagBag from /home/airflow/airflow-course/venv/lib/python3.8/site-packages/airflow/example_dags/example_branch_datetime_operator.py
[2021-12-13 20:26:21,189] {scheduler_job.py:643} INFO - DAG(s) dict_keys(['example_branch_datetime_operator_2']) retrieved from /home/airflow/airflow-course/venv/lib/python3.8/site-packages/airflow/example_dags/example_branch_datetime_operator.py
[2021-12-13 20:26:21,202] {logging_mixin.py:104} INFO - [2021-12-13 20:26:21,201] {dag.py:1832} INFO - Sync 1 DAGs
[2021-12-13 20:26:21,214] {logging_mixin.py:104} INFO - [2021-12-13 20:26:21,214] {dag.py:2305} INFO - Setting next_dagrun for example_branch_datetime_operator_2 to 2021-12-11 00:00:00+00:00
[2021-12-13 20:26:21,228] {scheduler_job.py:190} INFO - Processing /home/airflow/airflow-course/venv/lib/python3.8/site-packages/airflow/example_dags/example_branch_datetime_operator.py took 0.059 seconds
[2021-12-13 20:26:53,721] {scheduler_job.py:182} INFO - Started process (PID=3075) to work on /home/airflow/airflow-course/venv/lib/python3.8/site-packages/airflow/example_dags/example_branch_datetime_operator.py
[2021-12-13 20:26:53,723] {scheduler_job.py:633} INFO - Processing file /home/airflow/airflow-course/venv/lib/python3.8/site-packages/airflow/example_dags/example_branch_datetime_operator.py for tasks to queue
[2021-12-13 20:26:53,724] {logging_mixin.py:104} INFO - [2021-12-13 20:26:53,723] {dagbag.py:487} INFO - Filling up the DagBag from /home/airflow/airflow-course/venv/lib/python3.8/site-packages/airflow/example_dags/example_branch_datetime_operator.py
[2021-12-13 20:26:53,736] {scheduler_job.py:643} INFO - DAG(s) dict_keys(['example_branch_datetime_operator_2']) retrieved from /home/airflow/airflow-course/venv/lib/python3.8/site-packages/airflow/example_dags/example_branch_datetime_operator.py
[2021-12-13 20:26:53,749] {logging_mixin.py:104} INFO - [2021-12-13 20:26:53,748] {dag.py:1832} INFO - Sync 1 DAGs
[2021-12-13 20:26:53,759] {logging_mixin.py:104} INFO - [2021-12-13 20:26:53,759] {dag.py:2305} INFO - Setting next_dagrun for example_branch_datetime_operator_2 to 2021-12-11 00:00:00+00:00
[2021-12-13 20:26:53,777] {scheduler_job.py:190} INFO - Processing /home/airflow/airflow-course/venv/lib/python3.8/site-packages/airflow/example_dags/example_branch_datetime_operator.py took 0.060 seconds
