[2021-12-13 20:21:57,218] {scheduler_job.py:182} INFO - Started process (PID=2568) to work on /home/airflow/airflow-course/venv/lib/python3.8/site-packages/airflow/example_dags/example_bash_operator.py
[2021-12-13 20:21:57,219] {scheduler_job.py:633} INFO - Processing file /home/airflow/airflow-course/venv/lib/python3.8/site-packages/airflow/example_dags/example_bash_operator.py for tasks to queue
[2021-12-13 20:21:57,219] {logging_mixin.py:104} INFO - [2021-12-13 20:21:57,219] {dagbag.py:487} INFO - Filling up the DagBag from /home/airflow/airflow-course/venv/lib/python3.8/site-packages/airflow/example_dags/example_bash_operator.py
[2021-12-13 20:21:57,234] {scheduler_job.py:643} INFO - DAG(s) dict_keys(['example_bash_operator']) retrieved from /home/airflow/airflow-course/venv/lib/python3.8/site-packages/airflow/example_dags/example_bash_operator.py
[2021-12-13 20:21:57,244] {logging_mixin.py:104} INFO - [2021-12-13 20:21:57,243] {dag.py:1832} INFO - Sync 1 DAGs
[2021-12-13 20:21:57,252] {logging_mixin.py:104} INFO - [2021-12-13 20:21:57,252] {dag.py:2305} INFO - Setting next_dagrun for example_bash_operator to 2021-12-11 00:00:00+00:00
[2021-12-13 20:21:57,271] {scheduler_job.py:190} INFO - Processing /home/airflow/airflow-course/venv/lib/python3.8/site-packages/airflow/example_dags/example_bash_operator.py took 0.057 seconds
[2021-12-13 20:22:30,992] {scheduler_job.py:182} INFO - Started process (PID=2721) to work on /home/airflow/airflow-course/venv/lib/python3.8/site-packages/airflow/example_dags/example_bash_operator.py
[2021-12-13 20:22:30,993] {scheduler_job.py:633} INFO - Processing file /home/airflow/airflow-course/venv/lib/python3.8/site-packages/airflow/example_dags/example_bash_operator.py for tasks to queue
[2021-12-13 20:22:30,994] {logging_mixin.py:104} INFO - [2021-12-13 20:22:30,994] {dagbag.py:487} INFO - Filling up the DagBag from /home/airflow/airflow-course/venv/lib/python3.8/site-packages/airflow/example_dags/example_bash_operator.py
[2021-12-13 20:22:31,009] {scheduler_job.py:643} INFO - DAG(s) dict_keys(['example_bash_operator']) retrieved from /home/airflow/airflow-course/venv/lib/python3.8/site-packages/airflow/example_dags/example_bash_operator.py
[2021-12-13 20:22:31,023] {logging_mixin.py:104} INFO - [2021-12-13 20:22:31,023] {dag.py:1832} INFO - Sync 1 DAGs
[2021-12-13 20:22:31,038] {logging_mixin.py:104} INFO - [2021-12-13 20:22:31,038] {dag.py:2305} INFO - Setting next_dagrun for example_bash_operator to 2021-12-11 00:00:00+00:00
[2021-12-13 20:22:31,057] {scheduler_job.py:190} INFO - Processing /home/airflow/airflow-course/venv/lib/python3.8/site-packages/airflow/example_dags/example_bash_operator.py took 0.069 seconds
[2021-12-13 20:23:03,954] {scheduler_job.py:182} INFO - Started process (PID=2753) to work on /home/airflow/airflow-course/venv/lib/python3.8/site-packages/airflow/example_dags/example_bash_operator.py
[2021-12-13 20:23:03,955] {scheduler_job.py:633} INFO - Processing file /home/airflow/airflow-course/venv/lib/python3.8/site-packages/airflow/example_dags/example_bash_operator.py for tasks to queue
[2021-12-13 20:23:03,956] {logging_mixin.py:104} INFO - [2021-12-13 20:23:03,956] {dagbag.py:487} INFO - Filling up the DagBag from /home/airflow/airflow-course/venv/lib/python3.8/site-packages/airflow/example_dags/example_bash_operator.py
[2021-12-13 20:23:03,969] {scheduler_job.py:643} INFO - DAG(s) dict_keys(['example_bash_operator']) retrieved from /home/airflow/airflow-course/venv/lib/python3.8/site-packages/airflow/example_dags/example_bash_operator.py
[2021-12-13 20:23:03,982] {logging_mixin.py:104} INFO - [2021-12-13 20:23:03,982] {dag.py:1832} INFO - Sync 1 DAGs
[2021-12-13 20:23:03,991] {logging_mixin.py:104} INFO - [2021-12-13 20:23:03,991] {dag.py:2305} INFO - Setting next_dagrun for example_bash_operator to 2021-12-11 00:00:00+00:00
[2021-12-13 20:23:04,011] {scheduler_job.py:190} INFO - Processing /home/airflow/airflow-course/venv/lib/python3.8/site-packages/airflow/example_dags/example_bash_operator.py took 0.060 seconds
[2021-12-13 20:23:35,990] {scheduler_job.py:182} INFO - Started process (PID=2785) to work on /home/airflow/airflow-course/venv/lib/python3.8/site-packages/airflow/example_dags/example_bash_operator.py
[2021-12-13 20:23:35,992] {scheduler_job.py:633} INFO - Processing file /home/airflow/airflow-course/venv/lib/python3.8/site-packages/airflow/example_dags/example_bash_operator.py for tasks to queue
[2021-12-13 20:23:36,000] {logging_mixin.py:104} INFO - [2021-12-13 20:23:36,000] {dagbag.py:487} INFO - Filling up the DagBag from /home/airflow/airflow-course/venv/lib/python3.8/site-packages/airflow/example_dags/example_bash_operator.py
[2021-12-13 20:23:36,015] {scheduler_job.py:643} INFO - DAG(s) dict_keys(['example_bash_operator']) retrieved from /home/airflow/airflow-course/venv/lib/python3.8/site-packages/airflow/example_dags/example_bash_operator.py
[2021-12-13 20:23:36,027] {logging_mixin.py:104} INFO - [2021-12-13 20:23:36,027] {dag.py:1832} INFO - Sync 1 DAGs
[2021-12-13 20:23:36,038] {logging_mixin.py:104} INFO - [2021-12-13 20:23:36,037] {dag.py:2305} INFO - Setting next_dagrun for example_bash_operator to 2021-12-11 00:00:00+00:00
[2021-12-13 20:23:36,055] {scheduler_job.py:190} INFO - Processing /home/airflow/airflow-course/venv/lib/python3.8/site-packages/airflow/example_dags/example_bash_operator.py took 0.069 seconds
[2021-12-13 20:24:09,542] {scheduler_job.py:182} INFO - Started process (PID=2817) to work on /home/airflow/airflow-course/venv/lib/python3.8/site-packages/airflow/example_dags/example_bash_operator.py
[2021-12-13 20:24:09,544] {scheduler_job.py:633} INFO - Processing file /home/airflow/airflow-course/venv/lib/python3.8/site-packages/airflow/example_dags/example_bash_operator.py for tasks to queue
[2021-12-13 20:24:09,544] {logging_mixin.py:104} INFO - [2021-12-13 20:24:09,544] {dagbag.py:487} INFO - Filling up the DagBag from /home/airflow/airflow-course/venv/lib/python3.8/site-packages/airflow/example_dags/example_bash_operator.py
[2021-12-13 20:24:09,558] {scheduler_job.py:643} INFO - DAG(s) dict_keys(['example_bash_operator']) retrieved from /home/airflow/airflow-course/venv/lib/python3.8/site-packages/airflow/example_dags/example_bash_operator.py
[2021-12-13 20:24:09,569] {logging_mixin.py:104} INFO - [2021-12-13 20:24:09,569] {dag.py:1832} INFO - Sync 1 DAGs
[2021-12-13 20:24:09,578] {logging_mixin.py:104} INFO - [2021-12-13 20:24:09,578] {dag.py:2305} INFO - Setting next_dagrun for example_bash_operator to 2021-12-11 00:00:00+00:00
[2021-12-13 20:24:09,600] {scheduler_job.py:190} INFO - Processing /home/airflow/airflow-course/venv/lib/python3.8/site-packages/airflow/example_dags/example_bash_operator.py took 0.062 seconds
[2021-12-13 20:24:44,020] {scheduler_job.py:182} INFO - Started process (PID=2911) to work on /home/airflow/airflow-course/venv/lib/python3.8/site-packages/airflow/example_dags/example_bash_operator.py
[2021-12-13 20:24:44,021] {scheduler_job.py:633} INFO - Processing file /home/airflow/airflow-course/venv/lib/python3.8/site-packages/airflow/example_dags/example_bash_operator.py for tasks to queue
[2021-12-13 20:24:44,022] {logging_mixin.py:104} INFO - [2021-12-13 20:24:44,022] {dagbag.py:487} INFO - Filling up the DagBag from /home/airflow/airflow-course/venv/lib/python3.8/site-packages/airflow/example_dags/example_bash_operator.py
[2021-12-13 20:24:44,034] {scheduler_job.py:643} INFO - DAG(s) dict_keys(['example_bash_operator']) retrieved from /home/airflow/airflow-course/venv/lib/python3.8/site-packages/airflow/example_dags/example_bash_operator.py
[2021-12-13 20:24:44,047] {logging_mixin.py:104} INFO - [2021-12-13 20:24:44,047] {dag.py:1832} INFO - Sync 1 DAGs
[2021-12-13 20:24:44,057] {logging_mixin.py:104} INFO - [2021-12-13 20:24:44,057] {dag.py:2305} INFO - Setting next_dagrun for example_bash_operator to 2021-12-11 00:00:00+00:00
[2021-12-13 20:24:44,077] {scheduler_job.py:190} INFO - Processing /home/airflow/airflow-course/venv/lib/python3.8/site-packages/airflow/example_dags/example_bash_operator.py took 0.061 seconds
[2021-12-13 20:25:17,659] {scheduler_job.py:182} INFO - Started process (PID=2945) to work on /home/airflow/airflow-course/venv/lib/python3.8/site-packages/airflow/example_dags/example_bash_operator.py
[2021-12-13 20:25:17,661] {scheduler_job.py:633} INFO - Processing file /home/airflow/airflow-course/venv/lib/python3.8/site-packages/airflow/example_dags/example_bash_operator.py for tasks to queue
[2021-12-13 20:25:17,662] {logging_mixin.py:104} INFO - [2021-12-13 20:25:17,661] {dagbag.py:487} INFO - Filling up the DagBag from /home/airflow/airflow-course/venv/lib/python3.8/site-packages/airflow/example_dags/example_bash_operator.py
[2021-12-13 20:25:17,677] {scheduler_job.py:643} INFO - DAG(s) dict_keys(['example_bash_operator']) retrieved from /home/airflow/airflow-course/venv/lib/python3.8/site-packages/airflow/example_dags/example_bash_operator.py
[2021-12-13 20:25:17,690] {logging_mixin.py:104} INFO - [2021-12-13 20:25:17,690] {dag.py:1832} INFO - Sync 1 DAGs
[2021-12-13 20:25:17,698] {logging_mixin.py:104} INFO - [2021-12-13 20:25:17,698] {dag.py:2305} INFO - Setting next_dagrun for example_bash_operator to 2021-12-11 00:00:00+00:00
[2021-12-13 20:25:17,720] {scheduler_job.py:190} INFO - Processing /home/airflow/airflow-course/venv/lib/python3.8/site-packages/airflow/example_dags/example_bash_operator.py took 0.066 seconds
[2021-12-13 20:25:50,899] {scheduler_job.py:182} INFO - Started process (PID=2978) to work on /home/airflow/airflow-course/venv/lib/python3.8/site-packages/airflow/example_dags/example_bash_operator.py
[2021-12-13 20:25:50,900] {scheduler_job.py:633} INFO - Processing file /home/airflow/airflow-course/venv/lib/python3.8/site-packages/airflow/example_dags/example_bash_operator.py for tasks to queue
[2021-12-13 20:25:50,901] {logging_mixin.py:104} INFO - [2021-12-13 20:25:50,901] {dagbag.py:487} INFO - Filling up the DagBag from /home/airflow/airflow-course/venv/lib/python3.8/site-packages/airflow/example_dags/example_bash_operator.py
[2021-12-13 20:25:50,919] {scheduler_job.py:643} INFO - DAG(s) dict_keys(['example_bash_operator']) retrieved from /home/airflow/airflow-course/venv/lib/python3.8/site-packages/airflow/example_dags/example_bash_operator.py
[2021-12-13 20:25:50,932] {logging_mixin.py:104} INFO - [2021-12-13 20:25:50,931] {dag.py:1832} INFO - Sync 1 DAGs
[2021-12-13 20:25:50,943] {logging_mixin.py:104} INFO - [2021-12-13 20:25:50,943] {dag.py:2305} INFO - Setting next_dagrun for example_bash_operator to 2021-12-11 00:00:00+00:00
[2021-12-13 20:25:50,964] {scheduler_job.py:190} INFO - Processing /home/airflow/airflow-course/venv/lib/python3.8/site-packages/airflow/example_dags/example_bash_operator.py took 0.069 seconds
[2021-12-13 20:26:22,703] {scheduler_job.py:182} INFO - Started process (PID=3010) to work on /home/airflow/airflow-course/venv/lib/python3.8/site-packages/airflow/example_dags/example_bash_operator.py
[2021-12-13 20:26:22,704] {scheduler_job.py:633} INFO - Processing file /home/airflow/airflow-course/venv/lib/python3.8/site-packages/airflow/example_dags/example_bash_operator.py for tasks to queue
[2021-12-13 20:26:22,704] {logging_mixin.py:104} INFO - [2021-12-13 20:26:22,704] {dagbag.py:487} INFO - Filling up the DagBag from /home/airflow/airflow-course/venv/lib/python3.8/site-packages/airflow/example_dags/example_bash_operator.py
[2021-12-13 20:26:22,717] {scheduler_job.py:643} INFO - DAG(s) dict_keys(['example_bash_operator']) retrieved from /home/airflow/airflow-course/venv/lib/python3.8/site-packages/airflow/example_dags/example_bash_operator.py
[2021-12-13 20:26:22,730] {logging_mixin.py:104} INFO - [2021-12-13 20:26:22,730] {dag.py:1832} INFO - Sync 1 DAGs
[2021-12-13 20:26:22,740] {logging_mixin.py:104} INFO - [2021-12-13 20:26:22,739] {dag.py:2305} INFO - Setting next_dagrun for example_bash_operator to 2021-12-11 00:00:00+00:00
[2021-12-13 20:26:22,759] {scheduler_job.py:190} INFO - Processing /home/airflow/airflow-course/venv/lib/python3.8/site-packages/airflow/example_dags/example_bash_operator.py took 0.059 seconds
[2021-12-13 20:26:56,217] {scheduler_job.py:182} INFO - Started process (PID=3086) to work on /home/airflow/airflow-course/venv/lib/python3.8/site-packages/airflow/example_dags/example_bash_operator.py
[2021-12-13 20:26:56,219] {scheduler_job.py:633} INFO - Processing file /home/airflow/airflow-course/venv/lib/python3.8/site-packages/airflow/example_dags/example_bash_operator.py for tasks to queue
[2021-12-13 20:26:56,220] {logging_mixin.py:104} INFO - [2021-12-13 20:26:56,220] {dagbag.py:487} INFO - Filling up the DagBag from /home/airflow/airflow-course/venv/lib/python3.8/site-packages/airflow/example_dags/example_bash_operator.py
[2021-12-13 20:26:56,238] {scheduler_job.py:643} INFO - DAG(s) dict_keys(['example_bash_operator']) retrieved from /home/airflow/airflow-course/venv/lib/python3.8/site-packages/airflow/example_dags/example_bash_operator.py
[2021-12-13 20:26:56,250] {logging_mixin.py:104} INFO - [2021-12-13 20:26:56,250] {dag.py:1832} INFO - Sync 1 DAGs
[2021-12-13 20:26:56,262] {logging_mixin.py:104} INFO - [2021-12-13 20:26:56,262] {dag.py:2305} INFO - Setting next_dagrun for example_bash_operator to 2021-12-11 00:00:00+00:00
[2021-12-13 20:26:56,274] {scheduler_job.py:190} INFO - Processing /home/airflow/airflow-course/venv/lib/python3.8/site-packages/airflow/example_dags/example_bash_operator.py took 0.062 seconds
