[2021-12-13 20:21:56,603] {scheduler_job.py:182} INFO - Started process (PID=2567) to work on /home/airflow/airflow-course/venv/lib/python3.8/site-packages/airflow/example_dags/example_xcomargs.py
[2021-12-13 20:21:56,604] {scheduler_job.py:633} INFO - Processing file /home/airflow/airflow-course/venv/lib/python3.8/site-packages/airflow/example_dags/example_xcomargs.py for tasks to queue
[2021-12-13 20:21:56,604] {logging_mixin.py:104} INFO - [2021-12-13 20:21:56,604] {dagbag.py:487} INFO - Filling up the DagBag from /home/airflow/airflow-course/venv/lib/python3.8/site-packages/airflow/example_dags/example_xcomargs.py
[2021-12-13 20:21:56,626] {scheduler_job.py:643} INFO - DAG(s) dict_keys(['example_xcom_args', 'example_xcom_args_with_operators']) retrieved from /home/airflow/airflow-course/venv/lib/python3.8/site-packages/airflow/example_dags/example_xcomargs.py
[2021-12-13 20:21:56,887] {logging_mixin.py:104} INFO - [2021-12-13 20:21:56,887] {dag.py:1832} INFO - Sync 2 DAGs
[2021-12-13 20:21:56,893] {logging_mixin.py:104} INFO - [2021-12-13 20:21:56,893] {dag.py:2305} INFO - Setting next_dagrun for example_xcom_args to None
[2021-12-13 20:21:56,893] {logging_mixin.py:104} INFO - [2021-12-13 20:21:56,893] {dag.py:2305} INFO - Setting next_dagrun for example_xcom_args_with_operators to None
[2021-12-13 20:21:56,912] {scheduler_job.py:190} INFO - Processing /home/airflow/airflow-course/venv/lib/python3.8/site-packages/airflow/example_dags/example_xcomargs.py took 0.327 seconds
[2021-12-13 20:22:29,649] {scheduler_job.py:182} INFO - Started process (PID=2720) to work on /home/airflow/airflow-course/venv/lib/python3.8/site-packages/airflow/example_dags/example_xcomargs.py
[2021-12-13 20:22:29,651] {scheduler_job.py:633} INFO - Processing file /home/airflow/airflow-course/venv/lib/python3.8/site-packages/airflow/example_dags/example_xcomargs.py for tasks to queue
[2021-12-13 20:22:29,652] {logging_mixin.py:104} INFO - [2021-12-13 20:22:29,652] {dagbag.py:487} INFO - Filling up the DagBag from /home/airflow/airflow-course/venv/lib/python3.8/site-packages/airflow/example_dags/example_xcomargs.py
[2021-12-13 20:22:29,671] {scheduler_job.py:643} INFO - DAG(s) dict_keys(['example_xcom_args', 'example_xcom_args_with_operators']) retrieved from /home/airflow/airflow-course/venv/lib/python3.8/site-packages/airflow/example_dags/example_xcomargs.py
[2021-12-13 20:22:29,893] {logging_mixin.py:104} INFO - [2021-12-13 20:22:29,893] {dag.py:1832} INFO - Sync 2 DAGs
[2021-12-13 20:22:29,899] {logging_mixin.py:104} INFO - [2021-12-13 20:22:29,899] {dag.py:2305} INFO - Setting next_dagrun for example_xcom_args to None
[2021-12-13 20:22:29,900] {logging_mixin.py:104} INFO - [2021-12-13 20:22:29,900] {dag.py:2305} INFO - Setting next_dagrun for example_xcom_args_with_operators to None
[2021-12-13 20:22:29,919] {scheduler_job.py:190} INFO - Processing /home/airflow/airflow-course/venv/lib/python3.8/site-packages/airflow/example_dags/example_xcomargs.py took 0.275 seconds
[2021-12-13 20:23:02,616] {scheduler_job.py:182} INFO - Started process (PID=2752) to work on /home/airflow/airflow-course/venv/lib/python3.8/site-packages/airflow/example_dags/example_xcomargs.py
[2021-12-13 20:23:02,617] {scheduler_job.py:633} INFO - Processing file /home/airflow/airflow-course/venv/lib/python3.8/site-packages/airflow/example_dags/example_xcomargs.py for tasks to queue
[2021-12-13 20:23:02,618] {logging_mixin.py:104} INFO - [2021-12-13 20:23:02,618] {dagbag.py:487} INFO - Filling up the DagBag from /home/airflow/airflow-course/venv/lib/python3.8/site-packages/airflow/example_dags/example_xcomargs.py
[2021-12-13 20:23:02,634] {scheduler_job.py:643} INFO - DAG(s) dict_keys(['example_xcom_args', 'example_xcom_args_with_operators']) retrieved from /home/airflow/airflow-course/venv/lib/python3.8/site-packages/airflow/example_dags/example_xcomargs.py
[2021-12-13 20:23:02,847] {logging_mixin.py:104} INFO - [2021-12-13 20:23:02,847] {dag.py:1832} INFO - Sync 2 DAGs
[2021-12-13 20:23:02,854] {logging_mixin.py:104} INFO - [2021-12-13 20:23:02,854] {dag.py:2305} INFO - Setting next_dagrun for example_xcom_args to None
[2021-12-13 20:23:02,854] {logging_mixin.py:104} INFO - [2021-12-13 20:23:02,854] {dag.py:2305} INFO - Setting next_dagrun for example_xcom_args_with_operators to None
[2021-12-13 20:23:02,873] {scheduler_job.py:190} INFO - Processing /home/airflow/airflow-course/venv/lib/python3.8/site-packages/airflow/example_dags/example_xcomargs.py took 0.262 seconds
[2021-12-13 20:23:35,582] {scheduler_job.py:182} INFO - Started process (PID=2784) to work on /home/airflow/airflow-course/venv/lib/python3.8/site-packages/airflow/example_dags/example_xcomargs.py
[2021-12-13 20:23:35,583] {scheduler_job.py:633} INFO - Processing file /home/airflow/airflow-course/venv/lib/python3.8/site-packages/airflow/example_dags/example_xcomargs.py for tasks to queue
[2021-12-13 20:23:35,584] {logging_mixin.py:104} INFO - [2021-12-13 20:23:35,584] {dagbag.py:487} INFO - Filling up the DagBag from /home/airflow/airflow-course/venv/lib/python3.8/site-packages/airflow/example_dags/example_xcomargs.py
[2021-12-13 20:23:35,601] {scheduler_job.py:643} INFO - DAG(s) dict_keys(['example_xcom_args', 'example_xcom_args_with_operators']) retrieved from /home/airflow/airflow-course/venv/lib/python3.8/site-packages/airflow/example_dags/example_xcomargs.py
[2021-12-13 20:23:35,796] {logging_mixin.py:104} INFO - [2021-12-13 20:23:35,796] {dag.py:1832} INFO - Sync 2 DAGs
[2021-12-13 20:23:35,802] {logging_mixin.py:104} INFO - [2021-12-13 20:23:35,802] {dag.py:2305} INFO - Setting next_dagrun for example_xcom_args to None
[2021-12-13 20:23:35,802] {logging_mixin.py:104} INFO - [2021-12-13 20:23:35,802] {dag.py:2305} INFO - Setting next_dagrun for example_xcom_args_with_operators to None
[2021-12-13 20:23:35,813] {scheduler_job.py:190} INFO - Processing /home/airflow/airflow-course/venv/lib/python3.8/site-packages/airflow/example_dags/example_xcomargs.py took 0.236 seconds
[2021-12-13 20:24:08,189] {scheduler_job.py:182} INFO - Started process (PID=2816) to work on /home/airflow/airflow-course/venv/lib/python3.8/site-packages/airflow/example_dags/example_xcomargs.py
[2021-12-13 20:24:08,191] {scheduler_job.py:633} INFO - Processing file /home/airflow/airflow-course/venv/lib/python3.8/site-packages/airflow/example_dags/example_xcomargs.py for tasks to queue
[2021-12-13 20:24:08,192] {logging_mixin.py:104} INFO - [2021-12-13 20:24:08,192] {dagbag.py:487} INFO - Filling up the DagBag from /home/airflow/airflow-course/venv/lib/python3.8/site-packages/airflow/example_dags/example_xcomargs.py
[2021-12-13 20:24:08,210] {scheduler_job.py:643} INFO - DAG(s) dict_keys(['example_xcom_args', 'example_xcom_args_with_operators']) retrieved from /home/airflow/airflow-course/venv/lib/python3.8/site-packages/airflow/example_dags/example_xcomargs.py
[2021-12-13 20:24:08,404] {logging_mixin.py:104} INFO - [2021-12-13 20:24:08,404] {dag.py:1832} INFO - Sync 2 DAGs
[2021-12-13 20:24:08,411] {logging_mixin.py:104} INFO - [2021-12-13 20:24:08,411] {dag.py:2305} INFO - Setting next_dagrun for example_xcom_args to None
[2021-12-13 20:24:08,411] {logging_mixin.py:104} INFO - [2021-12-13 20:24:08,411] {dag.py:2305} INFO - Setting next_dagrun for example_xcom_args_with_operators to None
[2021-12-13 20:24:08,431] {scheduler_job.py:190} INFO - Processing /home/airflow/airflow-course/venv/lib/python3.8/site-packages/airflow/example_dags/example_xcomargs.py took 0.249 seconds
[2021-12-13 20:24:43,420] {scheduler_job.py:182} INFO - Started process (PID=2910) to work on /home/airflow/airflow-course/venv/lib/python3.8/site-packages/airflow/example_dags/example_xcomargs.py
[2021-12-13 20:24:43,421] {scheduler_job.py:633} INFO - Processing file /home/airflow/airflow-course/venv/lib/python3.8/site-packages/airflow/example_dags/example_xcomargs.py for tasks to queue
[2021-12-13 20:24:43,421] {logging_mixin.py:104} INFO - [2021-12-13 20:24:43,421] {dagbag.py:487} INFO - Filling up the DagBag from /home/airflow/airflow-course/venv/lib/python3.8/site-packages/airflow/example_dags/example_xcomargs.py
[2021-12-13 20:24:43,433] {scheduler_job.py:643} INFO - DAG(s) dict_keys(['example_xcom_args', 'example_xcom_args_with_operators']) retrieved from /home/airflow/airflow-course/venv/lib/python3.8/site-packages/airflow/example_dags/example_xcomargs.py
[2021-12-13 20:24:43,638] {logging_mixin.py:104} INFO - [2021-12-13 20:24:43,638] {dag.py:1832} INFO - Sync 2 DAGs
[2021-12-13 20:24:43,644] {logging_mixin.py:104} INFO - [2021-12-13 20:24:43,644] {dag.py:2305} INFO - Setting next_dagrun for example_xcom_args to None
[2021-12-13 20:24:43,644] {logging_mixin.py:104} INFO - [2021-12-13 20:24:43,644] {dag.py:2305} INFO - Setting next_dagrun for example_xcom_args_with_operators to None
[2021-12-13 20:24:43,665] {scheduler_job.py:190} INFO - Processing /home/airflow/airflow-course/venv/lib/python3.8/site-packages/airflow/example_dags/example_xcomargs.py took 0.247 seconds
[2021-12-13 20:25:16,299] {scheduler_job.py:182} INFO - Started process (PID=2944) to work on /home/airflow/airflow-course/venv/lib/python3.8/site-packages/airflow/example_dags/example_xcomargs.py
[2021-12-13 20:25:16,300] {scheduler_job.py:633} INFO - Processing file /home/airflow/airflow-course/venv/lib/python3.8/site-packages/airflow/example_dags/example_xcomargs.py for tasks to queue
[2021-12-13 20:25:16,301] {logging_mixin.py:104} INFO - [2021-12-13 20:25:16,301] {dagbag.py:487} INFO - Filling up the DagBag from /home/airflow/airflow-course/venv/lib/python3.8/site-packages/airflow/example_dags/example_xcomargs.py
[2021-12-13 20:25:16,323] {scheduler_job.py:643} INFO - DAG(s) dict_keys(['example_xcom_args', 'example_xcom_args_with_operators']) retrieved from /home/airflow/airflow-course/venv/lib/python3.8/site-packages/airflow/example_dags/example_xcomargs.py
[2021-12-13 20:25:16,518] {logging_mixin.py:104} INFO - [2021-12-13 20:25:16,518] {dag.py:1832} INFO - Sync 2 DAGs
[2021-12-13 20:25:16,525] {logging_mixin.py:104} INFO - [2021-12-13 20:25:16,525] {dag.py:2305} INFO - Setting next_dagrun for example_xcom_args to None
[2021-12-13 20:25:16,526] {logging_mixin.py:104} INFO - [2021-12-13 20:25:16,526] {dag.py:2305} INFO - Setting next_dagrun for example_xcom_args_with_operators to None
[2021-12-13 20:25:16,551] {scheduler_job.py:190} INFO - Processing /home/airflow/airflow-course/venv/lib/python3.8/site-packages/airflow/example_dags/example_xcomargs.py took 0.258 seconds
[2021-12-13 20:25:49,538] {scheduler_job.py:182} INFO - Started process (PID=2977) to work on /home/airflow/airflow-course/venv/lib/python3.8/site-packages/airflow/example_dags/example_xcomargs.py
[2021-12-13 20:25:49,540] {scheduler_job.py:633} INFO - Processing file /home/airflow/airflow-course/venv/lib/python3.8/site-packages/airflow/example_dags/example_xcomargs.py for tasks to queue
[2021-12-13 20:25:49,541] {logging_mixin.py:104} INFO - [2021-12-13 20:25:49,541] {dagbag.py:487} INFO - Filling up the DagBag from /home/airflow/airflow-course/venv/lib/python3.8/site-packages/airflow/example_dags/example_xcomargs.py
[2021-12-13 20:25:49,563] {scheduler_job.py:643} INFO - DAG(s) dict_keys(['example_xcom_args', 'example_xcom_args_with_operators']) retrieved from /home/airflow/airflow-course/venv/lib/python3.8/site-packages/airflow/example_dags/example_xcomargs.py
[2021-12-13 20:25:49,758] {logging_mixin.py:104} INFO - [2021-12-13 20:25:49,758] {dag.py:1832} INFO - Sync 2 DAGs
[2021-12-13 20:25:49,764] {logging_mixin.py:104} INFO - [2021-12-13 20:25:49,764] {dag.py:2305} INFO - Setting next_dagrun for example_xcom_args to None
[2021-12-13 20:25:49,765] {logging_mixin.py:104} INFO - [2021-12-13 20:25:49,765] {dag.py:2305} INFO - Setting next_dagrun for example_xcom_args_with_operators to None
[2021-12-13 20:25:49,783] {scheduler_job.py:190} INFO - Processing /home/airflow/airflow-course/venv/lib/python3.8/site-packages/airflow/example_dags/example_xcomargs.py took 0.252 seconds
[2021-12-13 20:26:22,308] {scheduler_job.py:182} INFO - Started process (PID=3009) to work on /home/airflow/airflow-course/venv/lib/python3.8/site-packages/airflow/example_dags/example_xcomargs.py
[2021-12-13 20:26:22,309] {scheduler_job.py:633} INFO - Processing file /home/airflow/airflow-course/venv/lib/python3.8/site-packages/airflow/example_dags/example_xcomargs.py for tasks to queue
[2021-12-13 20:26:22,310] {logging_mixin.py:104} INFO - [2021-12-13 20:26:22,310] {dagbag.py:487} INFO - Filling up the DagBag from /home/airflow/airflow-course/venv/lib/python3.8/site-packages/airflow/example_dags/example_xcomargs.py
[2021-12-13 20:26:22,328] {scheduler_job.py:643} INFO - DAG(s) dict_keys(['example_xcom_args', 'example_xcom_args_with_operators']) retrieved from /home/airflow/airflow-course/venv/lib/python3.8/site-packages/airflow/example_dags/example_xcomargs.py
[2021-12-13 20:26:22,525] {logging_mixin.py:104} INFO - [2021-12-13 20:26:22,525] {dag.py:1832} INFO - Sync 2 DAGs
[2021-12-13 20:26:22,531] {logging_mixin.py:104} INFO - [2021-12-13 20:26:22,531] {dag.py:2305} INFO - Setting next_dagrun for example_xcom_args to None
[2021-12-13 20:26:22,532] {logging_mixin.py:104} INFO - [2021-12-13 20:26:22,531] {dag.py:2305} INFO - Setting next_dagrun for example_xcom_args_with_operators to None
[2021-12-13 20:26:22,552] {scheduler_job.py:190} INFO - Processing /home/airflow/airflow-course/venv/lib/python3.8/site-packages/airflow/example_dags/example_xcomargs.py took 0.249 seconds
[2021-12-13 20:26:54,860] {scheduler_job.py:182} INFO - Started process (PID=3085) to work on /home/airflow/airflow-course/venv/lib/python3.8/site-packages/airflow/example_dags/example_xcomargs.py
[2021-12-13 20:26:54,861] {scheduler_job.py:633} INFO - Processing file /home/airflow/airflow-course/venv/lib/python3.8/site-packages/airflow/example_dags/example_xcomargs.py for tasks to queue
[2021-12-13 20:26:54,861] {logging_mixin.py:104} INFO - [2021-12-13 20:26:54,861] {dagbag.py:487} INFO - Filling up the DagBag from /home/airflow/airflow-course/venv/lib/python3.8/site-packages/airflow/example_dags/example_xcomargs.py
[2021-12-13 20:26:54,882] {scheduler_job.py:643} INFO - DAG(s) dict_keys(['example_xcom_args', 'example_xcom_args_with_operators']) retrieved from /home/airflow/airflow-course/venv/lib/python3.8/site-packages/airflow/example_dags/example_xcomargs.py
[2021-12-13 20:26:55,087] {logging_mixin.py:104} INFO - [2021-12-13 20:26:55,087] {dag.py:1832} INFO - Sync 2 DAGs
[2021-12-13 20:26:55,094] {logging_mixin.py:104} INFO - [2021-12-13 20:26:55,094] {dag.py:2305} INFO - Setting next_dagrun for example_xcom_args to None
[2021-12-13 20:26:55,095] {logging_mixin.py:104} INFO - [2021-12-13 20:26:55,095] {dag.py:2305} INFO - Setting next_dagrun for example_xcom_args_with_operators to None
[2021-12-13 20:26:55,119] {scheduler_job.py:190} INFO - Processing /home/airflow/airflow-course/venv/lib/python3.8/site-packages/airflow/example_dags/example_xcomargs.py took 0.263 seconds
