[2021-12-13 20:22:05,751] {scheduler_job.py:182} INFO - Started process (PID=2607) to work on /home/airflow/airflow-course/venv/lib/python3.8/site-packages/airflow/example_dags/example_skip_dag.py
[2021-12-13 20:22:05,752] {scheduler_job.py:633} INFO - Processing file /home/airflow/airflow-course/venv/lib/python3.8/site-packages/airflow/example_dags/example_skip_dag.py for tasks to queue
[2021-12-13 20:22:05,753] {logging_mixin.py:104} INFO - [2021-12-13 20:22:05,752] {dagbag.py:487} INFO - Filling up the DagBag from /home/airflow/airflow-course/venv/lib/python3.8/site-packages/airflow/example_dags/example_skip_dag.py
[2021-12-13 20:22:05,760] {scheduler_job.py:643} INFO - DAG(s) dict_keys(['example_skip_dag']) retrieved from /home/airflow/airflow-course/venv/lib/python3.8/site-packages/airflow/example_dags/example_skip_dag.py
[2021-12-13 20:22:05,771] {logging_mixin.py:104} INFO - [2021-12-13 20:22:05,771] {dag.py:1832} INFO - Sync 1 DAGs
[2021-12-13 20:22:05,778] {logging_mixin.py:104} INFO - [2021-12-13 20:22:05,778] {dag.py:2305} INFO - Setting next_dagrun for example_skip_dag to 2021-12-11 00:00:00+00:00
[2021-12-13 20:22:05,795] {scheduler_job.py:190} INFO - Processing /home/airflow/airflow-course/venv/lib/python3.8/site-packages/airflow/example_dags/example_skip_dag.py took 0.047 seconds
[2021-12-13 20:22:39,027] {scheduler_job.py:182} INFO - Started process (PID=2729) to work on /home/airflow/airflow-course/venv/lib/python3.8/site-packages/airflow/example_dags/example_skip_dag.py
[2021-12-13 20:22:39,029] {scheduler_job.py:633} INFO - Processing file /home/airflow/airflow-course/venv/lib/python3.8/site-packages/airflow/example_dags/example_skip_dag.py for tasks to queue
[2021-12-13 20:22:39,030] {logging_mixin.py:104} INFO - [2021-12-13 20:22:39,029] {dagbag.py:487} INFO - Filling up the DagBag from /home/airflow/airflow-course/venv/lib/python3.8/site-packages/airflow/example_dags/example_skip_dag.py
[2021-12-13 20:22:39,043] {scheduler_job.py:643} INFO - DAG(s) dict_keys(['example_skip_dag']) retrieved from /home/airflow/airflow-course/venv/lib/python3.8/site-packages/airflow/example_dags/example_skip_dag.py
[2021-12-13 20:22:39,055] {logging_mixin.py:104} INFO - [2021-12-13 20:22:39,055] {dag.py:1832} INFO - Sync 1 DAGs
[2021-12-13 20:22:39,063] {logging_mixin.py:104} INFO - [2021-12-13 20:22:39,063] {dag.py:2305} INFO - Setting next_dagrun for example_skip_dag to 2021-12-11 00:00:00+00:00
[2021-12-13 20:22:39,083] {scheduler_job.py:190} INFO - Processing /home/airflow/airflow-course/venv/lib/python3.8/site-packages/airflow/example_dags/example_skip_dag.py took 0.061 seconds
[2021-12-13 20:23:12,253] {scheduler_job.py:182} INFO - Started process (PID=2761) to work on /home/airflow/airflow-course/venv/lib/python3.8/site-packages/airflow/example_dags/example_skip_dag.py
[2021-12-13 20:23:12,255] {scheduler_job.py:633} INFO - Processing file /home/airflow/airflow-course/venv/lib/python3.8/site-packages/airflow/example_dags/example_skip_dag.py for tasks to queue
[2021-12-13 20:23:12,256] {logging_mixin.py:104} INFO - [2021-12-13 20:23:12,256] {dagbag.py:487} INFO - Filling up the DagBag from /home/airflow/airflow-course/venv/lib/python3.8/site-packages/airflow/example_dags/example_skip_dag.py
[2021-12-13 20:23:12,269] {scheduler_job.py:643} INFO - DAG(s) dict_keys(['example_skip_dag']) retrieved from /home/airflow/airflow-course/venv/lib/python3.8/site-packages/airflow/example_dags/example_skip_dag.py
[2021-12-13 20:23:12,284] {logging_mixin.py:104} INFO - [2021-12-13 20:23:12,284] {dag.py:1832} INFO - Sync 1 DAGs
[2021-12-13 20:23:12,293] {logging_mixin.py:104} INFO - [2021-12-13 20:23:12,293] {dag.py:2305} INFO - Setting next_dagrun for example_skip_dag to 2021-12-11 00:00:00+00:00
[2021-12-13 20:23:12,311] {scheduler_job.py:190} INFO - Processing /home/airflow/airflow-course/venv/lib/python3.8/site-packages/airflow/example_dags/example_skip_dag.py took 0.063 seconds
[2021-12-13 20:23:44,582] {scheduler_job.py:182} INFO - Started process (PID=2793) to work on /home/airflow/airflow-course/venv/lib/python3.8/site-packages/airflow/example_dags/example_skip_dag.py
[2021-12-13 20:23:44,584] {scheduler_job.py:633} INFO - Processing file /home/airflow/airflow-course/venv/lib/python3.8/site-packages/airflow/example_dags/example_skip_dag.py for tasks to queue
[2021-12-13 20:23:44,585] {logging_mixin.py:104} INFO - [2021-12-13 20:23:44,584] {dagbag.py:487} INFO - Filling up the DagBag from /home/airflow/airflow-course/venv/lib/python3.8/site-packages/airflow/example_dags/example_skip_dag.py
[2021-12-13 20:23:44,599] {scheduler_job.py:643} INFO - DAG(s) dict_keys(['example_skip_dag']) retrieved from /home/airflow/airflow-course/venv/lib/python3.8/site-packages/airflow/example_dags/example_skip_dag.py
[2021-12-13 20:23:44,614] {logging_mixin.py:104} INFO - [2021-12-13 20:23:44,614] {dag.py:1832} INFO - Sync 1 DAGs
[2021-12-13 20:23:44,624] {logging_mixin.py:104} INFO - [2021-12-13 20:23:44,623] {dag.py:2305} INFO - Setting next_dagrun for example_skip_dag to 2021-12-11 00:00:00+00:00
[2021-12-13 20:23:44,643] {scheduler_job.py:190} INFO - Processing /home/airflow/airflow-course/venv/lib/python3.8/site-packages/airflow/example_dags/example_skip_dag.py took 0.067 seconds
[2021-12-13 20:24:17,571] {scheduler_job.py:182} INFO - Started process (PID=2825) to work on /home/airflow/airflow-course/venv/lib/python3.8/site-packages/airflow/example_dags/example_skip_dag.py
[2021-12-13 20:24:17,572] {scheduler_job.py:633} INFO - Processing file /home/airflow/airflow-course/venv/lib/python3.8/site-packages/airflow/example_dags/example_skip_dag.py for tasks to queue
[2021-12-13 20:24:17,573] {logging_mixin.py:104} INFO - [2021-12-13 20:24:17,573] {dagbag.py:487} INFO - Filling up the DagBag from /home/airflow/airflow-course/venv/lib/python3.8/site-packages/airflow/example_dags/example_skip_dag.py
[2021-12-13 20:24:17,587] {scheduler_job.py:643} INFO - DAG(s) dict_keys(['example_skip_dag']) retrieved from /home/airflow/airflow-course/venv/lib/python3.8/site-packages/airflow/example_dags/example_skip_dag.py
[2021-12-13 20:24:17,601] {logging_mixin.py:104} INFO - [2021-12-13 20:24:17,601] {dag.py:1832} INFO - Sync 1 DAGs
[2021-12-13 20:24:17,610] {logging_mixin.py:104} INFO - [2021-12-13 20:24:17,610] {dag.py:2305} INFO - Setting next_dagrun for example_skip_dag to 2021-12-11 00:00:00+00:00
[2021-12-13 20:24:17,629] {scheduler_job.py:190} INFO - Processing /home/airflow/airflow-course/venv/lib/python3.8/site-packages/airflow/example_dags/example_skip_dag.py took 0.064 seconds
[2021-12-13 20:24:52,586] {scheduler_job.py:182} INFO - Started process (PID=2919) to work on /home/airflow/airflow-course/venv/lib/python3.8/site-packages/airflow/example_dags/example_skip_dag.py
[2021-12-13 20:24:52,588] {scheduler_job.py:633} INFO - Processing file /home/airflow/airflow-course/venv/lib/python3.8/site-packages/airflow/example_dags/example_skip_dag.py for tasks to queue
[2021-12-13 20:24:52,589] {logging_mixin.py:104} INFO - [2021-12-13 20:24:52,589] {dagbag.py:487} INFO - Filling up the DagBag from /home/airflow/airflow-course/venv/lib/python3.8/site-packages/airflow/example_dags/example_skip_dag.py
[2021-12-13 20:24:52,602] {scheduler_job.py:643} INFO - DAG(s) dict_keys(['example_skip_dag']) retrieved from /home/airflow/airflow-course/venv/lib/python3.8/site-packages/airflow/example_dags/example_skip_dag.py
[2021-12-13 20:24:52,619] {logging_mixin.py:104} INFO - [2021-12-13 20:24:52,619] {dag.py:1832} INFO - Sync 1 DAGs
[2021-12-13 20:24:52,627] {logging_mixin.py:104} INFO - [2021-12-13 20:24:52,627] {dag.py:2305} INFO - Setting next_dagrun for example_skip_dag to 2021-12-11 00:00:00+00:00
[2021-12-13 20:24:52,648] {scheduler_job.py:190} INFO - Processing /home/airflow/airflow-course/venv/lib/python3.8/site-packages/airflow/example_dags/example_skip_dag.py took 0.068 seconds
[2021-12-13 20:25:25,555] {scheduler_job.py:182} INFO - Started process (PID=2953) to work on /home/airflow/airflow-course/venv/lib/python3.8/site-packages/airflow/example_dags/example_skip_dag.py
[2021-12-13 20:25:25,556] {scheduler_job.py:633} INFO - Processing file /home/airflow/airflow-course/venv/lib/python3.8/site-packages/airflow/example_dags/example_skip_dag.py for tasks to queue
[2021-12-13 20:25:25,557] {logging_mixin.py:104} INFO - [2021-12-13 20:25:25,556] {dagbag.py:487} INFO - Filling up the DagBag from /home/airflow/airflow-course/venv/lib/python3.8/site-packages/airflow/example_dags/example_skip_dag.py
[2021-12-13 20:25:25,568] {scheduler_job.py:643} INFO - DAG(s) dict_keys(['example_skip_dag']) retrieved from /home/airflow/airflow-course/venv/lib/python3.8/site-packages/airflow/example_dags/example_skip_dag.py
[2021-12-13 20:25:25,583] {logging_mixin.py:104} INFO - [2021-12-13 20:25:25,582] {dag.py:1832} INFO - Sync 1 DAGs
[2021-12-13 20:25:25,591] {logging_mixin.py:104} INFO - [2021-12-13 20:25:25,591] {dag.py:2305} INFO - Setting next_dagrun for example_skip_dag to 2021-12-11 00:00:00+00:00
[2021-12-13 20:25:25,604] {scheduler_job.py:190} INFO - Processing /home/airflow/airflow-course/venv/lib/python3.8/site-packages/airflow/example_dags/example_skip_dag.py took 0.053 seconds
[2021-12-13 20:25:59,025] {scheduler_job.py:182} INFO - Started process (PID=2986) to work on /home/airflow/airflow-course/venv/lib/python3.8/site-packages/airflow/example_dags/example_skip_dag.py
[2021-12-13 20:25:59,030] {scheduler_job.py:633} INFO - Processing file /home/airflow/airflow-course/venv/lib/python3.8/site-packages/airflow/example_dags/example_skip_dag.py for tasks to queue
[2021-12-13 20:25:59,030] {logging_mixin.py:104} INFO - [2021-12-13 20:25:59,030] {dagbag.py:487} INFO - Filling up the DagBag from /home/airflow/airflow-course/venv/lib/python3.8/site-packages/airflow/example_dags/example_skip_dag.py
[2021-12-13 20:25:59,042] {scheduler_job.py:643} INFO - DAG(s) dict_keys(['example_skip_dag']) retrieved from /home/airflow/airflow-course/venv/lib/python3.8/site-packages/airflow/example_dags/example_skip_dag.py
[2021-12-13 20:25:59,056] {logging_mixin.py:104} INFO - [2021-12-13 20:25:59,056] {dag.py:1832} INFO - Sync 1 DAGs
[2021-12-13 20:25:59,064] {logging_mixin.py:104} INFO - [2021-12-13 20:25:59,064] {dag.py:2305} INFO - Setting next_dagrun for example_skip_dag to 2021-12-11 00:00:00+00:00
[2021-12-13 20:25:59,083] {scheduler_job.py:190} INFO - Processing /home/airflow/airflow-course/venv/lib/python3.8/site-packages/airflow/example_dags/example_skip_dag.py took 0.062 seconds
[2021-12-13 20:26:31,316] {scheduler_job.py:182} INFO - Started process (PID=3018) to work on /home/airflow/airflow-course/venv/lib/python3.8/site-packages/airflow/example_dags/example_skip_dag.py
[2021-12-13 20:26:31,317] {scheduler_job.py:633} INFO - Processing file /home/airflow/airflow-course/venv/lib/python3.8/site-packages/airflow/example_dags/example_skip_dag.py for tasks to queue
[2021-12-13 20:26:31,318] {logging_mixin.py:104} INFO - [2021-12-13 20:26:31,318] {dagbag.py:487} INFO - Filling up the DagBag from /home/airflow/airflow-course/venv/lib/python3.8/site-packages/airflow/example_dags/example_skip_dag.py
[2021-12-13 20:26:31,331] {scheduler_job.py:643} INFO - DAG(s) dict_keys(['example_skip_dag']) retrieved from /home/airflow/airflow-course/venv/lib/python3.8/site-packages/airflow/example_dags/example_skip_dag.py
[2021-12-13 20:26:31,345] {logging_mixin.py:104} INFO - [2021-12-13 20:26:31,345] {dag.py:1832} INFO - Sync 1 DAGs
[2021-12-13 20:26:31,353] {logging_mixin.py:104} INFO - [2021-12-13 20:26:31,353] {dag.py:2305} INFO - Setting next_dagrun for example_skip_dag to 2021-12-11 00:00:00+00:00
[2021-12-13 20:26:31,372] {scheduler_job.py:190} INFO - Processing /home/airflow/airflow-course/venv/lib/python3.8/site-packages/airflow/example_dags/example_skip_dag.py took 0.060 seconds
[2021-12-13 20:27:05,386] {scheduler_job.py:182} INFO - Started process (PID=3095) to work on /home/airflow/airflow-course/venv/lib/python3.8/site-packages/airflow/example_dags/example_skip_dag.py
[2021-12-13 20:27:05,388] {scheduler_job.py:633} INFO - Processing file /home/airflow/airflow-course/venv/lib/python3.8/site-packages/airflow/example_dags/example_skip_dag.py for tasks to queue
[2021-12-13 20:27:05,388] {logging_mixin.py:104} INFO - [2021-12-13 20:27:05,388] {dagbag.py:487} INFO - Filling up the DagBag from /home/airflow/airflow-course/venv/lib/python3.8/site-packages/airflow/example_dags/example_skip_dag.py
[2021-12-13 20:27:05,402] {scheduler_job.py:643} INFO - DAG(s) dict_keys(['example_skip_dag']) retrieved from /home/airflow/airflow-course/venv/lib/python3.8/site-packages/airflow/example_dags/example_skip_dag.py
[2021-12-13 20:27:05,414] {logging_mixin.py:104} INFO - [2021-12-13 20:27:05,414] {dag.py:1832} INFO - Sync 1 DAGs
[2021-12-13 20:27:05,422] {logging_mixin.py:104} INFO - [2021-12-13 20:27:05,422] {dag.py:2305} INFO - Setting next_dagrun for example_skip_dag to 2021-12-11 00:00:00+00:00
[2021-12-13 20:27:05,443] {scheduler_job.py:190} INFO - Processing /home/airflow/airflow-course/venv/lib/python3.8/site-packages/airflow/example_dags/example_skip_dag.py took 0.061 seconds
