[2021-12-13 20:21:53,198] {scheduler_job.py:182} INFO - Started process (PID=2564) to work on /home/airflow/airflow-course/venv/lib/python3.8/site-packages/airflow/example_dags/example_latest_only.py
[2021-12-13 20:21:53,200] {scheduler_job.py:633} INFO - Processing file /home/airflow/airflow-course/venv/lib/python3.8/site-packages/airflow/example_dags/example_latest_only.py for tasks to queue
[2021-12-13 20:21:53,201] {logging_mixin.py:104} INFO - [2021-12-13 20:21:53,200] {dagbag.py:487} INFO - Filling up the DagBag from /home/airflow/airflow-course/venv/lib/python3.8/site-packages/airflow/example_dags/example_latest_only.py
[2021-12-13 20:21:53,215] {scheduler_job.py:643} INFO - DAG(s) dict_keys(['latest_only']) retrieved from /home/airflow/airflow-course/venv/lib/python3.8/site-packages/airflow/example_dags/example_latest_only.py
[2021-12-13 20:21:53,227] {logging_mixin.py:104} INFO - [2021-12-13 20:21:53,227] {dag.py:1832} INFO - Sync 1 DAGs
[2021-12-13 20:21:53,235] {logging_mixin.py:104} INFO - [2021-12-13 20:21:53,235] {dag.py:2305} INFO - Setting next_dagrun for latest_only to 2021-12-11 00:00:00+00:00
[2021-12-13 20:21:53,254] {scheduler_job.py:190} INFO - Processing /home/airflow/airflow-course/venv/lib/python3.8/site-packages/airflow/example_dags/example_latest_only.py took 0.060 seconds
[2021-12-13 20:22:26,750] {scheduler_job.py:182} INFO - Started process (PID=2717) to work on /home/airflow/airflow-course/venv/lib/python3.8/site-packages/airflow/example_dags/example_latest_only.py
[2021-12-13 20:22:26,752] {scheduler_job.py:633} INFO - Processing file /home/airflow/airflow-course/venv/lib/python3.8/site-packages/airflow/example_dags/example_latest_only.py for tasks to queue
[2021-12-13 20:22:26,752] {logging_mixin.py:104} INFO - [2021-12-13 20:22:26,752] {dagbag.py:487} INFO - Filling up the DagBag from /home/airflow/airflow-course/venv/lib/python3.8/site-packages/airflow/example_dags/example_latest_only.py
[2021-12-13 20:22:26,763] {scheduler_job.py:643} INFO - DAG(s) dict_keys(['latest_only']) retrieved from /home/airflow/airflow-course/venv/lib/python3.8/site-packages/airflow/example_dags/example_latest_only.py
[2021-12-13 20:22:26,776] {logging_mixin.py:104} INFO - [2021-12-13 20:22:26,776] {dag.py:1832} INFO - Sync 1 DAGs
[2021-12-13 20:22:26,784] {logging_mixin.py:104} INFO - [2021-12-13 20:22:26,784] {dag.py:2305} INFO - Setting next_dagrun for latest_only to 2021-12-11 00:00:00+00:00
[2021-12-13 20:22:26,803] {scheduler_job.py:190} INFO - Processing /home/airflow/airflow-course/venv/lib/python3.8/site-packages/airflow/example_dags/example_latest_only.py took 0.058 seconds
[2021-12-13 20:22:59,683] {scheduler_job.py:182} INFO - Started process (PID=2749) to work on /home/airflow/airflow-course/venv/lib/python3.8/site-packages/airflow/example_dags/example_latest_only.py
[2021-12-13 20:22:59,684] {scheduler_job.py:633} INFO - Processing file /home/airflow/airflow-course/venv/lib/python3.8/site-packages/airflow/example_dags/example_latest_only.py for tasks to queue
[2021-12-13 20:22:59,685] {logging_mixin.py:104} INFO - [2021-12-13 20:22:59,685] {dagbag.py:487} INFO - Filling up the DagBag from /home/airflow/airflow-course/venv/lib/python3.8/site-packages/airflow/example_dags/example_latest_only.py
[2021-12-13 20:22:59,696] {scheduler_job.py:643} INFO - DAG(s) dict_keys(['latest_only']) retrieved from /home/airflow/airflow-course/venv/lib/python3.8/site-packages/airflow/example_dags/example_latest_only.py
[2021-12-13 20:22:59,711] {logging_mixin.py:104} INFO - [2021-12-13 20:22:59,711] {dag.py:1832} INFO - Sync 1 DAGs
[2021-12-13 20:22:59,719] {logging_mixin.py:104} INFO - [2021-12-13 20:22:59,719] {dag.py:2305} INFO - Setting next_dagrun for latest_only to 2021-12-11 00:00:00+00:00
[2021-12-13 20:22:59,739] {scheduler_job.py:190} INFO - Processing /home/airflow/airflow-course/venv/lib/python3.8/site-packages/airflow/example_dags/example_latest_only.py took 0.068 seconds
[2021-12-13 20:23:33,129] {scheduler_job.py:182} INFO - Started process (PID=2781) to work on /home/airflow/airflow-course/venv/lib/python3.8/site-packages/airflow/example_dags/example_latest_only.py
[2021-12-13 20:23:33,132] {scheduler_job.py:633} INFO - Processing file /home/airflow/airflow-course/venv/lib/python3.8/site-packages/airflow/example_dags/example_latest_only.py for tasks to queue
[2021-12-13 20:23:33,133] {logging_mixin.py:104} INFO - [2021-12-13 20:23:33,133] {dagbag.py:487} INFO - Filling up the DagBag from /home/airflow/airflow-course/venv/lib/python3.8/site-packages/airflow/example_dags/example_latest_only.py
[2021-12-13 20:23:33,145] {scheduler_job.py:643} INFO - DAG(s) dict_keys(['latest_only']) retrieved from /home/airflow/airflow-course/venv/lib/python3.8/site-packages/airflow/example_dags/example_latest_only.py
[2021-12-13 20:23:33,159] {logging_mixin.py:104} INFO - [2021-12-13 20:23:33,159] {dag.py:1832} INFO - Sync 1 DAGs
[2021-12-13 20:23:33,167] {logging_mixin.py:104} INFO - [2021-12-13 20:23:33,167] {dag.py:2305} INFO - Setting next_dagrun for latest_only to 2021-12-11 00:00:00+00:00
[2021-12-13 20:23:33,187] {scheduler_job.py:190} INFO - Processing /home/airflow/airflow-course/venv/lib/python3.8/site-packages/airflow/example_dags/example_latest_only.py took 0.062 seconds
[2021-12-13 20:24:04,730] {scheduler_job.py:182} INFO - Started process (PID=2813) to work on /home/airflow/airflow-course/venv/lib/python3.8/site-packages/airflow/example_dags/example_latest_only.py
[2021-12-13 20:24:04,735] {scheduler_job.py:633} INFO - Processing file /home/airflow/airflow-course/venv/lib/python3.8/site-packages/airflow/example_dags/example_latest_only.py for tasks to queue
[2021-12-13 20:24:04,735] {logging_mixin.py:104} INFO - [2021-12-13 20:24:04,735] {dagbag.py:487} INFO - Filling up the DagBag from /home/airflow/airflow-course/venv/lib/python3.8/site-packages/airflow/example_dags/example_latest_only.py
[2021-12-13 20:24:04,745] {scheduler_job.py:643} INFO - DAG(s) dict_keys(['latest_only']) retrieved from /home/airflow/airflow-course/venv/lib/python3.8/site-packages/airflow/example_dags/example_latest_only.py
[2021-12-13 20:24:04,758] {logging_mixin.py:104} INFO - [2021-12-13 20:24:04,758] {dag.py:1832} INFO - Sync 1 DAGs
[2021-12-13 20:24:04,766] {logging_mixin.py:104} INFO - [2021-12-13 20:24:04,766] {dag.py:2305} INFO - Setting next_dagrun for latest_only to 2021-12-11 00:00:00+00:00
[2021-12-13 20:24:04,785] {scheduler_job.py:190} INFO - Processing /home/airflow/airflow-course/venv/lib/python3.8/site-packages/airflow/example_dags/example_latest_only.py took 0.059 seconds
[2021-12-13 20:24:40,027] {scheduler_job.py:182} INFO - Started process (PID=2907) to work on /home/airflow/airflow-course/venv/lib/python3.8/site-packages/airflow/example_dags/example_latest_only.py
[2021-12-13 20:24:40,029] {scheduler_job.py:633} INFO - Processing file /home/airflow/airflow-course/venv/lib/python3.8/site-packages/airflow/example_dags/example_latest_only.py for tasks to queue
[2021-12-13 20:24:40,030] {logging_mixin.py:104} INFO - [2021-12-13 20:24:40,029] {dagbag.py:487} INFO - Filling up the DagBag from /home/airflow/airflow-course/venv/lib/python3.8/site-packages/airflow/example_dags/example_latest_only.py
[2021-12-13 20:24:40,043] {scheduler_job.py:643} INFO - DAG(s) dict_keys(['latest_only']) retrieved from /home/airflow/airflow-course/venv/lib/python3.8/site-packages/airflow/example_dags/example_latest_only.py
[2021-12-13 20:24:40,056] {logging_mixin.py:104} INFO - [2021-12-13 20:24:40,056] {dag.py:1832} INFO - Sync 1 DAGs
[2021-12-13 20:24:40,065] {logging_mixin.py:104} INFO - [2021-12-13 20:24:40,065] {dag.py:2305} INFO - Setting next_dagrun for latest_only to 2021-12-11 00:00:00+00:00
[2021-12-13 20:24:40,085] {scheduler_job.py:190} INFO - Processing /home/airflow/airflow-course/venv/lib/python3.8/site-packages/airflow/example_dags/example_latest_only.py took 0.062 seconds
[2021-12-13 20:25:13,441] {scheduler_job.py:182} INFO - Started process (PID=2941) to work on /home/airflow/airflow-course/venv/lib/python3.8/site-packages/airflow/example_dags/example_latest_only.py
[2021-12-13 20:25:13,446] {scheduler_job.py:633} INFO - Processing file /home/airflow/airflow-course/venv/lib/python3.8/site-packages/airflow/example_dags/example_latest_only.py for tasks to queue
[2021-12-13 20:25:13,448] {logging_mixin.py:104} INFO - [2021-12-13 20:25:13,447] {dagbag.py:487} INFO - Filling up the DagBag from /home/airflow/airflow-course/venv/lib/python3.8/site-packages/airflow/example_dags/example_latest_only.py
[2021-12-13 20:25:13,457] {scheduler_job.py:643} INFO - DAG(s) dict_keys(['latest_only']) retrieved from /home/airflow/airflow-course/venv/lib/python3.8/site-packages/airflow/example_dags/example_latest_only.py
[2021-12-13 20:25:13,470] {logging_mixin.py:104} INFO - [2021-12-13 20:25:13,470] {dag.py:1832} INFO - Sync 1 DAGs
[2021-12-13 20:25:13,478] {logging_mixin.py:104} INFO - [2021-12-13 20:25:13,478] {dag.py:2305} INFO - Setting next_dagrun for latest_only to 2021-12-11 00:00:00+00:00
[2021-12-13 20:25:13,498] {scheduler_job.py:190} INFO - Processing /home/airflow/airflow-course/venv/lib/python3.8/site-packages/airflow/example_dags/example_latest_only.py took 0.061 seconds
[2021-12-13 20:25:45,814] {scheduler_job.py:182} INFO - Started process (PID=2973) to work on /home/airflow/airflow-course/venv/lib/python3.8/site-packages/airflow/example_dags/example_latest_only.py
[2021-12-13 20:25:45,815] {scheduler_job.py:633} INFO - Processing file /home/airflow/airflow-course/venv/lib/python3.8/site-packages/airflow/example_dags/example_latest_only.py for tasks to queue
[2021-12-13 20:25:45,816] {logging_mixin.py:104} INFO - [2021-12-13 20:25:45,816] {dagbag.py:487} INFO - Filling up the DagBag from /home/airflow/airflow-course/venv/lib/python3.8/site-packages/airflow/example_dags/example_latest_only.py
[2021-12-13 20:25:45,825] {scheduler_job.py:643} INFO - DAG(s) dict_keys(['latest_only']) retrieved from /home/airflow/airflow-course/venv/lib/python3.8/site-packages/airflow/example_dags/example_latest_only.py
[2021-12-13 20:25:45,835] {logging_mixin.py:104} INFO - [2021-12-13 20:25:45,835] {dag.py:1832} INFO - Sync 1 DAGs
[2021-12-13 20:25:45,845] {logging_mixin.py:104} INFO - [2021-12-13 20:25:45,845] {dag.py:2305} INFO - Setting next_dagrun for latest_only to 2021-12-11 00:00:00+00:00
[2021-12-13 20:25:45,866] {scheduler_job.py:190} INFO - Processing /home/airflow/airflow-course/venv/lib/python3.8/site-packages/airflow/example_dags/example_latest_only.py took 0.056 seconds
[2021-12-13 20:26:18,715] {scheduler_job.py:182} INFO - Started process (PID=3005) to work on /home/airflow/airflow-course/venv/lib/python3.8/site-packages/airflow/example_dags/example_latest_only.py
[2021-12-13 20:26:18,717] {scheduler_job.py:633} INFO - Processing file /home/airflow/airflow-course/venv/lib/python3.8/site-packages/airflow/example_dags/example_latest_only.py for tasks to queue
[2021-12-13 20:26:18,718] {logging_mixin.py:104} INFO - [2021-12-13 20:26:18,718] {dagbag.py:487} INFO - Filling up the DagBag from /home/airflow/airflow-course/venv/lib/python3.8/site-packages/airflow/example_dags/example_latest_only.py
[2021-12-13 20:26:18,729] {scheduler_job.py:643} INFO - DAG(s) dict_keys(['latest_only']) retrieved from /home/airflow/airflow-course/venv/lib/python3.8/site-packages/airflow/example_dags/example_latest_only.py
[2021-12-13 20:26:18,741] {logging_mixin.py:104} INFO - [2021-12-13 20:26:18,741] {dag.py:1832} INFO - Sync 1 DAGs
[2021-12-13 20:26:18,750] {logging_mixin.py:104} INFO - [2021-12-13 20:26:18,750] {dag.py:2305} INFO - Setting next_dagrun for latest_only to 2021-12-11 00:00:00+00:00
[2021-12-13 20:26:18,771] {scheduler_job.py:190} INFO - Processing /home/airflow/airflow-course/venv/lib/python3.8/site-packages/airflow/example_dags/example_latest_only.py took 0.061 seconds
[2021-12-13 20:26:50,524] {scheduler_job.py:182} INFO - Started process (PID=3060) to work on /home/airflow/airflow-course/venv/lib/python3.8/site-packages/airflow/example_dags/example_latest_only.py
[2021-12-13 20:26:50,526] {scheduler_job.py:633} INFO - Processing file /home/airflow/airflow-course/venv/lib/python3.8/site-packages/airflow/example_dags/example_latest_only.py for tasks to queue
[2021-12-13 20:26:50,527] {logging_mixin.py:104} INFO - [2021-12-13 20:26:50,527] {dagbag.py:487} INFO - Filling up the DagBag from /home/airflow/airflow-course/venv/lib/python3.8/site-packages/airflow/example_dags/example_latest_only.py
[2021-12-13 20:26:50,540] {scheduler_job.py:643} INFO - DAG(s) dict_keys(['latest_only']) retrieved from /home/airflow/airflow-course/venv/lib/python3.8/site-packages/airflow/example_dags/example_latest_only.py
[2021-12-13 20:26:50,551] {logging_mixin.py:104} INFO - [2021-12-13 20:26:50,551] {dag.py:1832} INFO - Sync 1 DAGs
[2021-12-13 20:26:50,561] {logging_mixin.py:104} INFO - [2021-12-13 20:26:50,561] {dag.py:2305} INFO - Setting next_dagrun for latest_only to 2021-12-11 00:00:00+00:00
[2021-12-13 20:26:50,579] {scheduler_job.py:190} INFO - Processing /home/airflow/airflow-course/venv/lib/python3.8/site-packages/airflow/example_dags/example_latest_only.py took 0.059 seconds
