[2021-12-13 20:22:04,638] {scheduler_job.py:182} INFO - Started process (PID=2606) to work on /home/airflow/airflow-course/venv/lib/python3.8/site-packages/airflow/example_dags/example_task_group.py
[2021-12-13 20:22:04,640] {scheduler_job.py:633} INFO - Processing file /home/airflow/airflow-course/venv/lib/python3.8/site-packages/airflow/example_dags/example_task_group.py for tasks to queue
[2021-12-13 20:22:04,641] {logging_mixin.py:104} INFO - [2021-12-13 20:22:04,640] {dagbag.py:487} INFO - Filling up the DagBag from /home/airflow/airflow-course/venv/lib/python3.8/site-packages/airflow/example_dags/example_task_group.py
[2021-12-13 20:22:04,657] {scheduler_job.py:643} INFO - DAG(s) dict_keys(['example_task_group']) retrieved from /home/airflow/airflow-course/venv/lib/python3.8/site-packages/airflow/example_dags/example_task_group.py
[2021-12-13 20:22:04,673] {logging_mixin.py:104} INFO - [2021-12-13 20:22:04,673] {dag.py:1832} INFO - Sync 1 DAGs
[2021-12-13 20:22:04,681] {logging_mixin.py:104} INFO - [2021-12-13 20:22:04,681] {dag.py:2305} INFO - Setting next_dagrun for example_task_group to 2021-12-11 00:00:00+00:00
[2021-12-13 20:22:04,704] {scheduler_job.py:190} INFO - Processing /home/airflow/airflow-course/venv/lib/python3.8/site-packages/airflow/example_dags/example_task_group.py took 0.074 seconds
[2021-12-13 20:22:38,402] {scheduler_job.py:182} INFO - Started process (PID=2728) to work on /home/airflow/airflow-course/venv/lib/python3.8/site-packages/airflow/example_dags/example_task_group.py
[2021-12-13 20:22:38,403] {scheduler_job.py:633} INFO - Processing file /home/airflow/airflow-course/venv/lib/python3.8/site-packages/airflow/example_dags/example_task_group.py for tasks to queue
[2021-12-13 20:22:38,404] {logging_mixin.py:104} INFO - [2021-12-13 20:22:38,404] {dagbag.py:487} INFO - Filling up the DagBag from /home/airflow/airflow-course/venv/lib/python3.8/site-packages/airflow/example_dags/example_task_group.py
[2021-12-13 20:22:38,419] {scheduler_job.py:643} INFO - DAG(s) dict_keys(['example_task_group']) retrieved from /home/airflow/airflow-course/venv/lib/python3.8/site-packages/airflow/example_dags/example_task_group.py
[2021-12-13 20:22:38,432] {logging_mixin.py:104} INFO - [2021-12-13 20:22:38,432] {dag.py:1832} INFO - Sync 1 DAGs
[2021-12-13 20:22:38,440] {logging_mixin.py:104} INFO - [2021-12-13 20:22:38,440] {dag.py:2305} INFO - Setting next_dagrun for example_task_group to 2021-12-11 00:00:00+00:00
[2021-12-13 20:22:38,459] {scheduler_job.py:190} INFO - Processing /home/airflow/airflow-course/venv/lib/python3.8/site-packages/airflow/example_dags/example_task_group.py took 0.062 seconds
[2021-12-13 20:23:11,119] {scheduler_job.py:182} INFO - Started process (PID=2760) to work on /home/airflow/airflow-course/venv/lib/python3.8/site-packages/airflow/example_dags/example_task_group.py
[2021-12-13 20:23:11,120] {scheduler_job.py:633} INFO - Processing file /home/airflow/airflow-course/venv/lib/python3.8/site-packages/airflow/example_dags/example_task_group.py for tasks to queue
[2021-12-13 20:23:11,121] {logging_mixin.py:104} INFO - [2021-12-13 20:23:11,121] {dagbag.py:487} INFO - Filling up the DagBag from /home/airflow/airflow-course/venv/lib/python3.8/site-packages/airflow/example_dags/example_task_group.py
[2021-12-13 20:23:11,136] {scheduler_job.py:643} INFO - DAG(s) dict_keys(['example_task_group']) retrieved from /home/airflow/airflow-course/venv/lib/python3.8/site-packages/airflow/example_dags/example_task_group.py
[2021-12-13 20:23:11,151] {logging_mixin.py:104} INFO - [2021-12-13 20:23:11,151] {dag.py:1832} INFO - Sync 1 DAGs
[2021-12-13 20:23:11,160] {logging_mixin.py:104} INFO - [2021-12-13 20:23:11,160] {dag.py:2305} INFO - Setting next_dagrun for example_task_group to 2021-12-11 00:00:00+00:00
[2021-12-13 20:23:11,178] {scheduler_job.py:190} INFO - Processing /home/airflow/airflow-course/venv/lib/python3.8/site-packages/airflow/example_dags/example_task_group.py took 0.066 seconds
[2021-12-13 20:23:43,436] {scheduler_job.py:182} INFO - Started process (PID=2792) to work on /home/airflow/airflow-course/venv/lib/python3.8/site-packages/airflow/example_dags/example_task_group.py
[2021-12-13 20:23:43,438] {scheduler_job.py:633} INFO - Processing file /home/airflow/airflow-course/venv/lib/python3.8/site-packages/airflow/example_dags/example_task_group.py for tasks to queue
[2021-12-13 20:23:43,439] {logging_mixin.py:104} INFO - [2021-12-13 20:23:43,439] {dagbag.py:487} INFO - Filling up the DagBag from /home/airflow/airflow-course/venv/lib/python3.8/site-packages/airflow/example_dags/example_task_group.py
[2021-12-13 20:23:43,455] {scheduler_job.py:643} INFO - DAG(s) dict_keys(['example_task_group']) retrieved from /home/airflow/airflow-course/venv/lib/python3.8/site-packages/airflow/example_dags/example_task_group.py
[2021-12-13 20:23:43,469] {logging_mixin.py:104} INFO - [2021-12-13 20:23:43,469] {dag.py:1832} INFO - Sync 1 DAGs
[2021-12-13 20:23:43,478] {logging_mixin.py:104} INFO - [2021-12-13 20:23:43,478] {dag.py:2305} INFO - Setting next_dagrun for example_task_group to 2021-12-11 00:00:00+00:00
[2021-12-13 20:23:43,497] {scheduler_job.py:190} INFO - Processing /home/airflow/airflow-course/venv/lib/python3.8/site-packages/airflow/example_dags/example_task_group.py took 0.066 seconds
[2021-12-13 20:24:16,977] {scheduler_job.py:182} INFO - Started process (PID=2824) to work on /home/airflow/airflow-course/venv/lib/python3.8/site-packages/airflow/example_dags/example_task_group.py
[2021-12-13 20:24:16,979] {scheduler_job.py:633} INFO - Processing file /home/airflow/airflow-course/venv/lib/python3.8/site-packages/airflow/example_dags/example_task_group.py for tasks to queue
[2021-12-13 20:24:16,980] {logging_mixin.py:104} INFO - [2021-12-13 20:24:16,980] {dagbag.py:487} INFO - Filling up the DagBag from /home/airflow/airflow-course/venv/lib/python3.8/site-packages/airflow/example_dags/example_task_group.py
[2021-12-13 20:24:16,995] {scheduler_job.py:643} INFO - DAG(s) dict_keys(['example_task_group']) retrieved from /home/airflow/airflow-course/venv/lib/python3.8/site-packages/airflow/example_dags/example_task_group.py
[2021-12-13 20:24:17,010] {logging_mixin.py:104} INFO - [2021-12-13 20:24:17,010] {dag.py:1832} INFO - Sync 1 DAGs
[2021-12-13 20:24:17,020] {logging_mixin.py:104} INFO - [2021-12-13 20:24:17,020] {dag.py:2305} INFO - Setting next_dagrun for example_task_group to 2021-12-11 00:00:00+00:00
[2021-12-13 20:24:17,040] {scheduler_job.py:190} INFO - Processing /home/airflow/airflow-course/venv/lib/python3.8/site-packages/airflow/example_dags/example_task_group.py took 0.069 seconds
[2021-12-13 20:24:51,442] {scheduler_job.py:182} INFO - Started process (PID=2918) to work on /home/airflow/airflow-course/venv/lib/python3.8/site-packages/airflow/example_dags/example_task_group.py
[2021-12-13 20:24:51,443] {scheduler_job.py:633} INFO - Processing file /home/airflow/airflow-course/venv/lib/python3.8/site-packages/airflow/example_dags/example_task_group.py for tasks to queue
[2021-12-13 20:24:51,443] {logging_mixin.py:104} INFO - [2021-12-13 20:24:51,443] {dagbag.py:487} INFO - Filling up the DagBag from /home/airflow/airflow-course/venv/lib/python3.8/site-packages/airflow/example_dags/example_task_group.py
[2021-12-13 20:24:51,454] {scheduler_job.py:643} INFO - DAG(s) dict_keys(['example_task_group']) retrieved from /home/airflow/airflow-course/venv/lib/python3.8/site-packages/airflow/example_dags/example_task_group.py
[2021-12-13 20:24:51,464] {logging_mixin.py:104} INFO - [2021-12-13 20:24:51,464] {dag.py:1832} INFO - Sync 1 DAGs
[2021-12-13 20:24:51,472] {logging_mixin.py:104} INFO - [2021-12-13 20:24:51,472] {dag.py:2305} INFO - Setting next_dagrun for example_task_group to 2021-12-11 00:00:00+00:00
[2021-12-13 20:24:51,485] {scheduler_job.py:190} INFO - Processing /home/airflow/airflow-course/venv/lib/python3.8/site-packages/airflow/example_dags/example_task_group.py took 0.046 seconds
[2021-12-13 20:25:24,950] {scheduler_job.py:182} INFO - Started process (PID=2952) to work on /home/airflow/airflow-course/venv/lib/python3.8/site-packages/airflow/example_dags/example_task_group.py
[2021-12-13 20:25:24,951] {scheduler_job.py:633} INFO - Processing file /home/airflow/airflow-course/venv/lib/python3.8/site-packages/airflow/example_dags/example_task_group.py for tasks to queue
[2021-12-13 20:25:24,952] {logging_mixin.py:104} INFO - [2021-12-13 20:25:24,951] {dagbag.py:487} INFO - Filling up the DagBag from /home/airflow/airflow-course/venv/lib/python3.8/site-packages/airflow/example_dags/example_task_group.py
[2021-12-13 20:25:24,960] {scheduler_job.py:643} INFO - DAG(s) dict_keys(['example_task_group']) retrieved from /home/airflow/airflow-course/venv/lib/python3.8/site-packages/airflow/example_dags/example_task_group.py
[2021-12-13 20:25:24,969] {logging_mixin.py:104} INFO - [2021-12-13 20:25:24,969] {dag.py:1832} INFO - Sync 1 DAGs
[2021-12-13 20:25:24,976] {logging_mixin.py:104} INFO - [2021-12-13 20:25:24,976] {dag.py:2305} INFO - Setting next_dagrun for example_task_group to 2021-12-11 00:00:00+00:00
[2021-12-13 20:25:24,990] {scheduler_job.py:190} INFO - Processing /home/airflow/airflow-course/venv/lib/python3.8/site-packages/airflow/example_dags/example_task_group.py took 0.041 seconds
[2021-12-13 20:25:57,881] {scheduler_job.py:182} INFO - Started process (PID=2985) to work on /home/airflow/airflow-course/venv/lib/python3.8/site-packages/airflow/example_dags/example_task_group.py
[2021-12-13 20:25:57,882] {scheduler_job.py:633} INFO - Processing file /home/airflow/airflow-course/venv/lib/python3.8/site-packages/airflow/example_dags/example_task_group.py for tasks to queue
[2021-12-13 20:25:57,883] {logging_mixin.py:104} INFO - [2021-12-13 20:25:57,883] {dagbag.py:487} INFO - Filling up the DagBag from /home/airflow/airflow-course/venv/lib/python3.8/site-packages/airflow/example_dags/example_task_group.py
[2021-12-13 20:25:57,898] {scheduler_job.py:643} INFO - DAG(s) dict_keys(['example_task_group']) retrieved from /home/airflow/airflow-course/venv/lib/python3.8/site-packages/airflow/example_dags/example_task_group.py
[2021-12-13 20:25:57,913] {logging_mixin.py:104} INFO - [2021-12-13 20:25:57,913] {dag.py:1832} INFO - Sync 1 DAGs
[2021-12-13 20:25:57,921] {logging_mixin.py:104} INFO - [2021-12-13 20:25:57,921] {dag.py:2305} INFO - Setting next_dagrun for example_task_group to 2021-12-11 00:00:00+00:00
[2021-12-13 20:25:57,940] {scheduler_job.py:190} INFO - Processing /home/airflow/airflow-course/venv/lib/python3.8/site-packages/airflow/example_dags/example_task_group.py took 0.064 seconds
[2021-12-13 20:26:30,171] {scheduler_job.py:182} INFO - Started process (PID=3017) to work on /home/airflow/airflow-course/venv/lib/python3.8/site-packages/airflow/example_dags/example_task_group.py
[2021-12-13 20:26:30,172] {scheduler_job.py:633} INFO - Processing file /home/airflow/airflow-course/venv/lib/python3.8/site-packages/airflow/example_dags/example_task_group.py for tasks to queue
[2021-12-13 20:26:30,173] {logging_mixin.py:104} INFO - [2021-12-13 20:26:30,173] {dagbag.py:487} INFO - Filling up the DagBag from /home/airflow/airflow-course/venv/lib/python3.8/site-packages/airflow/example_dags/example_task_group.py
[2021-12-13 20:26:30,189] {scheduler_job.py:643} INFO - DAG(s) dict_keys(['example_task_group']) retrieved from /home/airflow/airflow-course/venv/lib/python3.8/site-packages/airflow/example_dags/example_task_group.py
[2021-12-13 20:26:30,204] {logging_mixin.py:104} INFO - [2021-12-13 20:26:30,204] {dag.py:1832} INFO - Sync 1 DAGs
[2021-12-13 20:26:30,215] {logging_mixin.py:104} INFO - [2021-12-13 20:26:30,215] {dag.py:2305} INFO - Setting next_dagrun for example_task_group to 2021-12-11 00:00:00+00:00
[2021-12-13 20:26:30,227] {scheduler_job.py:190} INFO - Processing /home/airflow/airflow-course/venv/lib/python3.8/site-packages/airflow/example_dags/example_task_group.py took 0.062 seconds
[2021-12-13 20:27:04,245] {scheduler_job.py:182} INFO - Started process (PID=3094) to work on /home/airflow/airflow-course/venv/lib/python3.8/site-packages/airflow/example_dags/example_task_group.py
[2021-12-13 20:27:04,247] {scheduler_job.py:633} INFO - Processing file /home/airflow/airflow-course/venv/lib/python3.8/site-packages/airflow/example_dags/example_task_group.py for tasks to queue
[2021-12-13 20:27:04,247] {logging_mixin.py:104} INFO - [2021-12-13 20:27:04,247] {dagbag.py:487} INFO - Filling up the DagBag from /home/airflow/airflow-course/venv/lib/python3.8/site-packages/airflow/example_dags/example_task_group.py
[2021-12-13 20:27:04,261] {scheduler_job.py:643} INFO - DAG(s) dict_keys(['example_task_group']) retrieved from /home/airflow/airflow-course/venv/lib/python3.8/site-packages/airflow/example_dags/example_task_group.py
[2021-12-13 20:27:04,273] {logging_mixin.py:104} INFO - [2021-12-13 20:27:04,273] {dag.py:1832} INFO - Sync 1 DAGs
[2021-12-13 20:27:04,283] {logging_mixin.py:104} INFO - [2021-12-13 20:27:04,283] {dag.py:2305} INFO - Setting next_dagrun for example_task_group to 2021-12-11 00:00:00+00:00
[2021-12-13 20:27:04,296] {scheduler_job.py:190} INFO - Processing /home/airflow/airflow-course/venv/lib/python3.8/site-packages/airflow/example_dags/example_task_group.py took 0.056 seconds
