[2021-12-13 20:22:16,442] {scheduler_job.py:182} INFO - Started process (PID=2677) to work on /home/airflow/airflow-course/venv/lib/python3.8/site-packages/airflow/example_dags/example_xcom.py
[2021-12-13 20:22:16,443] {scheduler_job.py:633} INFO - Processing file /home/airflow/airflow-course/venv/lib/python3.8/site-packages/airflow/example_dags/example_xcom.py for tasks to queue
[2021-12-13 20:22:16,444] {logging_mixin.py:104} INFO - [2021-12-13 20:22:16,444] {dagbag.py:487} INFO - Filling up the DagBag from /home/airflow/airflow-course/venv/lib/python3.8/site-packages/airflow/example_dags/example_xcom.py
[2021-12-13 20:22:16,455] {scheduler_job.py:643} INFO - DAG(s) dict_keys(['example_xcom']) retrieved from /home/airflow/airflow-course/venv/lib/python3.8/site-packages/airflow/example_dags/example_xcom.py
[2021-12-13 20:22:16,467] {logging_mixin.py:104} INFO - [2021-12-13 20:22:16,467] {dag.py:1832} INFO - Sync 1 DAGs
[2021-12-13 20:22:16,476] {logging_mixin.py:104} INFO - [2021-12-13 20:22:16,475] {dag.py:2305} INFO - Setting next_dagrun for example_xcom to 2021-12-11 00:00:00+00:00
[2021-12-13 20:22:16,493] {scheduler_job.py:190} INFO - Processing /home/airflow/airflow-course/venv/lib/python3.8/site-packages/airflow/example_dags/example_xcom.py took 0.058 seconds
[2021-12-13 20:22:49,326] {scheduler_job.py:182} INFO - Started process (PID=2739) to work on /home/airflow/airflow-course/venv/lib/python3.8/site-packages/airflow/example_dags/example_xcom.py
[2021-12-13 20:22:49,327] {scheduler_job.py:633} INFO - Processing file /home/airflow/airflow-course/venv/lib/python3.8/site-packages/airflow/example_dags/example_xcom.py for tasks to queue
[2021-12-13 20:22:49,328] {logging_mixin.py:104} INFO - [2021-12-13 20:22:49,328] {dagbag.py:487} INFO - Filling up the DagBag from /home/airflow/airflow-course/venv/lib/python3.8/site-packages/airflow/example_dags/example_xcom.py
[2021-12-13 20:22:49,336] {scheduler_job.py:643} INFO - DAG(s) dict_keys(['example_xcom']) retrieved from /home/airflow/airflow-course/venv/lib/python3.8/site-packages/airflow/example_dags/example_xcom.py
[2021-12-13 20:22:49,346] {logging_mixin.py:104} INFO - [2021-12-13 20:22:49,346] {dag.py:1832} INFO - Sync 1 DAGs
[2021-12-13 20:22:49,353] {logging_mixin.py:104} INFO - [2021-12-13 20:22:49,353] {dag.py:2305} INFO - Setting next_dagrun for example_xcom to 2021-12-11 00:00:00+00:00
[2021-12-13 20:22:49,375] {scheduler_job.py:190} INFO - Processing /home/airflow/airflow-course/venv/lib/python3.8/site-packages/airflow/example_dags/example_xcom.py took 0.054 seconds
[2021-12-13 20:23:22,817] {scheduler_job.py:182} INFO - Started process (PID=2771) to work on /home/airflow/airflow-course/venv/lib/python3.8/site-packages/airflow/example_dags/example_xcom.py
[2021-12-13 20:23:22,818] {scheduler_job.py:633} INFO - Processing file /home/airflow/airflow-course/venv/lib/python3.8/site-packages/airflow/example_dags/example_xcom.py for tasks to queue
[2021-12-13 20:23:22,819] {logging_mixin.py:104} INFO - [2021-12-13 20:23:22,819] {dagbag.py:487} INFO - Filling up the DagBag from /home/airflow/airflow-course/venv/lib/python3.8/site-packages/airflow/example_dags/example_xcom.py
[2021-12-13 20:23:22,843] {scheduler_job.py:643} INFO - DAG(s) dict_keys(['example_xcom']) retrieved from /home/airflow/airflow-course/venv/lib/python3.8/site-packages/airflow/example_dags/example_xcom.py
[2021-12-13 20:23:22,855] {logging_mixin.py:104} INFO - [2021-12-13 20:23:22,855] {dag.py:1832} INFO - Sync 1 DAGs
[2021-12-13 20:23:22,865] {logging_mixin.py:104} INFO - [2021-12-13 20:23:22,865] {dag.py:2305} INFO - Setting next_dagrun for example_xcom to 2021-12-11 00:00:00+00:00
[2021-12-13 20:23:22,883] {scheduler_job.py:190} INFO - Processing /home/airflow/airflow-course/venv/lib/python3.8/site-packages/airflow/example_dags/example_xcom.py took 0.071 seconds
[2021-12-13 20:23:55,102] {scheduler_job.py:182} INFO - Started process (PID=2803) to work on /home/airflow/airflow-course/venv/lib/python3.8/site-packages/airflow/example_dags/example_xcom.py
[2021-12-13 20:23:55,105] {scheduler_job.py:633} INFO - Processing file /home/airflow/airflow-course/venv/lib/python3.8/site-packages/airflow/example_dags/example_xcom.py for tasks to queue
[2021-12-13 20:23:55,106] {logging_mixin.py:104} INFO - [2021-12-13 20:23:55,106] {dagbag.py:487} INFO - Filling up the DagBag from /home/airflow/airflow-course/venv/lib/python3.8/site-packages/airflow/example_dags/example_xcom.py
[2021-12-13 20:23:55,120] {scheduler_job.py:643} INFO - DAG(s) dict_keys(['example_xcom']) retrieved from /home/airflow/airflow-course/venv/lib/python3.8/site-packages/airflow/example_dags/example_xcom.py
[2021-12-13 20:23:55,133] {logging_mixin.py:104} INFO - [2021-12-13 20:23:55,133] {dag.py:1832} INFO - Sync 1 DAGs
[2021-12-13 20:23:55,141] {logging_mixin.py:104} INFO - [2021-12-13 20:23:55,141] {dag.py:2305} INFO - Setting next_dagrun for example_xcom to 2021-12-11 00:00:00+00:00
[2021-12-13 20:23:55,160] {scheduler_job.py:190} INFO - Processing /home/airflow/airflow-course/venv/lib/python3.8/site-packages/airflow/example_dags/example_xcom.py took 0.062 seconds
[2021-12-13 20:24:30,623] {scheduler_job.py:182} INFO - Started process (PID=2898) to work on /home/airflow/airflow-course/venv/lib/python3.8/site-packages/airflow/example_dags/example_xcom.py
[2021-12-13 20:24:30,624] {scheduler_job.py:633} INFO - Processing file /home/airflow/airflow-course/venv/lib/python3.8/site-packages/airflow/example_dags/example_xcom.py for tasks to queue
[2021-12-13 20:24:30,625] {logging_mixin.py:104} INFO - [2021-12-13 20:24:30,625] {dagbag.py:487} INFO - Filling up the DagBag from /home/airflow/airflow-course/venv/lib/python3.8/site-packages/airflow/example_dags/example_xcom.py
[2021-12-13 20:24:30,636] {scheduler_job.py:643} INFO - DAG(s) dict_keys(['example_xcom']) retrieved from /home/airflow/airflow-course/venv/lib/python3.8/site-packages/airflow/example_dags/example_xcom.py
[2021-12-13 20:24:30,650] {logging_mixin.py:104} INFO - [2021-12-13 20:24:30,650] {dag.py:1832} INFO - Sync 1 DAGs
[2021-12-13 20:24:30,657] {logging_mixin.py:104} INFO - [2021-12-13 20:24:30,657] {dag.py:2305} INFO - Setting next_dagrun for example_xcom to 2021-12-11 00:00:00+00:00
[2021-12-13 20:24:30,675] {scheduler_job.py:190} INFO - Processing /home/airflow/airflow-course/venv/lib/python3.8/site-packages/airflow/example_dags/example_xcom.py took 0.057 seconds
[2021-12-13 20:25:04,835] {scheduler_job.py:182} INFO - Started process (PID=2932) to work on /home/airflow/airflow-course/venv/lib/python3.8/site-packages/airflow/example_dags/example_xcom.py
[2021-12-13 20:25:04,837] {scheduler_job.py:633} INFO - Processing file /home/airflow/airflow-course/venv/lib/python3.8/site-packages/airflow/example_dags/example_xcom.py for tasks to queue
[2021-12-13 20:25:04,838] {logging_mixin.py:104} INFO - [2021-12-13 20:25:04,837] {dagbag.py:487} INFO - Filling up the DagBag from /home/airflow/airflow-course/venv/lib/python3.8/site-packages/airflow/example_dags/example_xcom.py
[2021-12-13 20:25:04,852] {scheduler_job.py:643} INFO - DAG(s) dict_keys(['example_xcom']) retrieved from /home/airflow/airflow-course/venv/lib/python3.8/site-packages/airflow/example_dags/example_xcom.py
[2021-12-13 20:25:04,865] {logging_mixin.py:104} INFO - [2021-12-13 20:25:04,864] {dag.py:1832} INFO - Sync 1 DAGs
[2021-12-13 20:25:04,873] {logging_mixin.py:104} INFO - [2021-12-13 20:25:04,873] {dag.py:2305} INFO - Setting next_dagrun for example_xcom to 2021-12-11 00:00:00+00:00
[2021-12-13 20:25:04,894] {scheduler_job.py:190} INFO - Processing /home/airflow/airflow-course/venv/lib/python3.8/site-packages/airflow/example_dags/example_xcom.py took 0.063 seconds
[2021-12-13 20:25:39,721] {scheduler_job.py:182} INFO - Started process (PID=2967) to work on /home/airflow/airflow-course/venv/lib/python3.8/site-packages/airflow/example_dags/example_xcom.py
[2021-12-13 20:25:39,722] {scheduler_job.py:633} INFO - Processing file /home/airflow/airflow-course/venv/lib/python3.8/site-packages/airflow/example_dags/example_xcom.py for tasks to queue
[2021-12-13 20:25:39,723] {logging_mixin.py:104} INFO - [2021-12-13 20:25:39,723] {dagbag.py:487} INFO - Filling up the DagBag from /home/airflow/airflow-course/venv/lib/python3.8/site-packages/airflow/example_dags/example_xcom.py
[2021-12-13 20:25:39,735] {scheduler_job.py:643} INFO - DAG(s) dict_keys(['example_xcom']) retrieved from /home/airflow/airflow-course/venv/lib/python3.8/site-packages/airflow/example_dags/example_xcom.py
[2021-12-13 20:25:39,747] {logging_mixin.py:104} INFO - [2021-12-13 20:25:39,747] {dag.py:1832} INFO - Sync 1 DAGs
[2021-12-13 20:25:39,755] {logging_mixin.py:104} INFO - [2021-12-13 20:25:39,755] {dag.py:2305} INFO - Setting next_dagrun for example_xcom to 2021-12-11 00:00:00+00:00
[2021-12-13 20:25:39,776] {scheduler_job.py:190} INFO - Processing /home/airflow/airflow-course/venv/lib/python3.8/site-packages/airflow/example_dags/example_xcom.py took 0.060 seconds
[2021-12-13 20:26:13,555] {scheduler_job.py:182} INFO - Started process (PID=3000) to work on /home/airflow/airflow-course/venv/lib/python3.8/site-packages/airflow/example_dags/example_xcom.py
[2021-12-13 20:26:13,557] {scheduler_job.py:633} INFO - Processing file /home/airflow/airflow-course/venv/lib/python3.8/site-packages/airflow/example_dags/example_xcom.py for tasks to queue
[2021-12-13 20:26:13,558] {logging_mixin.py:104} INFO - [2021-12-13 20:26:13,558] {dagbag.py:487} INFO - Filling up the DagBag from /home/airflow/airflow-course/venv/lib/python3.8/site-packages/airflow/example_dags/example_xcom.py
[2021-12-13 20:26:13,575] {scheduler_job.py:643} INFO - DAG(s) dict_keys(['example_xcom']) retrieved from /home/airflow/airflow-course/venv/lib/python3.8/site-packages/airflow/example_dags/example_xcom.py
[2021-12-13 20:26:13,588] {logging_mixin.py:104} INFO - [2021-12-13 20:26:13,588] {dag.py:1832} INFO - Sync 1 DAGs
[2021-12-13 20:26:13,597] {logging_mixin.py:104} INFO - [2021-12-13 20:26:13,597] {dag.py:2305} INFO - Setting next_dagrun for example_xcom to 2021-12-11 00:00:00+00:00
[2021-12-13 20:26:13,616] {scheduler_job.py:190} INFO - Processing /home/airflow/airflow-course/venv/lib/python3.8/site-packages/airflow/example_dags/example_xcom.py took 0.067 seconds
[2021-12-13 20:26:47,082] {scheduler_job.py:182} INFO - Started process (PID=3033) to work on /home/airflow/airflow-course/venv/lib/python3.8/site-packages/airflow/example_dags/example_xcom.py
[2021-12-13 20:26:47,082] {scheduler_job.py:633} INFO - Processing file /home/airflow/airflow-course/venv/lib/python3.8/site-packages/airflow/example_dags/example_xcom.py for tasks to queue
[2021-12-13 20:26:47,083] {logging_mixin.py:104} INFO - [2021-12-13 20:26:47,083] {dagbag.py:487} INFO - Filling up the DagBag from /home/airflow/airflow-course/venv/lib/python3.8/site-packages/airflow/example_dags/example_xcom.py
[2021-12-13 20:26:47,090] {scheduler_job.py:643} INFO - DAG(s) dict_keys(['example_xcom']) retrieved from /home/airflow/airflow-course/venv/lib/python3.8/site-packages/airflow/example_dags/example_xcom.py
[2021-12-13 20:26:47,099] {logging_mixin.py:104} INFO - [2021-12-13 20:26:47,099] {dag.py:1832} INFO - Sync 1 DAGs
[2021-12-13 20:26:47,108] {logging_mixin.py:104} INFO - [2021-12-13 20:26:47,108] {dag.py:2305} INFO - Setting next_dagrun for example_xcom to 2021-12-11 00:00:00+00:00
[2021-12-13 20:26:47,128] {scheduler_job.py:190} INFO - Processing /home/airflow/airflow-course/venv/lib/python3.8/site-packages/airflow/example_dags/example_xcom.py took 0.048 seconds
[2021-12-13 20:27:19,331] {scheduler_job.py:182} INFO - Started process (PID=3109) to work on /home/airflow/airflow-course/venv/lib/python3.8/site-packages/airflow/example_dags/example_xcom.py
[2021-12-13 20:27:19,346] {scheduler_job.py:633} INFO - Processing file /home/airflow/airflow-course/venv/lib/python3.8/site-packages/airflow/example_dags/example_xcom.py for tasks to queue
[2021-12-13 20:27:19,349] {logging_mixin.py:104} INFO - [2021-12-13 20:27:19,349] {dagbag.py:487} INFO - Filling up the DagBag from /home/airflow/airflow-course/venv/lib/python3.8/site-packages/airflow/example_dags/example_xcom.py
[2021-12-13 20:27:19,371] {scheduler_job.py:643} INFO - DAG(s) dict_keys(['example_xcom']) retrieved from /home/airflow/airflow-course/venv/lib/python3.8/site-packages/airflow/example_dags/example_xcom.py
[2021-12-13 20:27:19,394] {logging_mixin.py:104} INFO - [2021-12-13 20:27:19,394] {dag.py:1832} INFO - Sync 1 DAGs
[2021-12-13 20:27:19,402] {logging_mixin.py:104} INFO - [2021-12-13 20:27:19,402] {dag.py:2305} INFO - Setting next_dagrun for example_xcom to 2021-12-11 00:00:00+00:00
[2021-12-13 20:27:19,422] {scheduler_job.py:190} INFO - Processing /home/airflow/airflow-course/venv/lib/python3.8/site-packages/airflow/example_dags/example_xcom.py took 0.093 seconds
