[2021-12-13 20:21:51,735] {scheduler_job.py:182} INFO - Started process (PID=2562) to work on /home/airflow/airflow-course/venv/lib/python3.8/site-packages/airflow/example_dags/example_short_circuit_operator.py
[2021-12-13 20:21:51,736] {scheduler_job.py:633} INFO - Processing file /home/airflow/airflow-course/venv/lib/python3.8/site-packages/airflow/example_dags/example_short_circuit_operator.py for tasks to queue
[2021-12-13 20:21:51,737] {logging_mixin.py:104} INFO - [2021-12-13 20:21:51,736] {dagbag.py:487} INFO - Filling up the DagBag from /home/airflow/airflow-course/venv/lib/python3.8/site-packages/airflow/example_dags/example_short_circuit_operator.py
[2021-12-13 20:21:51,747] {scheduler_job.py:643} INFO - DAG(s) dict_keys(['example_short_circuit_operator']) retrieved from /home/airflow/airflow-course/venv/lib/python3.8/site-packages/airflow/example_dags/example_short_circuit_operator.py
[2021-12-13 20:21:51,759] {logging_mixin.py:104} INFO - [2021-12-13 20:21:51,759] {dag.py:1832} INFO - Sync 1 DAGs
[2021-12-13 20:21:51,767] {logging_mixin.py:104} INFO - [2021-12-13 20:21:51,767] {dag.py:2305} INFO - Setting next_dagrun for example_short_circuit_operator to 2021-12-11 00:00:00+00:00
[2021-12-13 20:21:51,786] {scheduler_job.py:190} INFO - Processing /home/airflow/airflow-course/venv/lib/python3.8/site-packages/airflow/example_dags/example_short_circuit_operator.py took 0.056 seconds
[2021-12-13 20:22:24,477] {scheduler_job.py:182} INFO - Started process (PID=2715) to work on /home/airflow/airflow-course/venv/lib/python3.8/site-packages/airflow/example_dags/example_short_circuit_operator.py
[2021-12-13 20:22:24,478] {scheduler_job.py:633} INFO - Processing file /home/airflow/airflow-course/venv/lib/python3.8/site-packages/airflow/example_dags/example_short_circuit_operator.py for tasks to queue
[2021-12-13 20:22:24,478] {logging_mixin.py:104} INFO - [2021-12-13 20:22:24,478] {dagbag.py:487} INFO - Filling up the DagBag from /home/airflow/airflow-course/venv/lib/python3.8/site-packages/airflow/example_dags/example_short_circuit_operator.py
[2021-12-13 20:22:24,490] {scheduler_job.py:643} INFO - DAG(s) dict_keys(['example_short_circuit_operator']) retrieved from /home/airflow/airflow-course/venv/lib/python3.8/site-packages/airflow/example_dags/example_short_circuit_operator.py
[2021-12-13 20:22:24,501] {logging_mixin.py:104} INFO - [2021-12-13 20:22:24,501] {dag.py:1832} INFO - Sync 1 DAGs
[2021-12-13 20:22:24,509] {logging_mixin.py:104} INFO - [2021-12-13 20:22:24,509] {dag.py:2305} INFO - Setting next_dagrun for example_short_circuit_operator to 2021-12-11 00:00:00+00:00
[2021-12-13 20:22:24,521] {scheduler_job.py:190} INFO - Processing /home/airflow/airflow-course/venv/lib/python3.8/site-packages/airflow/example_dags/example_short_circuit_operator.py took 0.048 seconds
[2021-12-13 20:22:58,273] {scheduler_job.py:182} INFO - Started process (PID=2747) to work on /home/airflow/airflow-course/venv/lib/python3.8/site-packages/airflow/example_dags/example_short_circuit_operator.py
[2021-12-13 20:22:58,275] {scheduler_job.py:633} INFO - Processing file /home/airflow/airflow-course/venv/lib/python3.8/site-packages/airflow/example_dags/example_short_circuit_operator.py for tasks to queue
[2021-12-13 20:22:58,276] {logging_mixin.py:104} INFO - [2021-12-13 20:22:58,275] {dagbag.py:487} INFO - Filling up the DagBag from /home/airflow/airflow-course/venv/lib/python3.8/site-packages/airflow/example_dags/example_short_circuit_operator.py
[2021-12-13 20:22:58,288] {scheduler_job.py:643} INFO - DAG(s) dict_keys(['example_short_circuit_operator']) retrieved from /home/airflow/airflow-course/venv/lib/python3.8/site-packages/airflow/example_dags/example_short_circuit_operator.py
[2021-12-13 20:22:58,301] {logging_mixin.py:104} INFO - [2021-12-13 20:22:58,301] {dag.py:1832} INFO - Sync 1 DAGs
[2021-12-13 20:22:58,310] {logging_mixin.py:104} INFO - [2021-12-13 20:22:58,310] {dag.py:2305} INFO - Setting next_dagrun for example_short_circuit_operator to 2021-12-11 00:00:00+00:00
[2021-12-13 20:22:58,322] {scheduler_job.py:190} INFO - Processing /home/airflow/airflow-course/venv/lib/python3.8/site-packages/airflow/example_dags/example_short_circuit_operator.py took 0.055 seconds
[2021-12-13 20:23:30,837] {scheduler_job.py:182} INFO - Started process (PID=2779) to work on /home/airflow/airflow-course/venv/lib/python3.8/site-packages/airflow/example_dags/example_short_circuit_operator.py
[2021-12-13 20:23:30,838] {scheduler_job.py:633} INFO - Processing file /home/airflow/airflow-course/venv/lib/python3.8/site-packages/airflow/example_dags/example_short_circuit_operator.py for tasks to queue
[2021-12-13 20:23:30,839] {logging_mixin.py:104} INFO - [2021-12-13 20:23:30,839] {dagbag.py:487} INFO - Filling up the DagBag from /home/airflow/airflow-course/venv/lib/python3.8/site-packages/airflow/example_dags/example_short_circuit_operator.py
[2021-12-13 20:23:30,849] {scheduler_job.py:643} INFO - DAG(s) dict_keys(['example_short_circuit_operator']) retrieved from /home/airflow/airflow-course/venv/lib/python3.8/site-packages/airflow/example_dags/example_short_circuit_operator.py
[2021-12-13 20:23:30,862] {logging_mixin.py:104} INFO - [2021-12-13 20:23:30,861] {dag.py:1832} INFO - Sync 1 DAGs
[2021-12-13 20:23:30,869] {logging_mixin.py:104} INFO - [2021-12-13 20:23:30,869] {dag.py:2305} INFO - Setting next_dagrun for example_short_circuit_operator to 2021-12-11 00:00:00+00:00
[2021-12-13 20:23:30,889] {scheduler_job.py:190} INFO - Processing /home/airflow/airflow-course/venv/lib/python3.8/site-packages/airflow/example_dags/example_short_circuit_operator.py took 0.056 seconds
[2021-12-13 20:24:03,156] {scheduler_job.py:182} INFO - Started process (PID=2811) to work on /home/airflow/airflow-course/venv/lib/python3.8/site-packages/airflow/example_dags/example_short_circuit_operator.py
[2021-12-13 20:24:03,159] {scheduler_job.py:633} INFO - Processing file /home/airflow/airflow-course/venv/lib/python3.8/site-packages/airflow/example_dags/example_short_circuit_operator.py for tasks to queue
[2021-12-13 20:24:03,159] {logging_mixin.py:104} INFO - [2021-12-13 20:24:03,159] {dagbag.py:487} INFO - Filling up the DagBag from /home/airflow/airflow-course/venv/lib/python3.8/site-packages/airflow/example_dags/example_short_circuit_operator.py
[2021-12-13 20:24:03,170] {scheduler_job.py:643} INFO - DAG(s) dict_keys(['example_short_circuit_operator']) retrieved from /home/airflow/airflow-course/venv/lib/python3.8/site-packages/airflow/example_dags/example_short_circuit_operator.py
[2021-12-13 20:24:03,184] {logging_mixin.py:104} INFO - [2021-12-13 20:24:03,184] {dag.py:1832} INFO - Sync 1 DAGs
[2021-12-13 20:24:03,190] {logging_mixin.py:104} INFO - [2021-12-13 20:24:03,190] {dag.py:2305} INFO - Setting next_dagrun for example_short_circuit_operator to 2021-12-11 00:00:00+00:00
[2021-12-13 20:24:03,211] {scheduler_job.py:190} INFO - Processing /home/airflow/airflow-course/venv/lib/python3.8/site-packages/airflow/example_dags/example_short_circuit_operator.py took 0.059 seconds
[2021-12-13 20:24:38,276] {scheduler_job.py:182} INFO - Started process (PID=2905) to work on /home/airflow/airflow-course/venv/lib/python3.8/site-packages/airflow/example_dags/example_short_circuit_operator.py
[2021-12-13 20:24:38,277] {scheduler_job.py:633} INFO - Processing file /home/airflow/airflow-course/venv/lib/python3.8/site-packages/airflow/example_dags/example_short_circuit_operator.py for tasks to queue
[2021-12-13 20:24:38,278] {logging_mixin.py:104} INFO - [2021-12-13 20:24:38,278] {dagbag.py:487} INFO - Filling up the DagBag from /home/airflow/airflow-course/venv/lib/python3.8/site-packages/airflow/example_dags/example_short_circuit_operator.py
[2021-12-13 20:24:38,291] {scheduler_job.py:643} INFO - DAG(s) dict_keys(['example_short_circuit_operator']) retrieved from /home/airflow/airflow-course/venv/lib/python3.8/site-packages/airflow/example_dags/example_short_circuit_operator.py
[2021-12-13 20:24:38,302] {logging_mixin.py:104} INFO - [2021-12-13 20:24:38,302] {dag.py:1832} INFO - Sync 1 DAGs
[2021-12-13 20:24:38,310] {logging_mixin.py:104} INFO - [2021-12-13 20:24:38,310] {dag.py:2305} INFO - Setting next_dagrun for example_short_circuit_operator to 2021-12-11 00:00:00+00:00
[2021-12-13 20:24:38,330] {scheduler_job.py:190} INFO - Processing /home/airflow/airflow-course/venv/lib/python3.8/site-packages/airflow/example_dags/example_short_circuit_operator.py took 0.059 seconds
[2021-12-13 20:25:09,988] {scheduler_job.py:182} INFO - Started process (PID=2938) to work on /home/airflow/airflow-course/venv/lib/python3.8/site-packages/airflow/example_dags/example_short_circuit_operator.py
[2021-12-13 20:25:09,989] {scheduler_job.py:633} INFO - Processing file /home/airflow/airflow-course/venv/lib/python3.8/site-packages/airflow/example_dags/example_short_circuit_operator.py for tasks to queue
[2021-12-13 20:25:09,990] {logging_mixin.py:104} INFO - [2021-12-13 20:25:09,990] {dagbag.py:487} INFO - Filling up the DagBag from /home/airflow/airflow-course/venv/lib/python3.8/site-packages/airflow/example_dags/example_short_circuit_operator.py
[2021-12-13 20:25:10,002] {scheduler_job.py:643} INFO - DAG(s) dict_keys(['example_short_circuit_operator']) retrieved from /home/airflow/airflow-course/venv/lib/python3.8/site-packages/airflow/example_dags/example_short_circuit_operator.py
[2021-12-13 20:25:10,014] {logging_mixin.py:104} INFO - [2021-12-13 20:25:10,014] {dag.py:1832} INFO - Sync 1 DAGs
[2021-12-13 20:25:10,024] {logging_mixin.py:104} INFO - [2021-12-13 20:25:10,024] {dag.py:2305} INFO - Setting next_dagrun for example_short_circuit_operator to 2021-12-11 00:00:00+00:00
[2021-12-13 20:25:10,045] {scheduler_job.py:190} INFO - Processing /home/airflow/airflow-course/venv/lib/python3.8/site-packages/airflow/example_dags/example_short_circuit_operator.py took 0.062 seconds
[2021-12-13 20:25:41,241] {scheduler_job.py:182} INFO - Started process (PID=2969) to work on /home/airflow/airflow-course/venv/lib/python3.8/site-packages/airflow/example_dags/example_short_circuit_operator.py
[2021-12-13 20:25:41,243] {scheduler_job.py:633} INFO - Processing file /home/airflow/airflow-course/venv/lib/python3.8/site-packages/airflow/example_dags/example_short_circuit_operator.py for tasks to queue
[2021-12-13 20:25:41,244] {logging_mixin.py:104} INFO - [2021-12-13 20:25:41,244] {dagbag.py:487} INFO - Filling up the DagBag from /home/airflow/airflow-course/venv/lib/python3.8/site-packages/airflow/example_dags/example_short_circuit_operator.py
[2021-12-13 20:25:41,255] {scheduler_job.py:643} INFO - DAG(s) dict_keys(['example_short_circuit_operator']) retrieved from /home/airflow/airflow-course/venv/lib/python3.8/site-packages/airflow/example_dags/example_short_circuit_operator.py
[2021-12-13 20:25:41,268] {logging_mixin.py:104} INFO - [2021-12-13 20:25:41,268] {dag.py:1832} INFO - Sync 1 DAGs
[2021-12-13 20:25:41,275] {logging_mixin.py:104} INFO - [2021-12-13 20:25:41,275] {dag.py:2305} INFO - Setting next_dagrun for example_short_circuit_operator to 2021-12-11 00:00:00+00:00
[2021-12-13 20:25:41,295] {scheduler_job.py:190} INFO - Processing /home/airflow/airflow-course/venv/lib/python3.8/site-packages/airflow/example_dags/example_short_circuit_operator.py took 0.058 seconds
[2021-12-13 20:26:12,388] {scheduler_job.py:182} INFO - Started process (PID=2999) to work on /home/airflow/airflow-course/venv/lib/python3.8/site-packages/airflow/example_dags/example_short_circuit_operator.py
[2021-12-13 20:26:12,389] {scheduler_job.py:633} INFO - Processing file /home/airflow/airflow-course/venv/lib/python3.8/site-packages/airflow/example_dags/example_short_circuit_operator.py for tasks to queue
[2021-12-13 20:26:12,389] {logging_mixin.py:104} INFO - [2021-12-13 20:26:12,389] {dagbag.py:487} INFO - Filling up the DagBag from /home/airflow/airflow-course/venv/lib/python3.8/site-packages/airflow/example_dags/example_short_circuit_operator.py
[2021-12-13 20:26:12,400] {scheduler_job.py:643} INFO - DAG(s) dict_keys(['example_short_circuit_operator']) retrieved from /home/airflow/airflow-course/venv/lib/python3.8/site-packages/airflow/example_dags/example_short_circuit_operator.py
[2021-12-13 20:26:12,411] {logging_mixin.py:104} INFO - [2021-12-13 20:26:12,411] {dag.py:1832} INFO - Sync 1 DAGs
[2021-12-13 20:26:12,420] {logging_mixin.py:104} INFO - [2021-12-13 20:26:12,420] {dag.py:2305} INFO - Setting next_dagrun for example_short_circuit_operator to 2021-12-11 00:00:00+00:00
[2021-12-13 20:26:12,440] {scheduler_job.py:190} INFO - Processing /home/airflow/airflow-course/venv/lib/python3.8/site-packages/airflow/example_dags/example_short_circuit_operator.py took 0.055 seconds
[2021-12-13 20:26:44,555] {scheduler_job.py:182} INFO - Started process (PID=3030) to work on /home/airflow/airflow-course/venv/lib/python3.8/site-packages/airflow/example_dags/example_short_circuit_operator.py
[2021-12-13 20:26:44,557] {scheduler_job.py:633} INFO - Processing file /home/airflow/airflow-course/venv/lib/python3.8/site-packages/airflow/example_dags/example_short_circuit_operator.py for tasks to queue
[2021-12-13 20:26:44,557] {logging_mixin.py:104} INFO - [2021-12-13 20:26:44,557] {dagbag.py:487} INFO - Filling up the DagBag from /home/airflow/airflow-course/venv/lib/python3.8/site-packages/airflow/example_dags/example_short_circuit_operator.py
[2021-12-13 20:26:44,569] {scheduler_job.py:643} INFO - DAG(s) dict_keys(['example_short_circuit_operator']) retrieved from /home/airflow/airflow-course/venv/lib/python3.8/site-packages/airflow/example_dags/example_short_circuit_operator.py
[2021-12-13 20:26:44,582] {logging_mixin.py:104} INFO - [2021-12-13 20:26:44,582] {dag.py:1832} INFO - Sync 1 DAGs
[2021-12-13 20:26:44,594] {logging_mixin.py:104} INFO - [2021-12-13 20:26:44,594] {dag.py:2305} INFO - Setting next_dagrun for example_short_circuit_operator to 2021-12-11 00:00:00+00:00
[2021-12-13 20:26:44,612] {scheduler_job.py:190} INFO - Processing /home/airflow/airflow-course/venv/lib/python3.8/site-packages/airflow/example_dags/example_short_circuit_operator.py took 0.060 seconds
[2021-12-13 20:27:15,927] {scheduler_job.py:182} INFO - Started process (PID=3106) to work on /home/airflow/airflow-course/venv/lib/python3.8/site-packages/airflow/example_dags/example_short_circuit_operator.py
[2021-12-13 20:27:15,928] {scheduler_job.py:633} INFO - Processing file /home/airflow/airflow-course/venv/lib/python3.8/site-packages/airflow/example_dags/example_short_circuit_operator.py for tasks to queue
[2021-12-13 20:27:15,929] {logging_mixin.py:104} INFO - [2021-12-13 20:27:15,929] {dagbag.py:487} INFO - Filling up the DagBag from /home/airflow/airflow-course/venv/lib/python3.8/site-packages/airflow/example_dags/example_short_circuit_operator.py
[2021-12-13 20:27:15,942] {scheduler_job.py:643} INFO - DAG(s) dict_keys(['example_short_circuit_operator']) retrieved from /home/airflow/airflow-course/venv/lib/python3.8/site-packages/airflow/example_dags/example_short_circuit_operator.py
[2021-12-13 20:27:15,955] {logging_mixin.py:104} INFO - [2021-12-13 20:27:15,955] {dag.py:1832} INFO - Sync 1 DAGs
[2021-12-13 20:27:15,964] {logging_mixin.py:104} INFO - [2021-12-13 20:27:15,964] {dag.py:2305} INFO - Setting next_dagrun for example_short_circuit_operator to 2021-12-11 00:00:00+00:00
[2021-12-13 20:27:15,984] {scheduler_job.py:190} INFO - Processing /home/airflow/airflow-course/venv/lib/python3.8/site-packages/airflow/example_dags/example_short_circuit_operator.py took 0.061 seconds
