[2021-12-13 20:22:17,118] {scheduler_job.py:182} INFO - Started process (PID=2678) to work on /home/airflow/airflow-course/venv/lib/python3.8/site-packages/airflow/example_dags/example_kubernetes_executor_config.py
[2021-12-13 20:22:17,119] {scheduler_job.py:633} INFO - Processing file /home/airflow/airflow-course/venv/lib/python3.8/site-packages/airflow/example_dags/example_kubernetes_executor_config.py for tasks to queue
[2021-12-13 20:22:17,120] {logging_mixin.py:104} INFO - [2021-12-13 20:22:17,120] {dagbag.py:487} INFO - Filling up the DagBag from /home/airflow/airflow-course/venv/lib/python3.8/site-packages/airflow/example_dags/example_kubernetes_executor_config.py
[2021-12-13 20:22:17,127] {logging_mixin.py:104} INFO - [2021-12-13 20:22:17,127] {example_kubernetes_executor_config.py:175} WARNING - Could not import DAGs in example_kubernetes_executor_config.py: No module named 'kubernetes'
[2021-12-13 20:22:17,127] {logging_mixin.py:104} INFO - [2021-12-13 20:22:17,127] {example_kubernetes_executor_config.py:176} WARNING - Install kubernetes dependencies with: pip install apache-airflow['cncf.kubernetes']
[2021-12-13 20:22:17,127] {scheduler_job.py:645} WARNING - No viable dags retrieved from /home/airflow/airflow-course/venv/lib/python3.8/site-packages/airflow/example_dags/example_kubernetes_executor_config.py
[2021-12-13 20:22:17,135] {scheduler_job.py:190} INFO - Processing /home/airflow/airflow-course/venv/lib/python3.8/site-packages/airflow/example_dags/example_kubernetes_executor_config.py took 0.022 seconds
[2021-12-13 20:22:50,513] {scheduler_job.py:182} INFO - Started process (PID=2740) to work on /home/airflow/airflow-course/venv/lib/python3.8/site-packages/airflow/example_dags/example_kubernetes_executor_config.py
[2021-12-13 20:22:50,515] {scheduler_job.py:633} INFO - Processing file /home/airflow/airflow-course/venv/lib/python3.8/site-packages/airflow/example_dags/example_kubernetes_executor_config.py for tasks to queue
[2021-12-13 20:22:50,517] {logging_mixin.py:104} INFO - [2021-12-13 20:22:50,515] {dagbag.py:487} INFO - Filling up the DagBag from /home/airflow/airflow-course/venv/lib/python3.8/site-packages/airflow/example_dags/example_kubernetes_executor_config.py
[2021-12-13 20:22:50,524] {logging_mixin.py:104} INFO - [2021-12-13 20:22:50,524] {example_kubernetes_executor_config.py:175} WARNING - Could not import DAGs in example_kubernetes_executor_config.py: No module named 'kubernetes'
[2021-12-13 20:22:50,524] {logging_mixin.py:104} INFO - [2021-12-13 20:22:50,524] {example_kubernetes_executor_config.py:176} WARNING - Install kubernetes dependencies with: pip install apache-airflow['cncf.kubernetes']
[2021-12-13 20:22:50,524] {scheduler_job.py:645} WARNING - No viable dags retrieved from /home/airflow/airflow-course/venv/lib/python3.8/site-packages/airflow/example_dags/example_kubernetes_executor_config.py
[2021-12-13 20:22:50,532] {scheduler_job.py:190} INFO - Processing /home/airflow/airflow-course/venv/lib/python3.8/site-packages/airflow/example_dags/example_kubernetes_executor_config.py took 0.022 seconds
[2021-12-13 20:23:23,954] {scheduler_job.py:182} INFO - Started process (PID=2772) to work on /home/airflow/airflow-course/venv/lib/python3.8/site-packages/airflow/example_dags/example_kubernetes_executor_config.py
[2021-12-13 20:23:23,955] {scheduler_job.py:633} INFO - Processing file /home/airflow/airflow-course/venv/lib/python3.8/site-packages/airflow/example_dags/example_kubernetes_executor_config.py for tasks to queue
[2021-12-13 20:23:23,956] {logging_mixin.py:104} INFO - [2021-12-13 20:23:23,956] {dagbag.py:487} INFO - Filling up the DagBag from /home/airflow/airflow-course/venv/lib/python3.8/site-packages/airflow/example_dags/example_kubernetes_executor_config.py
[2021-12-13 20:23:23,963] {logging_mixin.py:104} INFO - [2021-12-13 20:23:23,963] {example_kubernetes_executor_config.py:175} WARNING - Could not import DAGs in example_kubernetes_executor_config.py: No module named 'kubernetes'
[2021-12-13 20:23:23,963] {logging_mixin.py:104} INFO - [2021-12-13 20:23:23,963] {example_kubernetes_executor_config.py:176} WARNING - Install kubernetes dependencies with: pip install apache-airflow['cncf.kubernetes']
[2021-12-13 20:23:23,964] {scheduler_job.py:645} WARNING - No viable dags retrieved from /home/airflow/airflow-course/venv/lib/python3.8/site-packages/airflow/example_dags/example_kubernetes_executor_config.py
[2021-12-13 20:23:23,971] {scheduler_job.py:190} INFO - Processing /home/airflow/airflow-course/venv/lib/python3.8/site-packages/airflow/example_dags/example_kubernetes_executor_config.py took 0.021 seconds
[2021-12-13 20:23:56,607] {scheduler_job.py:182} INFO - Started process (PID=2805) to work on /home/airflow/airflow-course/venv/lib/python3.8/site-packages/airflow/example_dags/example_kubernetes_executor_config.py
[2021-12-13 20:23:56,609] {scheduler_job.py:633} INFO - Processing file /home/airflow/airflow-course/venv/lib/python3.8/site-packages/airflow/example_dags/example_kubernetes_executor_config.py for tasks to queue
[2021-12-13 20:23:56,610] {logging_mixin.py:104} INFO - [2021-12-13 20:23:56,610] {dagbag.py:487} INFO - Filling up the DagBag from /home/airflow/airflow-course/venv/lib/python3.8/site-packages/airflow/example_dags/example_kubernetes_executor_config.py
[2021-12-13 20:23:56,620] {logging_mixin.py:104} INFO - [2021-12-13 20:23:56,620] {example_kubernetes_executor_config.py:175} WARNING - Could not import DAGs in example_kubernetes_executor_config.py: No module named 'kubernetes'
[2021-12-13 20:23:56,620] {logging_mixin.py:104} INFO - [2021-12-13 20:23:56,620] {example_kubernetes_executor_config.py:176} WARNING - Install kubernetes dependencies with: pip install apache-airflow['cncf.kubernetes']
[2021-12-13 20:23:56,620] {scheduler_job.py:645} WARNING - No viable dags retrieved from /home/airflow/airflow-course/venv/lib/python3.8/site-packages/airflow/example_dags/example_kubernetes_executor_config.py
[2021-12-13 20:23:56,627] {scheduler_job.py:190} INFO - Processing /home/airflow/airflow-course/venv/lib/python3.8/site-packages/airflow/example_dags/example_kubernetes_executor_config.py took 0.026 seconds
[2021-12-13 20:24:31,760] {scheduler_job.py:182} INFO - Started process (PID=2899) to work on /home/airflow/airflow-course/venv/lib/python3.8/site-packages/airflow/example_dags/example_kubernetes_executor_config.py
[2021-12-13 20:24:31,761] {scheduler_job.py:633} INFO - Processing file /home/airflow/airflow-course/venv/lib/python3.8/site-packages/airflow/example_dags/example_kubernetes_executor_config.py for tasks to queue
[2021-12-13 20:24:31,762] {logging_mixin.py:104} INFO - [2021-12-13 20:24:31,762] {dagbag.py:487} INFO - Filling up the DagBag from /home/airflow/airflow-course/venv/lib/python3.8/site-packages/airflow/example_dags/example_kubernetes_executor_config.py
[2021-12-13 20:24:31,770] {logging_mixin.py:104} INFO - [2021-12-13 20:24:31,770] {example_kubernetes_executor_config.py:175} WARNING - Could not import DAGs in example_kubernetes_executor_config.py: No module named 'kubernetes'
[2021-12-13 20:24:31,770] {logging_mixin.py:104} INFO - [2021-12-13 20:24:31,770] {example_kubernetes_executor_config.py:176} WARNING - Install kubernetes dependencies with: pip install apache-airflow['cncf.kubernetes']
[2021-12-13 20:24:31,770] {scheduler_job.py:645} WARNING - No viable dags retrieved from /home/airflow/airflow-course/venv/lib/python3.8/site-packages/airflow/example_dags/example_kubernetes_executor_config.py
[2021-12-13 20:24:31,777] {scheduler_job.py:190} INFO - Processing /home/airflow/airflow-course/venv/lib/python3.8/site-packages/airflow/example_dags/example_kubernetes_executor_config.py took 0.023 seconds
[2021-12-13 20:25:05,982] {scheduler_job.py:182} INFO - Started process (PID=2933) to work on /home/airflow/airflow-course/venv/lib/python3.8/site-packages/airflow/example_dags/example_kubernetes_executor_config.py
[2021-12-13 20:25:05,983] {scheduler_job.py:633} INFO - Processing file /home/airflow/airflow-course/venv/lib/python3.8/site-packages/airflow/example_dags/example_kubernetes_executor_config.py for tasks to queue
[2021-12-13 20:25:05,984] {logging_mixin.py:104} INFO - [2021-12-13 20:25:05,984] {dagbag.py:487} INFO - Filling up the DagBag from /home/airflow/airflow-course/venv/lib/python3.8/site-packages/airflow/example_dags/example_kubernetes_executor_config.py
[2021-12-13 20:25:05,990] {logging_mixin.py:104} INFO - [2021-12-13 20:25:05,990] {example_kubernetes_executor_config.py:175} WARNING - Could not import DAGs in example_kubernetes_executor_config.py: No module named 'kubernetes'
[2021-12-13 20:25:05,990] {logging_mixin.py:104} INFO - [2021-12-13 20:25:05,990] {example_kubernetes_executor_config.py:176} WARNING - Install kubernetes dependencies with: pip install apache-airflow['cncf.kubernetes']
[2021-12-13 20:25:05,990] {scheduler_job.py:645} WARNING - No viable dags retrieved from /home/airflow/airflow-course/venv/lib/python3.8/site-packages/airflow/example_dags/example_kubernetes_executor_config.py
[2021-12-13 20:25:05,999] {scheduler_job.py:190} INFO - Processing /home/airflow/airflow-course/venv/lib/python3.8/site-packages/airflow/example_dags/example_kubernetes_executor_config.py took 0.021 seconds
[2021-12-13 20:25:40,851] {scheduler_job.py:182} INFO - Started process (PID=2968) to work on /home/airflow/airflow-course/venv/lib/python3.8/site-packages/airflow/example_dags/example_kubernetes_executor_config.py
[2021-12-13 20:25:40,855] {scheduler_job.py:633} INFO - Processing file /home/airflow/airflow-course/venv/lib/python3.8/site-packages/airflow/example_dags/example_kubernetes_executor_config.py for tasks to queue
[2021-12-13 20:25:40,856] {logging_mixin.py:104} INFO - [2021-12-13 20:25:40,856] {dagbag.py:487} INFO - Filling up the DagBag from /home/airflow/airflow-course/venv/lib/python3.8/site-packages/airflow/example_dags/example_kubernetes_executor_config.py
[2021-12-13 20:25:40,865] {logging_mixin.py:104} INFO - [2021-12-13 20:25:40,865] {example_kubernetes_executor_config.py:175} WARNING - Could not import DAGs in example_kubernetes_executor_config.py: No module named 'kubernetes'
[2021-12-13 20:25:40,865] {logging_mixin.py:104} INFO - [2021-12-13 20:25:40,865] {example_kubernetes_executor_config.py:176} WARNING - Install kubernetes dependencies with: pip install apache-airflow['cncf.kubernetes']
[2021-12-13 20:25:40,865] {scheduler_job.py:645} WARNING - No viable dags retrieved from /home/airflow/airflow-course/venv/lib/python3.8/site-packages/airflow/example_dags/example_kubernetes_executor_config.py
[2021-12-13 20:25:40,872] {scheduler_job.py:190} INFO - Processing /home/airflow/airflow-course/venv/lib/python3.8/site-packages/airflow/example_dags/example_kubernetes_executor_config.py took 0.024 seconds
[2021-12-13 20:26:14,706] {scheduler_job.py:182} INFO - Started process (PID=3001) to work on /home/airflow/airflow-course/venv/lib/python3.8/site-packages/airflow/example_dags/example_kubernetes_executor_config.py
[2021-12-13 20:26:14,707] {scheduler_job.py:633} INFO - Processing file /home/airflow/airflow-course/venv/lib/python3.8/site-packages/airflow/example_dags/example_kubernetes_executor_config.py for tasks to queue
[2021-12-13 20:26:14,708] {logging_mixin.py:104} INFO - [2021-12-13 20:26:14,708] {dagbag.py:487} INFO - Filling up the DagBag from /home/airflow/airflow-course/venv/lib/python3.8/site-packages/airflow/example_dags/example_kubernetes_executor_config.py
[2021-12-13 20:26:14,716] {logging_mixin.py:104} INFO - [2021-12-13 20:26:14,716] {example_kubernetes_executor_config.py:175} WARNING - Could not import DAGs in example_kubernetes_executor_config.py: No module named 'kubernetes'
[2021-12-13 20:26:14,716] {logging_mixin.py:104} INFO - [2021-12-13 20:26:14,716] {example_kubernetes_executor_config.py:176} WARNING - Install kubernetes dependencies with: pip install apache-airflow['cncf.kubernetes']
[2021-12-13 20:26:14,716] {scheduler_job.py:645} WARNING - No viable dags retrieved from /home/airflow/airflow-course/venv/lib/python3.8/site-packages/airflow/example_dags/example_kubernetes_executor_config.py
[2021-12-13 20:26:14,723] {scheduler_job.py:190} INFO - Processing /home/airflow/airflow-course/venv/lib/python3.8/site-packages/airflow/example_dags/example_kubernetes_executor_config.py took 0.026 seconds
[2021-12-13 20:26:48,248] {scheduler_job.py:182} INFO - Started process (PID=3037) to work on /home/airflow/airflow-course/venv/lib/python3.8/site-packages/airflow/example_dags/example_kubernetes_executor_config.py
[2021-12-13 20:26:48,259] {scheduler_job.py:633} INFO - Processing file /home/airflow/airflow-course/venv/lib/python3.8/site-packages/airflow/example_dags/example_kubernetes_executor_config.py for tasks to queue
[2021-12-13 20:26:48,262] {logging_mixin.py:104} INFO - [2021-12-13 20:26:48,262] {dagbag.py:487} INFO - Filling up the DagBag from /home/airflow/airflow-course/venv/lib/python3.8/site-packages/airflow/example_dags/example_kubernetes_executor_config.py
[2021-12-13 20:26:48,267] {logging_mixin.py:104} INFO - [2021-12-13 20:26:48,267] {example_kubernetes_executor_config.py:175} WARNING - Could not import DAGs in example_kubernetes_executor_config.py: No module named 'kubernetes'
[2021-12-13 20:26:48,270] {logging_mixin.py:104} INFO - [2021-12-13 20:26:48,270] {example_kubernetes_executor_config.py:176} WARNING - Install kubernetes dependencies with: pip install apache-airflow['cncf.kubernetes']
[2021-12-13 20:26:48,270] {scheduler_job.py:645} WARNING - No viable dags retrieved from /home/airflow/airflow-course/venv/lib/python3.8/site-packages/airflow/example_dags/example_kubernetes_executor_config.py
[2021-12-13 20:26:48,275] {scheduler_job.py:190} INFO - Processing /home/airflow/airflow-course/venv/lib/python3.8/site-packages/airflow/example_dags/example_kubernetes_executor_config.py took 0.030 seconds
