[2021-12-13 20:21:59,473] {scheduler_job.py:182} INFO - Started process (PID=2570) to work on /home/airflow/airflow-course/venv/lib/python3.8/site-packages/airflow/example_dags/example_branch_day_of_week_operator.py
[2021-12-13 20:21:59,474] {scheduler_job.py:633} INFO - Processing file /home/airflow/airflow-course/venv/lib/python3.8/site-packages/airflow/example_dags/example_branch_day_of_week_operator.py for tasks to queue
[2021-12-13 20:21:59,475] {logging_mixin.py:104} INFO - [2021-12-13 20:21:59,475] {dagbag.py:487} INFO - Filling up the DagBag from /home/airflow/airflow-course/venv/lib/python3.8/site-packages/airflow/example_dags/example_branch_day_of_week_operator.py
[2021-12-13 20:21:59,484] {scheduler_job.py:643} INFO - DAG(s) dict_keys(['example_weekday_branch_operator']) retrieved from /home/airflow/airflow-course/venv/lib/python3.8/site-packages/airflow/example_dags/example_branch_day_of_week_operator.py
[2021-12-13 20:21:59,494] {logging_mixin.py:104} INFO - [2021-12-13 20:21:59,494] {dag.py:1832} INFO - Sync 1 DAGs
[2021-12-13 20:21:59,506] {logging_mixin.py:104} INFO - [2021-12-13 20:21:59,506] {dag.py:2305} INFO - Setting next_dagrun for example_weekday_branch_operator to 2021-12-11 00:00:00+00:00
[2021-12-13 20:21:59,523] {scheduler_job.py:190} INFO - Processing /home/airflow/airflow-course/venv/lib/python3.8/site-packages/airflow/example_dags/example_branch_day_of_week_operator.py took 0.054 seconds
[2021-12-13 20:22:33,257] {scheduler_job.py:182} INFO - Started process (PID=2723) to work on /home/airflow/airflow-course/venv/lib/python3.8/site-packages/airflow/example_dags/example_branch_day_of_week_operator.py
[2021-12-13 20:22:33,259] {scheduler_job.py:633} INFO - Processing file /home/airflow/airflow-course/venv/lib/python3.8/site-packages/airflow/example_dags/example_branch_day_of_week_operator.py for tasks to queue
[2021-12-13 20:22:33,260] {logging_mixin.py:104} INFO - [2021-12-13 20:22:33,259] {dagbag.py:487} INFO - Filling up the DagBag from /home/airflow/airflow-course/venv/lib/python3.8/site-packages/airflow/example_dags/example_branch_day_of_week_operator.py
[2021-12-13 20:22:33,272] {scheduler_job.py:643} INFO - DAG(s) dict_keys(['example_weekday_branch_operator']) retrieved from /home/airflow/airflow-course/venv/lib/python3.8/site-packages/airflow/example_dags/example_branch_day_of_week_operator.py
[2021-12-13 20:22:33,284] {logging_mixin.py:104} INFO - [2021-12-13 20:22:33,284] {dag.py:1832} INFO - Sync 1 DAGs
[2021-12-13 20:22:33,293] {logging_mixin.py:104} INFO - [2021-12-13 20:22:33,293] {dag.py:2305} INFO - Setting next_dagrun for example_weekday_branch_operator to 2021-12-11 00:00:00+00:00
[2021-12-13 20:22:33,312] {scheduler_job.py:190} INFO - Processing /home/airflow/airflow-course/venv/lib/python3.8/site-packages/airflow/example_dags/example_branch_day_of_week_operator.py took 0.059 seconds
[2021-12-13 20:23:05,973] {scheduler_job.py:182} INFO - Started process (PID=2755) to work on /home/airflow/airflow-course/venv/lib/python3.8/site-packages/airflow/example_dags/example_branch_day_of_week_operator.py
[2021-12-13 20:23:05,976] {scheduler_job.py:633} INFO - Processing file /home/airflow/airflow-course/venv/lib/python3.8/site-packages/airflow/example_dags/example_branch_day_of_week_operator.py for tasks to queue
[2021-12-13 20:23:05,977] {logging_mixin.py:104} INFO - [2021-12-13 20:23:05,977] {dagbag.py:487} INFO - Filling up the DagBag from /home/airflow/airflow-course/venv/lib/python3.8/site-packages/airflow/example_dags/example_branch_day_of_week_operator.py
[2021-12-13 20:23:05,992] {scheduler_job.py:643} INFO - DAG(s) dict_keys(['example_weekday_branch_operator']) retrieved from /home/airflow/airflow-course/venv/lib/python3.8/site-packages/airflow/example_dags/example_branch_day_of_week_operator.py
[2021-12-13 20:23:06,006] {logging_mixin.py:104} INFO - [2021-12-13 20:23:06,006] {dag.py:1832} INFO - Sync 1 DAGs
[2021-12-13 20:23:06,018] {logging_mixin.py:104} INFO - [2021-12-13 20:23:06,018] {dag.py:2305} INFO - Setting next_dagrun for example_weekday_branch_operator to 2021-12-11 00:00:00+00:00
[2021-12-13 20:23:06,036] {scheduler_job.py:190} INFO - Processing /home/airflow/airflow-course/venv/lib/python3.8/site-packages/airflow/example_dags/example_branch_day_of_week_operator.py took 0.068 seconds
[2021-12-13 20:23:38,281] {scheduler_job.py:182} INFO - Started process (PID=2787) to work on /home/airflow/airflow-course/venv/lib/python3.8/site-packages/airflow/example_dags/example_branch_day_of_week_operator.py
[2021-12-13 20:23:38,283] {scheduler_job.py:633} INFO - Processing file /home/airflow/airflow-course/venv/lib/python3.8/site-packages/airflow/example_dags/example_branch_day_of_week_operator.py for tasks to queue
[2021-12-13 20:23:38,283] {logging_mixin.py:104} INFO - [2021-12-13 20:23:38,283] {dagbag.py:487} INFO - Filling up the DagBag from /home/airflow/airflow-course/venv/lib/python3.8/site-packages/airflow/example_dags/example_branch_day_of_week_operator.py
[2021-12-13 20:23:38,298] {scheduler_job.py:643} INFO - DAG(s) dict_keys(['example_weekday_branch_operator']) retrieved from /home/airflow/airflow-course/venv/lib/python3.8/site-packages/airflow/example_dags/example_branch_day_of_week_operator.py
[2021-12-13 20:23:38,310] {logging_mixin.py:104} INFO - [2021-12-13 20:23:38,310] {dag.py:1832} INFO - Sync 1 DAGs
[2021-12-13 20:23:38,321] {logging_mixin.py:104} INFO - [2021-12-13 20:23:38,321] {dag.py:2305} INFO - Setting next_dagrun for example_weekday_branch_operator to 2021-12-11 00:00:00+00:00
[2021-12-13 20:23:38,335] {scheduler_job.py:190} INFO - Processing /home/airflow/airflow-course/venv/lib/python3.8/site-packages/airflow/example_dags/example_branch_day_of_week_operator.py took 0.059 seconds
[2021-12-13 20:24:11,826] {scheduler_job.py:182} INFO - Started process (PID=2819) to work on /home/airflow/airflow-course/venv/lib/python3.8/site-packages/airflow/example_dags/example_branch_day_of_week_operator.py
[2021-12-13 20:24:11,827] {scheduler_job.py:633} INFO - Processing file /home/airflow/airflow-course/venv/lib/python3.8/site-packages/airflow/example_dags/example_branch_day_of_week_operator.py for tasks to queue
[2021-12-13 20:24:11,828] {logging_mixin.py:104} INFO - [2021-12-13 20:24:11,828] {dagbag.py:487} INFO - Filling up the DagBag from /home/airflow/airflow-course/venv/lib/python3.8/site-packages/airflow/example_dags/example_branch_day_of_week_operator.py
[2021-12-13 20:24:11,841] {scheduler_job.py:643} INFO - DAG(s) dict_keys(['example_weekday_branch_operator']) retrieved from /home/airflow/airflow-course/venv/lib/python3.8/site-packages/airflow/example_dags/example_branch_day_of_week_operator.py
[2021-12-13 20:24:11,854] {logging_mixin.py:104} INFO - [2021-12-13 20:24:11,854] {dag.py:1832} INFO - Sync 1 DAGs
[2021-12-13 20:24:11,863] {logging_mixin.py:104} INFO - [2021-12-13 20:24:11,863] {dag.py:2305} INFO - Setting next_dagrun for example_weekday_branch_operator to 2021-12-11 00:00:00+00:00
[2021-12-13 20:24:11,882] {scheduler_job.py:190} INFO - Processing /home/airflow/airflow-course/venv/lib/python3.8/site-packages/airflow/example_dags/example_branch_day_of_week_operator.py took 0.061 seconds
[2021-12-13 20:24:46,294] {scheduler_job.py:182} INFO - Started process (PID=2913) to work on /home/airflow/airflow-course/venv/lib/python3.8/site-packages/airflow/example_dags/example_branch_day_of_week_operator.py
[2021-12-13 20:24:46,295] {scheduler_job.py:633} INFO - Processing file /home/airflow/airflow-course/venv/lib/python3.8/site-packages/airflow/example_dags/example_branch_day_of_week_operator.py for tasks to queue
[2021-12-13 20:24:46,296] {logging_mixin.py:104} INFO - [2021-12-13 20:24:46,296] {dagbag.py:487} INFO - Filling up the DagBag from /home/airflow/airflow-course/venv/lib/python3.8/site-packages/airflow/example_dags/example_branch_day_of_week_operator.py
[2021-12-13 20:24:46,308] {scheduler_job.py:643} INFO - DAG(s) dict_keys(['example_weekday_branch_operator']) retrieved from /home/airflow/airflow-course/venv/lib/python3.8/site-packages/airflow/example_dags/example_branch_day_of_week_operator.py
[2021-12-13 20:24:46,321] {logging_mixin.py:104} INFO - [2021-12-13 20:24:46,321] {dag.py:1832} INFO - Sync 1 DAGs
[2021-12-13 20:24:46,334] {logging_mixin.py:104} INFO - [2021-12-13 20:24:46,333] {dag.py:2305} INFO - Setting next_dagrun for example_weekday_branch_operator to 2021-12-11 00:00:00+00:00
[2021-12-13 20:24:46,352] {scheduler_job.py:190} INFO - Processing /home/airflow/airflow-course/venv/lib/python3.8/site-packages/airflow/example_dags/example_branch_day_of_week_operator.py took 0.063 seconds
[2021-12-13 20:25:19,047] {scheduler_job.py:182} INFO - Started process (PID=2947) to work on /home/airflow/airflow-course/venv/lib/python3.8/site-packages/airflow/example_dags/example_branch_day_of_week_operator.py
[2021-12-13 20:25:19,048] {scheduler_job.py:633} INFO - Processing file /home/airflow/airflow-course/venv/lib/python3.8/site-packages/airflow/example_dags/example_branch_day_of_week_operator.py for tasks to queue
[2021-12-13 20:25:19,050] {logging_mixin.py:104} INFO - [2021-12-13 20:25:19,049] {dagbag.py:487} INFO - Filling up the DagBag from /home/airflow/airflow-course/venv/lib/python3.8/site-packages/airflow/example_dags/example_branch_day_of_week_operator.py
[2021-12-13 20:25:19,065] {scheduler_job.py:643} INFO - DAG(s) dict_keys(['example_weekday_branch_operator']) retrieved from /home/airflow/airflow-course/venv/lib/python3.8/site-packages/airflow/example_dags/example_branch_day_of_week_operator.py
[2021-12-13 20:25:19,077] {logging_mixin.py:104} INFO - [2021-12-13 20:25:19,077] {dag.py:1832} INFO - Sync 1 DAGs
[2021-12-13 20:25:19,086] {logging_mixin.py:104} INFO - [2021-12-13 20:25:19,086] {dag.py:2305} INFO - Setting next_dagrun for example_weekday_branch_operator to 2021-12-11 00:00:00+00:00
[2021-12-13 20:25:19,107] {scheduler_job.py:190} INFO - Processing /home/airflow/airflow-course/venv/lib/python3.8/site-packages/airflow/example_dags/example_branch_day_of_week_operator.py took 0.064 seconds
[2021-12-13 20:25:52,701] {scheduler_job.py:182} INFO - Started process (PID=2980) to work on /home/airflow/airflow-course/venv/lib/python3.8/site-packages/airflow/example_dags/example_branch_day_of_week_operator.py
[2021-12-13 20:25:52,702] {scheduler_job.py:633} INFO - Processing file /home/airflow/airflow-course/venv/lib/python3.8/site-packages/airflow/example_dags/example_branch_day_of_week_operator.py for tasks to queue
[2021-12-13 20:25:52,703] {logging_mixin.py:104} INFO - [2021-12-13 20:25:52,703] {dagbag.py:487} INFO - Filling up the DagBag from /home/airflow/airflow-course/venv/lib/python3.8/site-packages/airflow/example_dags/example_branch_day_of_week_operator.py
[2021-12-13 20:25:52,714] {scheduler_job.py:643} INFO - DAG(s) dict_keys(['example_weekday_branch_operator']) retrieved from /home/airflow/airflow-course/venv/lib/python3.8/site-packages/airflow/example_dags/example_branch_day_of_week_operator.py
[2021-12-13 20:25:52,726] {logging_mixin.py:104} INFO - [2021-12-13 20:25:52,726] {dag.py:1832} INFO - Sync 1 DAGs
[2021-12-13 20:25:52,736] {logging_mixin.py:104} INFO - [2021-12-13 20:25:52,736] {dag.py:2305} INFO - Setting next_dagrun for example_weekday_branch_operator to 2021-12-11 00:00:00+00:00
[2021-12-13 20:25:52,749] {scheduler_job.py:190} INFO - Processing /home/airflow/airflow-course/venv/lib/python3.8/site-packages/airflow/example_dags/example_branch_day_of_week_operator.py took 0.051 seconds
[2021-12-13 20:26:25,004] {scheduler_job.py:182} INFO - Started process (PID=3012) to work on /home/airflow/airflow-course/venv/lib/python3.8/site-packages/airflow/example_dags/example_branch_day_of_week_operator.py
[2021-12-13 20:26:25,005] {scheduler_job.py:633} INFO - Processing file /home/airflow/airflow-course/venv/lib/python3.8/site-packages/airflow/example_dags/example_branch_day_of_week_operator.py for tasks to queue
[2021-12-13 20:26:25,006] {logging_mixin.py:104} INFO - [2021-12-13 20:26:25,006] {dagbag.py:487} INFO - Filling up the DagBag from /home/airflow/airflow-course/venv/lib/python3.8/site-packages/airflow/example_dags/example_branch_day_of_week_operator.py
[2021-12-13 20:26:25,017] {scheduler_job.py:643} INFO - DAG(s) dict_keys(['example_weekday_branch_operator']) retrieved from /home/airflow/airflow-course/venv/lib/python3.8/site-packages/airflow/example_dags/example_branch_day_of_week_operator.py
[2021-12-13 20:26:25,029] {logging_mixin.py:104} INFO - [2021-12-13 20:26:25,029] {dag.py:1832} INFO - Sync 1 DAGs
[2021-12-13 20:26:25,038] {logging_mixin.py:104} INFO - [2021-12-13 20:26:25,038] {dag.py:2305} INFO - Setting next_dagrun for example_weekday_branch_operator to 2021-12-11 00:00:00+00:00
[2021-12-13 20:26:25,054] {scheduler_job.py:190} INFO - Processing /home/airflow/airflow-course/venv/lib/python3.8/site-packages/airflow/example_dags/example_branch_day_of_week_operator.py took 0.053 seconds
[2021-12-13 20:26:58,506] {scheduler_job.py:182} INFO - Started process (PID=3088) to work on /home/airflow/airflow-course/venv/lib/python3.8/site-packages/airflow/example_dags/example_branch_day_of_week_operator.py
[2021-12-13 20:26:58,508] {scheduler_job.py:633} INFO - Processing file /home/airflow/airflow-course/venv/lib/python3.8/site-packages/airflow/example_dags/example_branch_day_of_week_operator.py for tasks to queue
[2021-12-13 20:26:58,509] {logging_mixin.py:104} INFO - [2021-12-13 20:26:58,508] {dagbag.py:487} INFO - Filling up the DagBag from /home/airflow/airflow-course/venv/lib/python3.8/site-packages/airflow/example_dags/example_branch_day_of_week_operator.py
[2021-12-13 20:26:58,524] {scheduler_job.py:643} INFO - DAG(s) dict_keys(['example_weekday_branch_operator']) retrieved from /home/airflow/airflow-course/venv/lib/python3.8/site-packages/airflow/example_dags/example_branch_day_of_week_operator.py
[2021-12-13 20:26:58,534] {logging_mixin.py:104} INFO - [2021-12-13 20:26:58,534] {dag.py:1832} INFO - Sync 1 DAGs
[2021-12-13 20:26:58,545] {logging_mixin.py:104} INFO - [2021-12-13 20:26:58,545] {dag.py:2305} INFO - Setting next_dagrun for example_weekday_branch_operator to 2021-12-11 00:00:00+00:00
[2021-12-13 20:26:58,563] {scheduler_job.py:190} INFO - Processing /home/airflow/airflow-course/venv/lib/python3.8/site-packages/airflow/example_dags/example_branch_day_of_week_operator.py took 0.061 seconds
