[2021-12-13 20:22:13,951] {scheduler_job.py:182} INFO - Started process (PID=2675) to work on /home/airflow/airflow-course/venv/lib/python3.8/site-packages/airflow/example_dags/example_dag_decorator.py
[2021-12-13 20:22:13,967] {scheduler_job.py:633} INFO - Processing file /home/airflow/airflow-course/venv/lib/python3.8/site-packages/airflow/example_dags/example_dag_decorator.py for tasks to queue
[2021-12-13 20:22:13,968] {logging_mixin.py:104} INFO - [2021-12-13 20:22:13,967] {dagbag.py:487} INFO - Filling up the DagBag from /home/airflow/airflow-course/venv/lib/python3.8/site-packages/airflow/example_dags/example_dag_decorator.py
[2021-12-13 20:22:13,986] {scheduler_job.py:643} INFO - DAG(s) dict_keys(['example_dag_decorator']) retrieved from /home/airflow/airflow-course/venv/lib/python3.8/site-packages/airflow/example_dags/example_dag_decorator.py
[2021-12-13 20:22:14,191] {logging_mixin.py:104} INFO - [2021-12-13 20:22:14,191] {dag.py:1832} INFO - Sync 1 DAGs
[2021-12-13 20:22:14,197] {logging_mixin.py:104} INFO - [2021-12-13 20:22:14,197] {dag.py:2305} INFO - Setting next_dagrun for example_dag_decorator to None
[2021-12-13 20:22:14,217] {scheduler_job.py:190} INFO - Processing /home/airflow/airflow-course/venv/lib/python3.8/site-packages/airflow/example_dags/example_dag_decorator.py took 0.268 seconds
[2021-12-13 20:22:47,260] {scheduler_job.py:182} INFO - Started process (PID=2737) to work on /home/airflow/airflow-course/venv/lib/python3.8/site-packages/airflow/example_dags/example_dag_decorator.py
[2021-12-13 20:22:47,261] {scheduler_job.py:633} INFO - Processing file /home/airflow/airflow-course/venv/lib/python3.8/site-packages/airflow/example_dags/example_dag_decorator.py for tasks to queue
[2021-12-13 20:22:47,262] {logging_mixin.py:104} INFO - [2021-12-13 20:22:47,262] {dagbag.py:487} INFO - Filling up the DagBag from /home/airflow/airflow-course/venv/lib/python3.8/site-packages/airflow/example_dags/example_dag_decorator.py
[2021-12-13 20:22:47,287] {scheduler_job.py:643} INFO - DAG(s) dict_keys(['example_dag_decorator']) retrieved from /home/airflow/airflow-course/venv/lib/python3.8/site-packages/airflow/example_dags/example_dag_decorator.py
[2021-12-13 20:22:47,483] {logging_mixin.py:104} INFO - [2021-12-13 20:22:47,483] {dag.py:1832} INFO - Sync 1 DAGs
[2021-12-13 20:22:47,489] {logging_mixin.py:104} INFO - [2021-12-13 20:22:47,489] {dag.py:2305} INFO - Setting next_dagrun for example_dag_decorator to None
[2021-12-13 20:22:47,508] {scheduler_job.py:190} INFO - Processing /home/airflow/airflow-course/venv/lib/python3.8/site-packages/airflow/example_dags/example_dag_decorator.py took 0.253 seconds
[2021-12-13 20:23:20,291] {scheduler_job.py:182} INFO - Started process (PID=2769) to work on /home/airflow/airflow-course/venv/lib/python3.8/site-packages/airflow/example_dags/example_dag_decorator.py
[2021-12-13 20:23:20,292] {scheduler_job.py:633} INFO - Processing file /home/airflow/airflow-course/venv/lib/python3.8/site-packages/airflow/example_dags/example_dag_decorator.py for tasks to queue
[2021-12-13 20:23:20,293] {logging_mixin.py:104} INFO - [2021-12-13 20:23:20,292] {dagbag.py:487} INFO - Filling up the DagBag from /home/airflow/airflow-course/venv/lib/python3.8/site-packages/airflow/example_dags/example_dag_decorator.py
[2021-12-13 20:23:20,309] {scheduler_job.py:643} INFO - DAG(s) dict_keys(['example_dag_decorator']) retrieved from /home/airflow/airflow-course/venv/lib/python3.8/site-packages/airflow/example_dags/example_dag_decorator.py
[2021-12-13 20:23:20,509] {logging_mixin.py:104} INFO - [2021-12-13 20:23:20,509] {dag.py:1832} INFO - Sync 1 DAGs
[2021-12-13 20:23:20,513] {logging_mixin.py:104} INFO - [2021-12-13 20:23:20,513] {dag.py:2305} INFO - Setting next_dagrun for example_dag_decorator to None
[2021-12-13 20:23:20,527] {scheduler_job.py:190} INFO - Processing /home/airflow/airflow-course/venv/lib/python3.8/site-packages/airflow/example_dags/example_dag_decorator.py took 0.239 seconds
[2021-12-13 20:23:52,607] {scheduler_job.py:182} INFO - Started process (PID=2801) to work on /home/airflow/airflow-course/venv/lib/python3.8/site-packages/airflow/example_dags/example_dag_decorator.py
[2021-12-13 20:23:52,610] {scheduler_job.py:633} INFO - Processing file /home/airflow/airflow-course/venv/lib/python3.8/site-packages/airflow/example_dags/example_dag_decorator.py for tasks to queue
[2021-12-13 20:23:52,611] {logging_mixin.py:104} INFO - [2021-12-13 20:23:52,610] {dagbag.py:487} INFO - Filling up the DagBag from /home/airflow/airflow-course/venv/lib/python3.8/site-packages/airflow/example_dags/example_dag_decorator.py
[2021-12-13 20:23:52,631] {scheduler_job.py:643} INFO - DAG(s) dict_keys(['example_dag_decorator']) retrieved from /home/airflow/airflow-course/venv/lib/python3.8/site-packages/airflow/example_dags/example_dag_decorator.py
[2021-12-13 20:23:52,832] {logging_mixin.py:104} INFO - [2021-12-13 20:23:52,832] {dag.py:1832} INFO - Sync 1 DAGs
[2021-12-13 20:23:52,837] {logging_mixin.py:104} INFO - [2021-12-13 20:23:52,836] {dag.py:2305} INFO - Setting next_dagrun for example_dag_decorator to None
[2021-12-13 20:23:52,857] {scheduler_job.py:190} INFO - Processing /home/airflow/airflow-course/venv/lib/python3.8/site-packages/airflow/example_dags/example_dag_decorator.py took 0.255 seconds
[2021-12-13 20:24:28,140] {scheduler_job.py:182} INFO - Started process (PID=2866) to work on /home/airflow/airflow-course/venv/lib/python3.8/site-packages/airflow/example_dags/example_dag_decorator.py
[2021-12-13 20:24:28,142] {scheduler_job.py:633} INFO - Processing file /home/airflow/airflow-course/venv/lib/python3.8/site-packages/airflow/example_dags/example_dag_decorator.py for tasks to queue
[2021-12-13 20:24:28,147] {logging_mixin.py:104} INFO - [2021-12-13 20:24:28,142] {dagbag.py:487} INFO - Filling up the DagBag from /home/airflow/airflow-course/venv/lib/python3.8/site-packages/airflow/example_dags/example_dag_decorator.py
[2021-12-13 20:24:28,163] {scheduler_job.py:643} INFO - DAG(s) dict_keys(['example_dag_decorator']) retrieved from /home/airflow/airflow-course/venv/lib/python3.8/site-packages/airflow/example_dags/example_dag_decorator.py
[2021-12-13 20:24:28,361] {logging_mixin.py:104} INFO - [2021-12-13 20:24:28,360] {dag.py:1832} INFO - Sync 1 DAGs
[2021-12-13 20:24:28,366] {logging_mixin.py:104} INFO - [2021-12-13 20:24:28,365] {dag.py:2305} INFO - Setting next_dagrun for example_dag_decorator to None
[2021-12-13 20:24:28,388] {scheduler_job.py:190} INFO - Processing /home/airflow/airflow-course/venv/lib/python3.8/site-packages/airflow/example_dags/example_dag_decorator.py took 0.252 seconds
[2021-12-13 20:25:01,976] {scheduler_job.py:182} INFO - Started process (PID=2928) to work on /home/airflow/airflow-course/venv/lib/python3.8/site-packages/airflow/example_dags/example_dag_decorator.py
[2021-12-13 20:25:01,978] {scheduler_job.py:633} INFO - Processing file /home/airflow/airflow-course/venv/lib/python3.8/site-packages/airflow/example_dags/example_dag_decorator.py for tasks to queue
[2021-12-13 20:25:01,979] {logging_mixin.py:104} INFO - [2021-12-13 20:25:01,978] {dagbag.py:487} INFO - Filling up the DagBag from /home/airflow/airflow-course/venv/lib/python3.8/site-packages/airflow/example_dags/example_dag_decorator.py
[2021-12-13 20:25:01,999] {scheduler_job.py:643} INFO - DAG(s) dict_keys(['example_dag_decorator']) retrieved from /home/airflow/airflow-course/venv/lib/python3.8/site-packages/airflow/example_dags/example_dag_decorator.py
[2021-12-13 20:25:02,205] {logging_mixin.py:104} INFO - [2021-12-13 20:25:02,205] {dag.py:1832} INFO - Sync 1 DAGs
[2021-12-13 20:25:02,212] {logging_mixin.py:104} INFO - [2021-12-13 20:25:02,212] {dag.py:2305} INFO - Setting next_dagrun for example_dag_decorator to None
[2021-12-13 20:25:02,231] {scheduler_job.py:190} INFO - Processing /home/airflow/airflow-course/venv/lib/python3.8/site-packages/airflow/example_dags/example_dag_decorator.py took 0.261 seconds
[2021-12-13 20:25:35,876] {scheduler_job.py:182} INFO - Started process (PID=2964) to work on /home/airflow/airflow-course/venv/lib/python3.8/site-packages/airflow/example_dags/example_dag_decorator.py
[2021-12-13 20:25:35,877] {scheduler_job.py:633} INFO - Processing file /home/airflow/airflow-course/venv/lib/python3.8/site-packages/airflow/example_dags/example_dag_decorator.py for tasks to queue
[2021-12-13 20:25:35,878] {logging_mixin.py:104} INFO - [2021-12-13 20:25:35,878] {dagbag.py:487} INFO - Filling up the DagBag from /home/airflow/airflow-course/venv/lib/python3.8/site-packages/airflow/example_dags/example_dag_decorator.py
[2021-12-13 20:25:35,898] {scheduler_job.py:643} INFO - DAG(s) dict_keys(['example_dag_decorator']) retrieved from /home/airflow/airflow-course/venv/lib/python3.8/site-packages/airflow/example_dags/example_dag_decorator.py
[2021-12-13 20:25:36,092] {logging_mixin.py:104} INFO - [2021-12-13 20:25:36,092] {dag.py:1832} INFO - Sync 1 DAGs
[2021-12-13 20:25:36,098] {logging_mixin.py:104} INFO - [2021-12-13 20:25:36,097] {dag.py:2305} INFO - Setting next_dagrun for example_dag_decorator to None
[2021-12-13 20:25:36,117] {scheduler_job.py:190} INFO - Processing /home/airflow/airflow-course/venv/lib/python3.8/site-packages/airflow/example_dags/example_dag_decorator.py took 0.246 seconds
[2021-12-13 20:26:09,524] {scheduler_job.py:182} INFO - Started process (PID=2996) to work on /home/airflow/airflow-course/venv/lib/python3.8/site-packages/airflow/example_dags/example_dag_decorator.py
[2021-12-13 20:26:09,525] {scheduler_job.py:633} INFO - Processing file /home/airflow/airflow-course/venv/lib/python3.8/site-packages/airflow/example_dags/example_dag_decorator.py for tasks to queue
[2021-12-13 20:26:09,526] {logging_mixin.py:104} INFO - [2021-12-13 20:26:09,526] {dagbag.py:487} INFO - Filling up the DagBag from /home/airflow/airflow-course/venv/lib/python3.8/site-packages/airflow/example_dags/example_dag_decorator.py
[2021-12-13 20:26:09,543] {scheduler_job.py:643} INFO - DAG(s) dict_keys(['example_dag_decorator']) retrieved from /home/airflow/airflow-course/venv/lib/python3.8/site-packages/airflow/example_dags/example_dag_decorator.py
[2021-12-13 20:26:09,738] {logging_mixin.py:104} INFO - [2021-12-13 20:26:09,738] {dag.py:1832} INFO - Sync 1 DAGs
[2021-12-13 20:26:09,744] {logging_mixin.py:104} INFO - [2021-12-13 20:26:09,744] {dag.py:2305} INFO - Setting next_dagrun for example_dag_decorator to None
[2021-12-13 20:26:09,775] {scheduler_job.py:190} INFO - Processing /home/airflow/airflow-course/venv/lib/python3.8/site-packages/airflow/example_dags/example_dag_decorator.py took 0.255 seconds
[2021-12-13 20:26:41,842] {scheduler_job.py:182} INFO - Started process (PID=3028) to work on /home/airflow/airflow-course/venv/lib/python3.8/site-packages/airflow/example_dags/example_dag_decorator.py
[2021-12-13 20:26:41,843] {scheduler_job.py:633} INFO - Processing file /home/airflow/airflow-course/venv/lib/python3.8/site-packages/airflow/example_dags/example_dag_decorator.py for tasks to queue
[2021-12-13 20:26:41,844] {logging_mixin.py:104} INFO - [2021-12-13 20:26:41,844] {dagbag.py:487} INFO - Filling up the DagBag from /home/airflow/airflow-course/venv/lib/python3.8/site-packages/airflow/example_dags/example_dag_decorator.py
[2021-12-13 20:26:41,864] {scheduler_job.py:643} INFO - DAG(s) dict_keys(['example_dag_decorator']) retrieved from /home/airflow/airflow-course/venv/lib/python3.8/site-packages/airflow/example_dags/example_dag_decorator.py
[2021-12-13 20:26:42,057] {logging_mixin.py:104} INFO - [2021-12-13 20:26:42,057] {dag.py:1832} INFO - Sync 1 DAGs
[2021-12-13 20:26:42,063] {logging_mixin.py:104} INFO - [2021-12-13 20:26:42,063] {dag.py:2305} INFO - Setting next_dagrun for example_dag_decorator to None
[2021-12-13 20:26:42,094] {scheduler_job.py:190} INFO - Processing /home/airflow/airflow-course/venv/lib/python3.8/site-packages/airflow/example_dags/example_dag_decorator.py took 0.257 seconds
[2021-12-13 20:27:14,528] {scheduler_job.py:182} INFO - Started process (PID=3105) to work on /home/airflow/airflow-course/venv/lib/python3.8/site-packages/airflow/example_dags/example_dag_decorator.py
[2021-12-13 20:27:14,529] {scheduler_job.py:633} INFO - Processing file /home/airflow/airflow-course/venv/lib/python3.8/site-packages/airflow/example_dags/example_dag_decorator.py for tasks to queue
[2021-12-13 20:27:14,530] {logging_mixin.py:104} INFO - [2021-12-13 20:27:14,530] {dagbag.py:487} INFO - Filling up the DagBag from /home/airflow/airflow-course/venv/lib/python3.8/site-packages/airflow/example_dags/example_dag_decorator.py
[2021-12-13 20:27:14,545] {scheduler_job.py:643} INFO - DAG(s) dict_keys(['example_dag_decorator']) retrieved from /home/airflow/airflow-course/venv/lib/python3.8/site-packages/airflow/example_dags/example_dag_decorator.py
[2021-12-13 20:27:14,743] {logging_mixin.py:104} INFO - [2021-12-13 20:27:14,743] {dag.py:1832} INFO - Sync 1 DAGs
[2021-12-13 20:27:14,748] {logging_mixin.py:104} INFO - [2021-12-13 20:27:14,748] {dag.py:2305} INFO - Setting next_dagrun for example_dag_decorator to None
[2021-12-13 20:27:14,784] {scheduler_job.py:190} INFO - Processing /home/airflow/airflow-course/venv/lib/python3.8/site-packages/airflow/example_dags/example_dag_decorator.py took 0.259 seconds
