[2021-12-13 20:22:15,310] {scheduler_job.py:182} INFO - Started process (PID=2676) to work on /home/airflow/airflow-course/venv/lib/python3.8/site-packages/airflow/example_dags/example_nested_branch_dag.py
[2021-12-13 20:22:15,311] {scheduler_job.py:633} INFO - Processing file /home/airflow/airflow-course/venv/lib/python3.8/site-packages/airflow/example_dags/example_nested_branch_dag.py for tasks to queue
[2021-12-13 20:22:15,312] {logging_mixin.py:104} INFO - [2021-12-13 20:22:15,312] {dagbag.py:487} INFO - Filling up the DagBag from /home/airflow/airflow-course/venv/lib/python3.8/site-packages/airflow/example_dags/example_nested_branch_dag.py
[2021-12-13 20:22:15,324] {scheduler_job.py:643} INFO - DAG(s) dict_keys(['example_nested_branch_dag']) retrieved from /home/airflow/airflow-course/venv/lib/python3.8/site-packages/airflow/example_dags/example_nested_branch_dag.py
[2021-12-13 20:22:15,336] {logging_mixin.py:104} INFO - [2021-12-13 20:22:15,336] {dag.py:1832} INFO - Sync 1 DAGs
[2021-12-13 20:22:15,345] {logging_mixin.py:104} INFO - [2021-12-13 20:22:15,345] {dag.py:2305} INFO - Setting next_dagrun for example_nested_branch_dag to 2021-12-11 00:00:00+00:00
[2021-12-13 20:22:15,363] {scheduler_job.py:190} INFO - Processing /home/airflow/airflow-course/venv/lib/python3.8/site-packages/airflow/example_dags/example_nested_branch_dag.py took 0.059 seconds
[2021-12-13 20:22:48,624] {scheduler_job.py:182} INFO - Started process (PID=2738) to work on /home/airflow/airflow-course/venv/lib/python3.8/site-packages/airflow/example_dags/example_nested_branch_dag.py
[2021-12-13 20:22:48,625] {scheduler_job.py:633} INFO - Processing file /home/airflow/airflow-course/venv/lib/python3.8/site-packages/airflow/example_dags/example_nested_branch_dag.py for tasks to queue
[2021-12-13 20:22:48,628] {logging_mixin.py:104} INFO - [2021-12-13 20:22:48,627] {dagbag.py:487} INFO - Filling up the DagBag from /home/airflow/airflow-course/venv/lib/python3.8/site-packages/airflow/example_dags/example_nested_branch_dag.py
[2021-12-13 20:22:48,642] {scheduler_job.py:643} INFO - DAG(s) dict_keys(['example_nested_branch_dag']) retrieved from /home/airflow/airflow-course/venv/lib/python3.8/site-packages/airflow/example_dags/example_nested_branch_dag.py
[2021-12-13 20:22:48,656] {logging_mixin.py:104} INFO - [2021-12-13 20:22:48,656] {dag.py:1832} INFO - Sync 1 DAGs
[2021-12-13 20:22:48,665] {logging_mixin.py:104} INFO - [2021-12-13 20:22:48,664] {dag.py:2305} INFO - Setting next_dagrun for example_nested_branch_dag to 2021-12-11 00:00:00+00:00
[2021-12-13 20:22:48,683] {scheduler_job.py:190} INFO - Processing /home/airflow/airflow-course/venv/lib/python3.8/site-packages/airflow/example_dags/example_nested_branch_dag.py took 0.065 seconds
[2021-12-13 20:23:21,680] {scheduler_job.py:182} INFO - Started process (PID=2770) to work on /home/airflow/airflow-course/venv/lib/python3.8/site-packages/airflow/example_dags/example_nested_branch_dag.py
[2021-12-13 20:23:21,682] {scheduler_job.py:633} INFO - Processing file /home/airflow/airflow-course/venv/lib/python3.8/site-packages/airflow/example_dags/example_nested_branch_dag.py for tasks to queue
[2021-12-13 20:23:21,682] {logging_mixin.py:104} INFO - [2021-12-13 20:23:21,682] {dagbag.py:487} INFO - Filling up the DagBag from /home/airflow/airflow-course/venv/lib/python3.8/site-packages/airflow/example_dags/example_nested_branch_dag.py
[2021-12-13 20:23:21,698] {scheduler_job.py:643} INFO - DAG(s) dict_keys(['example_nested_branch_dag']) retrieved from /home/airflow/airflow-course/venv/lib/python3.8/site-packages/airflow/example_dags/example_nested_branch_dag.py
[2021-12-13 20:23:21,712] {logging_mixin.py:104} INFO - [2021-12-13 20:23:21,712] {dag.py:1832} INFO - Sync 1 DAGs
[2021-12-13 20:23:21,722] {logging_mixin.py:104} INFO - [2021-12-13 20:23:21,722] {dag.py:2305} INFO - Setting next_dagrun for example_nested_branch_dag to 2021-12-11 00:00:00+00:00
[2021-12-13 20:23:21,742] {scheduler_job.py:190} INFO - Processing /home/airflow/airflow-course/venv/lib/python3.8/site-packages/airflow/example_dags/example_nested_branch_dag.py took 0.068 seconds
[2021-12-13 20:23:53,967] {scheduler_job.py:182} INFO - Started process (PID=2802) to work on /home/airflow/airflow-course/venv/lib/python3.8/site-packages/airflow/example_dags/example_nested_branch_dag.py
[2021-12-13 20:23:53,972] {scheduler_job.py:633} INFO - Processing file /home/airflow/airflow-course/venv/lib/python3.8/site-packages/airflow/example_dags/example_nested_branch_dag.py for tasks to queue
[2021-12-13 20:23:53,973] {logging_mixin.py:104} INFO - [2021-12-13 20:23:53,973] {dagbag.py:487} INFO - Filling up the DagBag from /home/airflow/airflow-course/venv/lib/python3.8/site-packages/airflow/example_dags/example_nested_branch_dag.py
[2021-12-13 20:23:53,992] {scheduler_job.py:643} INFO - DAG(s) dict_keys(['example_nested_branch_dag']) retrieved from /home/airflow/airflow-course/venv/lib/python3.8/site-packages/airflow/example_dags/example_nested_branch_dag.py
[2021-12-13 20:23:54,003] {logging_mixin.py:104} INFO - [2021-12-13 20:23:54,003] {dag.py:1832} INFO - Sync 1 DAGs
[2021-12-13 20:23:54,015] {logging_mixin.py:104} INFO - [2021-12-13 20:23:54,015] {dag.py:2305} INFO - Setting next_dagrun for example_nested_branch_dag to 2021-12-11 00:00:00+00:00
[2021-12-13 20:23:54,033] {scheduler_job.py:190} INFO - Processing /home/airflow/airflow-course/venv/lib/python3.8/site-packages/airflow/example_dags/example_nested_branch_dag.py took 0.070 seconds
[2021-12-13 20:24:29,494] {scheduler_job.py:182} INFO - Started process (PID=2882) to work on /home/airflow/airflow-course/venv/lib/python3.8/site-packages/airflow/example_dags/example_nested_branch_dag.py
[2021-12-13 20:24:29,495] {scheduler_job.py:633} INFO - Processing file /home/airflow/airflow-course/venv/lib/python3.8/site-packages/airflow/example_dags/example_nested_branch_dag.py for tasks to queue
[2021-12-13 20:24:29,497] {logging_mixin.py:104} INFO - [2021-12-13 20:24:29,496] {dagbag.py:487} INFO - Filling up the DagBag from /home/airflow/airflow-course/venv/lib/python3.8/site-packages/airflow/example_dags/example_nested_branch_dag.py
[2021-12-13 20:24:29,514] {scheduler_job.py:643} INFO - DAG(s) dict_keys(['example_nested_branch_dag']) retrieved from /home/airflow/airflow-course/venv/lib/python3.8/site-packages/airflow/example_dags/example_nested_branch_dag.py
[2021-12-13 20:24:29,528] {logging_mixin.py:104} INFO - [2021-12-13 20:24:29,528] {dag.py:1832} INFO - Sync 1 DAGs
[2021-12-13 20:24:29,537] {logging_mixin.py:104} INFO - [2021-12-13 20:24:29,537] {dag.py:2305} INFO - Setting next_dagrun for example_nested_branch_dag to 2021-12-11 00:00:00+00:00
[2021-12-13 20:24:29,559] {scheduler_job.py:190} INFO - Processing /home/airflow/airflow-course/venv/lib/python3.8/site-packages/airflow/example_dags/example_nested_branch_dag.py took 0.070 seconds
[2021-12-13 20:25:03,903] {scheduler_job.py:182} INFO - Started process (PID=2931) to work on /home/airflow/airflow-course/venv/lib/python3.8/site-packages/airflow/example_dags/example_nested_branch_dag.py
[2021-12-13 20:25:03,904] {scheduler_job.py:633} INFO - Processing file /home/airflow/airflow-course/venv/lib/python3.8/site-packages/airflow/example_dags/example_nested_branch_dag.py for tasks to queue
[2021-12-13 20:25:03,904] {logging_mixin.py:104} INFO - [2021-12-13 20:25:03,904] {dagbag.py:487} INFO - Filling up the DagBag from /home/airflow/airflow-course/venv/lib/python3.8/site-packages/airflow/example_dags/example_nested_branch_dag.py
[2021-12-13 20:25:03,915] {scheduler_job.py:643} INFO - DAG(s) dict_keys(['example_nested_branch_dag']) retrieved from /home/airflow/airflow-course/venv/lib/python3.8/site-packages/airflow/example_dags/example_nested_branch_dag.py
[2021-12-13 20:25:03,926] {logging_mixin.py:104} INFO - [2021-12-13 20:25:03,926] {dag.py:1832} INFO - Sync 1 DAGs
[2021-12-13 20:25:03,938] {logging_mixin.py:104} INFO - [2021-12-13 20:25:03,938] {dag.py:2305} INFO - Setting next_dagrun for example_nested_branch_dag to 2021-12-11 00:00:00+00:00
[2021-12-13 20:25:03,959] {scheduler_job.py:190} INFO - Processing /home/airflow/airflow-course/venv/lib/python3.8/site-packages/airflow/example_dags/example_nested_branch_dag.py took 0.059 seconds
[2021-12-13 20:25:37,243] {scheduler_job.py:182} INFO - Started process (PID=2965) to work on /home/airflow/airflow-course/venv/lib/python3.8/site-packages/airflow/example_dags/example_nested_branch_dag.py
[2021-12-13 20:25:37,244] {scheduler_job.py:633} INFO - Processing file /home/airflow/airflow-course/venv/lib/python3.8/site-packages/airflow/example_dags/example_nested_branch_dag.py for tasks to queue
[2021-12-13 20:25:37,245] {logging_mixin.py:104} INFO - [2021-12-13 20:25:37,245] {dagbag.py:487} INFO - Filling up the DagBag from /home/airflow/airflow-course/venv/lib/python3.8/site-packages/airflow/example_dags/example_nested_branch_dag.py
[2021-12-13 20:25:37,261] {scheduler_job.py:643} INFO - DAG(s) dict_keys(['example_nested_branch_dag']) retrieved from /home/airflow/airflow-course/venv/lib/python3.8/site-packages/airflow/example_dags/example_nested_branch_dag.py
[2021-12-13 20:25:37,274] {logging_mixin.py:104} INFO - [2021-12-13 20:25:37,274] {dag.py:1832} INFO - Sync 1 DAGs
[2021-12-13 20:25:37,286] {logging_mixin.py:104} INFO - [2021-12-13 20:25:37,286] {dag.py:2305} INFO - Setting next_dagrun for example_nested_branch_dag to 2021-12-11 00:00:00+00:00
[2021-12-13 20:25:37,305] {scheduler_job.py:190} INFO - Processing /home/airflow/airflow-course/venv/lib/python3.8/site-packages/airflow/example_dags/example_nested_branch_dag.py took 0.066 seconds
[2021-12-13 20:26:10,885] {scheduler_job.py:182} INFO - Started process (PID=2997) to work on /home/airflow/airflow-course/venv/lib/python3.8/site-packages/airflow/example_dags/example_nested_branch_dag.py
[2021-12-13 20:26:10,886] {scheduler_job.py:633} INFO - Processing file /home/airflow/airflow-course/venv/lib/python3.8/site-packages/airflow/example_dags/example_nested_branch_dag.py for tasks to queue
[2021-12-13 20:26:10,887] {logging_mixin.py:104} INFO - [2021-12-13 20:26:10,887] {dagbag.py:487} INFO - Filling up the DagBag from /home/airflow/airflow-course/venv/lib/python3.8/site-packages/airflow/example_dags/example_nested_branch_dag.py
[2021-12-13 20:26:10,904] {scheduler_job.py:643} INFO - DAG(s) dict_keys(['example_nested_branch_dag']) retrieved from /home/airflow/airflow-course/venv/lib/python3.8/site-packages/airflow/example_dags/example_nested_branch_dag.py
[2021-12-13 20:26:10,917] {logging_mixin.py:104} INFO - [2021-12-13 20:26:10,917] {dag.py:1832} INFO - Sync 1 DAGs
[2021-12-13 20:26:10,928] {logging_mixin.py:104} INFO - [2021-12-13 20:26:10,928] {dag.py:2305} INFO - Setting next_dagrun for example_nested_branch_dag to 2021-12-11 00:00:00+00:00
[2021-12-13 20:26:10,947] {scheduler_job.py:190} INFO - Processing /home/airflow/airflow-course/venv/lib/python3.8/site-packages/airflow/example_dags/example_nested_branch_dag.py took 0.067 seconds
[2021-12-13 20:26:45,696] {scheduler_job.py:182} INFO - Started process (PID=3031) to work on /home/airflow/airflow-course/venv/lib/python3.8/site-packages/airflow/example_dags/example_nested_branch_dag.py
[2021-12-13 20:26:45,698] {scheduler_job.py:633} INFO - Processing file /home/airflow/airflow-course/venv/lib/python3.8/site-packages/airflow/example_dags/example_nested_branch_dag.py for tasks to queue
[2021-12-13 20:26:45,699] {logging_mixin.py:104} INFO - [2021-12-13 20:26:45,699] {dagbag.py:487} INFO - Filling up the DagBag from /home/airflow/airflow-course/venv/lib/python3.8/site-packages/airflow/example_dags/example_nested_branch_dag.py
[2021-12-13 20:26:45,716] {scheduler_job.py:643} INFO - DAG(s) dict_keys(['example_nested_branch_dag']) retrieved from /home/airflow/airflow-course/venv/lib/python3.8/site-packages/airflow/example_dags/example_nested_branch_dag.py
[2021-12-13 20:26:45,729] {logging_mixin.py:104} INFO - [2021-12-13 20:26:45,729] {dag.py:1832} INFO - Sync 1 DAGs
[2021-12-13 20:26:45,740] {logging_mixin.py:104} INFO - [2021-12-13 20:26:45,740] {dag.py:2305} INFO - Setting next_dagrun for example_nested_branch_dag to 2021-12-11 00:00:00+00:00
[2021-12-13 20:26:45,758] {scheduler_job.py:190} INFO - Processing /home/airflow/airflow-course/venv/lib/python3.8/site-packages/airflow/example_dags/example_nested_branch_dag.py took 0.067 seconds
[2021-12-13 20:27:17,062] {scheduler_job.py:182} INFO - Started process (PID=3107) to work on /home/airflow/airflow-course/venv/lib/python3.8/site-packages/airflow/example_dags/example_nested_branch_dag.py
[2021-12-13 20:27:17,064] {scheduler_job.py:633} INFO - Processing file /home/airflow/airflow-course/venv/lib/python3.8/site-packages/airflow/example_dags/example_nested_branch_dag.py for tasks to queue
[2021-12-13 20:27:17,065] {logging_mixin.py:104} INFO - [2021-12-13 20:27:17,065] {dagbag.py:487} INFO - Filling up the DagBag from /home/airflow/airflow-course/venv/lib/python3.8/site-packages/airflow/example_dags/example_nested_branch_dag.py
[2021-12-13 20:27:17,085] {scheduler_job.py:643} INFO - DAG(s) dict_keys(['example_nested_branch_dag']) retrieved from /home/airflow/airflow-course/venv/lib/python3.8/site-packages/airflow/example_dags/example_nested_branch_dag.py
[2021-12-13 20:27:17,114] {logging_mixin.py:104} INFO - [2021-12-13 20:27:17,114] {dag.py:1832} INFO - Sync 1 DAGs
[2021-12-13 20:27:17,130] {logging_mixin.py:104} INFO - [2021-12-13 20:27:17,130] {dag.py:2305} INFO - Setting next_dagrun for example_nested_branch_dag to 2021-12-11 00:00:00+00:00
[2021-12-13 20:27:17,148] {scheduler_job.py:190} INFO - Processing /home/airflow/airflow-course/venv/lib/python3.8/site-packages/airflow/example_dags/example_nested_branch_dag.py took 0.091 seconds
