[2021-12-13 20:21:54,320] {scheduler_job.py:182} INFO - Started process (PID=2565) to work on /home/airflow/airflow-course/venv/lib/python3.8/site-packages/airflow/example_dags/example_latest_only_with_trigger.py
[2021-12-13 20:21:54,321] {scheduler_job.py:633} INFO - Processing file /home/airflow/airflow-course/venv/lib/python3.8/site-packages/airflow/example_dags/example_latest_only_with_trigger.py for tasks to queue
[2021-12-13 20:21:54,321] {logging_mixin.py:104} INFO - [2021-12-13 20:21:54,321] {dagbag.py:487} INFO - Filling up the DagBag from /home/airflow/airflow-course/venv/lib/python3.8/site-packages/airflow/example_dags/example_latest_only_with_trigger.py
[2021-12-13 20:21:54,328] {scheduler_job.py:643} INFO - DAG(s) dict_keys(['latest_only_with_trigger']) retrieved from /home/airflow/airflow-course/venv/lib/python3.8/site-packages/airflow/example_dags/example_latest_only_with_trigger.py
[2021-12-13 20:21:54,338] {logging_mixin.py:104} INFO - [2021-12-13 20:21:54,338] {dag.py:1832} INFO - Sync 1 DAGs
[2021-12-13 20:21:54,345] {logging_mixin.py:104} INFO - [2021-12-13 20:21:54,345] {dag.py:2305} INFO - Setting next_dagrun for latest_only_with_trigger to 2021-12-11 00:00:00+00:00
[2021-12-13 20:21:54,356] {scheduler_job.py:190} INFO - Processing /home/airflow/airflow-course/venv/lib/python3.8/site-packages/airflow/example_dags/example_latest_only_with_trigger.py took 0.038 seconds
[2021-12-13 20:22:27,875] {scheduler_job.py:182} INFO - Started process (PID=2718) to work on /home/airflow/airflow-course/venv/lib/python3.8/site-packages/airflow/example_dags/example_latest_only_with_trigger.py
[2021-12-13 20:22:27,876] {scheduler_job.py:633} INFO - Processing file /home/airflow/airflow-course/venv/lib/python3.8/site-packages/airflow/example_dags/example_latest_only_with_trigger.py for tasks to queue
[2021-12-13 20:22:27,877] {logging_mixin.py:104} INFO - [2021-12-13 20:22:27,877] {dagbag.py:487} INFO - Filling up the DagBag from /home/airflow/airflow-course/venv/lib/python3.8/site-packages/airflow/example_dags/example_latest_only_with_trigger.py
[2021-12-13 20:22:27,887] {scheduler_job.py:643} INFO - DAG(s) dict_keys(['latest_only_with_trigger']) retrieved from /home/airflow/airflow-course/venv/lib/python3.8/site-packages/airflow/example_dags/example_latest_only_with_trigger.py
[2021-12-13 20:22:27,898] {logging_mixin.py:104} INFO - [2021-12-13 20:22:27,898] {dag.py:1832} INFO - Sync 1 DAGs
[2021-12-13 20:22:27,905] {logging_mixin.py:104} INFO - [2021-12-13 20:22:27,905] {dag.py:2305} INFO - Setting next_dagrun for latest_only_with_trigger to 2021-12-11 00:00:00+00:00
[2021-12-13 20:22:27,924] {scheduler_job.py:190} INFO - Processing /home/airflow/airflow-course/venv/lib/python3.8/site-packages/airflow/example_dags/example_latest_only_with_trigger.py took 0.052 seconds
[2021-12-13 20:23:00,833] {scheduler_job.py:182} INFO - Started process (PID=2750) to work on /home/airflow/airflow-course/venv/lib/python3.8/site-packages/airflow/example_dags/example_latest_only_with_trigger.py
[2021-12-13 20:23:00,834] {scheduler_job.py:633} INFO - Processing file /home/airflow/airflow-course/venv/lib/python3.8/site-packages/airflow/example_dags/example_latest_only_with_trigger.py for tasks to queue
[2021-12-13 20:23:00,835] {logging_mixin.py:104} INFO - [2021-12-13 20:23:00,835] {dagbag.py:487} INFO - Filling up the DagBag from /home/airflow/airflow-course/venv/lib/python3.8/site-packages/airflow/example_dags/example_latest_only_with_trigger.py
[2021-12-13 20:23:00,848] {scheduler_job.py:643} INFO - DAG(s) dict_keys(['latest_only_with_trigger']) retrieved from /home/airflow/airflow-course/venv/lib/python3.8/site-packages/airflow/example_dags/example_latest_only_with_trigger.py
[2021-12-13 20:23:00,861] {logging_mixin.py:104} INFO - [2021-12-13 20:23:00,861] {dag.py:1832} INFO - Sync 1 DAGs
[2021-12-13 20:23:00,869] {logging_mixin.py:104} INFO - [2021-12-13 20:23:00,868] {dag.py:2305} INFO - Setting next_dagrun for latest_only_with_trigger to 2021-12-11 00:00:00+00:00
[2021-12-13 20:23:00,887] {scheduler_job.py:190} INFO - Processing /home/airflow/airflow-course/venv/lib/python3.8/site-packages/airflow/example_dags/example_latest_only_with_trigger.py took 0.059 seconds
[2021-12-13 20:23:33,305] {scheduler_job.py:182} INFO - Started process (PID=2782) to work on /home/airflow/airflow-course/venv/lib/python3.8/site-packages/airflow/example_dags/example_latest_only_with_trigger.py
[2021-12-13 20:23:33,306] {scheduler_job.py:633} INFO - Processing file /home/airflow/airflow-course/venv/lib/python3.8/site-packages/airflow/example_dags/example_latest_only_with_trigger.py for tasks to queue
[2021-12-13 20:23:33,307] {logging_mixin.py:104} INFO - [2021-12-13 20:23:33,307] {dagbag.py:487} INFO - Filling up the DagBag from /home/airflow/airflow-course/venv/lib/python3.8/site-packages/airflow/example_dags/example_latest_only_with_trigger.py
[2021-12-13 20:23:33,319] {scheduler_job.py:643} INFO - DAG(s) dict_keys(['latest_only_with_trigger']) retrieved from /home/airflow/airflow-course/venv/lib/python3.8/site-packages/airflow/example_dags/example_latest_only_with_trigger.py
[2021-12-13 20:23:33,333] {logging_mixin.py:104} INFO - [2021-12-13 20:23:33,333] {dag.py:1832} INFO - Sync 1 DAGs
[2021-12-13 20:23:33,341] {logging_mixin.py:104} INFO - [2021-12-13 20:23:33,340] {dag.py:2305} INFO - Setting next_dagrun for latest_only_with_trigger to 2021-12-11 00:00:00+00:00
[2021-12-13 20:23:33,359] {scheduler_job.py:190} INFO - Processing /home/airflow/airflow-course/venv/lib/python3.8/site-packages/airflow/example_dags/example_latest_only_with_trigger.py took 0.058 seconds
[2021-12-13 20:24:05,890] {scheduler_job.py:182} INFO - Started process (PID=2814) to work on /home/airflow/airflow-course/venv/lib/python3.8/site-packages/airflow/example_dags/example_latest_only_with_trigger.py
[2021-12-13 20:24:05,892] {scheduler_job.py:633} INFO - Processing file /home/airflow/airflow-course/venv/lib/python3.8/site-packages/airflow/example_dags/example_latest_only_with_trigger.py for tasks to queue
[2021-12-13 20:24:05,893] {logging_mixin.py:104} INFO - [2021-12-13 20:24:05,892] {dagbag.py:487} INFO - Filling up the DagBag from /home/airflow/airflow-course/venv/lib/python3.8/site-packages/airflow/example_dags/example_latest_only_with_trigger.py
[2021-12-13 20:24:05,903] {scheduler_job.py:643} INFO - DAG(s) dict_keys(['latest_only_with_trigger']) retrieved from /home/airflow/airflow-course/venv/lib/python3.8/site-packages/airflow/example_dags/example_latest_only_with_trigger.py
[2021-12-13 20:24:05,915] {logging_mixin.py:104} INFO - [2021-12-13 20:24:05,915] {dag.py:1832} INFO - Sync 1 DAGs
[2021-12-13 20:24:05,923] {logging_mixin.py:104} INFO - [2021-12-13 20:24:05,923] {dag.py:2305} INFO - Setting next_dagrun for latest_only_with_trigger to 2021-12-11 00:00:00+00:00
[2021-12-13 20:24:05,943] {scheduler_job.py:190} INFO - Processing /home/airflow/airflow-course/venv/lib/python3.8/site-packages/airflow/example_dags/example_latest_only_with_trigger.py took 0.057 seconds
[2021-12-13 20:24:41,156] {scheduler_job.py:182} INFO - Started process (PID=2908) to work on /home/airflow/airflow-course/venv/lib/python3.8/site-packages/airflow/example_dags/example_latest_only_with_trigger.py
[2021-12-13 20:24:41,157] {scheduler_job.py:633} INFO - Processing file /home/airflow/airflow-course/venv/lib/python3.8/site-packages/airflow/example_dags/example_latest_only_with_trigger.py for tasks to queue
[2021-12-13 20:24:41,158] {logging_mixin.py:104} INFO - [2021-12-13 20:24:41,157] {dagbag.py:487} INFO - Filling up the DagBag from /home/airflow/airflow-course/venv/lib/python3.8/site-packages/airflow/example_dags/example_latest_only_with_trigger.py
[2021-12-13 20:24:41,170] {scheduler_job.py:643} INFO - DAG(s) dict_keys(['latest_only_with_trigger']) retrieved from /home/airflow/airflow-course/venv/lib/python3.8/site-packages/airflow/example_dags/example_latest_only_with_trigger.py
[2021-12-13 20:24:41,183] {logging_mixin.py:104} INFO - [2021-12-13 20:24:41,183] {dag.py:1832} INFO - Sync 1 DAGs
[2021-12-13 20:24:41,191] {logging_mixin.py:104} INFO - [2021-12-13 20:24:41,191] {dag.py:2305} INFO - Setting next_dagrun for latest_only_with_trigger to 2021-12-11 00:00:00+00:00
[2021-12-13 20:24:41,205] {scheduler_job.py:190} INFO - Processing /home/airflow/airflow-course/venv/lib/python3.8/site-packages/airflow/example_dags/example_latest_only_with_trigger.py took 0.054 seconds
[2021-12-13 20:25:14,589] {scheduler_job.py:182} INFO - Started process (PID=2942) to work on /home/airflow/airflow-course/venv/lib/python3.8/site-packages/airflow/example_dags/example_latest_only_with_trigger.py
[2021-12-13 20:25:14,590] {scheduler_job.py:633} INFO - Processing file /home/airflow/airflow-course/venv/lib/python3.8/site-packages/airflow/example_dags/example_latest_only_with_trigger.py for tasks to queue
[2021-12-13 20:25:14,590] {logging_mixin.py:104} INFO - [2021-12-13 20:25:14,590] {dagbag.py:487} INFO - Filling up the DagBag from /home/airflow/airflow-course/venv/lib/python3.8/site-packages/airflow/example_dags/example_latest_only_with_trigger.py
[2021-12-13 20:25:14,600] {scheduler_job.py:643} INFO - DAG(s) dict_keys(['latest_only_with_trigger']) retrieved from /home/airflow/airflow-course/venv/lib/python3.8/site-packages/airflow/example_dags/example_latest_only_with_trigger.py
[2021-12-13 20:25:14,611] {logging_mixin.py:104} INFO - [2021-12-13 20:25:14,611] {dag.py:1832} INFO - Sync 1 DAGs
[2021-12-13 20:25:14,618] {logging_mixin.py:104} INFO - [2021-12-13 20:25:14,618] {dag.py:2305} INFO - Setting next_dagrun for latest_only_with_trigger to 2021-12-11 00:00:00+00:00
[2021-12-13 20:25:14,639] {scheduler_job.py:190} INFO - Processing /home/airflow/airflow-course/venv/lib/python3.8/site-packages/airflow/example_dags/example_latest_only_with_trigger.py took 0.053 seconds
[2021-12-13 20:25:47,567] {scheduler_job.py:182} INFO - Started process (PID=2975) to work on /home/airflow/airflow-course/venv/lib/python3.8/site-packages/airflow/example_dags/example_latest_only_with_trigger.py
[2021-12-13 20:25:47,569] {scheduler_job.py:633} INFO - Processing file /home/airflow/airflow-course/venv/lib/python3.8/site-packages/airflow/example_dags/example_latest_only_with_trigger.py for tasks to queue
[2021-12-13 20:25:47,570] {logging_mixin.py:104} INFO - [2021-12-13 20:25:47,570] {dagbag.py:487} INFO - Filling up the DagBag from /home/airflow/airflow-course/venv/lib/python3.8/site-packages/airflow/example_dags/example_latest_only_with_trigger.py
[2021-12-13 20:25:47,584] {scheduler_job.py:643} INFO - DAG(s) dict_keys(['latest_only_with_trigger']) retrieved from /home/airflow/airflow-course/venv/lib/python3.8/site-packages/airflow/example_dags/example_latest_only_with_trigger.py
[2021-12-13 20:25:47,595] {logging_mixin.py:104} INFO - [2021-12-13 20:25:47,595] {dag.py:1832} INFO - Sync 1 DAGs
[2021-12-13 20:25:47,604] {logging_mixin.py:104} INFO - [2021-12-13 20:25:47,603] {dag.py:2305} INFO - Setting next_dagrun for latest_only_with_trigger to 2021-12-11 00:00:00+00:00
[2021-12-13 20:25:47,625] {scheduler_job.py:190} INFO - Processing /home/airflow/airflow-course/venv/lib/python3.8/site-packages/airflow/example_dags/example_latest_only_with_trigger.py took 0.063 seconds
[2021-12-13 20:26:19,847] {scheduler_job.py:182} INFO - Started process (PID=3006) to work on /home/airflow/airflow-course/venv/lib/python3.8/site-packages/airflow/example_dags/example_latest_only_with_trigger.py
[2021-12-13 20:26:19,848] {scheduler_job.py:633} INFO - Processing file /home/airflow/airflow-course/venv/lib/python3.8/site-packages/airflow/example_dags/example_latest_only_with_trigger.py for tasks to queue
[2021-12-13 20:26:19,849] {logging_mixin.py:104} INFO - [2021-12-13 20:26:19,849] {dagbag.py:487} INFO - Filling up the DagBag from /home/airflow/airflow-course/venv/lib/python3.8/site-packages/airflow/example_dags/example_latest_only_with_trigger.py
[2021-12-13 20:26:19,862] {scheduler_job.py:643} INFO - DAG(s) dict_keys(['latest_only_with_trigger']) retrieved from /home/airflow/airflow-course/venv/lib/python3.8/site-packages/airflow/example_dags/example_latest_only_with_trigger.py
[2021-12-13 20:26:19,875] {logging_mixin.py:104} INFO - [2021-12-13 20:26:19,875] {dag.py:1832} INFO - Sync 1 DAGs
[2021-12-13 20:26:19,884] {logging_mixin.py:104} INFO - [2021-12-13 20:26:19,884] {dag.py:2305} INFO - Setting next_dagrun for latest_only_with_trigger to 2021-12-11 00:00:00+00:00
[2021-12-13 20:26:19,906] {scheduler_job.py:190} INFO - Processing /home/airflow/airflow-course/venv/lib/python3.8/site-packages/airflow/example_dags/example_latest_only_with_trigger.py took 0.064 seconds
[2021-12-13 20:26:51,669] {scheduler_job.py:182} INFO - Started process (PID=3061) to work on /home/airflow/airflow-course/venv/lib/python3.8/site-packages/airflow/example_dags/example_latest_only_with_trigger.py
[2021-12-13 20:26:51,670] {scheduler_job.py:633} INFO - Processing file /home/airflow/airflow-course/venv/lib/python3.8/site-packages/airflow/example_dags/example_latest_only_with_trigger.py for tasks to queue
[2021-12-13 20:26:51,671] {logging_mixin.py:104} INFO - [2021-12-13 20:26:51,671] {dagbag.py:487} INFO - Filling up the DagBag from /home/airflow/airflow-course/venv/lib/python3.8/site-packages/airflow/example_dags/example_latest_only_with_trigger.py
[2021-12-13 20:26:51,684] {scheduler_job.py:643} INFO - DAG(s) dict_keys(['latest_only_with_trigger']) retrieved from /home/airflow/airflow-course/venv/lib/python3.8/site-packages/airflow/example_dags/example_latest_only_with_trigger.py
[2021-12-13 20:26:51,695] {logging_mixin.py:104} INFO - [2021-12-13 20:26:51,695] {dag.py:1832} INFO - Sync 1 DAGs
[2021-12-13 20:26:51,703] {logging_mixin.py:104} INFO - [2021-12-13 20:26:51,703] {dag.py:2305} INFO - Setting next_dagrun for latest_only_with_trigger to 2021-12-11 00:00:00+00:00
[2021-12-13 20:26:51,723] {scheduler_job.py:190} INFO - Processing /home/airflow/airflow-course/venv/lib/python3.8/site-packages/airflow/example_dags/example_latest_only_with_trigger.py took 0.058 seconds
