[2021-12-13 20:21:49,040] {scheduler_job.py:182} INFO - Started process (PID=2539) to work on /home/airflow/airflow-course/venv/lib/python3.8/site-packages/airflow/example_dags/example_external_task_marker_dag.py
[2021-12-13 20:21:49,041] {scheduler_job.py:633} INFO - Processing file /home/airflow/airflow-course/venv/lib/python3.8/site-packages/airflow/example_dags/example_external_task_marker_dag.py for tasks to queue
[2021-12-13 20:21:49,042] {logging_mixin.py:104} INFO - [2021-12-13 20:21:49,042] {dagbag.py:487} INFO - Filling up the DagBag from /home/airflow/airflow-course/venv/lib/python3.8/site-packages/airflow/example_dags/example_external_task_marker_dag.py
[2021-12-13 20:21:49,053] {scheduler_job.py:643} INFO - DAG(s) dict_keys(['example_external_task_marker_parent', 'example_external_task_marker_child']) retrieved from /home/airflow/airflow-course/venv/lib/python3.8/site-packages/airflow/example_dags/example_external_task_marker_dag.py
[2021-12-13 20:21:49,247] {logging_mixin.py:104} INFO - [2021-12-13 20:21:49,247] {dag.py:1832} INFO - Sync 2 DAGs
[2021-12-13 20:21:49,252] {logging_mixin.py:104} INFO - [2021-12-13 20:21:49,252] {dag.py:2305} INFO - Setting next_dagrun for example_external_task_marker_child to None
[2021-12-13 20:21:49,253] {logging_mixin.py:104} INFO - [2021-12-13 20:21:49,253] {dag.py:2305} INFO - Setting next_dagrun for example_external_task_marker_parent to None
[2021-12-13 20:21:49,271] {scheduler_job.py:190} INFO - Processing /home/airflow/airflow-course/venv/lib/python3.8/site-packages/airflow/example_dags/example_external_task_marker_dag.py took 0.234 seconds
[2021-12-13 20:22:22,611] {scheduler_job.py:182} INFO - Started process (PID=2713) to work on /home/airflow/airflow-course/venv/lib/python3.8/site-packages/airflow/example_dags/example_external_task_marker_dag.py
[2021-12-13 20:22:22,612] {scheduler_job.py:633} INFO - Processing file /home/airflow/airflow-course/venv/lib/python3.8/site-packages/airflow/example_dags/example_external_task_marker_dag.py for tasks to queue
[2021-12-13 20:22:22,613] {logging_mixin.py:104} INFO - [2021-12-13 20:22:22,613] {dagbag.py:487} INFO - Filling up the DagBag from /home/airflow/airflow-course/venv/lib/python3.8/site-packages/airflow/example_dags/example_external_task_marker_dag.py
[2021-12-13 20:22:22,626] {scheduler_job.py:643} INFO - DAG(s) dict_keys(['example_external_task_marker_parent', 'example_external_task_marker_child']) retrieved from /home/airflow/airflow-course/venv/lib/python3.8/site-packages/airflow/example_dags/example_external_task_marker_dag.py
[2021-12-13 20:22:22,830] {logging_mixin.py:104} INFO - [2021-12-13 20:22:22,829] {dag.py:1832} INFO - Sync 2 DAGs
[2021-12-13 20:22:22,836] {logging_mixin.py:104} INFO - [2021-12-13 20:22:22,836] {dag.py:2305} INFO - Setting next_dagrun for example_external_task_marker_child to None
[2021-12-13 20:22:22,837] {logging_mixin.py:104} INFO - [2021-12-13 20:22:22,837] {dag.py:2305} INFO - Setting next_dagrun for example_external_task_marker_parent to None
[2021-12-13 20:22:22,874] {scheduler_job.py:190} INFO - Processing /home/airflow/airflow-course/venv/lib/python3.8/site-packages/airflow/example_dags/example_external_task_marker_dag.py took 0.268 seconds
[2021-12-13 20:22:55,682] {scheduler_job.py:182} INFO - Started process (PID=2745) to work on /home/airflow/airflow-course/venv/lib/python3.8/site-packages/airflow/example_dags/example_external_task_marker_dag.py
[2021-12-13 20:22:55,683] {scheduler_job.py:633} INFO - Processing file /home/airflow/airflow-course/venv/lib/python3.8/site-packages/airflow/example_dags/example_external_task_marker_dag.py for tasks to queue
[2021-12-13 20:22:55,684] {logging_mixin.py:104} INFO - [2021-12-13 20:22:55,684] {dagbag.py:487} INFO - Filling up the DagBag from /home/airflow/airflow-course/venv/lib/python3.8/site-packages/airflow/example_dags/example_external_task_marker_dag.py
[2021-12-13 20:22:55,699] {scheduler_job.py:643} INFO - DAG(s) dict_keys(['example_external_task_marker_parent', 'example_external_task_marker_child']) retrieved from /home/airflow/airflow-course/venv/lib/python3.8/site-packages/airflow/example_dags/example_external_task_marker_dag.py
[2021-12-13 20:22:55,716] {logging_mixin.py:104} INFO - [2021-12-13 20:22:55,715] {dag.py:1832} INFO - Sync 2 DAGs
[2021-12-13 20:22:55,725] {logging_mixin.py:104} INFO - [2021-12-13 20:22:55,725] {dag.py:2305} INFO - Setting next_dagrun for example_external_task_marker_child to None
[2021-12-13 20:22:55,726] {logging_mixin.py:104} INFO - [2021-12-13 20:22:55,726] {dag.py:2305} INFO - Setting next_dagrun for example_external_task_marker_parent to None
[2021-12-13 20:22:55,744] {scheduler_job.py:190} INFO - Processing /home/airflow/airflow-course/venv/lib/python3.8/site-packages/airflow/example_dags/example_external_task_marker_dag.py took 0.070 seconds
[2021-12-13 20:23:29,102] {scheduler_job.py:182} INFO - Started process (PID=2777) to work on /home/airflow/airflow-course/venv/lib/python3.8/site-packages/airflow/example_dags/example_external_task_marker_dag.py
[2021-12-13 20:23:29,106] {scheduler_job.py:633} INFO - Processing file /home/airflow/airflow-course/venv/lib/python3.8/site-packages/airflow/example_dags/example_external_task_marker_dag.py for tasks to queue
[2021-12-13 20:23:29,107] {logging_mixin.py:104} INFO - [2021-12-13 20:23:29,107] {dagbag.py:487} INFO - Filling up the DagBag from /home/airflow/airflow-course/venv/lib/python3.8/site-packages/airflow/example_dags/example_external_task_marker_dag.py
[2021-12-13 20:23:29,119] {scheduler_job.py:643} INFO - DAG(s) dict_keys(['example_external_task_marker_parent', 'example_external_task_marker_child']) retrieved from /home/airflow/airflow-course/venv/lib/python3.8/site-packages/airflow/example_dags/example_external_task_marker_dag.py
[2021-12-13 20:23:29,134] {logging_mixin.py:104} INFO - [2021-12-13 20:23:29,134] {dag.py:1832} INFO - Sync 2 DAGs
[2021-12-13 20:23:29,143] {logging_mixin.py:104} INFO - [2021-12-13 20:23:29,143] {dag.py:2305} INFO - Setting next_dagrun for example_external_task_marker_child to None
[2021-12-13 20:23:29,144] {logging_mixin.py:104} INFO - [2021-12-13 20:23:29,144] {dag.py:2305} INFO - Setting next_dagrun for example_external_task_marker_parent to None
[2021-12-13 20:23:29,163] {scheduler_job.py:190} INFO - Processing /home/airflow/airflow-course/venv/lib/python3.8/site-packages/airflow/example_dags/example_external_task_marker_dag.py took 0.065 seconds
[2021-12-13 20:24:01,166] {scheduler_job.py:182} INFO - Started process (PID=2809) to work on /home/airflow/airflow-course/venv/lib/python3.8/site-packages/airflow/example_dags/example_external_task_marker_dag.py
[2021-12-13 20:24:01,168] {scheduler_job.py:633} INFO - Processing file /home/airflow/airflow-course/venv/lib/python3.8/site-packages/airflow/example_dags/example_external_task_marker_dag.py for tasks to queue
[2021-12-13 20:24:01,169] {logging_mixin.py:104} INFO - [2021-12-13 20:24:01,169] {dagbag.py:487} INFO - Filling up the DagBag from /home/airflow/airflow-course/venv/lib/python3.8/site-packages/airflow/example_dags/example_external_task_marker_dag.py
[2021-12-13 20:24:01,179] {scheduler_job.py:643} INFO - DAG(s) dict_keys(['example_external_task_marker_parent', 'example_external_task_marker_child']) retrieved from /home/airflow/airflow-course/venv/lib/python3.8/site-packages/airflow/example_dags/example_external_task_marker_dag.py
[2021-12-13 20:24:01,376] {logging_mixin.py:104} INFO - [2021-12-13 20:24:01,376] {dag.py:1832} INFO - Sync 2 DAGs
[2021-12-13 20:24:01,382] {logging_mixin.py:104} INFO - [2021-12-13 20:24:01,382] {dag.py:2305} INFO - Setting next_dagrun for example_external_task_marker_child to None
[2021-12-13 20:24:01,382] {logging_mixin.py:104} INFO - [2021-12-13 20:24:01,382] {dag.py:2305} INFO - Setting next_dagrun for example_external_task_marker_parent to None
[2021-12-13 20:24:01,404] {scheduler_job.py:190} INFO - Processing /home/airflow/airflow-course/venv/lib/python3.8/site-packages/airflow/example_dags/example_external_task_marker_dag.py took 0.244 seconds
[2021-12-13 20:24:32,890] {scheduler_job.py:182} INFO - Started process (PID=2900) to work on /home/airflow/airflow-course/venv/lib/python3.8/site-packages/airflow/example_dags/example_external_task_marker_dag.py
[2021-12-13 20:24:32,891] {scheduler_job.py:633} INFO - Processing file /home/airflow/airflow-course/venv/lib/python3.8/site-packages/airflow/example_dags/example_external_task_marker_dag.py for tasks to queue
[2021-12-13 20:24:32,892] {logging_mixin.py:104} INFO - [2021-12-13 20:24:32,892] {dagbag.py:487} INFO - Filling up the DagBag from /home/airflow/airflow-course/venv/lib/python3.8/site-packages/airflow/example_dags/example_external_task_marker_dag.py
[2021-12-13 20:24:32,903] {scheduler_job.py:643} INFO - DAG(s) dict_keys(['example_external_task_marker_parent', 'example_external_task_marker_child']) retrieved from /home/airflow/airflow-course/venv/lib/python3.8/site-packages/airflow/example_dags/example_external_task_marker_dag.py
[2021-12-13 20:24:33,101] {logging_mixin.py:104} INFO - [2021-12-13 20:24:33,101] {dag.py:1832} INFO - Sync 2 DAGs
[2021-12-13 20:24:33,107] {logging_mixin.py:104} INFO - [2021-12-13 20:24:33,107] {dag.py:2305} INFO - Setting next_dagrun for example_external_task_marker_child to None
[2021-12-13 20:24:33,107] {logging_mixin.py:104} INFO - [2021-12-13 20:24:33,107] {dag.py:2305} INFO - Setting next_dagrun for example_external_task_marker_parent to None
[2021-12-13 20:24:33,127] {scheduler_job.py:190} INFO - Processing /home/airflow/airflow-course/venv/lib/python3.8/site-packages/airflow/example_dags/example_external_task_marker_dag.py took 0.240 seconds
[2021-12-13 20:25:03,311] {scheduler_job.py:182} INFO - Started process (PID=2930) to work on /home/airflow/airflow-course/venv/lib/python3.8/site-packages/airflow/example_dags/example_external_task_marker_dag.py
[2021-12-13 20:25:03,313] {scheduler_job.py:633} INFO - Processing file /home/airflow/airflow-course/venv/lib/python3.8/site-packages/airflow/example_dags/example_external_task_marker_dag.py for tasks to queue
[2021-12-13 20:25:03,313] {logging_mixin.py:104} INFO - [2021-12-13 20:25:03,313] {dagbag.py:487} INFO - Filling up the DagBag from /home/airflow/airflow-course/venv/lib/python3.8/site-packages/airflow/example_dags/example_external_task_marker_dag.py
[2021-12-13 20:25:03,325] {scheduler_job.py:643} INFO - DAG(s) dict_keys(['example_external_task_marker_parent', 'example_external_task_marker_child']) retrieved from /home/airflow/airflow-course/venv/lib/python3.8/site-packages/airflow/example_dags/example_external_task_marker_dag.py
[2021-12-13 20:25:03,338] {logging_mixin.py:104} INFO - [2021-12-13 20:25:03,337] {dag.py:1832} INFO - Sync 2 DAGs
[2021-12-13 20:25:03,345] {logging_mixin.py:104} INFO - [2021-12-13 20:25:03,345] {dag.py:2305} INFO - Setting next_dagrun for example_external_task_marker_child to None
[2021-12-13 20:25:03,345] {logging_mixin.py:104} INFO - [2021-12-13 20:25:03,345] {dag.py:2305} INFO - Setting next_dagrun for example_external_task_marker_parent to None
[2021-12-13 20:25:03,364] {scheduler_job.py:190} INFO - Processing /home/airflow/airflow-course/venv/lib/python3.8/site-packages/airflow/example_dags/example_external_task_marker_dag.py took 0.057 seconds
[2021-12-13 20:25:34,183] {scheduler_job.py:182} INFO - Started process (PID=2962) to work on /home/airflow/airflow-course/venv/lib/python3.8/site-packages/airflow/example_dags/example_external_task_marker_dag.py
[2021-12-13 20:25:34,184] {scheduler_job.py:633} INFO - Processing file /home/airflow/airflow-course/venv/lib/python3.8/site-packages/airflow/example_dags/example_external_task_marker_dag.py for tasks to queue
[2021-12-13 20:25:34,185] {logging_mixin.py:104} INFO - [2021-12-13 20:25:34,185] {dagbag.py:487} INFO - Filling up the DagBag from /home/airflow/airflow-course/venv/lib/python3.8/site-packages/airflow/example_dags/example_external_task_marker_dag.py
[2021-12-13 20:25:34,198] {scheduler_job.py:643} INFO - DAG(s) dict_keys(['example_external_task_marker_parent', 'example_external_task_marker_child']) retrieved from /home/airflow/airflow-course/venv/lib/python3.8/site-packages/airflow/example_dags/example_external_task_marker_dag.py
[2021-12-13 20:25:34,392] {logging_mixin.py:104} INFO - [2021-12-13 20:25:34,392] {dag.py:1832} INFO - Sync 2 DAGs
[2021-12-13 20:25:34,396] {logging_mixin.py:104} INFO - [2021-12-13 20:25:34,396] {dag.py:2305} INFO - Setting next_dagrun for example_external_task_marker_child to None
[2021-12-13 20:25:34,397] {logging_mixin.py:104} INFO - [2021-12-13 20:25:34,397] {dag.py:2305} INFO - Setting next_dagrun for example_external_task_marker_parent to None
[2021-12-13 20:25:34,414] {scheduler_job.py:190} INFO - Processing /home/airflow/airflow-course/venv/lib/python3.8/site-packages/airflow/example_dags/example_external_task_marker_dag.py took 0.235 seconds
[2021-12-13 20:26:04,895] {scheduler_job.py:182} INFO - Started process (PID=2992) to work on /home/airflow/airflow-course/venv/lib/python3.8/site-packages/airflow/example_dags/example_external_task_marker_dag.py
[2021-12-13 20:26:04,896] {scheduler_job.py:633} INFO - Processing file /home/airflow/airflow-course/venv/lib/python3.8/site-packages/airflow/example_dags/example_external_task_marker_dag.py for tasks to queue
[2021-12-13 20:26:04,897] {logging_mixin.py:104} INFO - [2021-12-13 20:26:04,897] {dagbag.py:487} INFO - Filling up the DagBag from /home/airflow/airflow-course/venv/lib/python3.8/site-packages/airflow/example_dags/example_external_task_marker_dag.py
[2021-12-13 20:26:04,912] {scheduler_job.py:643} INFO - DAG(s) dict_keys(['example_external_task_marker_parent', 'example_external_task_marker_child']) retrieved from /home/airflow/airflow-course/venv/lib/python3.8/site-packages/airflow/example_dags/example_external_task_marker_dag.py
[2021-12-13 20:26:04,926] {logging_mixin.py:104} INFO - [2021-12-13 20:26:04,925] {dag.py:1832} INFO - Sync 2 DAGs
[2021-12-13 20:26:04,934] {logging_mixin.py:104} INFO - [2021-12-13 20:26:04,934] {dag.py:2305} INFO - Setting next_dagrun for example_external_task_marker_child to None
[2021-12-13 20:26:04,934] {logging_mixin.py:104} INFO - [2021-12-13 20:26:04,934] {dag.py:2305} INFO - Setting next_dagrun for example_external_task_marker_parent to None
[2021-12-13 20:26:04,954] {scheduler_job.py:190} INFO - Processing /home/airflow/airflow-course/venv/lib/python3.8/site-packages/airflow/example_dags/example_external_task_marker_dag.py took 0.064 seconds
[2021-12-13 20:26:35,171] {scheduler_job.py:182} INFO - Started process (PID=3022) to work on /home/airflow/airflow-course/venv/lib/python3.8/site-packages/airflow/example_dags/example_external_task_marker_dag.py
[2021-12-13 20:26:35,175] {scheduler_job.py:633} INFO - Processing file /home/airflow/airflow-course/venv/lib/python3.8/site-packages/airflow/example_dags/example_external_task_marker_dag.py for tasks to queue
[2021-12-13 20:26:35,176] {logging_mixin.py:104} INFO - [2021-12-13 20:26:35,176] {dagbag.py:487} INFO - Filling up the DagBag from /home/airflow/airflow-course/venv/lib/python3.8/site-packages/airflow/example_dags/example_external_task_marker_dag.py
[2021-12-13 20:26:35,189] {scheduler_job.py:643} INFO - DAG(s) dict_keys(['example_external_task_marker_parent', 'example_external_task_marker_child']) retrieved from /home/airflow/airflow-course/venv/lib/python3.8/site-packages/airflow/example_dags/example_external_task_marker_dag.py
[2021-12-13 20:26:35,393] {logging_mixin.py:104} INFO - [2021-12-13 20:26:35,393] {dag.py:1832} INFO - Sync 2 DAGs
[2021-12-13 20:26:35,399] {logging_mixin.py:104} INFO - [2021-12-13 20:26:35,399] {dag.py:2305} INFO - Setting next_dagrun for example_external_task_marker_child to None
[2021-12-13 20:26:35,399] {logging_mixin.py:104} INFO - [2021-12-13 20:26:35,399] {dag.py:2305} INFO - Setting next_dagrun for example_external_task_marker_parent to None
[2021-12-13 20:26:35,411] {scheduler_job.py:190} INFO - Processing /home/airflow/airflow-course/venv/lib/python3.8/site-packages/airflow/example_dags/example_external_task_marker_dag.py took 0.244 seconds
[2021-12-13 20:27:06,825] {scheduler_job.py:182} INFO - Started process (PID=3097) to work on /home/airflow/airflow-course/venv/lib/python3.8/site-packages/airflow/example_dags/example_external_task_marker_dag.py
[2021-12-13 20:27:06,827] {scheduler_job.py:633} INFO - Processing file /home/airflow/airflow-course/venv/lib/python3.8/site-packages/airflow/example_dags/example_external_task_marker_dag.py for tasks to queue
[2021-12-13 20:27:06,828] {logging_mixin.py:104} INFO - [2021-12-13 20:27:06,828] {dagbag.py:487} INFO - Filling up the DagBag from /home/airflow/airflow-course/venv/lib/python3.8/site-packages/airflow/example_dags/example_external_task_marker_dag.py
[2021-12-13 20:27:06,840] {scheduler_job.py:643} INFO - DAG(s) dict_keys(['example_external_task_marker_parent', 'example_external_task_marker_child']) retrieved from /home/airflow/airflow-course/venv/lib/python3.8/site-packages/airflow/example_dags/example_external_task_marker_dag.py
[2021-12-13 20:27:06,857] {logging_mixin.py:104} INFO - [2021-12-13 20:27:06,856] {dag.py:1832} INFO - Sync 2 DAGs
[2021-12-13 20:27:06,866] {logging_mixin.py:104} INFO - [2021-12-13 20:27:06,866] {dag.py:2305} INFO - Setting next_dagrun for example_external_task_marker_child to None
[2021-12-13 20:27:06,867] {logging_mixin.py:104} INFO - [2021-12-13 20:27:06,867] {dag.py:2305} INFO - Setting next_dagrun for example_external_task_marker_parent to None
[2021-12-13 20:27:06,886] {scheduler_job.py:190} INFO - Processing /home/airflow/airflow-course/venv/lib/python3.8/site-packages/airflow/example_dags/example_external_task_marker_dag.py took 0.067 seconds
