[2021-12-13 20:22:09,932] {scheduler_job.py:182} INFO - Started process (PID=2641) to work on /home/airflow/airflow-course/venv/lib/python3.8/site-packages/airflow/example_dags/example_branch_operator.py
[2021-12-13 20:22:09,934] {scheduler_job.py:633} INFO - Processing file /home/airflow/airflow-course/venv/lib/python3.8/site-packages/airflow/example_dags/example_branch_operator.py for tasks to queue
[2021-12-13 20:22:09,934] {logging_mixin.py:104} INFO - [2021-12-13 20:22:09,934] {dagbag.py:487} INFO - Filling up the DagBag from /home/airflow/airflow-course/venv/lib/python3.8/site-packages/airflow/example_dags/example_branch_operator.py
[2021-12-13 20:22:09,946] {scheduler_job.py:643} INFO - DAG(s) dict_keys(['example_branch_operator']) retrieved from /home/airflow/airflow-course/venv/lib/python3.8/site-packages/airflow/example_dags/example_branch_operator.py
[2021-12-13 20:22:09,957] {logging_mixin.py:104} INFO - [2021-12-13 20:22:09,956] {dag.py:1832} INFO - Sync 1 DAGs
[2021-12-13 20:22:09,965] {logging_mixin.py:104} INFO - [2021-12-13 20:22:09,964] {dag.py:2305} INFO - Setting next_dagrun for example_branch_operator to 2021-12-11 00:00:00+00:00
[2021-12-13 20:22:09,977] {scheduler_job.py:190} INFO - Processing /home/airflow/airflow-course/venv/lib/python3.8/site-packages/airflow/example_dags/example_branch_operator.py took 0.049 seconds
[2021-12-13 20:22:43,577] {scheduler_job.py:182} INFO - Started process (PID=2733) to work on /home/airflow/airflow-course/venv/lib/python3.8/site-packages/airflow/example_dags/example_branch_operator.py
[2021-12-13 20:22:43,578] {scheduler_job.py:633} INFO - Processing file /home/airflow/airflow-course/venv/lib/python3.8/site-packages/airflow/example_dags/example_branch_operator.py for tasks to queue
[2021-12-13 20:22:43,579] {logging_mixin.py:104} INFO - [2021-12-13 20:22:43,579] {dagbag.py:487} INFO - Filling up the DagBag from /home/airflow/airflow-course/venv/lib/python3.8/site-packages/airflow/example_dags/example_branch_operator.py
[2021-12-13 20:22:43,592] {scheduler_job.py:643} INFO - DAG(s) dict_keys(['example_branch_operator']) retrieved from /home/airflow/airflow-course/venv/lib/python3.8/site-packages/airflow/example_dags/example_branch_operator.py
[2021-12-13 20:22:43,603] {logging_mixin.py:104} INFO - [2021-12-13 20:22:43,603] {dag.py:1832} INFO - Sync 1 DAGs
[2021-12-13 20:22:43,614] {logging_mixin.py:104} INFO - [2021-12-13 20:22:43,614] {dag.py:2305} INFO - Setting next_dagrun for example_branch_operator to 2021-12-11 00:00:00+00:00
[2021-12-13 20:22:43,635] {scheduler_job.py:190} INFO - Processing /home/airflow/airflow-course/venv/lib/python3.8/site-packages/airflow/example_dags/example_branch_operator.py took 0.061 seconds
[2021-12-13 20:23:16,290] {scheduler_job.py:182} INFO - Started process (PID=2765) to work on /home/airflow/airflow-course/venv/lib/python3.8/site-packages/airflow/example_dags/example_branch_operator.py
[2021-12-13 20:23:16,291] {scheduler_job.py:633} INFO - Processing file /home/airflow/airflow-course/venv/lib/python3.8/site-packages/airflow/example_dags/example_branch_operator.py for tasks to queue
[2021-12-13 20:23:16,292] {logging_mixin.py:104} INFO - [2021-12-13 20:23:16,292] {dagbag.py:487} INFO - Filling up the DagBag from /home/airflow/airflow-course/venv/lib/python3.8/site-packages/airflow/example_dags/example_branch_operator.py
[2021-12-13 20:23:16,307] {scheduler_job.py:643} INFO - DAG(s) dict_keys(['example_branch_operator']) retrieved from /home/airflow/airflow-course/venv/lib/python3.8/site-packages/airflow/example_dags/example_branch_operator.py
[2021-12-13 20:23:16,321] {logging_mixin.py:104} INFO - [2021-12-13 20:23:16,321] {dag.py:1832} INFO - Sync 1 DAGs
[2021-12-13 20:23:16,331] {logging_mixin.py:104} INFO - [2021-12-13 20:23:16,331] {dag.py:2305} INFO - Setting next_dagrun for example_branch_operator to 2021-12-11 00:00:00+00:00
[2021-12-13 20:23:16,349] {scheduler_job.py:190} INFO - Processing /home/airflow/airflow-course/venv/lib/python3.8/site-packages/airflow/example_dags/example_branch_operator.py took 0.063 seconds
[2021-12-13 20:23:48,451] {scheduler_job.py:182} INFO - Started process (PID=2797) to work on /home/airflow/airflow-course/venv/lib/python3.8/site-packages/airflow/example_dags/example_branch_operator.py
[2021-12-13 20:23:48,453] {scheduler_job.py:633} INFO - Processing file /home/airflow/airflow-course/venv/lib/python3.8/site-packages/airflow/example_dags/example_branch_operator.py for tasks to queue
[2021-12-13 20:23:48,454] {logging_mixin.py:104} INFO - [2021-12-13 20:23:48,454] {dagbag.py:487} INFO - Filling up the DagBag from /home/airflow/airflow-course/venv/lib/python3.8/site-packages/airflow/example_dags/example_branch_operator.py
[2021-12-13 20:23:48,471] {scheduler_job.py:643} INFO - DAG(s) dict_keys(['example_branch_operator']) retrieved from /home/airflow/airflow-course/venv/lib/python3.8/site-packages/airflow/example_dags/example_branch_operator.py
[2021-12-13 20:23:48,485] {logging_mixin.py:104} INFO - [2021-12-13 20:23:48,485] {dag.py:1832} INFO - Sync 1 DAGs
[2021-12-13 20:23:48,495] {logging_mixin.py:104} INFO - [2021-12-13 20:23:48,495] {dag.py:2305} INFO - Setting next_dagrun for example_branch_operator to 2021-12-11 00:00:00+00:00
[2021-12-13 20:23:48,514] {scheduler_job.py:190} INFO - Processing /home/airflow/airflow-course/venv/lib/python3.8/site-packages/airflow/example_dags/example_branch_operator.py took 0.068 seconds
[2021-12-13 20:24:22,130] {scheduler_job.py:182} INFO - Started process (PID=2829) to work on /home/airflow/airflow-course/venv/lib/python3.8/site-packages/airflow/example_dags/example_branch_operator.py
[2021-12-13 20:24:22,131] {scheduler_job.py:633} INFO - Processing file /home/airflow/airflow-course/venv/lib/python3.8/site-packages/airflow/example_dags/example_branch_operator.py for tasks to queue
[2021-12-13 20:24:22,132] {logging_mixin.py:104} INFO - [2021-12-13 20:24:22,132] {dagbag.py:487} INFO - Filling up the DagBag from /home/airflow/airflow-course/venv/lib/python3.8/site-packages/airflow/example_dags/example_branch_operator.py
[2021-12-13 20:24:22,148] {scheduler_job.py:643} INFO - DAG(s) dict_keys(['example_branch_operator']) retrieved from /home/airflow/airflow-course/venv/lib/python3.8/site-packages/airflow/example_dags/example_branch_operator.py
[2021-12-13 20:24:22,159] {logging_mixin.py:104} INFO - [2021-12-13 20:24:22,159] {dag.py:1832} INFO - Sync 1 DAGs
[2021-12-13 20:24:22,170] {logging_mixin.py:104} INFO - [2021-12-13 20:24:22,170] {dag.py:2305} INFO - Setting next_dagrun for example_branch_operator to 2021-12-11 00:00:00+00:00
[2021-12-13 20:24:22,188] {scheduler_job.py:190} INFO - Processing /home/airflow/airflow-course/venv/lib/python3.8/site-packages/airflow/example_dags/example_branch_operator.py took 0.062 seconds
[2021-12-13 20:24:56,602] {scheduler_job.py:182} INFO - Started process (PID=2923) to work on /home/airflow/airflow-course/venv/lib/python3.8/site-packages/airflow/example_dags/example_branch_operator.py
[2021-12-13 20:24:56,603] {scheduler_job.py:633} INFO - Processing file /home/airflow/airflow-course/venv/lib/python3.8/site-packages/airflow/example_dags/example_branch_operator.py for tasks to queue
[2021-12-13 20:24:56,605] {logging_mixin.py:104} INFO - [2021-12-13 20:24:56,604] {dagbag.py:487} INFO - Filling up the DagBag from /home/airflow/airflow-course/venv/lib/python3.8/site-packages/airflow/example_dags/example_branch_operator.py
[2021-12-13 20:24:56,622] {scheduler_job.py:643} INFO - DAG(s) dict_keys(['example_branch_operator']) retrieved from /home/airflow/airflow-course/venv/lib/python3.8/site-packages/airflow/example_dags/example_branch_operator.py
[2021-12-13 20:24:56,636] {logging_mixin.py:104} INFO - [2021-12-13 20:24:56,636] {dag.py:1832} INFO - Sync 1 DAGs
[2021-12-13 20:24:56,647] {logging_mixin.py:104} INFO - [2021-12-13 20:24:56,647] {dag.py:2305} INFO - Setting next_dagrun for example_branch_operator to 2021-12-11 00:00:00+00:00
[2021-12-13 20:24:56,667] {scheduler_job.py:190} INFO - Processing /home/airflow/airflow-course/venv/lib/python3.8/site-packages/airflow/example_dags/example_branch_operator.py took 0.070 seconds
[2021-12-13 20:25:30,122] {scheduler_job.py:182} INFO - Started process (PID=2957) to work on /home/airflow/airflow-course/venv/lib/python3.8/site-packages/airflow/example_dags/example_branch_operator.py
[2021-12-13 20:25:30,123] {scheduler_job.py:633} INFO - Processing file /home/airflow/airflow-course/venv/lib/python3.8/site-packages/airflow/example_dags/example_branch_operator.py for tasks to queue
[2021-12-13 20:25:30,124] {logging_mixin.py:104} INFO - [2021-12-13 20:25:30,124] {dagbag.py:487} INFO - Filling up the DagBag from /home/airflow/airflow-course/venv/lib/python3.8/site-packages/airflow/example_dags/example_branch_operator.py
[2021-12-13 20:25:30,141] {scheduler_job.py:643} INFO - DAG(s) dict_keys(['example_branch_operator']) retrieved from /home/airflow/airflow-course/venv/lib/python3.8/site-packages/airflow/example_dags/example_branch_operator.py
[2021-12-13 20:25:30,155] {logging_mixin.py:104} INFO - [2021-12-13 20:25:30,155] {dag.py:1832} INFO - Sync 1 DAGs
[2021-12-13 20:25:30,166] {logging_mixin.py:104} INFO - [2021-12-13 20:25:30,166] {dag.py:2305} INFO - Setting next_dagrun for example_branch_operator to 2021-12-11 00:00:00+00:00
[2021-12-13 20:25:30,187] {scheduler_job.py:190} INFO - Processing /home/airflow/airflow-course/venv/lib/python3.8/site-packages/airflow/example_dags/example_branch_operator.py took 0.071 seconds
[2021-12-13 20:26:04,175] {scheduler_job.py:182} INFO - Started process (PID=2991) to work on /home/airflow/airflow-course/venv/lib/python3.8/site-packages/airflow/example_dags/example_branch_operator.py
[2021-12-13 20:26:04,177] {scheduler_job.py:633} INFO - Processing file /home/airflow/airflow-course/venv/lib/python3.8/site-packages/airflow/example_dags/example_branch_operator.py for tasks to queue
[2021-12-13 20:26:04,178] {logging_mixin.py:104} INFO - [2021-12-13 20:26:04,178] {dagbag.py:487} INFO - Filling up the DagBag from /home/airflow/airflow-course/venv/lib/python3.8/site-packages/airflow/example_dags/example_branch_operator.py
[2021-12-13 20:26:04,208] {scheduler_job.py:643} INFO - DAG(s) dict_keys(['example_branch_operator']) retrieved from /home/airflow/airflow-course/venv/lib/python3.8/site-packages/airflow/example_dags/example_branch_operator.py
[2021-12-13 20:26:04,222] {logging_mixin.py:104} INFO - [2021-12-13 20:26:04,221] {dag.py:1832} INFO - Sync 1 DAGs
[2021-12-13 20:26:04,232] {logging_mixin.py:104} INFO - [2021-12-13 20:26:04,232] {dag.py:2305} INFO - Setting next_dagrun for example_branch_operator to 2021-12-11 00:00:00+00:00
[2021-12-13 20:26:04,245] {scheduler_job.py:190} INFO - Processing /home/airflow/airflow-course/venv/lib/python3.8/site-packages/airflow/example_dags/example_branch_operator.py took 0.076 seconds
[2021-12-13 20:26:37,663] {scheduler_job.py:182} INFO - Started process (PID=3024) to work on /home/airflow/airflow-course/venv/lib/python3.8/site-packages/airflow/example_dags/example_branch_operator.py
[2021-12-13 20:26:37,664] {scheduler_job.py:633} INFO - Processing file /home/airflow/airflow-course/venv/lib/python3.8/site-packages/airflow/example_dags/example_branch_operator.py for tasks to queue
[2021-12-13 20:26:37,665] {logging_mixin.py:104} INFO - [2021-12-13 20:26:37,665] {dagbag.py:487} INFO - Filling up the DagBag from /home/airflow/airflow-course/venv/lib/python3.8/site-packages/airflow/example_dags/example_branch_operator.py
[2021-12-13 20:26:37,678] {scheduler_job.py:643} INFO - DAG(s) dict_keys(['example_branch_operator']) retrieved from /home/airflow/airflow-course/venv/lib/python3.8/site-packages/airflow/example_dags/example_branch_operator.py
[2021-12-13 20:26:37,690] {logging_mixin.py:104} INFO - [2021-12-13 20:26:37,690] {dag.py:1832} INFO - Sync 1 DAGs
[2021-12-13 20:26:37,703] {logging_mixin.py:104} INFO - [2021-12-13 20:26:37,703] {dag.py:2305} INFO - Setting next_dagrun for example_branch_operator to 2021-12-11 00:00:00+00:00
[2021-12-13 20:26:37,720] {scheduler_job.py:190} INFO - Processing /home/airflow/airflow-course/venv/lib/python3.8/site-packages/airflow/example_dags/example_branch_operator.py took 0.061 seconds
[2021-12-13 20:27:09,386] {scheduler_job.py:182} INFO - Started process (PID=3100) to work on /home/airflow/airflow-course/venv/lib/python3.8/site-packages/airflow/example_dags/example_branch_operator.py
[2021-12-13 20:27:09,387] {scheduler_job.py:633} INFO - Processing file /home/airflow/airflow-course/venv/lib/python3.8/site-packages/airflow/example_dags/example_branch_operator.py for tasks to queue
[2021-12-13 20:27:09,388] {logging_mixin.py:104} INFO - [2021-12-13 20:27:09,388] {dagbag.py:487} INFO - Filling up the DagBag from /home/airflow/airflow-course/venv/lib/python3.8/site-packages/airflow/example_dags/example_branch_operator.py
[2021-12-13 20:27:09,400] {scheduler_job.py:643} INFO - DAG(s) dict_keys(['example_branch_operator']) retrieved from /home/airflow/airflow-course/venv/lib/python3.8/site-packages/airflow/example_dags/example_branch_operator.py
[2021-12-13 20:27:09,412] {logging_mixin.py:104} INFO - [2021-12-13 20:27:09,412] {dag.py:1832} INFO - Sync 1 DAGs
[2021-12-13 20:27:09,425] {logging_mixin.py:104} INFO - [2021-12-13 20:27:09,425] {dag.py:2305} INFO - Setting next_dagrun for example_branch_operator to 2021-12-11 00:00:00+00:00
[2021-12-13 20:27:09,444] {scheduler_job.py:190} INFO - Processing /home/airflow/airflow-course/venv/lib/python3.8/site-packages/airflow/example_dags/example_branch_operator.py took 0.062 seconds
