[2021-12-13 20:22:19,095] {scheduler_job.py:182} INFO - Started process (PID=2710) to work on /home/airflow/airflow-course/venv/lib/python3.8/site-packages/airflow/example_dags/example_branch_python_dop_operator_3.py
[2021-12-13 20:22:19,096] {scheduler_job.py:633} INFO - Processing file /home/airflow/airflow-course/venv/lib/python3.8/site-packages/airflow/example_dags/example_branch_python_dop_operator_3.py for tasks to queue
[2021-12-13 20:22:19,097] {logging_mixin.py:104} INFO - [2021-12-13 20:22:19,097] {dagbag.py:487} INFO - Filling up the DagBag from /home/airflow/airflow-course/venv/lib/python3.8/site-packages/airflow/example_dags/example_branch_python_dop_operator_3.py
[2021-12-13 20:22:19,107] {scheduler_job.py:643} INFO - DAG(s) dict_keys(['example_branch_dop_operator_v3']) retrieved from /home/airflow/airflow-course/venv/lib/python3.8/site-packages/airflow/example_dags/example_branch_python_dop_operator_3.py
[2021-12-13 20:22:19,123] {logging_mixin.py:104} INFO - [2021-12-13 20:22:19,123] {dag.py:1832} INFO - Sync 1 DAGs
[2021-12-13 20:22:19,135] {logging_mixin.py:104} INFO - [2021-12-13 20:22:19,135] {dag.py:2305} INFO - Setting next_dagrun for example_branch_dop_operator_v3 to 2021-12-11 00:00:00+00:00
[2021-12-13 20:22:19,153] {scheduler_job.py:190} INFO - Processing /home/airflow/airflow-course/venv/lib/python3.8/site-packages/airflow/example_dags/example_branch_python_dop_operator_3.py took 0.061 seconds
[2021-12-13 20:22:53,949] {scheduler_job.py:182} INFO - Started process (PID=2743) to work on /home/airflow/airflow-course/venv/lib/python3.8/site-packages/airflow/example_dags/example_branch_python_dop_operator_3.py
[2021-12-13 20:22:53,950] {scheduler_job.py:633} INFO - Processing file /home/airflow/airflow-course/venv/lib/python3.8/site-packages/airflow/example_dags/example_branch_python_dop_operator_3.py for tasks to queue
[2021-12-13 20:22:53,951] {logging_mixin.py:104} INFO - [2021-12-13 20:22:53,951] {dagbag.py:487} INFO - Filling up the DagBag from /home/airflow/airflow-course/venv/lib/python3.8/site-packages/airflow/example_dags/example_branch_python_dop_operator_3.py
[2021-12-13 20:22:53,961] {scheduler_job.py:643} INFO - DAG(s) dict_keys(['example_branch_dop_operator_v3']) retrieved from /home/airflow/airflow-course/venv/lib/python3.8/site-packages/airflow/example_dags/example_branch_python_dop_operator_3.py
[2021-12-13 20:22:53,971] {logging_mixin.py:104} INFO - [2021-12-13 20:22:53,971] {dag.py:1832} INFO - Sync 1 DAGs
[2021-12-13 20:22:53,986] {logging_mixin.py:104} INFO - [2021-12-13 20:22:53,986] {dag.py:2305} INFO - Setting next_dagrun for example_branch_dop_operator_v3 to 2021-12-11 00:00:00+00:00
[2021-12-13 20:22:53,998] {scheduler_job.py:190} INFO - Processing /home/airflow/airflow-course/venv/lib/python3.8/site-packages/airflow/example_dags/example_branch_python_dop_operator_3.py took 0.052 seconds
[2021-12-13 20:23:26,824] {scheduler_job.py:182} INFO - Started process (PID=2775) to work on /home/airflow/airflow-course/venv/lib/python3.8/site-packages/airflow/example_dags/example_branch_python_dop_operator_3.py
[2021-12-13 20:23:26,825] {scheduler_job.py:633} INFO - Processing file /home/airflow/airflow-course/venv/lib/python3.8/site-packages/airflow/example_dags/example_branch_python_dop_operator_3.py for tasks to queue
[2021-12-13 20:23:26,826] {logging_mixin.py:104} INFO - [2021-12-13 20:23:26,826] {dagbag.py:487} INFO - Filling up the DagBag from /home/airflow/airflow-course/venv/lib/python3.8/site-packages/airflow/example_dags/example_branch_python_dop_operator_3.py
[2021-12-13 20:23:26,839] {scheduler_job.py:643} INFO - DAG(s) dict_keys(['example_branch_dop_operator_v3']) retrieved from /home/airflow/airflow-course/venv/lib/python3.8/site-packages/airflow/example_dags/example_branch_python_dop_operator_3.py
[2021-12-13 20:23:26,851] {logging_mixin.py:104} INFO - [2021-12-13 20:23:26,851] {dag.py:1832} INFO - Sync 1 DAGs
[2021-12-13 20:23:26,864] {logging_mixin.py:104} INFO - [2021-12-13 20:23:26,864] {dag.py:2305} INFO - Setting next_dagrun for example_branch_dop_operator_v3 to 2021-12-11 00:00:00+00:00
[2021-12-13 20:23:26,888] {scheduler_job.py:190} INFO - Processing /home/airflow/airflow-course/venv/lib/python3.8/site-packages/airflow/example_dags/example_branch_python_dop_operator_3.py took 0.068 seconds
[2021-12-13 20:23:58,894] {scheduler_job.py:182} INFO - Started process (PID=2807) to work on /home/airflow/airflow-course/venv/lib/python3.8/site-packages/airflow/example_dags/example_branch_python_dop_operator_3.py
[2021-12-13 20:23:58,897] {scheduler_job.py:633} INFO - Processing file /home/airflow/airflow-course/venv/lib/python3.8/site-packages/airflow/example_dags/example_branch_python_dop_operator_3.py for tasks to queue
[2021-12-13 20:23:58,898] {logging_mixin.py:104} INFO - [2021-12-13 20:23:58,898] {dagbag.py:487} INFO - Filling up the DagBag from /home/airflow/airflow-course/venv/lib/python3.8/site-packages/airflow/example_dags/example_branch_python_dop_operator_3.py
[2021-12-13 20:23:58,914] {scheduler_job.py:643} INFO - DAG(s) dict_keys(['example_branch_dop_operator_v3']) retrieved from /home/airflow/airflow-course/venv/lib/python3.8/site-packages/airflow/example_dags/example_branch_python_dop_operator_3.py
[2021-12-13 20:23:58,927] {logging_mixin.py:104} INFO - [2021-12-13 20:23:58,927] {dag.py:1832} INFO - Sync 1 DAGs
[2021-12-13 20:23:58,942] {logging_mixin.py:104} INFO - [2021-12-13 20:23:58,942] {dag.py:2305} INFO - Setting next_dagrun for example_branch_dop_operator_v3 to 2021-12-11 00:00:00+00:00
[2021-12-13 20:23:58,959] {scheduler_job.py:190} INFO - Processing /home/airflow/airflow-course/venv/lib/python3.8/site-packages/airflow/example_dags/example_branch_python_dop_operator_3.py took 0.070 seconds
[2021-12-13 20:24:36,006] {scheduler_job.py:182} INFO - Started process (PID=2903) to work on /home/airflow/airflow-course/venv/lib/python3.8/site-packages/airflow/example_dags/example_branch_python_dop_operator_3.py
[2021-12-13 20:24:36,008] {scheduler_job.py:633} INFO - Processing file /home/airflow/airflow-course/venv/lib/python3.8/site-packages/airflow/example_dags/example_branch_python_dop_operator_3.py for tasks to queue
[2021-12-13 20:24:36,010] {logging_mixin.py:104} INFO - [2021-12-13 20:24:36,010] {dagbag.py:487} INFO - Filling up the DagBag from /home/airflow/airflow-course/venv/lib/python3.8/site-packages/airflow/example_dags/example_branch_python_dop_operator_3.py
[2021-12-13 20:24:36,024] {scheduler_job.py:643} INFO - DAG(s) dict_keys(['example_branch_dop_operator_v3']) retrieved from /home/airflow/airflow-course/venv/lib/python3.8/site-packages/airflow/example_dags/example_branch_python_dop_operator_3.py
[2021-12-13 20:24:36,036] {logging_mixin.py:104} INFO - [2021-12-13 20:24:36,036] {dag.py:1832} INFO - Sync 1 DAGs
[2021-12-13 20:24:36,050] {logging_mixin.py:104} INFO - [2021-12-13 20:24:36,050] {dag.py:2305} INFO - Setting next_dagrun for example_branch_dop_operator_v3 to 2021-12-11 00:00:00+00:00
[2021-12-13 20:24:36,072] {scheduler_job.py:190} INFO - Processing /home/airflow/airflow-course/venv/lib/python3.8/site-packages/airflow/example_dags/example_branch_python_dop_operator_3.py took 0.070 seconds
[2021-12-13 20:25:09,603] {scheduler_job.py:182} INFO - Started process (PID=2937) to work on /home/airflow/airflow-course/venv/lib/python3.8/site-packages/airflow/example_dags/example_branch_python_dop_operator_3.py
[2021-12-13 20:25:09,605] {scheduler_job.py:633} INFO - Processing file /home/airflow/airflow-course/venv/lib/python3.8/site-packages/airflow/example_dags/example_branch_python_dop_operator_3.py for tasks to queue
[2021-12-13 20:25:09,606] {logging_mixin.py:104} INFO - [2021-12-13 20:25:09,605] {dagbag.py:487} INFO - Filling up the DagBag from /home/airflow/airflow-course/venv/lib/python3.8/site-packages/airflow/example_dags/example_branch_python_dop_operator_3.py
[2021-12-13 20:25:09,619] {scheduler_job.py:643} INFO - DAG(s) dict_keys(['example_branch_dop_operator_v3']) retrieved from /home/airflow/airflow-course/venv/lib/python3.8/site-packages/airflow/example_dags/example_branch_python_dop_operator_3.py
[2021-12-13 20:25:09,633] {logging_mixin.py:104} INFO - [2021-12-13 20:25:09,633] {dag.py:1832} INFO - Sync 1 DAGs
[2021-12-13 20:25:09,647] {logging_mixin.py:104} INFO - [2021-12-13 20:25:09,647] {dag.py:2305} INFO - Setting next_dagrun for example_branch_dop_operator_v3 to 2021-12-11 00:00:00+00:00
[2021-12-13 20:25:09,667] {scheduler_job.py:190} INFO - Processing /home/airflow/airflow-course/venv/lib/python3.8/site-packages/airflow/example_dags/example_branch_python_dop_operator_3.py took 0.070 seconds
[2021-12-13 20:25:43,541] {scheduler_job.py:182} INFO - Started process (PID=2971) to work on /home/airflow/airflow-course/venv/lib/python3.8/site-packages/airflow/example_dags/example_branch_python_dop_operator_3.py
[2021-12-13 20:25:43,543] {scheduler_job.py:633} INFO - Processing file /home/airflow/airflow-course/venv/lib/python3.8/site-packages/airflow/example_dags/example_branch_python_dop_operator_3.py for tasks to queue
[2021-12-13 20:25:43,544] {logging_mixin.py:104} INFO - [2021-12-13 20:25:43,544] {dagbag.py:487} INFO - Filling up the DagBag from /home/airflow/airflow-course/venv/lib/python3.8/site-packages/airflow/example_dags/example_branch_python_dop_operator_3.py
[2021-12-13 20:25:43,559] {scheduler_job.py:643} INFO - DAG(s) dict_keys(['example_branch_dop_operator_v3']) retrieved from /home/airflow/airflow-course/venv/lib/python3.8/site-packages/airflow/example_dags/example_branch_python_dop_operator_3.py
[2021-12-13 20:25:43,573] {logging_mixin.py:104} INFO - [2021-12-13 20:25:43,573] {dag.py:1832} INFO - Sync 1 DAGs
[2021-12-13 20:25:43,588] {logging_mixin.py:104} INFO - [2021-12-13 20:25:43,588] {dag.py:2305} INFO - Setting next_dagrun for example_branch_dop_operator_v3 to 2021-12-11 00:00:00+00:00
[2021-12-13 20:25:43,607] {scheduler_job.py:190} INFO - Processing /home/airflow/airflow-course/venv/lib/python3.8/site-packages/airflow/example_dags/example_branch_python_dop_operator_3.py took 0.072 seconds
[2021-12-13 20:26:17,562] {scheduler_job.py:182} INFO - Started process (PID=3004) to work on /home/airflow/airflow-course/venv/lib/python3.8/site-packages/airflow/example_dags/example_branch_python_dop_operator_3.py
[2021-12-13 20:26:17,563] {scheduler_job.py:633} INFO - Processing file /home/airflow/airflow-course/venv/lib/python3.8/site-packages/airflow/example_dags/example_branch_python_dop_operator_3.py for tasks to queue
[2021-12-13 20:26:17,564] {logging_mixin.py:104} INFO - [2021-12-13 20:26:17,564] {dagbag.py:487} INFO - Filling up the DagBag from /home/airflow/airflow-course/venv/lib/python3.8/site-packages/airflow/example_dags/example_branch_python_dop_operator_3.py
[2021-12-13 20:26:17,577] {scheduler_job.py:643} INFO - DAG(s) dict_keys(['example_branch_dop_operator_v3']) retrieved from /home/airflow/airflow-course/venv/lib/python3.8/site-packages/airflow/example_dags/example_branch_python_dop_operator_3.py
[2021-12-13 20:26:17,587] {logging_mixin.py:104} INFO - [2021-12-13 20:26:17,587] {dag.py:1832} INFO - Sync 1 DAGs
[2021-12-13 20:26:17,600] {logging_mixin.py:104} INFO - [2021-12-13 20:26:17,600] {dag.py:2305} INFO - Setting next_dagrun for example_branch_dop_operator_v3 to 2021-12-11 00:00:00+00:00
[2021-12-13 20:26:17,619] {scheduler_job.py:190} INFO - Processing /home/airflow/airflow-course/venv/lib/python3.8/site-packages/airflow/example_dags/example_branch_python_dop_operator_3.py took 0.061 seconds
[2021-12-13 20:26:49,706] {scheduler_job.py:182} INFO - Started process (PID=3059) to work on /home/airflow/airflow-course/venv/lib/python3.8/site-packages/airflow/example_dags/example_branch_python_dop_operator_3.py
[2021-12-13 20:26:49,708] {scheduler_job.py:633} INFO - Processing file /home/airflow/airflow-course/venv/lib/python3.8/site-packages/airflow/example_dags/example_branch_python_dop_operator_3.py for tasks to queue
[2021-12-13 20:26:49,709] {logging_mixin.py:104} INFO - [2021-12-13 20:26:49,709] {dagbag.py:487} INFO - Filling up the DagBag from /home/airflow/airflow-course/venv/lib/python3.8/site-packages/airflow/example_dags/example_branch_python_dop_operator_3.py
[2021-12-13 20:26:49,722] {scheduler_job.py:643} INFO - DAG(s) dict_keys(['example_branch_dop_operator_v3']) retrieved from /home/airflow/airflow-course/venv/lib/python3.8/site-packages/airflow/example_dags/example_branch_python_dop_operator_3.py
[2021-12-13 20:26:49,734] {logging_mixin.py:104} INFO - [2021-12-13 20:26:49,734] {dag.py:1832} INFO - Sync 1 DAGs
[2021-12-13 20:26:49,748] {logging_mixin.py:104} INFO - [2021-12-13 20:26:49,748] {dag.py:2305} INFO - Setting next_dagrun for example_branch_dop_operator_v3 to 2021-12-11 00:00:00+00:00
[2021-12-13 20:26:49,767] {scheduler_job.py:190} INFO - Processing /home/airflow/airflow-course/venv/lib/python3.8/site-packages/airflow/example_dags/example_branch_python_dop_operator_3.py took 0.065 seconds
