[2021-12-13 20:22:06,900] {scheduler_job.py:182} INFO - Started process (PID=2608) to work on /home/airflow/airflow-course/venv/lib/python3.8/site-packages/airflow/example_dags/example_trigger_controller_dag.py
[2021-12-13 20:22:06,901] {scheduler_job.py:633} INFO - Processing file /home/airflow/airflow-course/venv/lib/python3.8/site-packages/airflow/example_dags/example_trigger_controller_dag.py for tasks to queue
[2021-12-13 20:22:06,903] {logging_mixin.py:104} INFO - [2021-12-13 20:22:06,902] {dagbag.py:487} INFO - Filling up the DagBag from /home/airflow/airflow-course/venv/lib/python3.8/site-packages/airflow/example_dags/example_trigger_controller_dag.py
[2021-12-13 20:22:06,919] {scheduler_job.py:643} INFO - DAG(s) dict_keys(['example_trigger_controller_dag']) retrieved from /home/airflow/airflow-course/venv/lib/python3.8/site-packages/airflow/example_dags/example_trigger_controller_dag.py
[2021-12-13 20:22:06,931] {logging_mixin.py:104} INFO - [2021-12-13 20:22:06,930] {dag.py:1832} INFO - Sync 1 DAGs
[2021-12-13 20:22:06,940] {logging_mixin.py:104} INFO - [2021-12-13 20:22:06,940] {dag.py:2305} INFO - Setting next_dagrun for example_trigger_controller_dag to 2021-12-11 00:00:00+00:00
[2021-12-13 20:22:06,952] {scheduler_job.py:190} INFO - Processing /home/airflow/airflow-course/venv/lib/python3.8/site-packages/airflow/example_dags/example_trigger_controller_dag.py took 0.059 seconds
[2021-12-13 20:22:40,184] {scheduler_job.py:182} INFO - Started process (PID=2730) to work on /home/airflow/airflow-course/venv/lib/python3.8/site-packages/airflow/example_dags/example_trigger_controller_dag.py
[2021-12-13 20:22:40,185] {scheduler_job.py:633} INFO - Processing file /home/airflow/airflow-course/venv/lib/python3.8/site-packages/airflow/example_dags/example_trigger_controller_dag.py for tasks to queue
[2021-12-13 20:22:40,185] {logging_mixin.py:104} INFO - [2021-12-13 20:22:40,185] {dagbag.py:487} INFO - Filling up the DagBag from /home/airflow/airflow-course/venv/lib/python3.8/site-packages/airflow/example_dags/example_trigger_controller_dag.py
[2021-12-13 20:22:40,195] {scheduler_job.py:643} INFO - DAG(s) dict_keys(['example_trigger_controller_dag']) retrieved from /home/airflow/airflow-course/venv/lib/python3.8/site-packages/airflow/example_dags/example_trigger_controller_dag.py
[2021-12-13 20:22:40,205] {logging_mixin.py:104} INFO - [2021-12-13 20:22:40,205] {dag.py:1832} INFO - Sync 1 DAGs
[2021-12-13 20:22:40,212] {logging_mixin.py:104} INFO - [2021-12-13 20:22:40,212] {dag.py:2305} INFO - Setting next_dagrun for example_trigger_controller_dag to 2021-12-11 00:00:00+00:00
[2021-12-13 20:22:40,232] {scheduler_job.py:190} INFO - Processing /home/airflow/airflow-course/venv/lib/python3.8/site-packages/airflow/example_dags/example_trigger_controller_dag.py took 0.051 seconds
[2021-12-13 20:23:13,386] {scheduler_job.py:182} INFO - Started process (PID=2762) to work on /home/airflow/airflow-course/venv/lib/python3.8/site-packages/airflow/example_dags/example_trigger_controller_dag.py
[2021-12-13 20:23:13,387] {scheduler_job.py:633} INFO - Processing file /home/airflow/airflow-course/venv/lib/python3.8/site-packages/airflow/example_dags/example_trigger_controller_dag.py for tasks to queue
[2021-12-13 20:23:13,388] {logging_mixin.py:104} INFO - [2021-12-13 20:23:13,388] {dagbag.py:487} INFO - Filling up the DagBag from /home/airflow/airflow-course/venv/lib/python3.8/site-packages/airflow/example_dags/example_trigger_controller_dag.py
[2021-12-13 20:23:13,403] {scheduler_job.py:643} INFO - DAG(s) dict_keys(['example_trigger_controller_dag']) retrieved from /home/airflow/airflow-course/venv/lib/python3.8/site-packages/airflow/example_dags/example_trigger_controller_dag.py
[2021-12-13 20:23:13,415] {logging_mixin.py:104} INFO - [2021-12-13 20:23:13,415] {dag.py:1832} INFO - Sync 1 DAGs
[2021-12-13 20:23:13,422] {logging_mixin.py:104} INFO - [2021-12-13 20:23:13,422] {dag.py:2305} INFO - Setting next_dagrun for example_trigger_controller_dag to 2021-12-11 00:00:00+00:00
[2021-12-13 20:23:13,441] {scheduler_job.py:190} INFO - Processing /home/airflow/airflow-course/venv/lib/python3.8/site-packages/airflow/example_dags/example_trigger_controller_dag.py took 0.059 seconds
[2021-12-13 20:23:45,727] {scheduler_job.py:182} INFO - Started process (PID=2794) to work on /home/airflow/airflow-course/venv/lib/python3.8/site-packages/airflow/example_dags/example_trigger_controller_dag.py
[2021-12-13 20:23:45,728] {scheduler_job.py:633} INFO - Processing file /home/airflow/airflow-course/venv/lib/python3.8/site-packages/airflow/example_dags/example_trigger_controller_dag.py for tasks to queue
[2021-12-13 20:23:45,729] {logging_mixin.py:104} INFO - [2021-12-13 20:23:45,729] {dagbag.py:487} INFO - Filling up the DagBag from /home/airflow/airflow-course/venv/lib/python3.8/site-packages/airflow/example_dags/example_trigger_controller_dag.py
[2021-12-13 20:23:45,739] {scheduler_job.py:643} INFO - DAG(s) dict_keys(['example_trigger_controller_dag']) retrieved from /home/airflow/airflow-course/venv/lib/python3.8/site-packages/airflow/example_dags/example_trigger_controller_dag.py
[2021-12-13 20:23:45,751] {logging_mixin.py:104} INFO - [2021-12-13 20:23:45,751] {dag.py:1832} INFO - Sync 1 DAGs
[2021-12-13 20:23:45,761] {logging_mixin.py:104} INFO - [2021-12-13 20:23:45,760] {dag.py:2305} INFO - Setting next_dagrun for example_trigger_controller_dag to 2021-12-11 00:00:00+00:00
[2021-12-13 20:23:45,779] {scheduler_job.py:190} INFO - Processing /home/airflow/airflow-course/venv/lib/python3.8/site-packages/airflow/example_dags/example_trigger_controller_dag.py took 0.056 seconds
[2021-12-13 20:24:18,716] {scheduler_job.py:182} INFO - Started process (PID=2826) to work on /home/airflow/airflow-course/venv/lib/python3.8/site-packages/airflow/example_dags/example_trigger_controller_dag.py
[2021-12-13 20:24:18,719] {scheduler_job.py:633} INFO - Processing file /home/airflow/airflow-course/venv/lib/python3.8/site-packages/airflow/example_dags/example_trigger_controller_dag.py for tasks to queue
[2021-12-13 20:24:18,719] {logging_mixin.py:104} INFO - [2021-12-13 20:24:18,719] {dagbag.py:487} INFO - Filling up the DagBag from /home/airflow/airflow-course/venv/lib/python3.8/site-packages/airflow/example_dags/example_trigger_controller_dag.py
[2021-12-13 20:24:18,728] {scheduler_job.py:643} INFO - DAG(s) dict_keys(['example_trigger_controller_dag']) retrieved from /home/airflow/airflow-course/venv/lib/python3.8/site-packages/airflow/example_dags/example_trigger_controller_dag.py
[2021-12-13 20:24:18,739] {logging_mixin.py:104} INFO - [2021-12-13 20:24:18,739] {dag.py:1832} INFO - Sync 1 DAGs
[2021-12-13 20:24:18,748] {logging_mixin.py:104} INFO - [2021-12-13 20:24:18,748] {dag.py:2305} INFO - Setting next_dagrun for example_trigger_controller_dag to 2021-12-11 00:00:00+00:00
[2021-12-13 20:24:18,767] {scheduler_job.py:190} INFO - Processing /home/airflow/airflow-course/venv/lib/python3.8/site-packages/airflow/example_dags/example_trigger_controller_dag.py took 0.055 seconds
[2021-12-13 20:24:53,733] {scheduler_job.py:182} INFO - Started process (PID=2920) to work on /home/airflow/airflow-course/venv/lib/python3.8/site-packages/airflow/example_dags/example_trigger_controller_dag.py
[2021-12-13 20:24:53,734] {scheduler_job.py:633} INFO - Processing file /home/airflow/airflow-course/venv/lib/python3.8/site-packages/airflow/example_dags/example_trigger_controller_dag.py for tasks to queue
[2021-12-13 20:24:53,735] {logging_mixin.py:104} INFO - [2021-12-13 20:24:53,735] {dagbag.py:487} INFO - Filling up the DagBag from /home/airflow/airflow-course/venv/lib/python3.8/site-packages/airflow/example_dags/example_trigger_controller_dag.py
[2021-12-13 20:24:53,747] {scheduler_job.py:643} INFO - DAG(s) dict_keys(['example_trigger_controller_dag']) retrieved from /home/airflow/airflow-course/venv/lib/python3.8/site-packages/airflow/example_dags/example_trigger_controller_dag.py
[2021-12-13 20:24:53,758] {logging_mixin.py:104} INFO - [2021-12-13 20:24:53,758] {dag.py:1832} INFO - Sync 1 DAGs
[2021-12-13 20:24:53,765] {logging_mixin.py:104} INFO - [2021-12-13 20:24:53,765] {dag.py:2305} INFO - Setting next_dagrun for example_trigger_controller_dag to 2021-12-11 00:00:00+00:00
[2021-12-13 20:24:53,784] {scheduler_job.py:190} INFO - Processing /home/airflow/airflow-course/venv/lib/python3.8/site-packages/airflow/example_dags/example_trigger_controller_dag.py took 0.054 seconds
[2021-12-13 20:25:26,726] {scheduler_job.py:182} INFO - Started process (PID=2954) to work on /home/airflow/airflow-course/venv/lib/python3.8/site-packages/airflow/example_dags/example_trigger_controller_dag.py
[2021-12-13 20:25:26,727] {scheduler_job.py:633} INFO - Processing file /home/airflow/airflow-course/venv/lib/python3.8/site-packages/airflow/example_dags/example_trigger_controller_dag.py for tasks to queue
[2021-12-13 20:25:26,728] {logging_mixin.py:104} INFO - [2021-12-13 20:25:26,728] {dagbag.py:487} INFO - Filling up the DagBag from /home/airflow/airflow-course/venv/lib/python3.8/site-packages/airflow/example_dags/example_trigger_controller_dag.py
[2021-12-13 20:25:26,740] {scheduler_job.py:643} INFO - DAG(s) dict_keys(['example_trigger_controller_dag']) retrieved from /home/airflow/airflow-course/venv/lib/python3.8/site-packages/airflow/example_dags/example_trigger_controller_dag.py
[2021-12-13 20:25:26,755] {logging_mixin.py:104} INFO - [2021-12-13 20:25:26,755] {dag.py:1832} INFO - Sync 1 DAGs
[2021-12-13 20:25:26,764] {logging_mixin.py:104} INFO - [2021-12-13 20:25:26,764] {dag.py:2305} INFO - Setting next_dagrun for example_trigger_controller_dag to 2021-12-11 00:00:00+00:00
[2021-12-13 20:25:26,784] {scheduler_job.py:190} INFO - Processing /home/airflow/airflow-course/venv/lib/python3.8/site-packages/airflow/example_dags/example_trigger_controller_dag.py took 0.065 seconds
[2021-12-13 20:26:00,155] {scheduler_job.py:182} INFO - Started process (PID=2987) to work on /home/airflow/airflow-course/venv/lib/python3.8/site-packages/airflow/example_dags/example_trigger_controller_dag.py
[2021-12-13 20:26:00,158] {scheduler_job.py:633} INFO - Processing file /home/airflow/airflow-course/venv/lib/python3.8/site-packages/airflow/example_dags/example_trigger_controller_dag.py for tasks to queue
[2021-12-13 20:26:00,158] {logging_mixin.py:104} INFO - [2021-12-13 20:26:00,158] {dagbag.py:487} INFO - Filling up the DagBag from /home/airflow/airflow-course/venv/lib/python3.8/site-packages/airflow/example_dags/example_trigger_controller_dag.py
[2021-12-13 20:26:00,166] {scheduler_job.py:643} INFO - DAG(s) dict_keys(['example_trigger_controller_dag']) retrieved from /home/airflow/airflow-course/venv/lib/python3.8/site-packages/airflow/example_dags/example_trigger_controller_dag.py
[2021-12-13 20:26:00,178] {logging_mixin.py:104} INFO - [2021-12-13 20:26:00,178] {dag.py:1832} INFO - Sync 1 DAGs
[2021-12-13 20:26:00,186] {logging_mixin.py:104} INFO - [2021-12-13 20:26:00,186] {dag.py:2305} INFO - Setting next_dagrun for example_trigger_controller_dag to 2021-12-11 00:00:00+00:00
[2021-12-13 20:26:00,196] {scheduler_job.py:190} INFO - Processing /home/airflow/airflow-course/venv/lib/python3.8/site-packages/airflow/example_dags/example_trigger_controller_dag.py took 0.043 seconds
[2021-12-13 20:26:33,031] {scheduler_job.py:182} INFO - Started process (PID=3020) to work on /home/airflow/airflow-course/venv/lib/python3.8/site-packages/airflow/example_dags/example_trigger_controller_dag.py
[2021-12-13 20:26:33,033] {scheduler_job.py:633} INFO - Processing file /home/airflow/airflow-course/venv/lib/python3.8/site-packages/airflow/example_dags/example_trigger_controller_dag.py for tasks to queue
[2021-12-13 20:26:33,034] {logging_mixin.py:104} INFO - [2021-12-13 20:26:33,034] {dagbag.py:487} INFO - Filling up the DagBag from /home/airflow/airflow-course/venv/lib/python3.8/site-packages/airflow/example_dags/example_trigger_controller_dag.py
[2021-12-13 20:26:33,045] {scheduler_job.py:643} INFO - DAG(s) dict_keys(['example_trigger_controller_dag']) retrieved from /home/airflow/airflow-course/venv/lib/python3.8/site-packages/airflow/example_dags/example_trigger_controller_dag.py
[2021-12-13 20:26:33,058] {logging_mixin.py:104} INFO - [2021-12-13 20:26:33,058] {dag.py:1832} INFO - Sync 1 DAGs
[2021-12-13 20:26:33,069] {logging_mixin.py:104} INFO - [2021-12-13 20:26:33,069] {dag.py:2305} INFO - Setting next_dagrun for example_trigger_controller_dag to 2021-12-11 00:00:00+00:00
[2021-12-13 20:26:33,087] {scheduler_job.py:190} INFO - Processing /home/airflow/airflow-course/venv/lib/python3.8/site-packages/airflow/example_dags/example_trigger_controller_dag.py took 0.061 seconds
[2021-12-13 20:27:05,674] {scheduler_job.py:182} INFO - Started process (PID=3096) to work on /home/airflow/airflow-course/venv/lib/python3.8/site-packages/airflow/example_dags/example_trigger_controller_dag.py
[2021-12-13 20:27:05,675] {scheduler_job.py:633} INFO - Processing file /home/airflow/airflow-course/venv/lib/python3.8/site-packages/airflow/example_dags/example_trigger_controller_dag.py for tasks to queue
[2021-12-13 20:27:05,676] {logging_mixin.py:104} INFO - [2021-12-13 20:27:05,676] {dagbag.py:487} INFO - Filling up the DagBag from /home/airflow/airflow-course/venv/lib/python3.8/site-packages/airflow/example_dags/example_trigger_controller_dag.py
[2021-12-13 20:27:05,688] {scheduler_job.py:643} INFO - DAG(s) dict_keys(['example_trigger_controller_dag']) retrieved from /home/airflow/airflow-course/venv/lib/python3.8/site-packages/airflow/example_dags/example_trigger_controller_dag.py
[2021-12-13 20:27:05,703] {logging_mixin.py:104} INFO - [2021-12-13 20:27:05,703] {dag.py:1832} INFO - Sync 1 DAGs
[2021-12-13 20:27:05,713] {logging_mixin.py:104} INFO - [2021-12-13 20:27:05,713] {dag.py:2305} INFO - Setting next_dagrun for example_trigger_controller_dag to 2021-12-11 00:00:00+00:00
[2021-12-13 20:27:05,726] {scheduler_job.py:190} INFO - Processing /home/airflow/airflow-course/venv/lib/python3.8/site-packages/airflow/example_dags/example_trigger_controller_dag.py took 0.059 seconds
