[2021-12-13 20:21:58,351] {scheduler_job.py:182} INFO - Started process (PID=2569) to work on /home/airflow/airflow-course/venv/lib/python3.8/site-packages/airflow/example_dags/example_kubernetes_executor.py
[2021-12-13 20:21:58,353] {scheduler_job.py:633} INFO - Processing file /home/airflow/airflow-course/venv/lib/python3.8/site-packages/airflow/example_dags/example_kubernetes_executor.py for tasks to queue
[2021-12-13 20:21:58,355] {logging_mixin.py:104} INFO - [2021-12-13 20:21:58,355] {dagbag.py:487} INFO - Filling up the DagBag from /home/airflow/airflow-course/venv/lib/python3.8/site-packages/airflow/example_dags/example_kubernetes_executor.py
[2021-12-13 20:21:58,370] {scheduler_job.py:643} INFO - DAG(s) dict_keys(['example_kubernetes_executor']) retrieved from /home/airflow/airflow-course/venv/lib/python3.8/site-packages/airflow/example_dags/example_kubernetes_executor.py
[2021-12-13 20:21:58,386] {logging_mixin.py:104} INFO - [2021-12-13 20:21:58,384] {dag.py:1832} INFO - Sync 1 DAGs
[2021-12-13 20:21:58,393] {logging_mixin.py:104} INFO - [2021-12-13 20:21:58,393] {dag.py:2305} INFO - Setting next_dagrun for example_kubernetes_executor to None
[2021-12-13 20:21:58,412] {scheduler_job.py:190} INFO - Processing /home/airflow/airflow-course/venv/lib/python3.8/site-packages/airflow/example_dags/example_kubernetes_executor.py took 0.066 seconds
[2021-12-13 20:22:32,119] {scheduler_job.py:182} INFO - Started process (PID=2722) to work on /home/airflow/airflow-course/venv/lib/python3.8/site-packages/airflow/example_dags/example_kubernetes_executor.py
[2021-12-13 20:22:32,120] {scheduler_job.py:633} INFO - Processing file /home/airflow/airflow-course/venv/lib/python3.8/site-packages/airflow/example_dags/example_kubernetes_executor.py for tasks to queue
[2021-12-13 20:22:32,121] {logging_mixin.py:104} INFO - [2021-12-13 20:22:32,121] {dagbag.py:487} INFO - Filling up the DagBag from /home/airflow/airflow-course/venv/lib/python3.8/site-packages/airflow/example_dags/example_kubernetes_executor.py
[2021-12-13 20:22:32,134] {scheduler_job.py:643} INFO - DAG(s) dict_keys(['example_kubernetes_executor']) retrieved from /home/airflow/airflow-course/venv/lib/python3.8/site-packages/airflow/example_dags/example_kubernetes_executor.py
[2021-12-13 20:22:32,147] {logging_mixin.py:104} INFO - [2021-12-13 20:22:32,147] {dag.py:1832} INFO - Sync 1 DAGs
[2021-12-13 20:22:32,154] {logging_mixin.py:104} INFO - [2021-12-13 20:22:32,154] {dag.py:2305} INFO - Setting next_dagrun for example_kubernetes_executor to None
[2021-12-13 20:22:32,172] {scheduler_job.py:190} INFO - Processing /home/airflow/airflow-course/venv/lib/python3.8/site-packages/airflow/example_dags/example_kubernetes_executor.py took 0.058 seconds
[2021-12-13 20:23:04,824] {scheduler_job.py:182} INFO - Started process (PID=2754) to work on /home/airflow/airflow-course/venv/lib/python3.8/site-packages/airflow/example_dags/example_kubernetes_executor.py
[2021-12-13 20:23:04,825] {scheduler_job.py:633} INFO - Processing file /home/airflow/airflow-course/venv/lib/python3.8/site-packages/airflow/example_dags/example_kubernetes_executor.py for tasks to queue
[2021-12-13 20:23:04,826] {logging_mixin.py:104} INFO - [2021-12-13 20:23:04,826] {dagbag.py:487} INFO - Filling up the DagBag from /home/airflow/airflow-course/venv/lib/python3.8/site-packages/airflow/example_dags/example_kubernetes_executor.py
[2021-12-13 20:23:04,841] {scheduler_job.py:643} INFO - DAG(s) dict_keys(['example_kubernetes_executor']) retrieved from /home/airflow/airflow-course/venv/lib/python3.8/site-packages/airflow/example_dags/example_kubernetes_executor.py
[2021-12-13 20:23:04,854] {logging_mixin.py:104} INFO - [2021-12-13 20:23:04,854] {dag.py:1832} INFO - Sync 1 DAGs
[2021-12-13 20:23:04,862] {logging_mixin.py:104} INFO - [2021-12-13 20:23:04,862] {dag.py:2305} INFO - Setting next_dagrun for example_kubernetes_executor to None
[2021-12-13 20:23:04,884] {scheduler_job.py:190} INFO - Processing /home/airflow/airflow-course/venv/lib/python3.8/site-packages/airflow/example_dags/example_kubernetes_executor.py took 0.065 seconds
[2021-12-13 20:23:37,147] {scheduler_job.py:182} INFO - Started process (PID=2786) to work on /home/airflow/airflow-course/venv/lib/python3.8/site-packages/airflow/example_dags/example_kubernetes_executor.py
[2021-12-13 20:23:37,148] {scheduler_job.py:633} INFO - Processing file /home/airflow/airflow-course/venv/lib/python3.8/site-packages/airflow/example_dags/example_kubernetes_executor.py for tasks to queue
[2021-12-13 20:23:37,149] {logging_mixin.py:104} INFO - [2021-12-13 20:23:37,149] {dagbag.py:487} INFO - Filling up the DagBag from /home/airflow/airflow-course/venv/lib/python3.8/site-packages/airflow/example_dags/example_kubernetes_executor.py
[2021-12-13 20:23:37,167] {scheduler_job.py:643} INFO - DAG(s) dict_keys(['example_kubernetes_executor']) retrieved from /home/airflow/airflow-course/venv/lib/python3.8/site-packages/airflow/example_dags/example_kubernetes_executor.py
[2021-12-13 20:23:37,180] {logging_mixin.py:104} INFO - [2021-12-13 20:23:37,180] {dag.py:1832} INFO - Sync 1 DAGs
[2021-12-13 20:23:37,192] {logging_mixin.py:104} INFO - [2021-12-13 20:23:37,192] {dag.py:2305} INFO - Setting next_dagrun for example_kubernetes_executor to None
[2021-12-13 20:23:37,205] {scheduler_job.py:190} INFO - Processing /home/airflow/airflow-course/venv/lib/python3.8/site-packages/airflow/example_dags/example_kubernetes_executor.py took 0.064 seconds
[2021-12-13 20:24:10,674] {scheduler_job.py:182} INFO - Started process (PID=2818) to work on /home/airflow/airflow-course/venv/lib/python3.8/site-packages/airflow/example_dags/example_kubernetes_executor.py
[2021-12-13 20:24:10,676] {scheduler_job.py:633} INFO - Processing file /home/airflow/airflow-course/venv/lib/python3.8/site-packages/airflow/example_dags/example_kubernetes_executor.py for tasks to queue
[2021-12-13 20:24:10,677] {logging_mixin.py:104} INFO - [2021-12-13 20:24:10,677] {dagbag.py:487} INFO - Filling up the DagBag from /home/airflow/airflow-course/venv/lib/python3.8/site-packages/airflow/example_dags/example_kubernetes_executor.py
[2021-12-13 20:24:10,690] {scheduler_job.py:643} INFO - DAG(s) dict_keys(['example_kubernetes_executor']) retrieved from /home/airflow/airflow-course/venv/lib/python3.8/site-packages/airflow/example_dags/example_kubernetes_executor.py
[2021-12-13 20:24:10,703] {logging_mixin.py:104} INFO - [2021-12-13 20:24:10,703] {dag.py:1832} INFO - Sync 1 DAGs
[2021-12-13 20:24:10,711] {logging_mixin.py:104} INFO - [2021-12-13 20:24:10,711] {dag.py:2305} INFO - Setting next_dagrun for example_kubernetes_executor to None
[2021-12-13 20:24:10,731] {scheduler_job.py:190} INFO - Processing /home/airflow/airflow-course/venv/lib/python3.8/site-packages/airflow/example_dags/example_kubernetes_executor.py took 0.061 seconds
[2021-12-13 20:24:45,166] {scheduler_job.py:182} INFO - Started process (PID=2912) to work on /home/airflow/airflow-course/venv/lib/python3.8/site-packages/airflow/example_dags/example_kubernetes_executor.py
[2021-12-13 20:24:45,167] {scheduler_job.py:633} INFO - Processing file /home/airflow/airflow-course/venv/lib/python3.8/site-packages/airflow/example_dags/example_kubernetes_executor.py for tasks to queue
[2021-12-13 20:24:45,167] {logging_mixin.py:104} INFO - [2021-12-13 20:24:45,167] {dagbag.py:487} INFO - Filling up the DagBag from /home/airflow/airflow-course/venv/lib/python3.8/site-packages/airflow/example_dags/example_kubernetes_executor.py
[2021-12-13 20:24:45,180] {scheduler_job.py:643} INFO - DAG(s) dict_keys(['example_kubernetes_executor']) retrieved from /home/airflow/airflow-course/venv/lib/python3.8/site-packages/airflow/example_dags/example_kubernetes_executor.py
[2021-12-13 20:24:45,192] {logging_mixin.py:104} INFO - [2021-12-13 20:24:45,192] {dag.py:1832} INFO - Sync 1 DAGs
[2021-12-13 20:24:45,200] {logging_mixin.py:104} INFO - [2021-12-13 20:24:45,199] {dag.py:2305} INFO - Setting next_dagrun for example_kubernetes_executor to None
[2021-12-13 20:24:45,220] {scheduler_job.py:190} INFO - Processing /home/airflow/airflow-course/venv/lib/python3.8/site-packages/airflow/example_dags/example_kubernetes_executor.py took 0.058 seconds
[2021-12-13 20:25:18,790] {scheduler_job.py:182} INFO - Started process (PID=2946) to work on /home/airflow/airflow-course/venv/lib/python3.8/site-packages/airflow/example_dags/example_kubernetes_executor.py
[2021-12-13 20:25:18,792] {scheduler_job.py:633} INFO - Processing file /home/airflow/airflow-course/venv/lib/python3.8/site-packages/airflow/example_dags/example_kubernetes_executor.py for tasks to queue
[2021-12-13 20:25:18,793] {logging_mixin.py:104} INFO - [2021-12-13 20:25:18,793] {dagbag.py:487} INFO - Filling up the DagBag from /home/airflow/airflow-course/venv/lib/python3.8/site-packages/airflow/example_dags/example_kubernetes_executor.py
[2021-12-13 20:25:18,809] {scheduler_job.py:643} INFO - DAG(s) dict_keys(['example_kubernetes_executor']) retrieved from /home/airflow/airflow-course/venv/lib/python3.8/site-packages/airflow/example_dags/example_kubernetes_executor.py
[2021-12-13 20:25:18,822] {logging_mixin.py:104} INFO - [2021-12-13 20:25:18,822] {dag.py:1832} INFO - Sync 1 DAGs
[2021-12-13 20:25:18,830] {logging_mixin.py:104} INFO - [2021-12-13 20:25:18,830] {dag.py:2305} INFO - Setting next_dagrun for example_kubernetes_executor to None
[2021-12-13 20:25:18,844] {scheduler_job.py:190} INFO - Processing /home/airflow/airflow-course/venv/lib/python3.8/site-packages/airflow/example_dags/example_kubernetes_executor.py took 0.059 seconds
[2021-12-13 20:25:51,568] {scheduler_job.py:182} INFO - Started process (PID=2979) to work on /home/airflow/airflow-course/venv/lib/python3.8/site-packages/airflow/example_dags/example_kubernetes_executor.py
[2021-12-13 20:25:51,570] {scheduler_job.py:633} INFO - Processing file /home/airflow/airflow-course/venv/lib/python3.8/site-packages/airflow/example_dags/example_kubernetes_executor.py for tasks to queue
[2021-12-13 20:25:51,571] {logging_mixin.py:104} INFO - [2021-12-13 20:25:51,571] {dagbag.py:487} INFO - Filling up the DagBag from /home/airflow/airflow-course/venv/lib/python3.8/site-packages/airflow/example_dags/example_kubernetes_executor.py
[2021-12-13 20:25:51,586] {scheduler_job.py:643} INFO - DAG(s) dict_keys(['example_kubernetes_executor']) retrieved from /home/airflow/airflow-course/venv/lib/python3.8/site-packages/airflow/example_dags/example_kubernetes_executor.py
[2021-12-13 20:25:51,602] {logging_mixin.py:104} INFO - [2021-12-13 20:25:51,602] {dag.py:1832} INFO - Sync 1 DAGs
[2021-12-13 20:25:51,610] {logging_mixin.py:104} INFO - [2021-12-13 20:25:51,610] {dag.py:2305} INFO - Setting next_dagrun for example_kubernetes_executor to None
[2021-12-13 20:25:51,630] {scheduler_job.py:190} INFO - Processing /home/airflow/airflow-course/venv/lib/python3.8/site-packages/airflow/example_dags/example_kubernetes_executor.py took 0.068 seconds
[2021-12-13 20:26:23,869] {scheduler_job.py:182} INFO - Started process (PID=3011) to work on /home/airflow/airflow-course/venv/lib/python3.8/site-packages/airflow/example_dags/example_kubernetes_executor.py
[2021-12-13 20:26:23,871] {scheduler_job.py:633} INFO - Processing file /home/airflow/airflow-course/venv/lib/python3.8/site-packages/airflow/example_dags/example_kubernetes_executor.py for tasks to queue
[2021-12-13 20:26:23,871] {logging_mixin.py:104} INFO - [2021-12-13 20:26:23,871] {dagbag.py:487} INFO - Filling up the DagBag from /home/airflow/airflow-course/venv/lib/python3.8/site-packages/airflow/example_dags/example_kubernetes_executor.py
[2021-12-13 20:26:23,883] {scheduler_job.py:643} INFO - DAG(s) dict_keys(['example_kubernetes_executor']) retrieved from /home/airflow/airflow-course/venv/lib/python3.8/site-packages/airflow/example_dags/example_kubernetes_executor.py
[2021-12-13 20:26:23,895] {logging_mixin.py:104} INFO - [2021-12-13 20:26:23,895] {dag.py:1832} INFO - Sync 1 DAGs
[2021-12-13 20:26:23,904] {logging_mixin.py:104} INFO - [2021-12-13 20:26:23,904] {dag.py:2305} INFO - Setting next_dagrun for example_kubernetes_executor to None
[2021-12-13 20:26:23,923] {scheduler_job.py:190} INFO - Processing /home/airflow/airflow-course/venv/lib/python3.8/site-packages/airflow/example_dags/example_kubernetes_executor.py took 0.058 seconds
[2021-12-13 20:26:57,355] {scheduler_job.py:182} INFO - Started process (PID=3087) to work on /home/airflow/airflow-course/venv/lib/python3.8/site-packages/airflow/example_dags/example_kubernetes_executor.py
[2021-12-13 20:26:57,356] {scheduler_job.py:633} INFO - Processing file /home/airflow/airflow-course/venv/lib/python3.8/site-packages/airflow/example_dags/example_kubernetes_executor.py for tasks to queue
[2021-12-13 20:26:57,357] {logging_mixin.py:104} INFO - [2021-12-13 20:26:57,357] {dagbag.py:487} INFO - Filling up the DagBag from /home/airflow/airflow-course/venv/lib/python3.8/site-packages/airflow/example_dags/example_kubernetes_executor.py
[2021-12-13 20:26:57,368] {scheduler_job.py:643} INFO - DAG(s) dict_keys(['example_kubernetes_executor']) retrieved from /home/airflow/airflow-course/venv/lib/python3.8/site-packages/airflow/example_dags/example_kubernetes_executor.py
[2021-12-13 20:26:57,379] {logging_mixin.py:104} INFO - [2021-12-13 20:26:57,379] {dag.py:1832} INFO - Sync 1 DAGs
[2021-12-13 20:26:57,389] {logging_mixin.py:104} INFO - [2021-12-13 20:26:57,389] {dag.py:2305} INFO - Setting next_dagrun for example_kubernetes_executor to None
[2021-12-13 20:26:57,407] {scheduler_job.py:190} INFO - Processing /home/airflow/airflow-course/venv/lib/python3.8/site-packages/airflow/example_dags/example_kubernetes_executor.py took 0.060 seconds
