[2021-12-13 20:22:17,954] {scheduler_job.py:182} INFO - Started process (PID=2694) to work on /home/airflow/airflow-course/venv/lib/python3.8/site-packages/airflow/example_dags/example_complex.py
[2021-12-13 20:22:17,955] {scheduler_job.py:633} INFO - Processing file /home/airflow/airflow-course/venv/lib/python3.8/site-packages/airflow/example_dags/example_complex.py for tasks to queue
[2021-12-13 20:22:17,957] {logging_mixin.py:104} INFO - [2021-12-13 20:22:17,956] {dagbag.py:487} INFO - Filling up the DagBag from /home/airflow/airflow-course/venv/lib/python3.8/site-packages/airflow/example_dags/example_complex.py
[2021-12-13 20:22:17,974] {scheduler_job.py:643} INFO - DAG(s) dict_keys(['example_complex']) retrieved from /home/airflow/airflow-course/venv/lib/python3.8/site-packages/airflow/example_dags/example_complex.py
[2021-12-13 20:22:17,986] {logging_mixin.py:104} INFO - [2021-12-13 20:22:17,986] {dag.py:1832} INFO - Sync 1 DAGs
[2021-12-13 20:22:17,994] {logging_mixin.py:104} INFO - [2021-12-13 20:22:17,994] {dag.py:2305} INFO - Setting next_dagrun for example_complex to None
[2021-12-13 20:22:18,006] {scheduler_job.py:190} INFO - Processing /home/airflow/airflow-course/venv/lib/python3.8/site-packages/airflow/example_dags/example_complex.py took 0.056 seconds
[2021-12-13 20:22:51,695] {scheduler_job.py:182} INFO - Started process (PID=2741) to work on /home/airflow/airflow-course/venv/lib/python3.8/site-packages/airflow/example_dags/example_complex.py
[2021-12-13 20:22:51,696] {scheduler_job.py:633} INFO - Processing file /home/airflow/airflow-course/venv/lib/python3.8/site-packages/airflow/example_dags/example_complex.py for tasks to queue
[2021-12-13 20:22:51,697] {logging_mixin.py:104} INFO - [2021-12-13 20:22:51,697] {dagbag.py:487} INFO - Filling up the DagBag from /home/airflow/airflow-course/venv/lib/python3.8/site-packages/airflow/example_dags/example_complex.py
[2021-12-13 20:22:51,714] {scheduler_job.py:643} INFO - DAG(s) dict_keys(['example_complex']) retrieved from /home/airflow/airflow-course/venv/lib/python3.8/site-packages/airflow/example_dags/example_complex.py
[2021-12-13 20:22:51,728] {logging_mixin.py:104} INFO - [2021-12-13 20:22:51,728] {dag.py:1832} INFO - Sync 1 DAGs
[2021-12-13 20:22:51,737] {logging_mixin.py:104} INFO - [2021-12-13 20:22:51,737] {dag.py:2305} INFO - Setting next_dagrun for example_complex to None
[2021-12-13 20:22:51,754] {scheduler_job.py:190} INFO - Processing /home/airflow/airflow-course/venv/lib/python3.8/site-packages/airflow/example_dags/example_complex.py took 0.065 seconds
[2021-12-13 20:23:25,087] {scheduler_job.py:182} INFO - Started process (PID=2773) to work on /home/airflow/airflow-course/venv/lib/python3.8/site-packages/airflow/example_dags/example_complex.py
[2021-12-13 20:23:25,088] {scheduler_job.py:633} INFO - Processing file /home/airflow/airflow-course/venv/lib/python3.8/site-packages/airflow/example_dags/example_complex.py for tasks to queue
[2021-12-13 20:23:25,089] {logging_mixin.py:104} INFO - [2021-12-13 20:23:25,089] {dagbag.py:487} INFO - Filling up the DagBag from /home/airflow/airflow-course/venv/lib/python3.8/site-packages/airflow/example_dags/example_complex.py
[2021-12-13 20:23:25,108] {scheduler_job.py:643} INFO - DAG(s) dict_keys(['example_complex']) retrieved from /home/airflow/airflow-course/venv/lib/python3.8/site-packages/airflow/example_dags/example_complex.py
[2021-12-13 20:23:25,122] {logging_mixin.py:104} INFO - [2021-12-13 20:23:25,122] {dag.py:1832} INFO - Sync 1 DAGs
[2021-12-13 20:23:25,132] {logging_mixin.py:104} INFO - [2021-12-13 20:23:25,132] {dag.py:2305} INFO - Setting next_dagrun for example_complex to None
[2021-12-13 20:23:25,151] {scheduler_job.py:190} INFO - Processing /home/airflow/airflow-course/venv/lib/python3.8/site-packages/airflow/example_dags/example_complex.py took 0.068 seconds
[2021-12-13 20:23:57,758] {scheduler_job.py:182} INFO - Started process (PID=2806) to work on /home/airflow/airflow-course/venv/lib/python3.8/site-packages/airflow/example_dags/example_complex.py
[2021-12-13 20:23:57,762] {scheduler_job.py:633} INFO - Processing file /home/airflow/airflow-course/venv/lib/python3.8/site-packages/airflow/example_dags/example_complex.py for tasks to queue
[2021-12-13 20:23:57,762] {logging_mixin.py:104} INFO - [2021-12-13 20:23:57,762] {dagbag.py:487} INFO - Filling up the DagBag from /home/airflow/airflow-course/venv/lib/python3.8/site-packages/airflow/example_dags/example_complex.py
[2021-12-13 20:23:57,778] {scheduler_job.py:643} INFO - DAG(s) dict_keys(['example_complex']) retrieved from /home/airflow/airflow-course/venv/lib/python3.8/site-packages/airflow/example_dags/example_complex.py
[2021-12-13 20:23:57,793] {logging_mixin.py:104} INFO - [2021-12-13 20:23:57,791] {dag.py:1832} INFO - Sync 1 DAGs
[2021-12-13 20:23:57,801] {logging_mixin.py:104} INFO - [2021-12-13 20:23:57,801] {dag.py:2305} INFO - Setting next_dagrun for example_complex to None
[2021-12-13 20:23:57,819] {scheduler_job.py:190} INFO - Processing /home/airflow/airflow-course/venv/lib/python3.8/site-packages/airflow/example_dags/example_complex.py took 0.065 seconds
[2021-12-13 20:24:34,865] {scheduler_job.py:182} INFO - Started process (PID=2902) to work on /home/airflow/airflow-course/venv/lib/python3.8/site-packages/airflow/example_dags/example_complex.py
[2021-12-13 20:24:34,866] {scheduler_job.py:633} INFO - Processing file /home/airflow/airflow-course/venv/lib/python3.8/site-packages/airflow/example_dags/example_complex.py for tasks to queue
[2021-12-13 20:24:34,866] {logging_mixin.py:104} INFO - [2021-12-13 20:24:34,866] {dagbag.py:487} INFO - Filling up the DagBag from /home/airflow/airflow-course/venv/lib/python3.8/site-packages/airflow/example_dags/example_complex.py
[2021-12-13 20:24:34,882] {scheduler_job.py:643} INFO - DAG(s) dict_keys(['example_complex']) retrieved from /home/airflow/airflow-course/venv/lib/python3.8/site-packages/airflow/example_dags/example_complex.py
[2021-12-13 20:24:34,895] {logging_mixin.py:104} INFO - [2021-12-13 20:24:34,895] {dag.py:1832} INFO - Sync 1 DAGs
[2021-12-13 20:24:34,904] {logging_mixin.py:104} INFO - [2021-12-13 20:24:34,904] {dag.py:2305} INFO - Setting next_dagrun for example_complex to None
[2021-12-13 20:24:34,923] {scheduler_job.py:190} INFO - Processing /home/airflow/airflow-course/venv/lib/python3.8/site-packages/airflow/example_dags/example_complex.py took 0.062 seconds
[2021-12-13 20:25:08,476] {scheduler_job.py:182} INFO - Started process (PID=2936) to work on /home/airflow/airflow-course/venv/lib/python3.8/site-packages/airflow/example_dags/example_complex.py
[2021-12-13 20:25:08,477] {scheduler_job.py:633} INFO - Processing file /home/airflow/airflow-course/venv/lib/python3.8/site-packages/airflow/example_dags/example_complex.py for tasks to queue
[2021-12-13 20:25:08,478] {logging_mixin.py:104} INFO - [2021-12-13 20:25:08,478] {dagbag.py:487} INFO - Filling up the DagBag from /home/airflow/airflow-course/venv/lib/python3.8/site-packages/airflow/example_dags/example_complex.py
[2021-12-13 20:25:08,499] {scheduler_job.py:643} INFO - DAG(s) dict_keys(['example_complex']) retrieved from /home/airflow/airflow-course/venv/lib/python3.8/site-packages/airflow/example_dags/example_complex.py
[2021-12-13 20:25:08,517] {logging_mixin.py:104} INFO - [2021-12-13 20:25:08,517] {dag.py:1832} INFO - Sync 1 DAGs
[2021-12-13 20:25:08,524] {logging_mixin.py:104} INFO - [2021-12-13 20:25:08,524] {dag.py:2305} INFO - Setting next_dagrun for example_complex to None
[2021-12-13 20:25:08,543] {scheduler_job.py:190} INFO - Processing /home/airflow/airflow-course/venv/lib/python3.8/site-packages/airflow/example_dags/example_complex.py took 0.073 seconds
[2021-12-13 20:25:42,413] {scheduler_job.py:182} INFO - Started process (PID=2970) to work on /home/airflow/airflow-course/venv/lib/python3.8/site-packages/airflow/example_dags/example_complex.py
[2021-12-13 20:25:42,414] {scheduler_job.py:633} INFO - Processing file /home/airflow/airflow-course/venv/lib/python3.8/site-packages/airflow/example_dags/example_complex.py for tasks to queue
[2021-12-13 20:25:42,415] {logging_mixin.py:104} INFO - [2021-12-13 20:25:42,415] {dagbag.py:487} INFO - Filling up the DagBag from /home/airflow/airflow-course/venv/lib/python3.8/site-packages/airflow/example_dags/example_complex.py
[2021-12-13 20:25:42,432] {scheduler_job.py:643} INFO - DAG(s) dict_keys(['example_complex']) retrieved from /home/airflow/airflow-course/venv/lib/python3.8/site-packages/airflow/example_dags/example_complex.py
[2021-12-13 20:25:42,448] {logging_mixin.py:104} INFO - [2021-12-13 20:25:42,448] {dag.py:1832} INFO - Sync 1 DAGs
[2021-12-13 20:25:42,455] {logging_mixin.py:104} INFO - [2021-12-13 20:25:42,455] {dag.py:2305} INFO - Setting next_dagrun for example_complex to None
[2021-12-13 20:25:42,473] {scheduler_job.py:190} INFO - Processing /home/airflow/airflow-course/venv/lib/python3.8/site-packages/airflow/example_dags/example_complex.py took 0.067 seconds
[2021-12-13 20:26:16,964] {scheduler_job.py:182} INFO - Started process (PID=3003) to work on /home/airflow/airflow-course/venv/lib/python3.8/site-packages/airflow/example_dags/example_complex.py
[2021-12-13 20:26:16,965] {scheduler_job.py:633} INFO - Processing file /home/airflow/airflow-course/venv/lib/python3.8/site-packages/airflow/example_dags/example_complex.py for tasks to queue
[2021-12-13 20:26:16,966] {logging_mixin.py:104} INFO - [2021-12-13 20:26:16,966] {dagbag.py:487} INFO - Filling up the DagBag from /home/airflow/airflow-course/venv/lib/python3.8/site-packages/airflow/example_dags/example_complex.py
[2021-12-13 20:26:16,987] {scheduler_job.py:643} INFO - DAG(s) dict_keys(['example_complex']) retrieved from /home/airflow/airflow-course/venv/lib/python3.8/site-packages/airflow/example_dags/example_complex.py
[2021-12-13 20:26:17,006] {logging_mixin.py:104} INFO - [2021-12-13 20:26:17,006] {dag.py:1832} INFO - Sync 1 DAGs
[2021-12-13 20:26:17,015] {logging_mixin.py:104} INFO - [2021-12-13 20:26:17,015] {dag.py:2305} INFO - Setting next_dagrun for example_complex to None
[2021-12-13 20:26:17,034] {scheduler_job.py:190} INFO - Processing /home/airflow/airflow-course/venv/lib/python3.8/site-packages/airflow/example_dags/example_complex.py took 0.075 seconds
[2021-12-13 20:26:48,559] {scheduler_job.py:182} INFO - Started process (PID=3048) to work on /home/airflow/airflow-course/venv/lib/python3.8/site-packages/airflow/example_dags/example_complex.py
[2021-12-13 20:26:48,561] {scheduler_job.py:633} INFO - Processing file /home/airflow/airflow-course/venv/lib/python3.8/site-packages/airflow/example_dags/example_complex.py for tasks to queue
[2021-12-13 20:26:48,562] {logging_mixin.py:104} INFO - [2021-12-13 20:26:48,562] {dagbag.py:487} INFO - Filling up the DagBag from /home/airflow/airflow-course/venv/lib/python3.8/site-packages/airflow/example_dags/example_complex.py
[2021-12-13 20:26:48,584] {scheduler_job.py:643} INFO - DAG(s) dict_keys(['example_complex']) retrieved from /home/airflow/airflow-course/venv/lib/python3.8/site-packages/airflow/example_dags/example_complex.py
[2021-12-13 20:26:48,599] {logging_mixin.py:104} INFO - [2021-12-13 20:26:48,599] {dag.py:1832} INFO - Sync 1 DAGs
[2021-12-13 20:26:48,605] {logging_mixin.py:104} INFO - [2021-12-13 20:26:48,605] {dag.py:2305} INFO - Setting next_dagrun for example_complex to None
[2021-12-13 20:26:48,626] {scheduler_job.py:190} INFO - Processing /home/airflow/airflow-course/venv/lib/python3.8/site-packages/airflow/example_dags/example_complex.py took 0.074 seconds
