[2021-12-13 20:22:12,800] {scheduler_job.py:182} INFO - Started process (PID=2659) to work on /home/airflow/airflow-course/venv/lib/python3.8/site-packages/airflow/example_dags/example_trigger_target_dag.py
[2021-12-13 20:22:12,801] {scheduler_job.py:633} INFO - Processing file /home/airflow/airflow-course/venv/lib/python3.8/site-packages/airflow/example_dags/example_trigger_target_dag.py for tasks to queue
[2021-12-13 20:22:12,802] {logging_mixin.py:104} INFO - [2021-12-13 20:22:12,802] {dagbag.py:487} INFO - Filling up the DagBag from /home/airflow/airflow-course/venv/lib/python3.8/site-packages/airflow/example_dags/example_trigger_target_dag.py
[2021-12-13 20:22:12,814] {scheduler_job.py:643} INFO - DAG(s) dict_keys(['example_trigger_target_dag']) retrieved from /home/airflow/airflow-course/venv/lib/python3.8/site-packages/airflow/example_dags/example_trigger_target_dag.py
[2021-12-13 20:22:12,827] {logging_mixin.py:104} INFO - [2021-12-13 20:22:12,827] {dag.py:1832} INFO - Sync 1 DAGs
[2021-12-13 20:22:12,834] {logging_mixin.py:104} INFO - [2021-12-13 20:22:12,834] {dag.py:2305} INFO - Setting next_dagrun for example_trigger_target_dag to None
[2021-12-13 20:22:12,852] {scheduler_job.py:190} INFO - Processing /home/airflow/airflow-course/venv/lib/python3.8/site-packages/airflow/example_dags/example_trigger_target_dag.py took 0.055 seconds
[2021-12-13 20:22:46,671] {scheduler_job.py:182} INFO - Started process (PID=2736) to work on /home/airflow/airflow-course/venv/lib/python3.8/site-packages/airflow/example_dags/example_trigger_target_dag.py
[2021-12-13 20:22:46,674] {scheduler_job.py:633} INFO - Processing file /home/airflow/airflow-course/venv/lib/python3.8/site-packages/airflow/example_dags/example_trigger_target_dag.py for tasks to queue
[2021-12-13 20:22:46,675] {logging_mixin.py:104} INFO - [2021-12-13 20:22:46,675] {dagbag.py:487} INFO - Filling up the DagBag from /home/airflow/airflow-course/venv/lib/python3.8/site-packages/airflow/example_dags/example_trigger_target_dag.py
[2021-12-13 20:22:46,691] {scheduler_job.py:643} INFO - DAG(s) dict_keys(['example_trigger_target_dag']) retrieved from /home/airflow/airflow-course/venv/lib/python3.8/site-packages/airflow/example_dags/example_trigger_target_dag.py
[2021-12-13 20:22:46,707] {logging_mixin.py:104} INFO - [2021-12-13 20:22:46,707] {dag.py:1832} INFO - Sync 1 DAGs
[2021-12-13 20:22:46,716] {logging_mixin.py:104} INFO - [2021-12-13 20:22:46,716] {dag.py:2305} INFO - Setting next_dagrun for example_trigger_target_dag to None
[2021-12-13 20:22:46,735] {scheduler_job.py:190} INFO - Processing /home/airflow/airflow-course/venv/lib/python3.8/site-packages/airflow/example_dags/example_trigger_target_dag.py took 0.068 seconds
[2021-12-13 20:23:19,311] {scheduler_job.py:182} INFO - Started process (PID=2768) to work on /home/airflow/airflow-course/venv/lib/python3.8/site-packages/airflow/example_dags/example_trigger_target_dag.py
[2021-12-13 20:23:19,312] {scheduler_job.py:633} INFO - Processing file /home/airflow/airflow-course/venv/lib/python3.8/site-packages/airflow/example_dags/example_trigger_target_dag.py for tasks to queue
[2021-12-13 20:23:19,313] {logging_mixin.py:104} INFO - [2021-12-13 20:23:19,313] {dagbag.py:487} INFO - Filling up the DagBag from /home/airflow/airflow-course/venv/lib/python3.8/site-packages/airflow/example_dags/example_trigger_target_dag.py
[2021-12-13 20:23:19,325] {scheduler_job.py:643} INFO - DAG(s) dict_keys(['example_trigger_target_dag']) retrieved from /home/airflow/airflow-course/venv/lib/python3.8/site-packages/airflow/example_dags/example_trigger_target_dag.py
[2021-12-13 20:23:19,338] {logging_mixin.py:104} INFO - [2021-12-13 20:23:19,338] {dag.py:1832} INFO - Sync 1 DAGs
[2021-12-13 20:23:19,345] {logging_mixin.py:104} INFO - [2021-12-13 20:23:19,345] {dag.py:2305} INFO - Setting next_dagrun for example_trigger_target_dag to None
[2021-12-13 20:23:19,363] {scheduler_job.py:190} INFO - Processing /home/airflow/airflow-course/venv/lib/python3.8/site-packages/airflow/example_dags/example_trigger_target_dag.py took 0.056 seconds
[2021-12-13 20:23:51,453] {scheduler_job.py:182} INFO - Started process (PID=2800) to work on /home/airflow/airflow-course/venv/lib/python3.8/site-packages/airflow/example_dags/example_trigger_target_dag.py
[2021-12-13 20:23:51,455] {scheduler_job.py:633} INFO - Processing file /home/airflow/airflow-course/venv/lib/python3.8/site-packages/airflow/example_dags/example_trigger_target_dag.py for tasks to queue
[2021-12-13 20:23:51,456] {logging_mixin.py:104} INFO - [2021-12-13 20:23:51,456] {dagbag.py:487} INFO - Filling up the DagBag from /home/airflow/airflow-course/venv/lib/python3.8/site-packages/airflow/example_dags/example_trigger_target_dag.py
[2021-12-13 20:23:51,470] {scheduler_job.py:643} INFO - DAG(s) dict_keys(['example_trigger_target_dag']) retrieved from /home/airflow/airflow-course/venv/lib/python3.8/site-packages/airflow/example_dags/example_trigger_target_dag.py
[2021-12-13 20:23:51,481] {logging_mixin.py:104} INFO - [2021-12-13 20:23:51,481] {dag.py:1832} INFO - Sync 1 DAGs
[2021-12-13 20:23:51,489] {logging_mixin.py:104} INFO - [2021-12-13 20:23:51,489] {dag.py:2305} INFO - Setting next_dagrun for example_trigger_target_dag to None
[2021-12-13 20:23:51,507] {scheduler_job.py:190} INFO - Processing /home/airflow/airflow-course/venv/lib/python3.8/site-packages/airflow/example_dags/example_trigger_target_dag.py took 0.057 seconds
[2021-12-13 20:24:25,915] {scheduler_job.py:182} INFO - Started process (PID=2864) to work on /home/airflow/airflow-course/venv/lib/python3.8/site-packages/airflow/example_dags/example_trigger_target_dag.py
[2021-12-13 20:24:25,922] {scheduler_job.py:633} INFO - Processing file /home/airflow/airflow-course/venv/lib/python3.8/site-packages/airflow/example_dags/example_trigger_target_dag.py for tasks to queue
[2021-12-13 20:24:25,922] {logging_mixin.py:104} INFO - [2021-12-13 20:24:25,922] {dagbag.py:487} INFO - Filling up the DagBag from /home/airflow/airflow-course/venv/lib/python3.8/site-packages/airflow/example_dags/example_trigger_target_dag.py
[2021-12-13 20:24:25,930] {scheduler_job.py:643} INFO - DAG(s) dict_keys(['example_trigger_target_dag']) retrieved from /home/airflow/airflow-course/venv/lib/python3.8/site-packages/airflow/example_dags/example_trigger_target_dag.py
[2021-12-13 20:24:25,987] {logging_mixin.py:104} INFO - [2021-12-13 20:24:25,987] {dag.py:1832} INFO - Sync 1 DAGs
[2021-12-13 20:24:25,993] {logging_mixin.py:104} INFO - [2021-12-13 20:24:25,993] {dag.py:2305} INFO - Setting next_dagrun for example_trigger_target_dag to None
[2021-12-13 20:24:26,041] {scheduler_job.py:190} INFO - Processing /home/airflow/airflow-course/venv/lib/python3.8/site-packages/airflow/example_dags/example_trigger_target_dag.py took 0.129 seconds
[2021-12-13 20:25:00,836] {scheduler_job.py:182} INFO - Started process (PID=2927) to work on /home/airflow/airflow-course/venv/lib/python3.8/site-packages/airflow/example_dags/example_trigger_target_dag.py
[2021-12-13 20:25:00,837] {scheduler_job.py:633} INFO - Processing file /home/airflow/airflow-course/venv/lib/python3.8/site-packages/airflow/example_dags/example_trigger_target_dag.py for tasks to queue
[2021-12-13 20:25:00,838] {logging_mixin.py:104} INFO - [2021-12-13 20:25:00,838] {dagbag.py:487} INFO - Filling up the DagBag from /home/airflow/airflow-course/venv/lib/python3.8/site-packages/airflow/example_dags/example_trigger_target_dag.py
[2021-12-13 20:25:00,852] {scheduler_job.py:643} INFO - DAG(s) dict_keys(['example_trigger_target_dag']) retrieved from /home/airflow/airflow-course/venv/lib/python3.8/site-packages/airflow/example_dags/example_trigger_target_dag.py
[2021-12-13 20:25:00,865] {logging_mixin.py:104} INFO - [2021-12-13 20:25:00,865] {dag.py:1832} INFO - Sync 1 DAGs
[2021-12-13 20:25:00,875] {logging_mixin.py:104} INFO - [2021-12-13 20:25:00,875] {dag.py:2305} INFO - Setting next_dagrun for example_trigger_target_dag to None
[2021-12-13 20:25:00,895] {scheduler_job.py:190} INFO - Processing /home/airflow/airflow-course/venv/lib/python3.8/site-packages/airflow/example_dags/example_trigger_target_dag.py took 0.063 seconds
[2021-12-13 20:25:35,540] {scheduler_job.py:182} INFO - Started process (PID=2963) to work on /home/airflow/airflow-course/venv/lib/python3.8/site-packages/airflow/example_dags/example_trigger_target_dag.py
[2021-12-13 20:25:35,541] {scheduler_job.py:633} INFO - Processing file /home/airflow/airflow-course/venv/lib/python3.8/site-packages/airflow/example_dags/example_trigger_target_dag.py for tasks to queue
[2021-12-13 20:25:35,542] {logging_mixin.py:104} INFO - [2021-12-13 20:25:35,542] {dagbag.py:487} INFO - Filling up the DagBag from /home/airflow/airflow-course/venv/lib/python3.8/site-packages/airflow/example_dags/example_trigger_target_dag.py
[2021-12-13 20:25:35,553] {scheduler_job.py:643} INFO - DAG(s) dict_keys(['example_trigger_target_dag']) retrieved from /home/airflow/airflow-course/venv/lib/python3.8/site-packages/airflow/example_dags/example_trigger_target_dag.py
[2021-12-13 20:25:35,564] {logging_mixin.py:104} INFO - [2021-12-13 20:25:35,564] {dag.py:1832} INFO - Sync 1 DAGs
[2021-12-13 20:25:35,574] {logging_mixin.py:104} INFO - [2021-12-13 20:25:35,573] {dag.py:2305} INFO - Setting next_dagrun for example_trigger_target_dag to None
[2021-12-13 20:25:35,591] {scheduler_job.py:190} INFO - Processing /home/airflow/airflow-course/venv/lib/python3.8/site-packages/airflow/example_dags/example_trigger_target_dag.py took 0.054 seconds
[2021-12-13 20:26:08,396] {scheduler_job.py:182} INFO - Started process (PID=2995) to work on /home/airflow/airflow-course/venv/lib/python3.8/site-packages/airflow/example_dags/example_trigger_target_dag.py
[2021-12-13 20:26:08,397] {scheduler_job.py:633} INFO - Processing file /home/airflow/airflow-course/venv/lib/python3.8/site-packages/airflow/example_dags/example_trigger_target_dag.py for tasks to queue
[2021-12-13 20:26:08,398] {logging_mixin.py:104} INFO - [2021-12-13 20:26:08,398] {dagbag.py:487} INFO - Filling up the DagBag from /home/airflow/airflow-course/venv/lib/python3.8/site-packages/airflow/example_dags/example_trigger_target_dag.py
[2021-12-13 20:26:08,414] {scheduler_job.py:643} INFO - DAG(s) dict_keys(['example_trigger_target_dag']) retrieved from /home/airflow/airflow-course/venv/lib/python3.8/site-packages/airflow/example_dags/example_trigger_target_dag.py
[2021-12-13 20:26:08,427] {logging_mixin.py:104} INFO - [2021-12-13 20:26:08,427] {dag.py:1832} INFO - Sync 1 DAGs
[2021-12-13 20:26:08,436] {logging_mixin.py:104} INFO - [2021-12-13 20:26:08,436] {dag.py:2305} INFO - Setting next_dagrun for example_trigger_target_dag to None
[2021-12-13 20:26:08,455] {scheduler_job.py:190} INFO - Processing /home/airflow/airflow-course/venv/lib/python3.8/site-packages/airflow/example_dags/example_trigger_target_dag.py took 0.064 seconds
[2021-12-13 20:26:40,702] {scheduler_job.py:182} INFO - Started process (PID=3027) to work on /home/airflow/airflow-course/venv/lib/python3.8/site-packages/airflow/example_dags/example_trigger_target_dag.py
[2021-12-13 20:26:40,703] {scheduler_job.py:633} INFO - Processing file /home/airflow/airflow-course/venv/lib/python3.8/site-packages/airflow/example_dags/example_trigger_target_dag.py for tasks to queue
[2021-12-13 20:26:40,706] {logging_mixin.py:104} INFO - [2021-12-13 20:26:40,706] {dagbag.py:487} INFO - Filling up the DagBag from /home/airflow/airflow-course/venv/lib/python3.8/site-packages/airflow/example_dags/example_trigger_target_dag.py
[2021-12-13 20:26:40,721] {scheduler_job.py:643} INFO - DAG(s) dict_keys(['example_trigger_target_dag']) retrieved from /home/airflow/airflow-course/venv/lib/python3.8/site-packages/airflow/example_dags/example_trigger_target_dag.py
[2021-12-13 20:26:40,733] {logging_mixin.py:104} INFO - [2021-12-13 20:26:40,733] {dag.py:1832} INFO - Sync 1 DAGs
[2021-12-13 20:26:40,743] {logging_mixin.py:104} INFO - [2021-12-13 20:26:40,743] {dag.py:2305} INFO - Setting next_dagrun for example_trigger_target_dag to None
[2021-12-13 20:26:40,760] {scheduler_job.py:190} INFO - Processing /home/airflow/airflow-course/venv/lib/python3.8/site-packages/airflow/example_dags/example_trigger_target_dag.py took 0.062 seconds
[2021-12-13 20:27:13,033] {scheduler_job.py:182} INFO - Started process (PID=3103) to work on /home/airflow/airflow-course/venv/lib/python3.8/site-packages/airflow/example_dags/example_trigger_target_dag.py
[2021-12-13 20:27:13,035] {scheduler_job.py:633} INFO - Processing file /home/airflow/airflow-course/venv/lib/python3.8/site-packages/airflow/example_dags/example_trigger_target_dag.py for tasks to queue
[2021-12-13 20:27:13,036] {logging_mixin.py:104} INFO - [2021-12-13 20:27:13,036] {dagbag.py:487} INFO - Filling up the DagBag from /home/airflow/airflow-course/venv/lib/python3.8/site-packages/airflow/example_dags/example_trigger_target_dag.py
[2021-12-13 20:27:13,052] {scheduler_job.py:643} INFO - DAG(s) dict_keys(['example_trigger_target_dag']) retrieved from /home/airflow/airflow-course/venv/lib/python3.8/site-packages/airflow/example_dags/example_trigger_target_dag.py
[2021-12-13 20:27:13,064] {logging_mixin.py:104} INFO - [2021-12-13 20:27:13,064] {dag.py:1832} INFO - Sync 1 DAGs
[2021-12-13 20:27:13,073] {logging_mixin.py:104} INFO - [2021-12-13 20:27:13,073] {dag.py:2305} INFO - Setting next_dagrun for example_trigger_target_dag to None
[2021-12-13 20:27:13,092] {scheduler_job.py:190} INFO - Processing /home/airflow/airflow-course/venv/lib/python3.8/site-packages/airflow/example_dags/example_trigger_target_dag.py took 0.064 seconds
