[2021-12-13 20:22:02,344] {scheduler_job.py:182} INFO - Started process (PID=2588) to work on /home/airflow/airflow-course/venv/lib/python3.8/site-packages/airflow/example_dags/tutorial_etl_dag.py
[2021-12-13 20:22:02,345] {scheduler_job.py:633} INFO - Processing file /home/airflow/airflow-course/venv/lib/python3.8/site-packages/airflow/example_dags/tutorial_etl_dag.py for tasks to queue
[2021-12-13 20:22:02,346] {logging_mixin.py:104} INFO - [2021-12-13 20:22:02,346] {dagbag.py:487} INFO - Filling up the DagBag from /home/airflow/airflow-course/venv/lib/python3.8/site-packages/airflow/example_dags/tutorial_etl_dag.py
[2021-12-13 20:22:02,359] {scheduler_job.py:643} INFO - DAG(s) dict_keys(['tutorial_etl_dag']) retrieved from /home/airflow/airflow-course/venv/lib/python3.8/site-packages/airflow/example_dags/tutorial_etl_dag.py
[2021-12-13 20:22:02,371] {logging_mixin.py:104} INFO - [2021-12-13 20:22:02,371] {dag.py:1832} INFO - Sync 1 DAGs
[2021-12-13 20:22:02,378] {logging_mixin.py:104} INFO - [2021-12-13 20:22:02,378] {dag.py:2305} INFO - Setting next_dagrun for tutorial_etl_dag to None
[2021-12-13 20:22:02,396] {scheduler_job.py:190} INFO - Processing /home/airflow/airflow-course/venv/lib/python3.8/site-packages/airflow/example_dags/tutorial_etl_dag.py took 0.056 seconds
[2021-12-13 20:22:36,130] {scheduler_job.py:182} INFO - Started process (PID=2726) to work on /home/airflow/airflow-course/venv/lib/python3.8/site-packages/airflow/example_dags/tutorial_etl_dag.py
[2021-12-13 20:22:36,133] {scheduler_job.py:633} INFO - Processing file /home/airflow/airflow-course/venv/lib/python3.8/site-packages/airflow/example_dags/tutorial_etl_dag.py for tasks to queue
[2021-12-13 20:22:36,133] {logging_mixin.py:104} INFO - [2021-12-13 20:22:36,133] {dagbag.py:487} INFO - Filling up the DagBag from /home/airflow/airflow-course/venv/lib/python3.8/site-packages/airflow/example_dags/tutorial_etl_dag.py
[2021-12-13 20:22:36,144] {scheduler_job.py:643} INFO - DAG(s) dict_keys(['tutorial_etl_dag']) retrieved from /home/airflow/airflow-course/venv/lib/python3.8/site-packages/airflow/example_dags/tutorial_etl_dag.py
[2021-12-13 20:22:36,157] {logging_mixin.py:104} INFO - [2021-12-13 20:22:36,157] {dag.py:1832} INFO - Sync 1 DAGs
[2021-12-13 20:22:36,164] {logging_mixin.py:104} INFO - [2021-12-13 20:22:36,164] {dag.py:2305} INFO - Setting next_dagrun for tutorial_etl_dag to None
[2021-12-13 20:22:36,182] {scheduler_job.py:190} INFO - Processing /home/airflow/airflow-course/venv/lib/python3.8/site-packages/airflow/example_dags/tutorial_etl_dag.py took 0.055 seconds
[2021-12-13 20:23:09,629] {scheduler_job.py:182} INFO - Started process (PID=2758) to work on /home/airflow/airflow-course/venv/lib/python3.8/site-packages/airflow/example_dags/tutorial_etl_dag.py
[2021-12-13 20:23:09,630] {scheduler_job.py:633} INFO - Processing file /home/airflow/airflow-course/venv/lib/python3.8/site-packages/airflow/example_dags/tutorial_etl_dag.py for tasks to queue
[2021-12-13 20:23:09,630] {logging_mixin.py:104} INFO - [2021-12-13 20:23:09,630] {dagbag.py:487} INFO - Filling up the DagBag from /home/airflow/airflow-course/venv/lib/python3.8/site-packages/airflow/example_dags/tutorial_etl_dag.py
[2021-12-13 20:23:09,641] {scheduler_job.py:643} INFO - DAG(s) dict_keys(['tutorial_etl_dag']) retrieved from /home/airflow/airflow-course/venv/lib/python3.8/site-packages/airflow/example_dags/tutorial_etl_dag.py
[2021-12-13 20:23:09,653] {logging_mixin.py:104} INFO - [2021-12-13 20:23:09,653] {dag.py:1832} INFO - Sync 1 DAGs
[2021-12-13 20:23:09,660] {logging_mixin.py:104} INFO - [2021-12-13 20:23:09,660] {dag.py:2305} INFO - Setting next_dagrun for tutorial_etl_dag to None
[2021-12-13 20:23:09,679] {scheduler_job.py:190} INFO - Processing /home/airflow/airflow-course/venv/lib/python3.8/site-packages/airflow/example_dags/tutorial_etl_dag.py took 0.065 seconds
[2021-12-13 20:23:41,137] {scheduler_job.py:182} INFO - Started process (PID=2790) to work on /home/airflow/airflow-course/venv/lib/python3.8/site-packages/airflow/example_dags/tutorial_etl_dag.py
[2021-12-13 20:23:41,138] {scheduler_job.py:633} INFO - Processing file /home/airflow/airflow-course/venv/lib/python3.8/site-packages/airflow/example_dags/tutorial_etl_dag.py for tasks to queue
[2021-12-13 20:23:41,139] {logging_mixin.py:104} INFO - [2021-12-13 20:23:41,139] {dagbag.py:487} INFO - Filling up the DagBag from /home/airflow/airflow-course/venv/lib/python3.8/site-packages/airflow/example_dags/tutorial_etl_dag.py
[2021-12-13 20:23:41,148] {scheduler_job.py:643} INFO - DAG(s) dict_keys(['tutorial_etl_dag']) retrieved from /home/airflow/airflow-course/venv/lib/python3.8/site-packages/airflow/example_dags/tutorial_etl_dag.py
[2021-12-13 20:23:41,159] {logging_mixin.py:104} INFO - [2021-12-13 20:23:41,159] {dag.py:1832} INFO - Sync 1 DAGs
[2021-12-13 20:23:41,166] {logging_mixin.py:104} INFO - [2021-12-13 20:23:41,166] {dag.py:2305} INFO - Setting next_dagrun for tutorial_etl_dag to None
[2021-12-13 20:23:41,187] {scheduler_job.py:190} INFO - Processing /home/airflow/airflow-course/venv/lib/python3.8/site-packages/airflow/example_dags/tutorial_etl_dag.py took 0.053 seconds
[2021-12-13 20:24:14,707] {scheduler_job.py:182} INFO - Started process (PID=2822) to work on /home/airflow/airflow-course/venv/lib/python3.8/site-packages/airflow/example_dags/tutorial_etl_dag.py
[2021-12-13 20:24:14,708] {scheduler_job.py:633} INFO - Processing file /home/airflow/airflow-course/venv/lib/python3.8/site-packages/airflow/example_dags/tutorial_etl_dag.py for tasks to queue
[2021-12-13 20:24:14,710] {logging_mixin.py:104} INFO - [2021-12-13 20:24:14,710] {dagbag.py:487} INFO - Filling up the DagBag from /home/airflow/airflow-course/venv/lib/python3.8/site-packages/airflow/example_dags/tutorial_etl_dag.py
[2021-12-13 20:24:14,723] {scheduler_job.py:643} INFO - DAG(s) dict_keys(['tutorial_etl_dag']) retrieved from /home/airflow/airflow-course/venv/lib/python3.8/site-packages/airflow/example_dags/tutorial_etl_dag.py
[2021-12-13 20:24:14,735] {logging_mixin.py:104} INFO - [2021-12-13 20:24:14,735] {dag.py:1832} INFO - Sync 1 DAGs
[2021-12-13 20:24:14,743] {logging_mixin.py:104} INFO - [2021-12-13 20:24:14,742] {dag.py:2305} INFO - Setting next_dagrun for tutorial_etl_dag to None
[2021-12-13 20:24:14,761] {scheduler_job.py:190} INFO - Processing /home/airflow/airflow-course/venv/lib/python3.8/site-packages/airflow/example_dags/tutorial_etl_dag.py took 0.058 seconds
[2021-12-13 20:24:49,163] {scheduler_job.py:182} INFO - Started process (PID=2916) to work on /home/airflow/airflow-course/venv/lib/python3.8/site-packages/airflow/example_dags/tutorial_etl_dag.py
[2021-12-13 20:24:49,165] {scheduler_job.py:633} INFO - Processing file /home/airflow/airflow-course/venv/lib/python3.8/site-packages/airflow/example_dags/tutorial_etl_dag.py for tasks to queue
[2021-12-13 20:24:49,165] {logging_mixin.py:104} INFO - [2021-12-13 20:24:49,165] {dagbag.py:487} INFO - Filling up the DagBag from /home/airflow/airflow-course/venv/lib/python3.8/site-packages/airflow/example_dags/tutorial_etl_dag.py
[2021-12-13 20:24:49,176] {scheduler_job.py:643} INFO - DAG(s) dict_keys(['tutorial_etl_dag']) retrieved from /home/airflow/airflow-course/venv/lib/python3.8/site-packages/airflow/example_dags/tutorial_etl_dag.py
[2021-12-13 20:24:49,186] {logging_mixin.py:104} INFO - [2021-12-13 20:24:49,186] {dag.py:1832} INFO - Sync 1 DAGs
[2021-12-13 20:24:49,194] {logging_mixin.py:104} INFO - [2021-12-13 20:24:49,194] {dag.py:2305} INFO - Setting next_dagrun for tutorial_etl_dag to None
[2021-12-13 20:24:49,215] {scheduler_job.py:190} INFO - Processing /home/airflow/airflow-course/venv/lib/python3.8/site-packages/airflow/example_dags/tutorial_etl_dag.py took 0.055 seconds
[2021-12-13 20:25:22,691] {scheduler_job.py:182} INFO - Started process (PID=2950) to work on /home/airflow/airflow-course/venv/lib/python3.8/site-packages/airflow/example_dags/tutorial_etl_dag.py
[2021-12-13 20:25:22,692] {scheduler_job.py:633} INFO - Processing file /home/airflow/airflow-course/venv/lib/python3.8/site-packages/airflow/example_dags/tutorial_etl_dag.py for tasks to queue
[2021-12-13 20:25:22,693] {logging_mixin.py:104} INFO - [2021-12-13 20:25:22,693] {dagbag.py:487} INFO - Filling up the DagBag from /home/airflow/airflow-course/venv/lib/python3.8/site-packages/airflow/example_dags/tutorial_etl_dag.py
[2021-12-13 20:25:22,706] {scheduler_job.py:643} INFO - DAG(s) dict_keys(['tutorial_etl_dag']) retrieved from /home/airflow/airflow-course/venv/lib/python3.8/site-packages/airflow/example_dags/tutorial_etl_dag.py
[2021-12-13 20:25:22,719] {logging_mixin.py:104} INFO - [2021-12-13 20:25:22,719] {dag.py:1832} INFO - Sync 1 DAGs
[2021-12-13 20:25:22,727] {logging_mixin.py:104} INFO - [2021-12-13 20:25:22,727] {dag.py:2305} INFO - Setting next_dagrun for tutorial_etl_dag to None
[2021-12-13 20:25:22,747] {scheduler_job.py:190} INFO - Processing /home/airflow/airflow-course/venv/lib/python3.8/site-packages/airflow/example_dags/tutorial_etl_dag.py took 0.061 seconds
[2021-12-13 20:25:56,338] {scheduler_job.py:182} INFO - Started process (PID=2983) to work on /home/airflow/airflow-course/venv/lib/python3.8/site-packages/airflow/example_dags/tutorial_etl_dag.py
[2021-12-13 20:25:56,339] {scheduler_job.py:633} INFO - Processing file /home/airflow/airflow-course/venv/lib/python3.8/site-packages/airflow/example_dags/tutorial_etl_dag.py for tasks to queue
[2021-12-13 20:25:56,340] {logging_mixin.py:104} INFO - [2021-12-13 20:25:56,340] {dagbag.py:487} INFO - Filling up the DagBag from /home/airflow/airflow-course/venv/lib/python3.8/site-packages/airflow/example_dags/tutorial_etl_dag.py
[2021-12-13 20:25:56,352] {scheduler_job.py:643} INFO - DAG(s) dict_keys(['tutorial_etl_dag']) retrieved from /home/airflow/airflow-course/venv/lib/python3.8/site-packages/airflow/example_dags/tutorial_etl_dag.py
[2021-12-13 20:25:56,363] {logging_mixin.py:104} INFO - [2021-12-13 20:25:56,363] {dag.py:1832} INFO - Sync 1 DAGs
[2021-12-13 20:25:56,372] {logging_mixin.py:104} INFO - [2021-12-13 20:25:56,372] {dag.py:2305} INFO - Setting next_dagrun for tutorial_etl_dag to None
[2021-12-13 20:25:56,392] {scheduler_job.py:190} INFO - Processing /home/airflow/airflow-course/venv/lib/python3.8/site-packages/airflow/example_dags/tutorial_etl_dag.py took 0.057 seconds
[2021-12-13 20:26:27,878] {scheduler_job.py:182} INFO - Started process (PID=3015) to work on /home/airflow/airflow-course/venv/lib/python3.8/site-packages/airflow/example_dags/tutorial_etl_dag.py
[2021-12-13 20:26:27,879] {scheduler_job.py:633} INFO - Processing file /home/airflow/airflow-course/venv/lib/python3.8/site-packages/airflow/example_dags/tutorial_etl_dag.py for tasks to queue
[2021-12-13 20:26:27,880] {logging_mixin.py:104} INFO - [2021-12-13 20:26:27,880] {dagbag.py:487} INFO - Filling up the DagBag from /home/airflow/airflow-course/venv/lib/python3.8/site-packages/airflow/example_dags/tutorial_etl_dag.py
[2021-12-13 20:26:27,892] {scheduler_job.py:643} INFO - DAG(s) dict_keys(['tutorial_etl_dag']) retrieved from /home/airflow/airflow-course/venv/lib/python3.8/site-packages/airflow/example_dags/tutorial_etl_dag.py
[2021-12-13 20:26:27,904] {logging_mixin.py:104} INFO - [2021-12-13 20:26:27,904] {dag.py:1832} INFO - Sync 1 DAGs
[2021-12-13 20:26:27,913] {logging_mixin.py:104} INFO - [2021-12-13 20:26:27,913] {dag.py:2305} INFO - Setting next_dagrun for tutorial_etl_dag to None
[2021-12-13 20:26:27,935] {scheduler_job.py:190} INFO - Processing /home/airflow/airflow-course/venv/lib/python3.8/site-packages/airflow/example_dags/tutorial_etl_dag.py took 0.060 seconds
[2021-12-13 20:27:01,382] {scheduler_job.py:182} INFO - Started process (PID=3091) to work on /home/airflow/airflow-course/venv/lib/python3.8/site-packages/airflow/example_dags/tutorial_etl_dag.py
[2021-12-13 20:27:01,383] {scheduler_job.py:633} INFO - Processing file /home/airflow/airflow-course/venv/lib/python3.8/site-packages/airflow/example_dags/tutorial_etl_dag.py for tasks to queue
[2021-12-13 20:27:01,385] {logging_mixin.py:104} INFO - [2021-12-13 20:27:01,385] {dagbag.py:487} INFO - Filling up the DagBag from /home/airflow/airflow-course/venv/lib/python3.8/site-packages/airflow/example_dags/tutorial_etl_dag.py
[2021-12-13 20:27:01,397] {scheduler_job.py:643} INFO - DAG(s) dict_keys(['tutorial_etl_dag']) retrieved from /home/airflow/airflow-course/venv/lib/python3.8/site-packages/airflow/example_dags/tutorial_etl_dag.py
[2021-12-13 20:27:01,410] {logging_mixin.py:104} INFO - [2021-12-13 20:27:01,410] {dag.py:1832} INFO - Sync 1 DAGs
[2021-12-13 20:27:01,420] {logging_mixin.py:104} INFO - [2021-12-13 20:27:01,420] {dag.py:2305} INFO - Setting next_dagrun for tutorial_etl_dag to None
[2021-12-13 20:27:01,439] {scheduler_job.py:190} INFO - Processing /home/airflow/airflow-course/venv/lib/python3.8/site-packages/airflow/example_dags/tutorial_etl_dag.py took 0.061 seconds
