[2021-12-13 20:22:12,193] {scheduler_job.py:182} INFO - Started process (PID=2643) to work on /home/airflow/airflow-course/venv/lib/python3.8/site-packages/airflow/example_dags/tutorial_taskflow_api_etl.py
[2021-12-13 20:22:12,197] {scheduler_job.py:633} INFO - Processing file /home/airflow/airflow-course/venv/lib/python3.8/site-packages/airflow/example_dags/tutorial_taskflow_api_etl.py for tasks to queue
[2021-12-13 20:22:12,198] {logging_mixin.py:104} INFO - [2021-12-13 20:22:12,197] {dagbag.py:487} INFO - Filling up the DagBag from /home/airflow/airflow-course/venv/lib/python3.8/site-packages/airflow/example_dags/tutorial_taskflow_api_etl.py
[2021-12-13 20:22:12,213] {scheduler_job.py:643} INFO - DAG(s) dict_keys(['tutorial_taskflow_api_etl']) retrieved from /home/airflow/airflow-course/venv/lib/python3.8/site-packages/airflow/example_dags/tutorial_taskflow_api_etl.py
[2021-12-13 20:22:12,444] {logging_mixin.py:104} INFO - [2021-12-13 20:22:12,444] {dag.py:1832} INFO - Sync 1 DAGs
[2021-12-13 20:22:12,450] {logging_mixin.py:104} INFO - [2021-12-13 20:22:12,450] {dag.py:2305} INFO - Setting next_dagrun for tutorial_taskflow_api_etl to None
[2021-12-13 20:22:12,469] {scheduler_job.py:190} INFO - Processing /home/airflow/airflow-course/venv/lib/python3.8/site-packages/airflow/example_dags/tutorial_taskflow_api_etl.py took 0.281 seconds
[2021-12-13 20:22:45,314] {scheduler_job.py:182} INFO - Started process (PID=2735) to work on /home/airflow/airflow-course/venv/lib/python3.8/site-packages/airflow/example_dags/tutorial_taskflow_api_etl.py
[2021-12-13 20:22:45,316] {scheduler_job.py:633} INFO - Processing file /home/airflow/airflow-course/venv/lib/python3.8/site-packages/airflow/example_dags/tutorial_taskflow_api_etl.py for tasks to queue
[2021-12-13 20:22:45,316] {logging_mixin.py:104} INFO - [2021-12-13 20:22:45,316] {dagbag.py:487} INFO - Filling up the DagBag from /home/airflow/airflow-course/venv/lib/python3.8/site-packages/airflow/example_dags/tutorial_taskflow_api_etl.py
[2021-12-13 20:22:45,338] {scheduler_job.py:643} INFO - DAG(s) dict_keys(['tutorial_taskflow_api_etl']) retrieved from /home/airflow/airflow-course/venv/lib/python3.8/site-packages/airflow/example_dags/tutorial_taskflow_api_etl.py
[2021-12-13 20:22:45,528] {logging_mixin.py:104} INFO - [2021-12-13 20:22:45,528] {dag.py:1832} INFO - Sync 1 DAGs
[2021-12-13 20:22:45,533] {logging_mixin.py:104} INFO - [2021-12-13 20:22:45,533] {dag.py:2305} INFO - Setting next_dagrun for tutorial_taskflow_api_etl to None
[2021-12-13 20:22:45,551] {scheduler_job.py:190} INFO - Processing /home/airflow/airflow-course/venv/lib/python3.8/site-packages/airflow/example_dags/tutorial_taskflow_api_etl.py took 0.242 seconds
[2021-12-13 20:23:17,957] {scheduler_job.py:182} INFO - Started process (PID=2767) to work on /home/airflow/airflow-course/venv/lib/python3.8/site-packages/airflow/example_dags/tutorial_taskflow_api_etl.py
[2021-12-13 20:23:17,959] {scheduler_job.py:633} INFO - Processing file /home/airflow/airflow-course/venv/lib/python3.8/site-packages/airflow/example_dags/tutorial_taskflow_api_etl.py for tasks to queue
[2021-12-13 20:23:17,962] {logging_mixin.py:104} INFO - [2021-12-13 20:23:17,962] {dagbag.py:487} INFO - Filling up the DagBag from /home/airflow/airflow-course/venv/lib/python3.8/site-packages/airflow/example_dags/tutorial_taskflow_api_etl.py
[2021-12-13 20:23:17,977] {scheduler_job.py:643} INFO - DAG(s) dict_keys(['tutorial_taskflow_api_etl']) retrieved from /home/airflow/airflow-course/venv/lib/python3.8/site-packages/airflow/example_dags/tutorial_taskflow_api_etl.py
[2021-12-13 20:23:18,175] {logging_mixin.py:104} INFO - [2021-12-13 20:23:18,175] {dag.py:1832} INFO - Sync 1 DAGs
[2021-12-13 20:23:18,180] {logging_mixin.py:104} INFO - [2021-12-13 20:23:18,180] {dag.py:2305} INFO - Setting next_dagrun for tutorial_taskflow_api_etl to None
[2021-12-13 20:23:18,200] {scheduler_job.py:190} INFO - Processing /home/airflow/airflow-course/venv/lib/python3.8/site-packages/airflow/example_dags/tutorial_taskflow_api_etl.py took 0.246 seconds
[2021-12-13 20:23:50,713] {scheduler_job.py:182} INFO - Started process (PID=2799) to work on /home/airflow/airflow-course/venv/lib/python3.8/site-packages/airflow/example_dags/tutorial_taskflow_api_etl.py
[2021-12-13 20:23:50,716] {scheduler_job.py:633} INFO - Processing file /home/airflow/airflow-course/venv/lib/python3.8/site-packages/airflow/example_dags/tutorial_taskflow_api_etl.py for tasks to queue
[2021-12-13 20:23:50,716] {logging_mixin.py:104} INFO - [2021-12-13 20:23:50,716] {dagbag.py:487} INFO - Filling up the DagBag from /home/airflow/airflow-course/venv/lib/python3.8/site-packages/airflow/example_dags/tutorial_taskflow_api_etl.py
[2021-12-13 20:23:50,733] {scheduler_job.py:643} INFO - DAG(s) dict_keys(['tutorial_taskflow_api_etl']) retrieved from /home/airflow/airflow-course/venv/lib/python3.8/site-packages/airflow/example_dags/tutorial_taskflow_api_etl.py
[2021-12-13 20:23:50,931] {logging_mixin.py:104} INFO - [2021-12-13 20:23:50,931] {dag.py:1832} INFO - Sync 1 DAGs
[2021-12-13 20:23:50,935] {logging_mixin.py:104} INFO - [2021-12-13 20:23:50,935] {dag.py:2305} INFO - Setting next_dagrun for tutorial_taskflow_api_etl to None
[2021-12-13 20:23:50,956] {scheduler_job.py:190} INFO - Processing /home/airflow/airflow-course/venv/lib/python3.8/site-packages/airflow/example_dags/tutorial_taskflow_api_etl.py took 0.246 seconds
[2021-12-13 20:24:24,151] {scheduler_job.py:182} INFO - Started process (PID=2848) to work on /home/airflow/airflow-course/venv/lib/python3.8/site-packages/airflow/example_dags/tutorial_taskflow_api_etl.py
[2021-12-13 20:24:24,151] {scheduler_job.py:633} INFO - Processing file /home/airflow/airflow-course/venv/lib/python3.8/site-packages/airflow/example_dags/tutorial_taskflow_api_etl.py for tasks to queue
[2021-12-13 20:24:24,152] {logging_mixin.py:104} INFO - [2021-12-13 20:24:24,152] {dagbag.py:487} INFO - Filling up the DagBag from /home/airflow/airflow-course/venv/lib/python3.8/site-packages/airflow/example_dags/tutorial_taskflow_api_etl.py
[2021-12-13 20:24:24,174] {scheduler_job.py:643} INFO - DAG(s) dict_keys(['tutorial_taskflow_api_etl']) retrieved from /home/airflow/airflow-course/venv/lib/python3.8/site-packages/airflow/example_dags/tutorial_taskflow_api_etl.py
[2021-12-13 20:24:24,775] {logging_mixin.py:104} INFO - [2021-12-13 20:24:24,775] {dag.py:1832} INFO - Sync 1 DAGs
[2021-12-13 20:24:24,781] {logging_mixin.py:104} INFO - [2021-12-13 20:24:24,780] {dag.py:2305} INFO - Setting next_dagrun for tutorial_taskflow_api_etl to None
[2021-12-13 20:24:24,811] {scheduler_job.py:190} INFO - Processing /home/airflow/airflow-course/venv/lib/python3.8/site-packages/airflow/example_dags/tutorial_taskflow_api_etl.py took 0.662 seconds
[2021-12-13 20:24:59,463] {scheduler_job.py:182} INFO - Started process (PID=2926) to work on /home/airflow/airflow-course/venv/lib/python3.8/site-packages/airflow/example_dags/tutorial_taskflow_api_etl.py
[2021-12-13 20:24:59,465] {scheduler_job.py:633} INFO - Processing file /home/airflow/airflow-course/venv/lib/python3.8/site-packages/airflow/example_dags/tutorial_taskflow_api_etl.py for tasks to queue
[2021-12-13 20:24:59,466] {logging_mixin.py:104} INFO - [2021-12-13 20:24:59,466] {dagbag.py:487} INFO - Filling up the DagBag from /home/airflow/airflow-course/venv/lib/python3.8/site-packages/airflow/example_dags/tutorial_taskflow_api_etl.py
[2021-12-13 20:24:59,484] {scheduler_job.py:643} INFO - DAG(s) dict_keys(['tutorial_taskflow_api_etl']) retrieved from /home/airflow/airflow-course/venv/lib/python3.8/site-packages/airflow/example_dags/tutorial_taskflow_api_etl.py
[2021-12-13 20:24:59,683] {logging_mixin.py:104} INFO - [2021-12-13 20:24:59,683] {dag.py:1832} INFO - Sync 1 DAGs
[2021-12-13 20:24:59,688] {logging_mixin.py:104} INFO - [2021-12-13 20:24:59,688] {dag.py:2305} INFO - Setting next_dagrun for tutorial_taskflow_api_etl to None
[2021-12-13 20:24:59,700] {scheduler_job.py:190} INFO - Processing /home/airflow/airflow-course/venv/lib/python3.8/site-packages/airflow/example_dags/tutorial_taskflow_api_etl.py took 0.242 seconds
[2021-12-13 20:25:33,007] {scheduler_job.py:182} INFO - Started process (PID=2960) to work on /home/airflow/airflow-course/venv/lib/python3.8/site-packages/airflow/example_dags/tutorial_taskflow_api_etl.py
[2021-12-13 20:25:33,009] {scheduler_job.py:633} INFO - Processing file /home/airflow/airflow-course/venv/lib/python3.8/site-packages/airflow/example_dags/tutorial_taskflow_api_etl.py for tasks to queue
[2021-12-13 20:25:33,010] {logging_mixin.py:104} INFO - [2021-12-13 20:25:33,010] {dagbag.py:487} INFO - Filling up the DagBag from /home/airflow/airflow-course/venv/lib/python3.8/site-packages/airflow/example_dags/tutorial_taskflow_api_etl.py
[2021-12-13 20:25:33,028] {scheduler_job.py:643} INFO - DAG(s) dict_keys(['tutorial_taskflow_api_etl']) retrieved from /home/airflow/airflow-course/venv/lib/python3.8/site-packages/airflow/example_dags/tutorial_taskflow_api_etl.py
[2021-12-13 20:25:33,228] {logging_mixin.py:104} INFO - [2021-12-13 20:25:33,228] {dag.py:1832} INFO - Sync 1 DAGs
[2021-12-13 20:25:33,232] {logging_mixin.py:104} INFO - [2021-12-13 20:25:33,232] {dag.py:2305} INFO - Setting next_dagrun for tutorial_taskflow_api_etl to None
[2021-12-13 20:25:33,252] {scheduler_job.py:190} INFO - Processing /home/airflow/airflow-course/venv/lib/python3.8/site-packages/airflow/example_dags/tutorial_taskflow_api_etl.py took 0.249 seconds
[2021-12-13 20:26:07,025] {scheduler_job.py:182} INFO - Started process (PID=2994) to work on /home/airflow/airflow-course/venv/lib/python3.8/site-packages/airflow/example_dags/tutorial_taskflow_api_etl.py
[2021-12-13 20:26:07,029] {scheduler_job.py:633} INFO - Processing file /home/airflow/airflow-course/venv/lib/python3.8/site-packages/airflow/example_dags/tutorial_taskflow_api_etl.py for tasks to queue
[2021-12-13 20:26:07,030] {logging_mixin.py:104} INFO - [2021-12-13 20:26:07,029] {dagbag.py:487} INFO - Filling up the DagBag from /home/airflow/airflow-course/venv/lib/python3.8/site-packages/airflow/example_dags/tutorial_taskflow_api_etl.py
[2021-12-13 20:26:07,042] {scheduler_job.py:643} INFO - DAG(s) dict_keys(['tutorial_taskflow_api_etl']) retrieved from /home/airflow/airflow-course/venv/lib/python3.8/site-packages/airflow/example_dags/tutorial_taskflow_api_etl.py
[2021-12-13 20:26:07,233] {logging_mixin.py:104} INFO - [2021-12-13 20:26:07,233] {dag.py:1832} INFO - Sync 1 DAGs
[2021-12-13 20:26:07,238] {logging_mixin.py:104} INFO - [2021-12-13 20:26:07,238] {dag.py:2305} INFO - Setting next_dagrun for tutorial_taskflow_api_etl to None
[2021-12-13 20:26:07,259] {scheduler_job.py:190} INFO - Processing /home/airflow/airflow-course/venv/lib/python3.8/site-packages/airflow/example_dags/tutorial_taskflow_api_etl.py took 0.237 seconds
[2021-12-13 20:26:39,328] {scheduler_job.py:182} INFO - Started process (PID=3026) to work on /home/airflow/airflow-course/venv/lib/python3.8/site-packages/airflow/example_dags/tutorial_taskflow_api_etl.py
[2021-12-13 20:26:39,330] {scheduler_job.py:633} INFO - Processing file /home/airflow/airflow-course/venv/lib/python3.8/site-packages/airflow/example_dags/tutorial_taskflow_api_etl.py for tasks to queue
[2021-12-13 20:26:39,331] {logging_mixin.py:104} INFO - [2021-12-13 20:26:39,331] {dagbag.py:487} INFO - Filling up the DagBag from /home/airflow/airflow-course/venv/lib/python3.8/site-packages/airflow/example_dags/tutorial_taskflow_api_etl.py
[2021-12-13 20:26:39,344] {scheduler_job.py:643} INFO - DAG(s) dict_keys(['tutorial_taskflow_api_etl']) retrieved from /home/airflow/airflow-course/venv/lib/python3.8/site-packages/airflow/example_dags/tutorial_taskflow_api_etl.py
[2021-12-13 20:26:39,535] {logging_mixin.py:104} INFO - [2021-12-13 20:26:39,535] {dag.py:1832} INFO - Sync 1 DAGs
[2021-12-13 20:26:39,539] {logging_mixin.py:104} INFO - [2021-12-13 20:26:39,539] {dag.py:2305} INFO - Setting next_dagrun for tutorial_taskflow_api_etl to None
[2021-12-13 20:26:39,558] {scheduler_job.py:190} INFO - Processing /home/airflow/airflow-course/venv/lib/python3.8/site-packages/airflow/example_dags/tutorial_taskflow_api_etl.py took 0.234 seconds
[2021-12-13 20:27:11,676] {scheduler_job.py:182} INFO - Started process (PID=3102) to work on /home/airflow/airflow-course/venv/lib/python3.8/site-packages/airflow/example_dags/tutorial_taskflow_api_etl.py
[2021-12-13 20:27:11,678] {scheduler_job.py:633} INFO - Processing file /home/airflow/airflow-course/venv/lib/python3.8/site-packages/airflow/example_dags/tutorial_taskflow_api_etl.py for tasks to queue
[2021-12-13 20:27:11,679] {logging_mixin.py:104} INFO - [2021-12-13 20:27:11,678] {dagbag.py:487} INFO - Filling up the DagBag from /home/airflow/airflow-course/venv/lib/python3.8/site-packages/airflow/example_dags/tutorial_taskflow_api_etl.py
[2021-12-13 20:27:11,697] {scheduler_job.py:643} INFO - DAG(s) dict_keys(['tutorial_taskflow_api_etl']) retrieved from /home/airflow/airflow-course/venv/lib/python3.8/site-packages/airflow/example_dags/tutorial_taskflow_api_etl.py
[2021-12-13 20:27:11,891] {logging_mixin.py:104} INFO - [2021-12-13 20:27:11,891] {dag.py:1832} INFO - Sync 1 DAGs
[2021-12-13 20:27:11,898] {logging_mixin.py:104} INFO - [2021-12-13 20:27:11,898] {dag.py:2305} INFO - Setting next_dagrun for tutorial_taskflow_api_etl to None
[2021-12-13 20:27:11,917] {scheduler_job.py:190} INFO - Processing /home/airflow/airflow-course/venv/lib/python3.8/site-packages/airflow/example_dags/tutorial_taskflow_api_etl.py took 0.246 seconds
