[2021-12-13 20:22:01,948] {scheduler_job.py:182} INFO - Started process (PID=2572) to work on /home/airflow/airflow-course/venv/lib/python3.8/site-packages/airflow/example_dags/tutorial.py
[2021-12-13 20:22:01,950] {scheduler_job.py:633} INFO - Processing file /home/airflow/airflow-course/venv/lib/python3.8/site-packages/airflow/example_dags/tutorial.py for tasks to queue
[2021-12-13 20:22:01,950] {logging_mixin.py:104} INFO - [2021-12-13 20:22:01,950] {dagbag.py:487} INFO - Filling up the DagBag from /home/airflow/airflow-course/venv/lib/python3.8/site-packages/airflow/example_dags/tutorial.py
[2021-12-13 20:22:01,960] {scheduler_job.py:643} INFO - DAG(s) dict_keys(['tutorial']) retrieved from /home/airflow/airflow-course/venv/lib/python3.8/site-packages/airflow/example_dags/tutorial.py
[2021-12-13 20:22:01,972] {logging_mixin.py:104} INFO - [2021-12-13 20:22:01,972] {dag.py:1832} INFO - Sync 1 DAGs
[2021-12-13 20:22:01,978] {logging_mixin.py:104} INFO - [2021-12-13 20:22:01,978] {dag.py:2305} INFO - Setting next_dagrun for tutorial to 2021-12-11 00:00:00+00:00
[2021-12-13 20:22:01,996] {scheduler_job.py:190} INFO - Processing /home/airflow/airflow-course/venv/lib/python3.8/site-packages/airflow/example_dags/tutorial.py took 0.051 seconds
[2021-12-13 20:22:35,012] {scheduler_job.py:182} INFO - Started process (PID=2725) to work on /home/airflow/airflow-course/venv/lib/python3.8/site-packages/airflow/example_dags/tutorial.py
[2021-12-13 20:22:35,014] {scheduler_job.py:633} INFO - Processing file /home/airflow/airflow-course/venv/lib/python3.8/site-packages/airflow/example_dags/tutorial.py for tasks to queue
[2021-12-13 20:22:35,015] {logging_mixin.py:104} INFO - [2021-12-13 20:22:35,015] {dagbag.py:487} INFO - Filling up the DagBag from /home/airflow/airflow-course/venv/lib/python3.8/site-packages/airflow/example_dags/tutorial.py
[2021-12-13 20:22:35,031] {scheduler_job.py:643} INFO - DAG(s) dict_keys(['tutorial']) retrieved from /home/airflow/airflow-course/venv/lib/python3.8/site-packages/airflow/example_dags/tutorial.py
[2021-12-13 20:22:35,045] {logging_mixin.py:104} INFO - [2021-12-13 20:22:35,044] {dag.py:1832} INFO - Sync 1 DAGs
[2021-12-13 20:22:35,054] {logging_mixin.py:104} INFO - [2021-12-13 20:22:35,054] {dag.py:2305} INFO - Setting next_dagrun for tutorial to 2021-12-11 00:00:00+00:00
[2021-12-13 20:22:35,071] {scheduler_job.py:190} INFO - Processing /home/airflow/airflow-course/venv/lib/python3.8/site-packages/airflow/example_dags/tutorial.py took 0.065 seconds
[2021-12-13 20:23:08,458] {scheduler_job.py:182} INFO - Started process (PID=2757) to work on /home/airflow/airflow-course/venv/lib/python3.8/site-packages/airflow/example_dags/tutorial.py
[2021-12-13 20:23:08,459] {scheduler_job.py:633} INFO - Processing file /home/airflow/airflow-course/venv/lib/python3.8/site-packages/airflow/example_dags/tutorial.py for tasks to queue
[2021-12-13 20:23:08,460] {logging_mixin.py:104} INFO - [2021-12-13 20:23:08,460] {dagbag.py:487} INFO - Filling up the DagBag from /home/airflow/airflow-course/venv/lib/python3.8/site-packages/airflow/example_dags/tutorial.py
[2021-12-13 20:23:08,474] {scheduler_job.py:643} INFO - DAG(s) dict_keys(['tutorial']) retrieved from /home/airflow/airflow-course/venv/lib/python3.8/site-packages/airflow/example_dags/tutorial.py
[2021-12-13 20:23:08,488] {logging_mixin.py:104} INFO - [2021-12-13 20:23:08,488] {dag.py:1832} INFO - Sync 1 DAGs
[2021-12-13 20:23:08,496] {logging_mixin.py:104} INFO - [2021-12-13 20:23:08,496] {dag.py:2305} INFO - Setting next_dagrun for tutorial to 2021-12-11 00:00:00+00:00
[2021-12-13 20:23:08,515] {scheduler_job.py:190} INFO - Processing /home/airflow/airflow-course/venv/lib/python3.8/site-packages/airflow/example_dags/tutorial.py took 0.065 seconds
[2021-12-13 20:23:40,778] {scheduler_job.py:182} INFO - Started process (PID=2789) to work on /home/airflow/airflow-course/venv/lib/python3.8/site-packages/airflow/example_dags/tutorial.py
[2021-12-13 20:23:40,779] {scheduler_job.py:633} INFO - Processing file /home/airflow/airflow-course/venv/lib/python3.8/site-packages/airflow/example_dags/tutorial.py for tasks to queue
[2021-12-13 20:23:40,780] {logging_mixin.py:104} INFO - [2021-12-13 20:23:40,780] {dagbag.py:487} INFO - Filling up the DagBag from /home/airflow/airflow-course/venv/lib/python3.8/site-packages/airflow/example_dags/tutorial.py
[2021-12-13 20:23:40,795] {scheduler_job.py:643} INFO - DAG(s) dict_keys(['tutorial']) retrieved from /home/airflow/airflow-course/venv/lib/python3.8/site-packages/airflow/example_dags/tutorial.py
[2021-12-13 20:23:40,808] {logging_mixin.py:104} INFO - [2021-12-13 20:23:40,808] {dag.py:1832} INFO - Sync 1 DAGs
[2021-12-13 20:23:40,816] {logging_mixin.py:104} INFO - [2021-12-13 20:23:40,816] {dag.py:2305} INFO - Setting next_dagrun for tutorial to 2021-12-11 00:00:00+00:00
[2021-12-13 20:23:40,836] {scheduler_job.py:190} INFO - Processing /home/airflow/airflow-course/venv/lib/python3.8/site-packages/airflow/example_dags/tutorial.py took 0.064 seconds
[2021-12-13 20:24:13,575] {scheduler_job.py:182} INFO - Started process (PID=2821) to work on /home/airflow/airflow-course/venv/lib/python3.8/site-packages/airflow/example_dags/tutorial.py
[2021-12-13 20:24:13,577] {scheduler_job.py:633} INFO - Processing file /home/airflow/airflow-course/venv/lib/python3.8/site-packages/airflow/example_dags/tutorial.py for tasks to queue
[2021-12-13 20:24:13,578] {logging_mixin.py:104} INFO - [2021-12-13 20:24:13,578] {dagbag.py:487} INFO - Filling up the DagBag from /home/airflow/airflow-course/venv/lib/python3.8/site-packages/airflow/example_dags/tutorial.py
[2021-12-13 20:24:13,597] {scheduler_job.py:643} INFO - DAG(s) dict_keys(['tutorial']) retrieved from /home/airflow/airflow-course/venv/lib/python3.8/site-packages/airflow/example_dags/tutorial.py
[2021-12-13 20:24:13,608] {logging_mixin.py:104} INFO - [2021-12-13 20:24:13,608] {dag.py:1832} INFO - Sync 1 DAGs
[2021-12-13 20:24:13,616] {logging_mixin.py:104} INFO - [2021-12-13 20:24:13,616] {dag.py:2305} INFO - Setting next_dagrun for tutorial to 2021-12-11 00:00:00+00:00
[2021-12-13 20:24:13,635] {scheduler_job.py:190} INFO - Processing /home/airflow/airflow-course/venv/lib/python3.8/site-packages/airflow/example_dags/tutorial.py took 0.064 seconds
[2021-12-13 20:24:48,763] {scheduler_job.py:182} INFO - Started process (PID=2915) to work on /home/airflow/airflow-course/venv/lib/python3.8/site-packages/airflow/example_dags/tutorial.py
[2021-12-13 20:24:48,765] {scheduler_job.py:633} INFO - Processing file /home/airflow/airflow-course/venv/lib/python3.8/site-packages/airflow/example_dags/tutorial.py for tasks to queue
[2021-12-13 20:24:48,765] {logging_mixin.py:104} INFO - [2021-12-13 20:24:48,765] {dagbag.py:487} INFO - Filling up the DagBag from /home/airflow/airflow-course/venv/lib/python3.8/site-packages/airflow/example_dags/tutorial.py
[2021-12-13 20:24:48,775] {scheduler_job.py:643} INFO - DAG(s) dict_keys(['tutorial']) retrieved from /home/airflow/airflow-course/venv/lib/python3.8/site-packages/airflow/example_dags/tutorial.py
[2021-12-13 20:24:48,787] {logging_mixin.py:104} INFO - [2021-12-13 20:24:48,787] {dag.py:1832} INFO - Sync 1 DAGs
[2021-12-13 20:24:48,795] {logging_mixin.py:104} INFO - [2021-12-13 20:24:48,795] {dag.py:2305} INFO - Setting next_dagrun for tutorial to 2021-12-11 00:00:00+00:00
[2021-12-13 20:24:48,813] {scheduler_job.py:190} INFO - Processing /home/airflow/airflow-course/venv/lib/python3.8/site-packages/airflow/example_dags/tutorial.py took 0.053 seconds
[2021-12-13 20:25:21,559] {scheduler_job.py:182} INFO - Started process (PID=2949) to work on /home/airflow/airflow-course/venv/lib/python3.8/site-packages/airflow/example_dags/tutorial.py
[2021-12-13 20:25:21,560] {scheduler_job.py:633} INFO - Processing file /home/airflow/airflow-course/venv/lib/python3.8/site-packages/airflow/example_dags/tutorial.py for tasks to queue
[2021-12-13 20:25:21,561] {logging_mixin.py:104} INFO - [2021-12-13 20:25:21,561] {dagbag.py:487} INFO - Filling up the DagBag from /home/airflow/airflow-course/venv/lib/python3.8/site-packages/airflow/example_dags/tutorial.py
[2021-12-13 20:25:21,580] {scheduler_job.py:643} INFO - DAG(s) dict_keys(['tutorial']) retrieved from /home/airflow/airflow-course/venv/lib/python3.8/site-packages/airflow/example_dags/tutorial.py
[2021-12-13 20:25:21,592] {logging_mixin.py:104} INFO - [2021-12-13 20:25:21,592] {dag.py:1832} INFO - Sync 1 DAGs
[2021-12-13 20:25:21,602] {logging_mixin.py:104} INFO - [2021-12-13 20:25:21,601] {dag.py:2305} INFO - Setting next_dagrun for tutorial to 2021-12-11 00:00:00+00:00
[2021-12-13 20:25:21,620] {scheduler_job.py:190} INFO - Processing /home/airflow/airflow-course/venv/lib/python3.8/site-packages/airflow/example_dags/tutorial.py took 0.066 seconds
[2021-12-13 20:25:55,176] {scheduler_job.py:182} INFO - Started process (PID=2982) to work on /home/airflow/airflow-course/venv/lib/python3.8/site-packages/airflow/example_dags/tutorial.py
[2021-12-13 20:25:55,177] {scheduler_job.py:633} INFO - Processing file /home/airflow/airflow-course/venv/lib/python3.8/site-packages/airflow/example_dags/tutorial.py for tasks to queue
[2021-12-13 20:25:55,178] {logging_mixin.py:104} INFO - [2021-12-13 20:25:55,177] {dagbag.py:487} INFO - Filling up the DagBag from /home/airflow/airflow-course/venv/lib/python3.8/site-packages/airflow/example_dags/tutorial.py
[2021-12-13 20:25:55,185] {scheduler_job.py:643} INFO - DAG(s) dict_keys(['tutorial']) retrieved from /home/airflow/airflow-course/venv/lib/python3.8/site-packages/airflow/example_dags/tutorial.py
[2021-12-13 20:25:55,195] {logging_mixin.py:104} INFO - [2021-12-13 20:25:55,195] {dag.py:1832} INFO - Sync 1 DAGs
[2021-12-13 20:25:55,203] {logging_mixin.py:104} INFO - [2021-12-13 20:25:55,203] {dag.py:2305} INFO - Setting next_dagrun for tutorial to 2021-12-11 00:00:00+00:00
[2021-12-13 20:25:55,216] {scheduler_job.py:190} INFO - Processing /home/airflow/airflow-course/venv/lib/python3.8/site-packages/airflow/example_dags/tutorial.py took 0.042 seconds
[2021-12-13 20:26:27,501] {scheduler_job.py:182} INFO - Started process (PID=3014) to work on /home/airflow/airflow-course/venv/lib/python3.8/site-packages/airflow/example_dags/tutorial.py
[2021-12-13 20:26:27,506] {scheduler_job.py:633} INFO - Processing file /home/airflow/airflow-course/venv/lib/python3.8/site-packages/airflow/example_dags/tutorial.py for tasks to queue
[2021-12-13 20:26:27,506] {logging_mixin.py:104} INFO - [2021-12-13 20:26:27,506] {dagbag.py:487} INFO - Filling up the DagBag from /home/airflow/airflow-course/venv/lib/python3.8/site-packages/airflow/example_dags/tutorial.py
[2021-12-13 20:26:27,515] {scheduler_job.py:643} INFO - DAG(s) dict_keys(['tutorial']) retrieved from /home/airflow/airflow-course/venv/lib/python3.8/site-packages/airflow/example_dags/tutorial.py
[2021-12-13 20:26:27,526] {logging_mixin.py:104} INFO - [2021-12-13 20:26:27,526] {dag.py:1832} INFO - Sync 1 DAGs
[2021-12-13 20:26:27,533] {logging_mixin.py:104} INFO - [2021-12-13 20:26:27,533] {dag.py:2305} INFO - Setting next_dagrun for tutorial to 2021-12-11 00:00:00+00:00
[2021-12-13 20:26:27,548] {scheduler_job.py:190} INFO - Processing /home/airflow/airflow-course/venv/lib/python3.8/site-packages/airflow/example_dags/tutorial.py took 0.050 seconds
[2021-12-13 20:27:00,244] {scheduler_job.py:182} INFO - Started process (PID=3090) to work on /home/airflow/airflow-course/venv/lib/python3.8/site-packages/airflow/example_dags/tutorial.py
[2021-12-13 20:27:00,245] {scheduler_job.py:633} INFO - Processing file /home/airflow/airflow-course/venv/lib/python3.8/site-packages/airflow/example_dags/tutorial.py for tasks to queue
[2021-12-13 20:27:00,246] {logging_mixin.py:104} INFO - [2021-12-13 20:27:00,246] {dagbag.py:487} INFO - Filling up the DagBag from /home/airflow/airflow-course/venv/lib/python3.8/site-packages/airflow/example_dags/tutorial.py
[2021-12-13 20:27:00,261] {scheduler_job.py:643} INFO - DAG(s) dict_keys(['tutorial']) retrieved from /home/airflow/airflow-course/venv/lib/python3.8/site-packages/airflow/example_dags/tutorial.py
[2021-12-13 20:27:00,275] {logging_mixin.py:104} INFO - [2021-12-13 20:27:00,275] {dag.py:1832} INFO - Sync 1 DAGs
[2021-12-13 20:27:00,286] {logging_mixin.py:104} INFO - [2021-12-13 20:27:00,286] {dag.py:2305} INFO - Setting next_dagrun for tutorial to 2021-12-11 00:00:00+00:00
[2021-12-13 20:27:00,304] {scheduler_job.py:190} INFO - Processing /home/airflow/airflow-course/venv/lib/python3.8/site-packages/airflow/example_dags/tutorial.py took 0.065 seconds
