[2021-12-13 20:22:00,616] {scheduler_job.py:182} INFO - Started process (PID=2571) to work on /home/airflow/airflow-course/venv/lib/python3.8/site-packages/airflow/example_dags/tutorial_taskflow_api_etl_virtualenv.py
[2021-12-13 20:22:00,618] {scheduler_job.py:633} INFO - Processing file /home/airflow/airflow-course/venv/lib/python3.8/site-packages/airflow/example_dags/tutorial_taskflow_api_etl_virtualenv.py for tasks to queue
[2021-12-13 20:22:00,619] {logging_mixin.py:104} INFO - [2021-12-13 20:22:00,619] {dagbag.py:487} INFO - Filling up the DagBag from /home/airflow/airflow-course/venv/lib/python3.8/site-packages/airflow/example_dags/tutorial_taskflow_api_etl_virtualenv.py
[2021-12-13 20:22:00,638] {scheduler_job.py:643} INFO - DAG(s) dict_keys(['tutorial_taskflow_api_etl_virtualenv']) retrieved from /home/airflow/airflow-course/venv/lib/python3.8/site-packages/airflow/example_dags/tutorial_taskflow_api_etl_virtualenv.py
[2021-12-13 20:22:00,854] {logging_mixin.py:104} INFO - [2021-12-13 20:22:00,854] {dag.py:1832} INFO - Sync 1 DAGs
[2021-12-13 20:22:00,860] {logging_mixin.py:104} INFO - [2021-12-13 20:22:00,860] {dag.py:2305} INFO - Setting next_dagrun for tutorial_taskflow_api_etl_virtualenv to None
[2021-12-13 20:22:00,879] {scheduler_job.py:190} INFO - Processing /home/airflow/airflow-course/venv/lib/python3.8/site-packages/airflow/example_dags/tutorial_taskflow_api_etl_virtualenv.py took 0.268 seconds
[2021-12-13 20:22:33,651] {scheduler_job.py:182} INFO - Started process (PID=2724) to work on /home/airflow/airflow-course/venv/lib/python3.8/site-packages/airflow/example_dags/tutorial_taskflow_api_etl_virtualenv.py
[2021-12-13 20:22:33,653] {scheduler_job.py:633} INFO - Processing file /home/airflow/airflow-course/venv/lib/python3.8/site-packages/airflow/example_dags/tutorial_taskflow_api_etl_virtualenv.py for tasks to queue
[2021-12-13 20:22:33,654] {logging_mixin.py:104} INFO - [2021-12-13 20:22:33,654] {dagbag.py:487} INFO - Filling up the DagBag from /home/airflow/airflow-course/venv/lib/python3.8/site-packages/airflow/example_dags/tutorial_taskflow_api_etl_virtualenv.py
[2021-12-13 20:22:33,675] {scheduler_job.py:643} INFO - DAG(s) dict_keys(['tutorial_taskflow_api_etl_virtualenv']) retrieved from /home/airflow/airflow-course/venv/lib/python3.8/site-packages/airflow/example_dags/tutorial_taskflow_api_etl_virtualenv.py
[2021-12-13 20:22:33,877] {logging_mixin.py:104} INFO - [2021-12-13 20:22:33,877] {dag.py:1832} INFO - Sync 1 DAGs
[2021-12-13 20:22:33,884] {logging_mixin.py:104} INFO - [2021-12-13 20:22:33,884] {dag.py:2305} INFO - Setting next_dagrun for tutorial_taskflow_api_etl_virtualenv to None
[2021-12-13 20:22:33,903] {scheduler_job.py:190} INFO - Processing /home/airflow/airflow-course/venv/lib/python3.8/site-packages/airflow/example_dags/tutorial_taskflow_api_etl_virtualenv.py took 0.258 seconds
[2021-12-13 20:23:07,102] {scheduler_job.py:182} INFO - Started process (PID=2756) to work on /home/airflow/airflow-course/venv/lib/python3.8/site-packages/airflow/example_dags/tutorial_taskflow_api_etl_virtualenv.py
[2021-12-13 20:23:07,103] {scheduler_job.py:633} INFO - Processing file /home/airflow/airflow-course/venv/lib/python3.8/site-packages/airflow/example_dags/tutorial_taskflow_api_etl_virtualenv.py for tasks to queue
[2021-12-13 20:23:07,104] {logging_mixin.py:104} INFO - [2021-12-13 20:23:07,104] {dagbag.py:487} INFO - Filling up the DagBag from /home/airflow/airflow-course/venv/lib/python3.8/site-packages/airflow/example_dags/tutorial_taskflow_api_etl_virtualenv.py
[2021-12-13 20:23:07,121] {scheduler_job.py:643} INFO - DAG(s) dict_keys(['tutorial_taskflow_api_etl_virtualenv']) retrieved from /home/airflow/airflow-course/venv/lib/python3.8/site-packages/airflow/example_dags/tutorial_taskflow_api_etl_virtualenv.py
[2021-12-13 20:23:07,310] {logging_mixin.py:104} INFO - [2021-12-13 20:23:07,310] {dag.py:1832} INFO - Sync 1 DAGs
[2021-12-13 20:23:07,315] {logging_mixin.py:104} INFO - [2021-12-13 20:23:07,315] {dag.py:2305} INFO - Setting next_dagrun for tutorial_taskflow_api_etl_virtualenv to None
[2021-12-13 20:23:07,334] {scheduler_job.py:190} INFO - Processing /home/airflow/airflow-course/venv/lib/python3.8/site-packages/airflow/example_dags/tutorial_taskflow_api_etl_virtualenv.py took 0.237 seconds
[2021-12-13 20:23:39,415] {scheduler_job.py:182} INFO - Started process (PID=2788) to work on /home/airflow/airflow-course/venv/lib/python3.8/site-packages/airflow/example_dags/tutorial_taskflow_api_etl_virtualenv.py
[2021-12-13 20:23:39,417] {scheduler_job.py:633} INFO - Processing file /home/airflow/airflow-course/venv/lib/python3.8/site-packages/airflow/example_dags/tutorial_taskflow_api_etl_virtualenv.py for tasks to queue
[2021-12-13 20:23:39,417] {logging_mixin.py:104} INFO - [2021-12-13 20:23:39,417] {dagbag.py:487} INFO - Filling up the DagBag from /home/airflow/airflow-course/venv/lib/python3.8/site-packages/airflow/example_dags/tutorial_taskflow_api_etl_virtualenv.py
[2021-12-13 20:23:39,432] {scheduler_job.py:643} INFO - DAG(s) dict_keys(['tutorial_taskflow_api_etl_virtualenv']) retrieved from /home/airflow/airflow-course/venv/lib/python3.8/site-packages/airflow/example_dags/tutorial_taskflow_api_etl_virtualenv.py
[2021-12-13 20:23:39,628] {logging_mixin.py:104} INFO - [2021-12-13 20:23:39,628] {dag.py:1832} INFO - Sync 1 DAGs
[2021-12-13 20:23:39,633] {logging_mixin.py:104} INFO - [2021-12-13 20:23:39,633] {dag.py:2305} INFO - Setting next_dagrun for tutorial_taskflow_api_etl_virtualenv to None
[2021-12-13 20:23:39,652] {scheduler_job.py:190} INFO - Processing /home/airflow/airflow-course/venv/lib/python3.8/site-packages/airflow/example_dags/tutorial_taskflow_api_etl_virtualenv.py took 0.242 seconds
[2021-12-13 20:24:12,190] {scheduler_job.py:182} INFO - Started process (PID=2820) to work on /home/airflow/airflow-course/venv/lib/python3.8/site-packages/airflow/example_dags/tutorial_taskflow_api_etl_virtualenv.py
[2021-12-13 20:24:12,191] {scheduler_job.py:633} INFO - Processing file /home/airflow/airflow-course/venv/lib/python3.8/site-packages/airflow/example_dags/tutorial_taskflow_api_etl_virtualenv.py for tasks to queue
[2021-12-13 20:24:12,192] {logging_mixin.py:104} INFO - [2021-12-13 20:24:12,192] {dagbag.py:487} INFO - Filling up the DagBag from /home/airflow/airflow-course/venv/lib/python3.8/site-packages/airflow/example_dags/tutorial_taskflow_api_etl_virtualenv.py
[2021-12-13 20:24:12,212] {scheduler_job.py:643} INFO - DAG(s) dict_keys(['tutorial_taskflow_api_etl_virtualenv']) retrieved from /home/airflow/airflow-course/venv/lib/python3.8/site-packages/airflow/example_dags/tutorial_taskflow_api_etl_virtualenv.py
[2021-12-13 20:24:12,406] {logging_mixin.py:104} INFO - [2021-12-13 20:24:12,406] {dag.py:1832} INFO - Sync 1 DAGs
[2021-12-13 20:24:12,412] {logging_mixin.py:104} INFO - [2021-12-13 20:24:12,412] {dag.py:2305} INFO - Setting next_dagrun for tutorial_taskflow_api_etl_virtualenv to None
[2021-12-13 20:24:12,431] {scheduler_job.py:190} INFO - Processing /home/airflow/airflow-course/venv/lib/python3.8/site-packages/airflow/example_dags/tutorial_taskflow_api_etl_virtualenv.py took 0.248 seconds
[2021-12-13 20:24:47,431] {scheduler_job.py:182} INFO - Started process (PID=2914) to work on /home/airflow/airflow-course/venv/lib/python3.8/site-packages/airflow/example_dags/tutorial_taskflow_api_etl_virtualenv.py
[2021-12-13 20:24:47,433] {scheduler_job.py:633} INFO - Processing file /home/airflow/airflow-course/venv/lib/python3.8/site-packages/airflow/example_dags/tutorial_taskflow_api_etl_virtualenv.py for tasks to queue
[2021-12-13 20:24:47,434] {logging_mixin.py:104} INFO - [2021-12-13 20:24:47,434] {dagbag.py:487} INFO - Filling up the DagBag from /home/airflow/airflow-course/venv/lib/python3.8/site-packages/airflow/example_dags/tutorial_taskflow_api_etl_virtualenv.py
[2021-12-13 20:24:47,452] {scheduler_job.py:643} INFO - DAG(s) dict_keys(['tutorial_taskflow_api_etl_virtualenv']) retrieved from /home/airflow/airflow-course/venv/lib/python3.8/site-packages/airflow/example_dags/tutorial_taskflow_api_etl_virtualenv.py
[2021-12-13 20:24:47,663] {logging_mixin.py:104} INFO - [2021-12-13 20:24:47,662] {dag.py:1832} INFO - Sync 1 DAGs
[2021-12-13 20:24:47,668] {logging_mixin.py:104} INFO - [2021-12-13 20:24:47,668] {dag.py:2305} INFO - Setting next_dagrun for tutorial_taskflow_api_etl_virtualenv to None
[2021-12-13 20:24:47,687] {scheduler_job.py:190} INFO - Processing /home/airflow/airflow-course/venv/lib/python3.8/site-packages/airflow/example_dags/tutorial_taskflow_api_etl_virtualenv.py took 0.261 seconds
[2021-12-13 20:25:20,182] {scheduler_job.py:182} INFO - Started process (PID=2948) to work on /home/airflow/airflow-course/venv/lib/python3.8/site-packages/airflow/example_dags/tutorial_taskflow_api_etl_virtualenv.py
[2021-12-13 20:25:20,183] {scheduler_job.py:633} INFO - Processing file /home/airflow/airflow-course/venv/lib/python3.8/site-packages/airflow/example_dags/tutorial_taskflow_api_etl_virtualenv.py for tasks to queue
[2021-12-13 20:25:20,184] {logging_mixin.py:104} INFO - [2021-12-13 20:25:20,184] {dagbag.py:487} INFO - Filling up the DagBag from /home/airflow/airflow-course/venv/lib/python3.8/site-packages/airflow/example_dags/tutorial_taskflow_api_etl_virtualenv.py
[2021-12-13 20:25:20,204] {scheduler_job.py:643} INFO - DAG(s) dict_keys(['tutorial_taskflow_api_etl_virtualenv']) retrieved from /home/airflow/airflow-course/venv/lib/python3.8/site-packages/airflow/example_dags/tutorial_taskflow_api_etl_virtualenv.py
[2021-12-13 20:25:20,396] {logging_mixin.py:104} INFO - [2021-12-13 20:25:20,396] {dag.py:1832} INFO - Sync 1 DAGs
[2021-12-13 20:25:20,400] {logging_mixin.py:104} INFO - [2021-12-13 20:25:20,400] {dag.py:2305} INFO - Setting next_dagrun for tutorial_taskflow_api_etl_virtualenv to None
[2021-12-13 20:25:20,420] {scheduler_job.py:190} INFO - Processing /home/airflow/airflow-course/venv/lib/python3.8/site-packages/airflow/example_dags/tutorial_taskflow_api_etl_virtualenv.py took 0.243 seconds
[2021-12-13 20:25:53,843] {scheduler_job.py:182} INFO - Started process (PID=2981) to work on /home/airflow/airflow-course/venv/lib/python3.8/site-packages/airflow/example_dags/tutorial_taskflow_api_etl_virtualenv.py
[2021-12-13 20:25:53,844] {scheduler_job.py:633} INFO - Processing file /home/airflow/airflow-course/venv/lib/python3.8/site-packages/airflow/example_dags/tutorial_taskflow_api_etl_virtualenv.py for tasks to queue
[2021-12-13 20:25:53,845] {logging_mixin.py:104} INFO - [2021-12-13 20:25:53,845] {dagbag.py:487} INFO - Filling up the DagBag from /home/airflow/airflow-course/venv/lib/python3.8/site-packages/airflow/example_dags/tutorial_taskflow_api_etl_virtualenv.py
[2021-12-13 20:25:53,864] {scheduler_job.py:643} INFO - DAG(s) dict_keys(['tutorial_taskflow_api_etl_virtualenv']) retrieved from /home/airflow/airflow-course/venv/lib/python3.8/site-packages/airflow/example_dags/tutorial_taskflow_api_etl_virtualenv.py
[2021-12-13 20:25:54,055] {logging_mixin.py:104} INFO - [2021-12-13 20:25:54,055] {dag.py:1832} INFO - Sync 1 DAGs
[2021-12-13 20:25:54,060] {logging_mixin.py:104} INFO - [2021-12-13 20:25:54,060] {dag.py:2305} INFO - Setting next_dagrun for tutorial_taskflow_api_etl_virtualenv to None
[2021-12-13 20:25:54,083] {scheduler_job.py:190} INFO - Processing /home/airflow/airflow-course/venv/lib/python3.8/site-packages/airflow/example_dags/tutorial_taskflow_api_etl_virtualenv.py took 0.245 seconds
[2021-12-13 20:26:26,141] {scheduler_job.py:182} INFO - Started process (PID=3013) to work on /home/airflow/airflow-course/venv/lib/python3.8/site-packages/airflow/example_dags/tutorial_taskflow_api_etl_virtualenv.py
[2021-12-13 20:26:26,142] {scheduler_job.py:633} INFO - Processing file /home/airflow/airflow-course/venv/lib/python3.8/site-packages/airflow/example_dags/tutorial_taskflow_api_etl_virtualenv.py for tasks to queue
[2021-12-13 20:26:26,143] {logging_mixin.py:104} INFO - [2021-12-13 20:26:26,143] {dagbag.py:487} INFO - Filling up the DagBag from /home/airflow/airflow-course/venv/lib/python3.8/site-packages/airflow/example_dags/tutorial_taskflow_api_etl_virtualenv.py
[2021-12-13 20:26:26,160] {scheduler_job.py:643} INFO - DAG(s) dict_keys(['tutorial_taskflow_api_etl_virtualenv']) retrieved from /home/airflow/airflow-course/venv/lib/python3.8/site-packages/airflow/example_dags/tutorial_taskflow_api_etl_virtualenv.py
[2021-12-13 20:26:26,355] {logging_mixin.py:104} INFO - [2021-12-13 20:26:26,355] {dag.py:1832} INFO - Sync 1 DAGs
[2021-12-13 20:26:26,361] {logging_mixin.py:104} INFO - [2021-12-13 20:26:26,361] {dag.py:2305} INFO - Setting next_dagrun for tutorial_taskflow_api_etl_virtualenv to None
[2021-12-13 20:26:26,379] {scheduler_job.py:190} INFO - Processing /home/airflow/airflow-course/venv/lib/python3.8/site-packages/airflow/example_dags/tutorial_taskflow_api_etl_virtualenv.py took 0.243 seconds
[2021-12-13 20:26:58,873] {scheduler_job.py:182} INFO - Started process (PID=3089) to work on /home/airflow/airflow-course/venv/lib/python3.8/site-packages/airflow/example_dags/tutorial_taskflow_api_etl_virtualenv.py
[2021-12-13 20:26:58,874] {scheduler_job.py:633} INFO - Processing file /home/airflow/airflow-course/venv/lib/python3.8/site-packages/airflow/example_dags/tutorial_taskflow_api_etl_virtualenv.py for tasks to queue
[2021-12-13 20:26:58,875] {logging_mixin.py:104} INFO - [2021-12-13 20:26:58,875] {dagbag.py:487} INFO - Filling up the DagBag from /home/airflow/airflow-course/venv/lib/python3.8/site-packages/airflow/example_dags/tutorial_taskflow_api_etl_virtualenv.py
[2021-12-13 20:26:58,894] {scheduler_job.py:643} INFO - DAG(s) dict_keys(['tutorial_taskflow_api_etl_virtualenv']) retrieved from /home/airflow/airflow-course/venv/lib/python3.8/site-packages/airflow/example_dags/tutorial_taskflow_api_etl_virtualenv.py
[2021-12-13 20:26:59,094] {logging_mixin.py:104} INFO - [2021-12-13 20:26:59,094] {dag.py:1832} INFO - Sync 1 DAGs
[2021-12-13 20:26:59,100] {logging_mixin.py:104} INFO - [2021-12-13 20:26:59,100] {dag.py:2305} INFO - Setting next_dagrun for tutorial_taskflow_api_etl_virtualenv to None
[2021-12-13 20:26:59,119] {scheduler_job.py:190} INFO - Processing /home/airflow/airflow-course/venv/lib/python3.8/site-packages/airflow/example_dags/tutorial_taskflow_api_etl_virtualenv.py took 0.254 seconds
